#
# A fatal error has been detected by the Java Runtime Environment:
#
#  SIGSEGV (0xb) at pc=0x006234c6, pid=1866, tid=3078727376
#
# JRE version: 6.0_31-b31
# Java VM: OpenJDK Client VM (23.25-b01 mixed mode, sharing linux-x86 )
# Problematic frame:
# C  [liboppsimd.so+0x1674c6]  cSimpleModule::scheduleAt(SimTime, cMessage*)+0x17a
#
# Failed to write core dump. Core dumps have been disabled. To enable core dumping, try "ulimit -c unlimited" before starting Java again
#
# If you would like to submit a bug report, please include
# instructions how to reproduce the bug and visit:
#   https://bugs.launchpad.net/ubuntu/+source/openjdk-6/
# The crash happened outside the Java Virtual Machine in native code.
# See problematic frame for where to report the bug.
#

---------------  T H R E A D  ---------------

Current thread (0x09ce5000):  JavaThread "main" [_thread_in_native, id=1866, stack(0xbfdc1000,0xbfe11000)]

siginfo:si_signo=SIGSEGV: si_errno=0, si_code=1 (SEGV_MAPERR), si_addr=0x00000000

Registers:
EAX=0x00000000, EBX=0x00000000, ECX=0xd4a51000, EDX=0x080da11a
ESP=0xbfe0db00, EBP=0xbfe0db78, ESI=0x8fa2bab0, EDI=0x09ce5000
EIP=0x006234c6, EFLAGS=0x00210202, CR2=0x00000000

Top of Stack: (sp=0xbfe0db00)
0xbfe0db00:   08dd6118 bfe0db44 004f7c7c b7830bf0
0xbfe0db10:   00000000 ffffffff 0018bff4 080687e0
0xbfe0db20:   00000005 bfe0db60 0017d6b6 0018cab0
0xbfe0db30:   00000000 00000001 00000005 00000000
0xbfe0db40:   00000005 00000000 00000000 00000000
0xbfe0db50:   004f7c7c 8fa2bab0 8fa2bab0 09ce5000
0xbfe0db60:   bfe0dbe8 001833c0 000000e8 8fa2bab0
0xbfe0db70:   8fa2bab0 09ce5000 bfe0dbe8 0809e31b 

Instructions: (pc=0x006234c6)
0x006234a6:   e8 67 3b 00 00 85 c0 74 07 b8 01 00 00 00 eb 05
0x006234b6:   b8 00 00 00 00 84 c0 0f 84 6c 01 00 00 8b 45 08
0x006234c6:   8b 00 83 c0 14 8b 10 8b 45 08 89 04 24 ff d2 89
0x006234d6:   c6 8b 45 08 8b 00 83 c0 20 8b 08 8b 55 08 8d 45 

Register to memory mapping:

EAX=0x00000000 is an unknown value
EBX=0x00000000 is an unknown value
ECX=0xd4a51000 is an unknown value
EDX=0x080da11a: _ZNK7cModule8isModuleEv+0 in /home/ubuntu/Downloads/omnet/omnetpp-4.4.1/contrib/jsimplemodule/jsimple/jsimple at 0x08048000
ESP=0xbfe0db00 is pointing into the stack for thread: 0x09ce5000
EBP=0xbfe0db78 is pointing into the stack for thread: 0x09ce5000
ESI=0x8fa2bab0 is an oop
{method} 
 - klass: {other class}
EDI=0x09ce5000 is a thread


Stack: [0xbfdc1000,0xbfe11000],  sp=0xbfe0db00,  free space=306k
Native frames: (J=compiled Java code, j=interpreted, Vv=VM code, C=native code)
C  [liboppsimd.so+0x1674c6]  cSimpleModule::scheduleAt(SimTime, cMessage*)+0x17a
C  [jsimple+0x5631b]  Java_org_omnetpp_simkernel_SimkernelJNI_cSimpleModule_1scheduleAt+0xcc
j  org.omnetpp.simkernel.SimkernelJNI.cSimpleModule_scheduleAt(JLorg/omnetpp/simkernel/cSimpleModule;JLorg/omnetpp/simkernel/SimTime;JLorg/omnetpp/simkernel/cMessage;)I+0
j  org.omnetpp.simkernel.cSimpleModule.scheduleAt(Lorg/omnetpp/simkernel/SimTime;Lorg/omnetpp/simkernel/cMessage;)I+15
j  de.tudarmstadt.maki.simonstrator.util.core.RealtimeScheduler.scheduleIn(JLde/tudarmstadt/maki/simonstrator/api/EventHandler;Ljava/lang/Object;I)V+144
j  de.tudarmstadt.maki.simonstrator.util.core.Start.initialize()V+23
j  org.omnetpp.simkernel.JSimpleModule.initialize(I)V+5
v  ~StubRoutines::call_stub
V  [libjvm.so+0x26dd84]  JavaCalls::call_helper(JavaValue*, methodHandle*, JavaCallArguments*, Thread*)+0x314
V  [libjvm.so+0x397799]  os::os_exception_wrapper(void (*)(JavaValue*, methodHandle*, JavaCallArguments*, Thread*), JavaValue*, methodHandle*, JavaCallArguments*, Thread*)+0x19
V  [libjvm.so+0x26c9bf]  JavaCalls::call(JavaValue*, methodHandle, JavaCallArguments*, Thread*)+0x2f
V  [libjvm.so+0x279f2c]  jni_invoke_nonstatic(JNIEnv_*, JavaValue*, _jobject*, JNICallType, _jmethodID*, JNI_ArgumentPusher*, Thread*)+0x27c
V  [libjvm.so+0x2890e0]  jni_CallVoidMethodV+0xc0
C  [jsimple+0x92112]  JNIEnv_::CallVoidMethod(_jobject*, _jmethodID*, ...)+0x34
C  [jsimple+0x91c0f]  JSimpleModule::initialize(int)+0x4d
C  [liboppsimd.so+0x149647]  cModule::initializeModules(int)+0x18b
C  [liboppsimd.so+0x14977b]  cModule::initializeModules(int)+0x2bf
C  [liboppsimd.so+0x149261]  cModule::callInitialize()+0x71
C  [liboppsimd.so+0x16a43c]  cSimulation::startRun()+0xd6
C  [liboppenvird.so+0x911c3]  EnvirBase::startRun()+0x97
C  [libopptkenvd.so+0x34abb]  Tkenv::newRun(char const*, int)+0x1bb
C  [libopptkenvd.so+0x3f3b1]  newRun_cmd(void*, Tcl_Interp*, int, char const**)+0x72
C  [libtcl8.4.so.0+0x1f17e]  TclInvokeStringCommand+0x6e
C  [libtcl8.4.so.0+0x205bb]  TclEvalObjvInternal+0x35b
C  [libtcl8.4.so.0+0x4d2c2]  TclCompEvalObj+0x2782
C  [libtcl8.4.so.0+0x4ac1d]  TclCompEvalObj+0xdd
C  [libtcl8.4.so.0+0x81957]  TclObjInterpProc+0x2a7
C  [libtcl8.4.so.0+0x205bb]  TclEvalObjvInternal+0x35b
C  [libtcl8.4.so.0+0x4d2c2]  TclCompEvalObj+0x2782
C  [libtcl8.4.so.0+0x4ac1d]  TclCompEvalObj+0xdd
C  [libtcl8.4.so.0+0x81957]  TclObjInterpProc+0x2a7
C  [libtcl8.4.so.0+0x205bb]  TclEvalObjvInternal+0x35b
C  [libtcl8.4.so.0+0x2144c]  Tcl_EvalEx+0x4fc
C  [libtcl8.4.so.0+0x216dc]  Tcl_Eval+0x3c
C  [libopptkenvd.so+0x33224]  Tkenv::run()+0x75e
C  [liboppenvird.so+0x8d70d]  EnvirBase::run(int, char**, cConfiguration*)+0x1a5
C  [liboppenvird.so+0x8a66a]  setupUserInterface(int, char**)+0xb82
C  [liboppenvird.so+0x8b1dd]  evMain+0x49
C  [jsimple+0x93b2f]  main+0x1b
C  [libc.so.6+0x16bd6]  __libc_start_main+0xe6

Java frames: (J=compiled Java code, j=interpreted, Vv=VM code)
j  org.omnetpp.simkernel.SimkernelJNI.cSimpleModule_scheduleAt(JLorg/omnetpp/simkernel/cSimpleModule;JLorg/omnetpp/simkernel/SimTime;JLorg/omnetpp/simkernel/cMessage;)I+0
j  org.omnetpp.simkernel.cSimpleModule.scheduleAt(Lorg/omnetpp/simkernel/SimTime;Lorg/omnetpp/simkernel/cMessage;)I+15
j  de.tudarmstadt.maki.simonstrator.util.core.RealtimeScheduler.scheduleIn(JLde/tudarmstadt/maki/simonstrator/api/EventHandler;Ljava/lang/Object;I)V+144
j  de.tudarmstadt.maki.simonstrator.util.core.Start.initialize()V+23
j  org.omnetpp.simkernel.JSimpleModule.initialize(I)V+5
v  ~StubRoutines::call_stub

---------------  P R O C E S S  ---------------

Java Threads: ( => current thread )
  0x09d54c00 JavaThread "Low Memory Detector" daemon [_thread_blocked, id=1877, stack(0xb3e4c000,0xb3e9d000)]
  0x09d52c00 JavaThread "C1 CompilerThread0" daemon [_thread_blocked, id=1876, stack(0xb3e9d000,0xb3f1e000)]
  0x09d51000 JavaThread "Signal Dispatcher" daemon [_thread_blocked, id=1875, stack(0xb3f1e000,0xb3f6f000)]
  0x09d4a400 JavaThread "Finalizer" daemon [_thread_blocked, id=1874, stack(0xb3f6f000,0xb3fc0000)]
  0x09d48c00 JavaThread "Reference Handler" daemon [_thread_blocked, id=1873, stack(0xb3fc0000,0xb4011000)]
=>0x09ce5000 JavaThread "main" [_thread_in_native, id=1866, stack(0xbfdc1000,0xbfe11000)]

Other Threads:
  0x09d3ec00 VMThread [stack: 0xb4011000,0xb4092000] [id=1872]
  0x09d57c00 WatcherThread [stack: 0xb3dcb000,0xb3e4c000] [id=1878]

VM state:not at safepoint (normal execution)

VM Mutex/Monitor currently owned by a thread: None

Heap
 def new generation   total 4800K, used 976K [0x70410000, 0x70940000, 0x7ab60000)
  eden space 4288K,  22% used [0x70410000, 0x70504158, 0x70840000)
  from space 512K,   0% used [0x70840000, 0x70840000, 0x708c0000)
  to   space 512K,   0% used [0x708c0000, 0x708c0000, 0x70940000)
 tenured generation   total 10752K, used 0K [0x7ab60000, 0x7b5e0000, 0x8fa10000)
   the space 10752K,   0% used [0x7ab60000, 0x7ab60000, 0x7ab60200, 0x7b5e0000)
 compacting perm gen  total 12288K, used 488K [0x8fa10000, 0x90610000, 0x93a10000)
   the space 12288K,   3% used [0x8fa10000, 0x8fa8a128, 0x8fa8a200, 0x90610000)
    ro space 10240K,  56% used [0x93a10000, 0x93fad218, 0x93fad400, 0x94410000)
    rw space 12288K,  60% used [0x94410000, 0x94b5c138, 0x94b5c200, 0x95010000)

Card table byte_map: [0xb42f2000,0xb4419000] byte_map_base: 0xb3f6ff80

Polling page: 0xb7826000

Code Cache  [0xb4419000, 0xb44b9000, 0xb6419000)
 total_blobs=180 nmethods=13 adapters=104 free_code_cache=32144Kb largest_free_block=32916352

Compilation events (10 events):
Event: 0.596 Thread 0x09d52c00    9             java.lang.String::lastIndexOf (156 bytes)
Event: 0.597 Thread 0x09d52c00 nmethod 9 0xb44aeb08 code [0xb44aec30, 0xb44aee3c]
Event: 0.607 Thread 0x09d52c00   10             java.io.UnixFileSystem::normalize (75 bytes)
Event: 0.609 Thread 0x09d52c00 nmethod 10 0xb44af108 code [0xb44af240, 0xb44af400]
Event: 0.631 Thread 0x09d52c00   11             java.lang.String::indexOf (166 bytes)
Event: 0.632 Thread 0x09d52c00 nmethod 11 0xb44b2ac8 code [0xb44b2be0, 0xb44b2e10]
Event: 0.644 Thread 0x09d52c00   12             java.lang.String::replace (142 bytes)
Event: 0.645 Thread 0x09d52c00 nmethod 12 0xb44b3108 code [0xb44b3230, 0xb44b34e0]
Event: 0.708 Thread 0x09d52c00   13             sun.net.www.ParseUtil::encodePath (336 bytes)
Event: 0.710 Thread 0x09d52c00 nmethod 13 0xb44b3ec8 code [0xb44b4080, 0xb44b46c4]

GC Heap History (0 events):
No events

Deoptimization events (0 events):
No events

Internal exceptions (10 events):
Event: 0.661 Thread 0x09ce5000 Threw 0x704e89f8 at /build/buildd/openjdk-6-6b31-1.13.3/build/openjdk/hotspot/src/share/vm/classfile/systemDictionary.cpp:179
Event: 0.661 Thread 0x09ce5000 Threw 0x704e8d00 at /build/buildd/openjdk-6-6b31-1.13.3/build/openjdk/hotspot/src/share/vm/prims/jvm.cpp:1235
Event: 0.663 Thread 0x09ce5000 Threw 0x704ec1a0 at /build/buildd/openjdk-6-6b31-1.13.3/build/openjdk/hotspot/src/share/vm/classfile/systemDictionary.cpp:179
Event: 0.663 Thread 0x09ce5000 Threw 0x704eed18 at /build/buildd/openjdk-6-6b31-1.13.3/build/openjdk/hotspot/src/share/vm/prims/jvm.cpp:1235
Event: 0.708 Thread 0x09ce5000 Threw 0x704f2428 at /build/buildd/openjdk-6-6b31-1.13.3/build/openjdk/hotspot/src/share/vm/classfile/systemDictionary.cpp:179
Event: 0.708 Thread 0x09ce5000 Threw 0x704f2738 at /build/buildd/openjdk-6-6b31-1.13.3/build/openjdk/hotspot/src/share/vm/prims/jvm.cpp:1235
Event: 0.712 Thread 0x09ce5000 Threw 0x704f7550 at /build/buildd/openjdk-6-6b31-1.13.3/build/openjdk/hotspot/src/share/vm/classfile/systemDictionary.cpp:179
Event: 0.712 Thread 0x09ce5000 Threw 0x704f78a8 at /build/buildd/openjdk-6-6b31-1.13.3/build/openjdk/hotspot/src/share/vm/prims/jvm.cpp:1235
Event: 0.715 Thread 0x09ce5000 Threw 0x704f9ca0 at /build/buildd/openjdk-6-6b31-1.13.3/build/openjdk/hotspot/src/share/vm/classfile/systemDictionary.cpp:179
Event: 0.715 Thread 0x09ce5000 Threw 0x704fa060 at /build/buildd/openjdk-6-6b31-1.13.3/build/openjdk/hotspot/src/share/vm/prims/jvm.cpp:1235

Events (10 events):
Event: 0.702 loading class 0x09dced60 done
Event: 0.702 loading class 0x95180930 done
Event: 0.704 loading class 0x09dccf00
Event: 0.705 loading class 0x09dccf00 done
Event: 0.708 loading class 0x09dc5978
Event: 0.708 loading class 0x09dc5978 done
Event: 0.712 loading class 0x09dd11b8
Event: 0.712 loading class 0x09dd11b8 done
Event: 0.715 loading class 0x09dc5a88
Event: 0.715 loading class 0x09dc5a88 done


Dynamic libraries:
00110000-00112000 r-xp 00000000 08:01 137704     /lib/tls/i686/cmov/libdl-2.11.1.so
00112000-00113000 r--p 00001000 08:01 137704     /lib/tls/i686/cmov/libdl-2.11.1.so
00113000-00114000 rw-p 00002000 08:01 137704     /lib/tls/i686/cmov/libdl-2.11.1.so
00114000-00116000 r-xp 00000000 08:01 264758     /usr/lib/libXau.so.6.0.0
00116000-00117000 r--p 00001000 08:01 264758     /usr/lib/libXau.so.6.0.0
00117000-00118000 rw-p 00002000 08:01 264758     /usr/lib/libXau.so.6.0.0
00118000-0011c000 r-xp 00000000 08:01 264769     /usr/lib/libXdmcp.so.6.0.0
0011c000-0011d000 r--p 00003000 08:01 264769     /usr/lib/libXdmcp.so.6.0.0
0011d000-0011e000 rw-p 00004000 08:01 264769     /usr/lib/libXdmcp.so.6.0.0
0011e000-00142000 r-xp 00000000 08:01 137706     /lib/tls/i686/cmov/libm-2.11.1.so
00142000-00143000 r--p 00023000 08:01 137706     /lib/tls/i686/cmov/libm-2.11.1.so
00143000-00144000 rw-p 00024000 08:01 137706     /lib/tls/i686/cmov/libm-2.11.1.so
00144000-00161000 r-xp 00000000 08:01 130877     /lib/libgcc_s.so.1
00161000-00162000 r--p 0001c000 08:01 130877     /lib/libgcc_s.so.1
00162000-00163000 rw-p 0001d000 08:01 130877     /lib/libgcc_s.so.1
00163000-0016b000 r-xp 00000000 08:01 264765     /usr/lib/libXcursor.so.1.0.2
0016b000-0016c000 r--p 00007000 08:01 264765     /usr/lib/libXcursor.so.1.0.2
0016c000-0016d000 rw-p 00008000 08:01 264765     /usr/lib/libXcursor.so.1.0.2
00170000-0018b000 r-xp 00000000 08:01 133302     /lib/ld-2.11.1.so
0018b000-0018c000 r--p 0001a000 08:01 133302     /lib/ld-2.11.1.so
0018c000-0018d000 rw-p 0001b000 08:01 133302     /lib/ld-2.11.1.so
0018d000-00200000 r-xp 00000000 08:01 459406     /home/ubuntu/Downloads/omnet/omnetpp-4.4.1/lib/gcc/libopptkenvd.so
00200000-00201000 r--p 00072000 08:01 459406     /home/ubuntu/Downloads/omnet/omnetpp-4.4.1/lib/gcc/libopptkenvd.so
00201000-0027d000 rw-p 00073000 08:01 459406     /home/ubuntu/Downloads/omnet/omnetpp-4.4.1/lib/gcc/libopptkenvd.so
0027d000-00392000 r-xp 00000000 08:01 459383     /home/ubuntu/Downloads/omnet/omnetpp-4.4.1/lib/gcc/liboppenvird.so
00392000-00393000 r--p 00114000 08:01 459383     /home/ubuntu/Downloads/omnet/omnetpp-4.4.1/lib/gcc/liboppenvird.so
00393000-00394000 rw-p 00115000 08:01 459383     /home/ubuntu/Downloads/omnet/omnetpp-4.4.1/lib/gcc/liboppenvird.so
00394000-0047d000 r-xp 00000000 08:01 269643     /usr/lib/libstdc++.so.6.0.13
0047d000-00481000 r--p 000e9000 08:01 269643     /usr/lib/libstdc++.so.6.0.13
00481000-00482000 rw-p 000ed000 08:01 269643     /usr/lib/libstdc++.so.6.0.13
00482000-00489000 rw-p 00000000 00:00 0 
00489000-0049e000 r-xp 00000000 08:01 137724     /lib/tls/i686/cmov/libpthread-2.11.1.so
0049e000-0049f000 r--p 00014000 08:01 137724     /lib/tls/i686/cmov/libpthread-2.11.1.so
0049f000-004a0000 rw-p 00015000 08:01 137724     /lib/tls/i686/cmov/libpthread-2.11.1.so
004a0000-004a2000 rw-p 00000000 00:00 0 
004a2000-004a6000 r-xp 00000000 08:01 264773     /usr/lib/libXfixes.so.3.1.0
004a6000-004a7000 r--p 00003000 08:01 264773     /usr/lib/libXfixes.so.3.1.0
004a7000-004a8000 rw-p 00004000 08:01 264773     /usr/lib/libXfixes.so.3.1.0
004ab000-004ba000 r-xp 00000000 08:01 459388     /home/ubuntu/Downloads/omnet/omnetpp-4.4.1/lib/gcc/liboppcmdenvd.so
004ba000-004bb000 r--p 0000e000 08:01 459388     /home/ubuntu/Downloads/omnet/omnetpp-4.4.1/lib/gcc/liboppcmdenvd.so
004bb000-004bc000 rw-p 0000f000 08:01 459388     /home/ubuntu/Downloads/omnet/omnetpp-4.4.1/lib/gcc/liboppcmdenvd.so
004bc000-00714000 r-xp 00000000 08:01 459348     /home/ubuntu/Downloads/omnet/omnetpp-4.4.1/lib/gcc/liboppsimd.so
00714000-00715000 r--p 00257000 08:01 459348     /home/ubuntu/Downloads/omnet/omnetpp-4.4.1/lib/gcc/liboppsimd.so
00715000-00716000 rw-p 00258000 08:01 459348     /home/ubuntu/Downloads/omnet/omnetpp-4.4.1/lib/gcc/liboppsimd.so
00716000-00719000 rw-p 00000000 00:00 0 
00719000-007ee000 r-xp 00000000 08:01 265689     /usr/lib/libtk8.4.so.0
007ee000-007ef000 r--p 000d4000 08:01 265689     /usr/lib/libtk8.4.so.0
007ef000-007fa000 rw-p 000d5000 08:01 265689     /usr/lib/libtk8.4.so.0
007fa000-007fb000 rw-p 00000000 00:00 0 
00802000-00869000 r-xp 00000000 08:01 459135     /home/ubuntu/Downloads/omnet/omnetpp-4.4.1/lib/gcc/libopplayoutd.so
00869000-0086a000 r--p 00066000 08:01 459135     /home/ubuntu/Downloads/omnet/omnetpp-4.4.1/lib/gcc/libopplayoutd.so
0086a000-0086b000 rw-p 00067000 08:01 459135     /home/ubuntu/Downloads/omnet/omnetpp-4.4.1/lib/gcc/libopplayoutd.so
0086b000-0091b000 r-xp 00000000 08:01 265671     /usr/lib/libtcl8.4.so.0
0091b000-0091c000 ---p 000b0000 08:01 265671     /usr/lib/libtcl8.4.so.0
0091c000-0091d000 r--p 000b0000 08:01 265671     /usr/lib/libtcl8.4.so.0
0091d000-00922000 rw-p 000b1000 08:01 265671     /usr/lib/libtcl8.4.so.0
00922000-00935000 r-xp 00000000 08:01 133475     /lib/libz.so.1.2.3.3
00935000-00936000 r--p 00012000 08:01 133475     /lib/libz.so.1.2.3.3
00936000-00937000 rw-p 00013000 08:01 133475     /lib/libz.so.1.2.3.3
00937000-0093f000 r-xp 00000000 08:01 296299     /usr/lib/libXrender.so.1.3.0
0093f000-00940000 r--p 00007000 08:01 296299     /usr/lib/libXrender.so.1.3.0
00940000-00941000 rw-p 00008000 08:01 296299     /usr/lib/libXrender.so.1.3.0
00945000-00993000 r-xp 00000000 08:01 459121     /home/ubuntu/Downloads/omnet/omnetpp-4.4.1/lib/gcc/liboppcommond.so
00993000-00994000 r--p 0004d000 08:01 459121     /home/ubuntu/Downloads/omnet/omnetpp-4.4.1/lib/gcc/liboppcommond.so
00994000-00995000 rw-p 0004e000 08:01 459121     /home/ubuntu/Downloads/omnet/omnetpp-4.4.1/lib/gcc/liboppcommond.so
00995000-0099c000 r-xp 00000000 08:01 137728     /lib/tls/i686/cmov/librt-2.11.1.so
0099c000-0099d000 r--p 00006000 08:01 137728     /lib/tls/i686/cmov/librt-2.11.1.so
0099d000-0099e000 rw-p 00007000 08:01 137728     /lib/tls/i686/cmov/librt-2.11.1.so
0099e000-009a4000 r-xp 00000000 08:01 137711     /lib/tls/i686/cmov/libnss_compat-2.11.1.so
009a4000-009a5000 r--p 00006000 08:01 137711     /lib/tls/i686/cmov/libnss_compat-2.11.1.so
009a5000-009a6000 rw-p 00007000 08:01 137711     /lib/tls/i686/cmov/libnss_compat-2.11.1.so
009a6000-009a7000 r-xp 00000000 00:00 0          [vdso]
009a7000-00e96000 r-xp 00000000 08:01 421586     /usr/lib/jvm/java-6-openjdk/jre/lib/i386/client/libjvm.so
00e96000-00ead000 r--p 004ef000 08:01 421586     /usr/lib/jvm/java-6-openjdk/jre/lib/i386/client/libjvm.so
00ead000-00ebc000 rw-p 00506000 08:01 421586     /usr/lib/jvm/java-6-openjdk/jre/lib/i386/client/libjvm.so
00ebc000-012d5000 rw-p 00000000 00:00 0 
012d5000-013ee000 r-xp 00000000 08:01 270065     /usr/lib/libX11.so.6.3.0
013ee000-013ef000 r--p 00118000 08:01 270065     /usr/lib/libX11.so.6.3.0
013ef000-013f1000 rw-p 00119000 08:01 270065     /usr/lib/libX11.so.6.3.0
013f1000-013f2000 rw-p 00000000 00:00 0 
013f3000-01546000 r-xp 00000000 08:01 137698     /lib/tls/i686/cmov/libc-2.11.1.so
01546000-01547000 ---p 00153000 08:01 137698     /lib/tls/i686/cmov/libc-2.11.1.so
01547000-01549000 r--p 00153000 08:01 137698     /lib/tls/i686/cmov/libc-2.11.1.so
01549000-0154a000 rw-p 00155000 08:01 137698     /lib/tls/i686/cmov/libc-2.11.1.so
0154a000-0154d000 rw-p 00000000 00:00 0 
0154d000-01559000 r-xp 00000000 08:01 421609     /usr/lib/jvm/java-6-openjdk/jre/lib/i386/libverify.so
01559000-0155a000 r--p 0000b000 08:01 421609     /usr/lib/jvm/java-6-openjdk/jre/lib/i386/libverify.so
0155a000-0155b000 rw-p 0000c000 08:01 421609     /usr/lib/jvm/java-6-openjdk/jre/lib/i386/libverify.so
0155b000-0157f000 r-xp 00000000 08:01 421578     /usr/lib/jvm/java-6-openjdk/jre/lib/i386/libjava.so
0157f000-01580000 r--p 00023000 08:01 421578     /usr/lib/jvm/java-6-openjdk/jre/lib/i386/libjava.so
01580000-01582000 rw-p 00024000 08:01 421578     /usr/lib/jvm/java-6-openjdk/jre/lib/i386/libjava.so
016b8000-017b8000 r-xp 00000000 08:01 459226     /home/ubuntu/Downloads/omnet/omnetpp-4.4.1/lib/gcc/liboppnedxmld.so
017b8000-017b9000 r--p 000ff000 08:01 459226     /home/ubuntu/Downloads/omnet/omnetpp-4.4.1/lib/gcc/liboppnedxmld.so
017b9000-017ba000 rw-p 00100000 08:01 459226     /home/ubuntu/Downloads/omnet/omnetpp-4.4.1/lib/gcc/liboppnedxmld.so
017ba000-017bb000 rw-p 00000000 00:00 0 
0496e000-04a4c000 r-xp 00000000 08:01 273817     /usr/lib/libBLT.2.4.so.8.4
04a4c000-04a4d000 r--p 000dd000 08:01 273817     /usr/lib/libBLT.2.4.so.8.4
04a4d000-04a5e000 rw-p 000de000 08:01 273817     /usr/lib/libBLT.2.4.so.8.4
04a5e000-04a5f000 rw-p 00000000 00:00 0 
05c0a000-05c14000 r-xp 00000000 08:01 137715     /lib/tls/i686/cmov/libnss_files-2.11.1.so
05c14000-05c15000 r--p 00009000 08:01 137715     /lib/tls/i686/cmov/libnss_files-2.11.1.so
05c15000-05c16000 rw-p 0000a000 08:01 137715     /lib/tls/i686/cmov/libnss_files-2.11.1.so
05c1e000-05c26000 r-xp 00000000 08:01 137719     /lib/tls/i686/cmov/libnss_nis-2.11.1.so
05c26000-05c27000 r--p 00007000 08:01 137719     /lib/tls/i686/cmov/libnss_nis-2.11.1.so
05c27000-05c28000 rw-p 00008000 08:01 137719     /lib/tls/i686/cmov/libnss_nis-2.11.1.so
065b7000-065be000 r-xp 00000000 08:01 421579     /usr/lib/jvm/java-6-openjdk/jre/lib/i386/libzip.so
065be000-065bf000 r--p 00006000 08:01 421579     /usr/lib/jvm/java-6-openjdk/jre/lib/i386/libzip.so
065bf000-065c0000 rw-p 00007000 08:01 421579     /usr/lib/jvm/java-6-openjdk/jre/lib/i386/libzip.so
06a2d000-06a45000 r-xp 00000000 08:01 270050     /usr/lib/libxcb.so.1.1.0
06a45000-06a46000 r--p 00017000 08:01 270050     /usr/lib/libxcb.so.1.1.0
06a46000-06a47000 rw-p 00018000 08:01 270050     /usr/lib/libxcb.so.1.1.0
07cd6000-07dfa000 r-xp 00000000 08:01 273771     /usr/lib/libxml2.so.2.7.6
07dfa000-07dfb000 ---p 00124000 08:01 273771     /usr/lib/libxml2.so.2.7.6
07dfb000-07dff000 r--p 00124000 08:01 273771     /usr/lib/libxml2.so.2.7.6
07dff000-07e00000 rw-p 00128000 08:01 273771     /usr/lib/libxml2.so.2.7.6
07e00000-07e01000 rw-p 00000000 00:00 0 
08048000-08111000 r-xp 00000000 08:01 474737     /home/ubuntu/Downloads/omnet/omnetpp-4.4.1/contrib/jsimplemodule/jsimple/out/gcc-debug/jsimple
08111000-08112000 r--p 000c9000 08:01 474737     /home/ubuntu/Downloads/omnet/omnetpp-4.4.1/contrib/jsimplemodule/jsimple/out/gcc-debug/jsimple
08112000-08117000 rw-p 000ca000 08:01 474737     /home/ubuntu/Downloads/omnet/omnetpp-4.4.1/contrib/jsimplemodule/jsimple/out/gcc-debug/jsimple
08117000-08118000 rw-p 00000000 00:00 0 
0830b000-0831e000 r-xp 00000000 08:01 137709     /lib/tls/i686/cmov/libnsl-2.11.1.so
0831e000-0831f000 r--p 00012000 08:01 137709     /lib/tls/i686/cmov/libnsl-2.11.1.so
0831f000-08320000 rw-p 00013000 08:01 137709     /lib/tls/i686/cmov/libnsl-2.11.1.so
08320000-08322000 rw-p 00000000 00:00 0 
08db8000-09e7a000 rw-p 00000000 00:00 0          [heap]
70410000-70940000 rw-p 00000000 00:00 0 
70940000-7ab60000 rw-p 00000000 00:00 0 
7ab60000-7b5e0000 rw-p 00000000 00:00 0 
7b5e0000-8fa10000 rw-p 00000000 00:00 0 
8fa10000-90610000 rw-p 00000000 00:00 0 
90610000-93a10000 rw-p 00000000 00:00 0 
93a10000-93fae000 r--p 00001000 08:01 422236     /usr/lib/jvm/java-6-openjdk/jre/lib/i386/client/classes.jsa
93fae000-94410000 rw-p 00000000 00:00 0 
94410000-94b5d000 rw-p 0059f000 08:01 422236     /usr/lib/jvm/java-6-openjdk/jre/lib/i386/client/classes.jsa
94b5d000-95010000 rw-p 00000000 00:00 0 
95010000-9531f000 rw-p 00cec000 08:01 422236     /usr/lib/jvm/java-6-openjdk/jre/lib/i386/client/classes.jsa
9531f000-95410000 rw-p 00000000 00:00 0 
95410000-95419000 r-xp 00ffb000 08:01 422236     /usr/lib/jvm/java-6-openjdk/jre/lib/i386/client/classes.jsa
95419000-95810000 rw-p 00000000 00:00 0 
b3cfe000-b3dcb000 rw-p 00000000 00:00 0 
b3dcb000-b3dcc000 ---p 00000000 00:00 0 
b3dcc000-b3e4c000 rw-p 00000000 00:00 0 
b3e4c000-b3e4f000 ---p 00000000 00:00 0 
b3e4f000-b3e9d000 rw-p 00000000 00:00 0 
b3e9d000-b3ea0000 ---p 00000000 00:00 0 
b3ea0000-b3f1e000 rw-p 00000000 00:00 0 
b3f1e000-b3f21000 ---p 00000000 00:00 0 
b3f21000-b3f6f000 rw-p 00000000 00:00 0 
b3f6f000-b3f72000 ---p 00000000 00:00 0 
b3f72000-b3fc0000 rw-p 00000000 00:00 0 
b3fc0000-b3fc3000 ---p 00000000 00:00 0 
b3fc3000-b4011000 rw-p 00000000 00:00 0 
b4011000-b4012000 ---p 00000000 00:00 0 
b4012000-b4092000 rw-p 00000000 00:00 0 
b4092000-b4229000 r--s 01a14000 08:01 421572     /usr/lib/jvm/java-6-openjdk/jre/lib/rt.jar
b4229000-b4230000 rw-p 00000000 00:00 0 
b4230000-b424a000 rw-p 00000000 00:00 0 
b424a000-b4250000 rw-p 00000000 00:00 0 
b4250000-b42f2000 rw-p 00000000 00:00 0 
b42f2000-b42f5000 rw-p 00000000 00:00 0 
b42f5000-b4345000 rw-p 00000000 00:00 0 
b4345000-b434b000 rw-p 00000000 00:00 0 
b434b000-b43ed000 rw-p 00000000 00:00 0 
b43ed000-b43f3000 rw-p 00000000 00:00 0 
b43f3000-b440d000 rw-p 00000000 00:00 0 
b440d000-b4419000 rw-p 00000000 00:00 0 
b4419000-b44b9000 rwxp 00000000 00:00 0 
b44b9000-b6419000 rw-p 00000000 00:00 0 
b6419000-b6efc000 rw-p 00000000 00:00 0 
b6efc000-b6f36000 rw-p 00000000 00:00 0 
b6f43000-b6f55000 rw-p 00000000 00:00 0 
b6f55000-b6fd2000 rw-p 00000000 00:00 0 
b6fd2000-b6fda000 rw-s 00000000 08:01 269592     /tmp/hsperfdata_ubuntu/1866
b6fda000-b7019000 r--p 00000000 08:01 269850     /usr/lib/locale/en_US.utf8/LC_CTYPE
b7019000-b701a000 ---p 00000000 00:00 0 
b701a000-b7820000 rw-p 00000000 00:00 0 
b7820000-b7823000 r--s 00020000 08:01 458350     /home/ubuntu/Downloads/omnet/omnetpp-4.4.1/contrib/jsimplemodule/jsimple/simkernel.jar
b7823000-b7825000 r--s 0000f000 08:01 421031     /usr/lib/jvm/java-6-openjdk/jre/lib/ext/pulse-java.jar
b7825000-b7826000 rw-p 00000000 00:00 0 
b7826000-b7827000 r--p 00000000 00:00 0 
b7827000-b7828000 rw-p 00000000 00:00 0 
b7828000-b782f000 r--s 00000000 08:01 268524     /usr/lib/gconv/gconv-modules.cache
b782f000-b7833000 rw-p 00000000 00:00 0 
bfdc1000-bfdc4000 ---p 00000000 00:00 0 
bfdc4000-bfe11000 rw-p 00000000 00:00 0          [stack]

VM Arguments:
jvm_args: -Djava.library.path=. 
java_command: <unknown>
Launcher Type: generic

Environment Variables:
CLASSPATH=/home/ubuntu/Downloads/omnet/omnetpp-4.4.1/samples/Hiwis/bin;/home/ubuntu/Downloads/omnet/omnetpp-4.4.1/contrib/jsimplemodule/jsimple/out/classes
PATH=/home/ubuntu/Downloads/omnet/omnetpp-4.4.1/bin::/home/ubuntu/Downloads/omnet/omnetpp-4.4.1/bin:/usr/local/sbin:/usr/local/bin:/usr/sbin:/usr/bin:/sbin:/bin:/usr/games
USERNAME=ubuntu
LD_LIBRARY_PATH=/home/ubuntu/Downloads/omnet/omnetpp-4.4.1/lib::/usr/lib/jvm/java-6-openjdk/jre/lib/i386/client:/usr/lib/jvm/java-6-openjdk/jre/lib/i386:
SHELL=/bin/bash
DISPLAY=:0.0
DYLD_LIBRARY_PATH=/usr/lib/jvm/java-6-openjdk/jre/lib/i386/server

Signal Handlers:
SIGSEGV: [libjvm.so+0x48e7a0], sa_mask[0]=0x7ffbfeff, sa_flags=0x10000004
SIGBUS: [libjvm.so+0x48e7a0], sa_mask[0]=0x7ffbfeff, sa_flags=0x10000004
SIGFPE: [libjvm.so+0x399200], sa_mask[0]=0x7ffbfeff, sa_flags=0x10000004
SIGPIPE: [libjvm.so+0x399200], sa_mask[0]=0x7ffbfeff, sa_flags=0x10000004
SIGXFSZ: [libjvm.so+0x399200], sa_mask[0]=0x7ffbfeff, sa_flags=0x10000004
SIGILL: [libjvm.so+0x399200], sa_mask[0]=0x7ffbfeff, sa_flags=0x10000004
SIGUSR1: SIG_DFL, sa_mask[0]=0x00000000, sa_flags=0x00000000
SIGUSR2: [libjvm.so+0x398c80], sa_mask[0]=0x00000004, sa_flags=0x10000004
SIGHUP: [libjvm.so+0x39c280], sa_mask[0]=0x7ffbfeff, sa_flags=0x10000004
SIGINT: [libjvm.so+0x39c280], sa_mask[0]=0x7ffbfeff, sa_flags=0x10000004
SIGTERM: [libjvm.so+0x39c280], sa_mask[0]=0x7ffbfeff, sa_flags=0x10000004
SIGQUIT: [libjvm.so+0x39c280], sa_mask[0]=0x7ffbfeff, sa_flags=0x10000004


---------------  S Y S T E M  ---------------

OS:Ubuntu 10.04 (lucid)
uname:Linux 2.6.32-21-generic #32-Ubuntu SMP Fri Apr 16 08:10:02 UTC 2010 i686
libc:glibc 2.11.1 NPTL 2.11.1 
rlimit: STACK 8192k, CORE 0k, NPROC infinity, NOFILE 1024, AS infinity
load average:1.01 0.99 0.84

/proc/meminfo:
MemTotal:        1026508 kB
MemFree:          109288 kB
Buffers:           68192 kB
Cached:           342096 kB
SwapCached:            0 kB
Active:           589256 kB
Inactive:         275840 kB
Active(anon):     441888 kB
Inactive(anon):    18192 kB
Active(file):     147368 kB
Inactive(file):   257648 kB
Unevictable:           0 kB
Mlocked:               0 kB
HighTotal:        139208 kB
HighFree:            252 kB
LowTotal:         887300 kB
LowFree:          109036 kB
SwapTotal:        407544 kB
SwapFree:         407544 kB
Dirty:              5376 kB
Writeback:             0 kB
AnonPages:        454780 kB
Mapped:            80912 kB
Shmem:              5272 kB
Slab:              37564 kB
SReclaimable:      29644 kB
SUnreclaim:         7920 kB
KernelStack:        2176 kB
PageTables:         4988 kB
NFS_Unstable:          0 kB
Bounce:                0 kB
WritebackTmp:          0 kB
CommitLimit:      920796 kB
Committed_AS:     978980 kB
VmallocTotal:     122880 kB
VmallocUsed:       26868 kB
VmallocChunk:      91272 kB
HardwareCorrupted:     0 kB
HugePages_Total:       0
HugePages_Free:        0
HugePages_Rsvd:        0
HugePages_Surp:        0
Hugepagesize:       4096 kB
DirectMap4k:       12280 kB
DirectMap4M:      897024 kB


CPU:total 1 (2 cores per cpu, 2 threads per core) family 6 model 58 stepping 9, cmov, cx8, fxsr, mmx, sse, sse2, sse3, ssse3, sse4.1, sse4.2, popcnt, ht, tsc, tscinvbit, tscinv

/proc/cpuinfo:
processor	: 0
vendor_id	: GenuineIntel
cpu family	: 6
model		: 58
model name	: Intel(R) Core(TM) i3-3110M CPU @ 2.40GHz
stepping	: 9
cpu MHz		: 2361.768
cache size	: 6144 KB
fdiv_bug	: no
hlt_bug		: no
f00f_bug	: no
coma_bug	: no
fpu		: yes
fpu_exception	: yes
cpuid level	: 5
wp		: yes
flags		: fpu vme de pse tsc msr pae mce cx8 apic mtrr pge mca cmov pat pse36 clflush mmx fxsr sse sse2 rdtscp constant_tsc up pni monitor ssse3
bogomips	: 4723.53
clflush size	: 64
cache_alignment	: 64
address sizes	: 36 bits physical, 48 bits virtual
power management:



Memory: 4k page, physical 1026508k(109288k free), swap 407544k(407544k free)

vm_info: OpenJDK Client VM (23.25-b01) for linux-x86 JRE (1.6.0_31-b31), built on Apr 17 2014 22:13:12 by "buildd" with gcc 4.4.3

time: Wed Aug 20 02:13:16 2014
elapsed time: 0 seconds

