#
# A fatal error has been detected by the Java Runtime Environment:
#
#  SIGSEGV (0xb) at pc=0x010aa4c6, pid=2015, tid=3078346448
#
# JRE version: 6.0_31-b31
# Java VM: OpenJDK Client VM (23.25-b01 mixed mode, sharing linux-x86 )
# Problematic frame:
# C  [liboppsimd.so+0x1674c6]  cSimpleModule::scheduleAt(SimTime, cMessage*)+0x17a
#
# Failed to write core dump. Core dumps have been disabled. To enable core dumping, try "ulimit -c unlimited" before starting Java again
#
# If you would like to submit a bug report, please include
# instructions how to reproduce the bug and visit:
#   https://bugs.launchpad.net/ubuntu/+source/openjdk-6/
# The crash happened outside the Java Virtual Machine in native code.
# See problematic frame for where to report the bug.
#

---------------  T H R E A D  ---------------

Current thread (0x0a516000):  JavaThread "main" [_thread_in_native, id=2015, stack(0xbfa4a000,0xbfa9a000)]

siginfo:si_signo=SIGSEGV: si_errno=0, si_code=1 (SEGV_MAPERR), si_addr=0x00000000

Registers:
EAX=0x00000000, EBX=0x00000000, ECX=0x5d8a0000, EDX=0x080da11a
ESP=0xbfa959c0, EBP=0xbfa95a38, ESI=0x8fa2baa0, EDI=0x0a516000
EIP=0x010aa4c6, EFLAGS=0x00210202, CR2=0x00000000

Top of Stack: (sp=0xbfa959c0)
0xbfa959c0:   0960b118 bfa95a04 00f7ec7c b77d3bf0
0xbfa959d0:   00000000 ffffffff 00173ff4 080687e0
0xbfa959e0:   00000005 bfa95a20 001656b6 00174ab0
0xbfa959f0:   00000000 00000001 00000005 00000000
0xbfa95a00:   00000005 00000000 00000000 00000000
0xbfa95a10:   00f7ec7c 8fa2baa0 8fa2baa0 0a516000
0xbfa95a20:   bfa95aa8 0016b3c0 01634578 8fa2baa0
0xbfa95a30:   8fa2baa0 0a516000 bfa95aa8 0809e31b 

Instructions: (pc=0x010aa4c6)
0x010aa4a6:   e8 67 3b 00 00 85 c0 74 07 b8 01 00 00 00 eb 05
0x010aa4b6:   b8 00 00 00 00 84 c0 0f 84 6c 01 00 00 8b 45 08
0x010aa4c6:   8b 00 83 c0 14 8b 10 8b 45 08 89 04 24 ff d2 89
0x010aa4d6:   c6 8b 45 08 8b 00 83 c0 20 8b 08 8b 55 08 8d 45 

Register to memory mapping:

EAX=0x00000000 is an unknown value
EBX=0x00000000 is an unknown value
ECX=0x5d8a0000 is an unknown value
EDX=0x080da11a: _ZNK7cModule8isModuleEv+0 in /home/ubuntu/Downloads/omnet/omnetpp-4.4.1/contrib/jsimplemodule/jsimple/jsimple at 0x08048000
ESP=0xbfa959c0 is pointing into the stack for thread: 0x0a516000
EBP=0xbfa95a38 is pointing into the stack for thread: 0x0a516000
ESI=0x8fa2baa0 is an oop
{method} 
 - klass: {other class}
EDI=0x0a516000 is a thread


Stack: [0xbfa4a000,0xbfa9a000],  sp=0xbfa959c0,  free space=302k
Native frames: (J=compiled Java code, j=interpreted, Vv=VM code, C=native code)
C  [liboppsimd.so+0x1674c6]  cSimpleModule::scheduleAt(SimTime, cMessage*)+0x17a
C  [jsimple+0x5631b]  Java_org_omnetpp_simkernel_SimkernelJNI_cSimpleModule_1scheduleAt+0xcc
j  org.omnetpp.simkernel.SimkernelJNI.cSimpleModule_scheduleAt(JLorg/omnetpp/simkernel/cSimpleModule;JLorg/omnetpp/simkernel/SimTime;JLorg/omnetpp/simkernel/cMessage;)I+0
j  org.omnetpp.simkernel.cSimpleModule.scheduleAt(Lorg/omnetpp/simkernel/SimTime;Lorg/omnetpp/simkernel/cMessage;)I+15
j  de.tudarmstadt.maki.simonstrator.util.core.RealtimeScheduler.scheduleIn(JLde/tudarmstadt/maki/simonstrator/api/EventHandler;Ljava/lang/Object;I)V+135
j  de.tudarmstadt.maki.simonstrator.util.core.Start.initialize()V+15
j  org.omnetpp.simkernel.JSimpleModule.initialize(I)V+5
v  ~StubRoutines::call_stub
V  [libjvm.so+0x26dd84]  JavaCalls::call_helper(JavaValue*, methodHandle*, JavaCallArguments*, Thread*)+0x314
V  [libjvm.so+0x397799]  os::os_exception_wrapper(void (*)(JavaValue*, methodHandle*, JavaCallArguments*, Thread*), JavaValue*, methodHandle*, JavaCallArguments*, Thread*)+0x19
V  [libjvm.so+0x26c9bf]  JavaCalls::call(JavaValue*, methodHandle, JavaCallArguments*, Thread*)+0x2f
V  [libjvm.so+0x279f2c]  jni_invoke_nonstatic(JNIEnv_*, JavaValue*, _jobject*, JNICallType, _jmethodID*, JNI_ArgumentPusher*, Thread*)+0x27c
V  [libjvm.so+0x2890e0]  jni_CallVoidMethodV+0xc0
C  [jsimple+0x92112]  JNIEnv_::CallVoidMethod(_jobject*, _jmethodID*, ...)+0x34
C  [jsimple+0x91c0f]  JSimpleModule::initialize(int)+0x4d
C  [liboppsimd.so+0x149647]  cModule::initializeModules(int)+0x18b
C  [liboppsimd.so+0x14977b]  cModule::initializeModules(int)+0x2bf
C  [liboppsimd.so+0x149261]  cModule::callInitialize()+0x71
C  [liboppsimd.so+0x16a43c]  cSimulation::startRun()+0xd6
C  [liboppenvird.so+0x911c3]  EnvirBase::startRun()+0x97
C  [libopptkenvd.so+0x34abb]  Tkenv::newRun(char const*, int)+0x1bb
C  [libopptkenvd.so+0x3f3b1]  newRun_cmd(void*, Tcl_Interp*, int, char const**)+0x72
C  [libtcl8.4.so.0+0x1f17e]  TclInvokeStringCommand+0x6e
C  [libtcl8.4.so.0+0x205bb]  TclEvalObjvInternal+0x35b
C  [libtcl8.4.so.0+0x4d2c2]  TclCompEvalObj+0x2782
C  [libtcl8.4.so.0+0x4ac1d]  TclCompEvalObj+0xdd
C  [libtcl8.4.so.0+0x81957]  TclObjInterpProc+0x2a7
C  [libtcl8.4.so.0+0x205bb]  TclEvalObjvInternal+0x35b
C  [libtcl8.4.so.0+0x4d2c2]  TclCompEvalObj+0x2782
C  [libtcl8.4.so.0+0x4ac1d]  TclCompEvalObj+0xdd
C  [libtcl8.4.so.0+0x81957]  TclObjInterpProc+0x2a7
C  [libtcl8.4.so.0+0x205bb]  TclEvalObjvInternal+0x35b
C  [libtcl8.4.so.0+0x2144c]  Tcl_EvalEx+0x4fc
C  [libtcl8.4.so.0+0x216dc]  Tcl_Eval+0x3c
C  [libopptkenvd.so+0x33224]  Tkenv::run()+0x75e
C  [liboppenvird.so+0x8d70d]  EnvirBase::run(int, char**, cConfiguration*)+0x1a5
C  [liboppenvird.so+0x8a66a]  setupUserInterface(int, char**)+0xb82
C  [liboppenvird.so+0x8b1dd]  evMain+0x49
C  [jsimple+0x93b2f]  main+0x1b
C  [libc.so.6+0x16bd6]  __libc_start_main+0xe6

Java frames: (J=compiled Java code, j=interpreted, Vv=VM code)
j  org.omnetpp.simkernel.SimkernelJNI.cSimpleModule_scheduleAt(JLorg/omnetpp/simkernel/cSimpleModule;JLorg/omnetpp/simkernel/SimTime;JLorg/omnetpp/simkernel/cMessage;)I+0
j  org.omnetpp.simkernel.cSimpleModule.scheduleAt(Lorg/omnetpp/simkernel/SimTime;Lorg/omnetpp/simkernel/cMessage;)I+15
j  de.tudarmstadt.maki.simonstrator.util.core.RealtimeScheduler.scheduleIn(JLde/tudarmstadt/maki/simonstrator/api/EventHandler;Ljava/lang/Object;I)V+135
j  de.tudarmstadt.maki.simonstrator.util.core.Start.initialize()V+15
j  org.omnetpp.simkernel.JSimpleModule.initialize(I)V+5
v  ~StubRoutines::call_stub

---------------  P R O C E S S  ---------------

Java Threads: ( => current thread )
  0x0a585c00 JavaThread "Low Memory Detector" daemon [_thread_blocked, id=2026, stack(0xb3def000,0xb3e40000)]
  0x0a584000 JavaThread "C1 CompilerThread0" daemon [_thread_blocked, id=2025, stack(0xb3e40000,0xb3ec1000)]
  0x0a582400 JavaThread "Signal Dispatcher" daemon [_thread_blocked, id=2024, stack(0xb3ec1000,0xb3f12000)]
  0x0a57b800 JavaThread "Finalizer" daemon [_thread_blocked, id=2023, stack(0xb3f12000,0xb3f63000)]
  0x0a57a000 JavaThread "Reference Handler" daemon [_thread_blocked, id=2022, stack(0xb3f63000,0xb3fb4000)]
=>0x0a516000 JavaThread "main" [_thread_in_native, id=2015, stack(0xbfa4a000,0xbfa9a000)]

Other Threads:
  0x0a570000 VMThread [stack: 0xb3fb4000,0xb4035000] [id=2021]
  0x0a589000 WatcherThread [stack: 0xb3d6e000,0xb3def000] [id=2027]

VM state:not at safepoint (normal execution)

VM Mutex/Monitor currently owned by a thread: None

Heap
 def new generation   total 4800K, used 976K [0x70410000, 0x70940000, 0x7ab60000)
  eden space 4288K,  22% used [0x70410000, 0x705040a0, 0x70840000)
  from space 512K,   0% used [0x70840000, 0x70840000, 0x708c0000)
  to   space 512K,   0% used [0x708c0000, 0x708c0000, 0x70940000)
 tenured generation   total 10752K, used 0K [0x7ab60000, 0x7b5e0000, 0x8fa10000)
   the space 10752K,   0% used [0x7ab60000, 0x7ab60000, 0x7ab60200, 0x7b5e0000)
 compacting perm gen  total 12288K, used 488K [0x8fa10000, 0x90610000, 0x93a10000)
   the space 12288K,   3% used [0x8fa10000, 0x8fa8a028, 0x8fa8a200, 0x90610000)
    ro space 10240K,  56% used [0x93a10000, 0x93fad218, 0x93fad400, 0x94410000)
    rw space 12288K,  60% used [0x94410000, 0x94b5c138, 0x94b5c200, 0x95010000)

Card table byte_map: [0xb4295000,0xb43bc000] byte_map_base: 0xb3f12f80

Polling page: 0xb77c9000

Code Cache  [0xb43bc000, 0xb445c000, 0xb63bc000)
 total_blobs=180 nmethods=13 adapters=104 free_code_cache=32144Kb largest_free_block=32916352

Compilation events (10 events):
Event: 0.649 Thread 0x0a584000    9             java.lang.String::lastIndexOf (156 bytes)
Event: 0.650 Thread 0x0a584000 nmethod 9 0xb4451b08 code [0xb4451c30, 0xb4451e3c]
Event: 0.675 Thread 0x0a584000   10             java.io.UnixFileSystem::normalize (75 bytes)
Event: 0.677 Thread 0x0a584000 nmethod 10 0xb4452108 code [0xb4452240, 0xb4452400]
Event: 0.707 Thread 0x0a584000   11             java.lang.String::indexOf (166 bytes)
Event: 0.708 Thread 0x0a584000 nmethod 11 0xb4455ac8 code [0xb4455be0, 0xb4455e10]
Event: 0.722 Thread 0x0a584000   12             java.lang.String::replace (142 bytes)
Event: 0.723 Thread 0x0a584000 nmethod 12 0xb4456108 code [0xb4456230, 0xb44564e0]
Event: 0.827 Thread 0x0a584000   13             sun.net.www.ParseUtil::encodePath (336 bytes)
Event: 0.830 Thread 0x0a584000 nmethod 13 0xb4456ec8 code [0xb4457080, 0xb44576c4]

GC Heap History (0 events):
No events

Deoptimization events (0 events):
No events

Internal exceptions (10 events):
Event: 0.744 Thread 0x0a516000 Threw 0x704e8940 at /build/buildd/openjdk-6-6b31-1.13.3/build/openjdk/hotspot/src/share/vm/classfile/systemDictionary.cpp:179
Event: 0.744 Thread 0x0a516000 Threw 0x704e8c48 at /build/buildd/openjdk-6-6b31-1.13.3/build/openjdk/hotspot/src/share/vm/prims/jvm.cpp:1235
Event: 0.763 Thread 0x0a516000 Threw 0x704ec0e8 at /build/buildd/openjdk-6-6b31-1.13.3/build/openjdk/hotspot/src/share/vm/classfile/systemDictionary.cpp:179
Event: 0.763 Thread 0x0a516000 Threw 0x704eec60 at /build/buildd/openjdk-6-6b31-1.13.3/build/openjdk/hotspot/src/share/vm/prims/jvm.cpp:1235
Event: 0.827 Thread 0x0a516000 Threw 0x704f22b0 at /build/buildd/openjdk-6-6b31-1.13.3/build/openjdk/hotspot/src/share/vm/classfile/systemDictionary.cpp:179
Event: 0.827 Thread 0x0a516000 Threw 0x704f25c0 at /build/buildd/openjdk-6-6b31-1.13.3/build/openjdk/hotspot/src/share/vm/prims/jvm.cpp:1235
Event: 0.833 Thread 0x0a516000 Threw 0x704f73d8 at /build/buildd/openjdk-6-6b31-1.13.3/build/openjdk/hotspot/src/share/vm/classfile/systemDictionary.cpp:179
Event: 0.833 Thread 0x0a516000 Threw 0x704f7730 at /build/buildd/openjdk-6-6b31-1.13.3/build/openjdk/hotspot/src/share/vm/prims/jvm.cpp:1235
Event: 0.834 Thread 0x0a516000 Threw 0x704f98f0 at /build/buildd/openjdk-6-6b31-1.13.3/build/openjdk/hotspot/src/share/vm/classfile/systemDictionary.cpp:179
Event: 0.834 Thread 0x0a516000 Threw 0x704f9cb0 at /build/buildd/openjdk-6-6b31-1.13.3/build/openjdk/hotspot/src/share/vm/prims/jvm.cpp:1235

Events (10 events):
Event: 0.821 loading class 0x0a5ffdc8 done
Event: 0.821 loading class 0x95180930 done
Event: 0.824 loading class 0x0a5fdf48
Event: 0.825 loading class 0x0a5fdf48 done
Event: 0.827 loading class 0x0a5f6a60
Event: 0.827 loading class 0x0a5f6a60 done
Event: 0.833 loading class 0x0a602200
Event: 0.833 loading class 0x0a602200 done
Event: 0.834 loading class 0x0a5f6b70
Event: 0.834 loading class 0x0a5f6b70 done


Dynamic libraries:
00110000-0011f000 r-xp 00000000 08:01 459388     /home/ubuntu/Downloads/omnet/omnetpp-4.4.1/lib/gcc/liboppcmdenvd.so
0011f000-00120000 r--p 0000e000 08:01 459388     /home/ubuntu/Downloads/omnet/omnetpp-4.4.1/lib/gcc/liboppcmdenvd.so
00120000-00121000 rw-p 0000f000 08:01 459388     /home/ubuntu/Downloads/omnet/omnetpp-4.4.1/lib/gcc/liboppcmdenvd.so
00121000-00145000 r-xp 00000000 08:01 137706     /lib/tls/i686/cmov/libm-2.11.1.so
00145000-00146000 r--p 00023000 08:01 137706     /lib/tls/i686/cmov/libm-2.11.1.so
00146000-00147000 rw-p 00024000 08:01 137706     /lib/tls/i686/cmov/libm-2.11.1.so
00147000-00149000 r-xp 00000000 08:01 264758     /usr/lib/libXau.so.6.0.0
00149000-0014a000 r--p 00001000 08:01 264758     /usr/lib/libXau.so.6.0.0
0014a000-0014b000 rw-p 00002000 08:01 264758     /usr/lib/libXau.so.6.0.0
0014b000-0014f000 r-xp 00000000 08:01 264769     /usr/lib/libXdmcp.so.6.0.0
0014f000-00150000 r--p 00003000 08:01 264769     /usr/lib/libXdmcp.so.6.0.0
00150000-00151000 rw-p 00004000 08:01 264769     /usr/lib/libXdmcp.so.6.0.0
00151000-00155000 r-xp 00000000 08:01 264773     /usr/lib/libXfixes.so.3.1.0
00155000-00156000 r--p 00003000 08:01 264773     /usr/lib/libXfixes.so.3.1.0
00156000-00157000 rw-p 00004000 08:01 264773     /usr/lib/libXfixes.so.3.1.0
00158000-00173000 r-xp 00000000 08:01 133302     /lib/ld-2.11.1.so
00173000-00174000 r--p 0001a000 08:01 133302     /lib/ld-2.11.1.so
00174000-00175000 rw-p 0001b000 08:01 133302     /lib/ld-2.11.1.so
00175000-001e8000 r-xp 00000000 08:01 459406     /home/ubuntu/Downloads/omnet/omnetpp-4.4.1/lib/gcc/libopptkenvd.so
001e8000-001e9000 r--p 00072000 08:01 459406     /home/ubuntu/Downloads/omnet/omnetpp-4.4.1/lib/gcc/libopptkenvd.so
001e9000-00265000 rw-p 00073000 08:01 459406     /home/ubuntu/Downloads/omnet/omnetpp-4.4.1/lib/gcc/libopptkenvd.so
00265000-0037a000 r-xp 00000000 08:01 459383     /home/ubuntu/Downloads/omnet/omnetpp-4.4.1/lib/gcc/liboppenvird.so
0037a000-0037b000 r--p 00114000 08:01 459383     /home/ubuntu/Downloads/omnet/omnetpp-4.4.1/lib/gcc/liboppenvird.so
0037b000-0037c000 rw-p 00115000 08:01 459383     /home/ubuntu/Downloads/omnet/omnetpp-4.4.1/lib/gcc/liboppenvird.so
0037c000-003e3000 r-xp 00000000 08:01 459135     /home/ubuntu/Downloads/omnet/omnetpp-4.4.1/lib/gcc/libopplayoutd.so
003e3000-003e4000 r--p 00066000 08:01 459135     /home/ubuntu/Downloads/omnet/omnetpp-4.4.1/lib/gcc/libopplayoutd.so
003e4000-003e5000 rw-p 00067000 08:01 459135     /home/ubuntu/Downloads/omnet/omnetpp-4.4.1/lib/gcc/libopplayoutd.so
003e5000-003fa000 r-xp 00000000 08:01 137724     /lib/tls/i686/cmov/libpthread-2.11.1.so
003fa000-003fb000 r--p 00014000 08:01 137724     /lib/tls/i686/cmov/libpthread-2.11.1.so
003fb000-003fc000 rw-p 00015000 08:01 137724     /lib/tls/i686/cmov/libpthread-2.11.1.so
003fc000-003fe000 rw-p 00000000 00:00 0 
003fe000-0044c000 r-xp 00000000 08:01 459121     /home/ubuntu/Downloads/omnet/omnetpp-4.4.1/lib/gcc/liboppcommond.so
0044c000-0044d000 r--p 0004d000 08:01 459121     /home/ubuntu/Downloads/omnet/omnetpp-4.4.1/lib/gcc/liboppcommond.so
0044d000-0044e000 rw-p 0004e000 08:01 459121     /home/ubuntu/Downloads/omnet/omnetpp-4.4.1/lib/gcc/liboppcommond.so
0044e000-00461000 r-xp 00000000 08:01 133475     /lib/libz.so.1.2.3.3
00461000-00462000 r--p 00012000 08:01 133475     /lib/libz.so.1.2.3.3
00462000-00463000 rw-p 00013000 08:01 133475     /lib/libz.so.1.2.3.3
00463000-0046b000 r-xp 00000000 08:01 264765     /usr/lib/libXcursor.so.1.0.2
0046b000-0046c000 r--p 00007000 08:01 264765     /usr/lib/libXcursor.so.1.0.2
0046c000-0046d000 rw-p 00008000 08:01 264765     /usr/lib/libXcursor.so.1.0.2
0046d000-0046f000 r-xp 00000000 08:01 137704     /lib/tls/i686/cmov/libdl-2.11.1.so
0046f000-00470000 r--p 00001000 08:01 137704     /lib/tls/i686/cmov/libdl-2.11.1.so
00470000-00471000 rw-p 00002000 08:01 137704     /lib/tls/i686/cmov/libdl-2.11.1.so
00471000-00489000 r-xp 00000000 08:01 270050     /usr/lib/libxcb.so.1.1.0
00489000-0048a000 r--p 00017000 08:01 270050     /usr/lib/libxcb.so.1.1.0
0048a000-0048b000 rw-p 00018000 08:01 270050     /usr/lib/libxcb.so.1.1.0
0048d000-004aa000 r-xp 00000000 08:01 130877     /lib/libgcc_s.so.1
004aa000-004ab000 r--p 0001c000 08:01 130877     /lib/libgcc_s.so.1
004ab000-004ac000 rw-p 0001d000 08:01 130877     /lib/libgcc_s.so.1
004ac000-004bf000 r-xp 00000000 08:01 137709     /lib/tls/i686/cmov/libnsl-2.11.1.so
004bf000-004c0000 r--p 00012000 08:01 137709     /lib/tls/i686/cmov/libnsl-2.11.1.so
004c0000-004c1000 rw-p 00013000 08:01 137709     /lib/tls/i686/cmov/libnsl-2.11.1.so
004c1000-004c3000 rw-p 00000000 00:00 0 
004c3000-004cb000 r-xp 00000000 08:01 296299     /usr/lib/libXrender.so.1.3.0
004cb000-004cc000 r--p 00007000 08:01 296299     /usr/lib/libXrender.so.1.3.0
004cc000-004cd000 rw-p 00008000 08:01 296299     /usr/lib/libXrender.so.1.3.0
004cd000-004d4000 r-xp 00000000 08:01 137728     /lib/tls/i686/cmov/librt-2.11.1.so
004d4000-004d5000 r--p 00006000 08:01 137728     /lib/tls/i686/cmov/librt-2.11.1.so
004d5000-004d6000 rw-p 00007000 08:01 137728     /lib/tls/i686/cmov/librt-2.11.1.so
004d6000-004e2000 r-xp 00000000 08:01 421609     /usr/lib/jvm/java-6-openjdk/jre/lib/i386/libverify.so
004e2000-004e3000 r--p 0000b000 08:01 421609     /usr/lib/jvm/java-6-openjdk/jre/lib/i386/libverify.so
004e3000-004e4000 rw-p 0000c000 08:01 421609     /usr/lib/jvm/java-6-openjdk/jre/lib/i386/libverify.so
004e4000-00508000 r-xp 00000000 08:01 421578     /usr/lib/jvm/java-6-openjdk/jre/lib/i386/libjava.so
00508000-00509000 r--p 00023000 08:01 421578     /usr/lib/jvm/java-6-openjdk/jre/lib/i386/libjava.so
00509000-0050b000 rw-p 00024000 08:01 421578     /usr/lib/jvm/java-6-openjdk/jre/lib/i386/libjava.so
0050b000-00511000 r-xp 00000000 08:01 137711     /lib/tls/i686/cmov/libnss_compat-2.11.1.so
00511000-00512000 r--p 00006000 08:01 137711     /lib/tls/i686/cmov/libnss_compat-2.11.1.so
00512000-00513000 rw-p 00007000 08:01 137711     /lib/tls/i686/cmov/libnss_compat-2.11.1.so
00513000-0051b000 r-xp 00000000 08:01 137719     /lib/tls/i686/cmov/libnss_nis-2.11.1.so
0051b000-0051c000 r--p 00007000 08:01 137719     /lib/tls/i686/cmov/libnss_nis-2.11.1.so
0051c000-0051d000 rw-p 00008000 08:01 137719     /lib/tls/i686/cmov/libnss_nis-2.11.1.so
0051d000-00527000 r-xp 00000000 08:01 137715     /lib/tls/i686/cmov/libnss_files-2.11.1.so
00527000-00528000 r--p 00009000 08:01 137715     /lib/tls/i686/cmov/libnss_files-2.11.1.so
00528000-00529000 rw-p 0000a000 08:01 137715     /lib/tls/i686/cmov/libnss_files-2.11.1.so
00529000-00530000 r-xp 00000000 08:01 421579     /usr/lib/jvm/java-6-openjdk/jre/lib/i386/libzip.so
00530000-00531000 r--p 00006000 08:01 421579     /usr/lib/jvm/java-6-openjdk/jre/lib/i386/libzip.so
00531000-00532000 rw-p 00007000 08:01 421579     /usr/lib/jvm/java-6-openjdk/jre/lib/i386/libzip.so
00536000-00a25000 r-xp 00000000 08:01 421586     /usr/lib/jvm/java-6-openjdk/jre/lib/i386/client/libjvm.so
00a25000-00a3c000 r--p 004ef000 08:01 421586     /usr/lib/jvm/java-6-openjdk/jre/lib/i386/client/libjvm.so
00a3c000-00a4b000 rw-p 00506000 08:01 421586     /usr/lib/jvm/java-6-openjdk/jre/lib/i386/client/libjvm.so
00a4b000-00e64000 rw-p 00000000 00:00 0 
00e64000-00f14000 r-xp 00000000 08:01 265671     /usr/lib/libtcl8.4.so.0
00f14000-00f15000 ---p 000b0000 08:01 265671     /usr/lib/libtcl8.4.so.0
00f15000-00f16000 r--p 000b0000 08:01 265671     /usr/lib/libtcl8.4.so.0
00f16000-00f1b000 rw-p 000b1000 08:01 265671     /usr/lib/libtcl8.4.so.0
00f42000-00f43000 r-xp 00000000 00:00 0          [vdso]
00f43000-0119b000 r-xp 00000000 08:01 459348     /home/ubuntu/Downloads/omnet/omnetpp-4.4.1/lib/gcc/liboppsimd.so
0119b000-0119c000 r--p 00257000 08:01 459348     /home/ubuntu/Downloads/omnet/omnetpp-4.4.1/lib/gcc/liboppsimd.so
0119c000-0119d000 rw-p 00258000 08:01 459348     /home/ubuntu/Downloads/omnet/omnetpp-4.4.1/lib/gcc/liboppsimd.so
0119d000-011a0000 rw-p 00000000 00:00 0 
0207a000-0214f000 r-xp 00000000 08:01 265689     /usr/lib/libtk8.4.so.0
0214f000-02150000 r--p 000d4000 08:01 265689     /usr/lib/libtk8.4.so.0
02150000-0215b000 rw-p 000d5000 08:01 265689     /usr/lib/libtk8.4.so.0
0215b000-0215c000 rw-p 00000000 00:00 0 
02631000-0271a000 r-xp 00000000 08:01 269643     /usr/lib/libstdc++.so.6.0.13
0271a000-0271e000 r--p 000e9000 08:01 269643     /usr/lib/libstdc++.so.6.0.13
0271e000-0271f000 rw-p 000ed000 08:01 269643     /usr/lib/libstdc++.so.6.0.13
0271f000-02726000 rw-p 00000000 00:00 0 
02a8c000-02bdf000 r-xp 00000000 08:01 137698     /lib/tls/i686/cmov/libc-2.11.1.so
02bdf000-02be0000 ---p 00153000 08:01 137698     /lib/tls/i686/cmov/libc-2.11.1.so
02be0000-02be2000 r--p 00153000 08:01 137698     /lib/tls/i686/cmov/libc-2.11.1.so
02be2000-02be3000 rw-p 00155000 08:01 137698     /lib/tls/i686/cmov/libc-2.11.1.so
02be3000-02be6000 rw-p 00000000 00:00 0 
042d6000-043d6000 r-xp 00000000 08:01 459226     /home/ubuntu/Downloads/omnet/omnetpp-4.4.1/lib/gcc/liboppnedxmld.so
043d6000-043d7000 r--p 000ff000 08:01 459226     /home/ubuntu/Downloads/omnet/omnetpp-4.4.1/lib/gcc/liboppnedxmld.so
043d7000-043d8000 rw-p 00100000 08:01 459226     /home/ubuntu/Downloads/omnet/omnetpp-4.4.1/lib/gcc/liboppnedxmld.so
043d8000-043d9000 rw-p 00000000 00:00 0 
06b5f000-06c3d000 r-xp 00000000 08:01 273817     /usr/lib/libBLT.2.4.so.8.4
06c3d000-06c3e000 r--p 000dd000 08:01 273817     /usr/lib/libBLT.2.4.so.8.4
06c3e000-06c4f000 rw-p 000de000 08:01 273817     /usr/lib/libBLT.2.4.so.8.4
06c4f000-06c50000 rw-p 00000000 00:00 0 
06e1f000-06f43000 r-xp 00000000 08:01 273771     /usr/lib/libxml2.so.2.7.6
06f43000-06f44000 ---p 00124000 08:01 273771     /usr/lib/libxml2.so.2.7.6
06f44000-06f48000 r--p 00124000 08:01 273771     /usr/lib/libxml2.so.2.7.6
06f48000-06f49000 rw-p 00128000 08:01 273771     /usr/lib/libxml2.so.2.7.6
06f49000-06f4a000 rw-p 00000000 00:00 0 
07518000-07631000 r-xp 00000000 08:01 270065     /usr/lib/libX11.so.6.3.0
07631000-07632000 r--p 00118000 08:01 270065     /usr/lib/libX11.so.6.3.0
07632000-07634000 rw-p 00119000 08:01 270065     /usr/lib/libX11.so.6.3.0
07634000-07635000 rw-p 00000000 00:00 0 
08048000-08111000 r-xp 00000000 08:01 474738     /home/ubuntu/Downloads/omnet/omnetpp-4.4.1/contrib/jsimplemodule/jsimple/out/gcc-debug/jsimple
08111000-08112000 r--p 000c9000 08:01 474738     /home/ubuntu/Downloads/omnet/omnetpp-4.4.1/contrib/jsimplemodule/jsimple/out/gcc-debug/jsimple
08112000-08117000 rw-p 000ca000 08:01 474738     /home/ubuntu/Downloads/omnet/omnetpp-4.4.1/contrib/jsimplemodule/jsimple/out/gcc-debug/jsimple
08117000-08118000 rw-p 00000000 00:00 0 
095ed000-0a6ab000 rw-p 00000000 00:00 0          [heap]
70410000-70940000 rw-p 00000000 00:00 0 
70940000-7ab60000 rw-p 00000000 00:00 0 
7ab60000-7b5e0000 rw-p 00000000 00:00 0 
7b5e0000-8fa10000 rw-p 00000000 00:00 0 
8fa10000-90610000 rw-p 00000000 00:00 0 
90610000-93a10000 rw-p 00000000 00:00 0 
93a10000-93fae000 r--p 00001000 08:01 422236     /usr/lib/jvm/java-6-openjdk/jre/lib/i386/client/classes.jsa
93fae000-94410000 rw-p 00000000 00:00 0 
94410000-94b5d000 rw-p 0059f000 08:01 422236     /usr/lib/jvm/java-6-openjdk/jre/lib/i386/client/classes.jsa
94b5d000-95010000 rw-p 00000000 00:00 0 
95010000-9531f000 rw-p 00cec000 08:01 422236     /usr/lib/jvm/java-6-openjdk/jre/lib/i386/client/classes.jsa
9531f000-95410000 rw-p 00000000 00:00 0 
95410000-95419000 r-xp 00ffb000 08:01 422236     /usr/lib/jvm/java-6-openjdk/jre/lib/i386/client/classes.jsa
95419000-95810000 rw-p 00000000 00:00 0 
b3ca1000-b3d6e000 rw-p 00000000 00:00 0 
b3d6e000-b3d6f000 ---p 00000000 00:00 0 
b3d6f000-b3def000 rw-p 00000000 00:00 0 
b3def000-b3df2000 ---p 00000000 00:00 0 
b3df2000-b3e40000 rw-p 00000000 00:00 0 
b3e40000-b3e43000 ---p 00000000 00:00 0 
b3e43000-b3ec1000 rw-p 00000000 00:00 0 
b3ec1000-b3ec4000 ---p 00000000 00:00 0 
b3ec4000-b3f12000 rw-p 00000000 00:00 0 
b3f12000-b3f15000 ---p 00000000 00:00 0 
b3f15000-b3f63000 rw-p 00000000 00:00 0 
b3f63000-b3f66000 ---p 00000000 00:00 0 
b3f66000-b3fb4000 rw-p 00000000 00:00 0 
b3fb4000-b3fb5000 ---p 00000000 00:00 0 
b3fb5000-b4035000 rw-p 00000000 00:00 0 
b4035000-b41cc000 r--s 01a14000 08:01 421572     /usr/lib/jvm/java-6-openjdk/jre/lib/rt.jar
b41cc000-b41d3000 rw-p 00000000 00:00 0 
b41d3000-b41ed000 rw-p 00000000 00:00 0 
b41ed000-b41f3000 rw-p 00000000 00:00 0 
b41f3000-b4295000 rw-p 00000000 00:00 0 
b4295000-b4298000 rw-p 00000000 00:00 0 
b4298000-b42e8000 rw-p 00000000 00:00 0 
b42e8000-b42ee000 rw-p 00000000 00:00 0 
b42ee000-b4390000 rw-p 00000000 00:00 0 
b4390000-b4396000 rw-p 00000000 00:00 0 
b4396000-b43b0000 rw-p 00000000 00:00 0 
b43b0000-b43bc000 rw-p 00000000 00:00 0 
b43bc000-b445c000 rwxp 00000000 00:00 0 
b445c000-b63bc000 rw-p 00000000 00:00 0 
b63bc000-b6e9f000 rw-p 00000000 00:00 0 
b6e9f000-b6ed9000 rw-p 00000000 00:00 0 
b6ee6000-b6ef8000 rw-p 00000000 00:00 0 
b6ef8000-b6f75000 rw-p 00000000 00:00 0 
b6f75000-b6f7d000 rw-s 00000000 08:01 269585     /tmp/hsperfdata_ubuntu/2015
b6f7d000-b6fbc000 r--p 00000000 08:01 269850     /usr/lib/locale/en_US.utf8/LC_CTYPE
b6fbc000-b6fbd000 ---p 00000000 00:00 0 
b6fbd000-b77c3000 rw-p 00000000 00:00 0 
b77c3000-b77c6000 r--s 00020000 08:01 458350     /home/ubuntu/Downloads/omnet/omnetpp-4.4.1/contrib/jsimplemodule/jsimple/simkernel.jar
b77c6000-b77c8000 r--s 0000f000 08:01 421031     /usr/lib/jvm/java-6-openjdk/jre/lib/ext/pulse-java.jar
b77c8000-b77c9000 rw-p 00000000 00:00 0 
b77c9000-b77ca000 r--p 00000000 00:00 0 
b77ca000-b77cb000 rw-p 00000000 00:00 0 
b77cb000-b77d2000 r--s 00000000 08:01 268524     /usr/lib/gconv/gconv-modules.cache
b77d2000-b77d6000 rw-p 00000000 00:00 0 
bfa4a000-bfa4d000 ---p 00000000 00:00 0 
bfa4d000-bfa9a000 rw-p 00000000 00:00 0          [stack]

VM Arguments:
jvm_args: -Djava.library.path=. 
java_command: <unknown>
Launcher Type: generic

Environment Variables:
CLASSPATH=/home/ubuntu/Downloads/omnet/omnetpp-4.4.1/samples/Hiwis/bin;/home/ubuntu/Downloads/omnet/omnetpp-4.4.1/contrib/jsimplemodule/jsimple/out/classes
PATH=/home/ubuntu/Downloads/omnet/omnetpp-4.4.1/bin::/home/ubuntu/Downloads/omnet/omnetpp-4.4.1/bin:/usr/local/sbin:/usr/local/bin:/usr/sbin:/usr/bin:/sbin:/bin:/usr/games
USERNAME=ubuntu
LD_LIBRARY_PATH=/home/ubuntu/Downloads/omnet/omnetpp-4.4.1/lib::/usr/lib/jvm/java-6-openjdk/jre/lib/i386/client:/usr/lib/jvm/java-6-openjdk/jre/lib/i386:
SHELL=/bin/bash
DISPLAY=:0.0
DYLD_LIBRARY_PATH=/usr/lib/jvm/java-6-openjdk/jre/lib/i386/server

Signal Handlers:
SIGSEGV: [libjvm.so+0x48e7a0], sa_mask[0]=0x7ffbfeff, sa_flags=0x10000004
SIGBUS: [libjvm.so+0x48e7a0], sa_mask[0]=0x7ffbfeff, sa_flags=0x10000004
SIGFPE: [libjvm.so+0x399200], sa_mask[0]=0x7ffbfeff, sa_flags=0x10000004
SIGPIPE: [libjvm.so+0x399200], sa_mask[0]=0x7ffbfeff, sa_flags=0x10000004
SIGXFSZ: [libjvm.so+0x399200], sa_mask[0]=0x7ffbfeff, sa_flags=0x10000004
SIGILL: [libjvm.so+0x399200], sa_mask[0]=0x7ffbfeff, sa_flags=0x10000004
SIGUSR1: SIG_DFL, sa_mask[0]=0x00000000, sa_flags=0x00000000
SIGUSR2: [libjvm.so+0x398c80], sa_mask[0]=0x00000004, sa_flags=0x10000004
SIGHUP: [libjvm.so+0x39c280], sa_mask[0]=0x7ffbfeff, sa_flags=0x10000004
SIGINT: [libjvm.so+0x39c280], sa_mask[0]=0x7ffbfeff, sa_flags=0x10000004
SIGTERM: [libjvm.so+0x39c280], sa_mask[0]=0x7ffbfeff, sa_flags=0x10000004
SIGQUIT: [libjvm.so+0x39c280], sa_mask[0]=0x7ffbfeff, sa_flags=0x10000004


---------------  S Y S T E M  ---------------

OS:Ubuntu 10.04 (lucid)
uname:Linux 2.6.32-21-generic #32-Ubuntu SMP Fri Apr 16 08:10:02 UTC 2010 i686
libc:glibc 2.11.1 NPTL 2.11.1 
rlimit: STACK 8192k, CORE 0k, NPROC infinity, NOFILE 1024, AS infinity
load average:1.55 1.09 0.95

/proc/meminfo:
MemTotal:        1026508 kB
MemFree:          132676 kB
Buffers:           57668 kB
Cached:           329488 kB
SwapCached:            0 kB
Active:           572744 kB
Inactive:         271308 kB
Active(anon):     462176 kB
Inactive(anon):       16 kB
Active(file):     110568 kB
Inactive(file):   271292 kB
Unevictable:           0 kB
Mlocked:               0 kB
HighTotal:        139208 kB
HighFree:            252 kB
LowTotal:         887300 kB
LowFree:          132424 kB
SwapTotal:        407544 kB
SwapFree:         407544 kB
Dirty:               144 kB
Writeback:             0 kB
AnonPages:        456900 kB
Mapped:            82208 kB
Shmem:              5300 kB
Slab:              37200 kB
SReclaimable:      29700 kB
SUnreclaim:         7500 kB
KernelStack:        2104 kB
PageTables:         4728 kB
NFS_Unstable:          0 kB
Bounce:                0 kB
WritebackTmp:          0 kB
CommitLimit:      920796 kB
Committed_AS:     970388 kB
VmallocTotal:     122880 kB
VmallocUsed:       26800 kB
VmallocChunk:      91212 kB
HardwareCorrupted:     0 kB
HugePages_Total:       0
HugePages_Free:        0
HugePages_Rsvd:        0
HugePages_Surp:        0
Hugepagesize:       4096 kB
DirectMap4k:       12280 kB
DirectMap4M:      897024 kB


CPU:total 1 (2 cores per cpu, 2 threads per core) family 6 model 58 stepping 9, cmov, cx8, fxsr, mmx, sse, sse2, sse3, ssse3, sse4.1, sse4.2, popcnt, ht, tsc, tscinvbit, tscinv

/proc/cpuinfo:
processor	: 0
vendor_id	: GenuineIntel
cpu family	: 6
model		: 58
model name	: Intel(R) Core(TM) i3-3110M CPU @ 2.40GHz
stepping	: 9
cpu MHz		: 2317.501
cache size	: 6144 KB
fdiv_bug	: no
hlt_bug		: no
f00f_bug	: no
coma_bug	: no
fpu		: yes
fpu_exception	: yes
cpuid level	: 5
wp		: yes
flags		: fpu vme de pse tsc msr pae mce cx8 apic mtrr pge mca cmov pat pse36 clflush mmx fxsr sse sse2 rdtscp constant_tsc up pni monitor ssse3
bogomips	: 4635.00
clflush size	: 64
cache_alignment	: 64
address sizes	: 36 bits physical, 48 bits virtual
power management:



Memory: 4k page, physical 1026508k(132552k free), swap 407544k(407544k free)

vm_info: OpenJDK Client VM (23.25-b01) for linux-x86 JRE (1.6.0_31-b31), built on Apr 17 2014 22:13:12 by "buildd" with gcc 4.4.3

time: Fri Aug  8 10:21:42 2014
elapsed time: 0 seconds

