#
# A fatal error has been detected by the Java Runtime Environment:
#
#  SIGSEGV (0xb) at pc=0x005024c6, pid=1912, tid=3079460560
#
# JRE version: 6.0_31-b31
# Java VM: OpenJDK Client VM (23.25-b01 mixed mode, sharing linux-x86 )
# Problematic frame:
# C  [liboppsimd.so+0x1674c6]  cSimpleModule::scheduleAt(SimTime, cMessage*)+0x17a
#
# Failed to write core dump. Core dumps have been disabled. To enable core dumping, try "ulimit -c unlimited" before starting Java again
#
# If you would like to submit a bug report, please include
# instructions how to reproduce the bug and visit:
#   https://bugs.launchpad.net/ubuntu/+source/openjdk-6/
# The crash happened outside the Java Virtual Machine in native code.
# See problematic frame for where to report the bug.
#

---------------  T H R E A D  ---------------

Current thread (0x0a0e6000):  JavaThread "main" [_thread_in_native, id=1912, stack(0xbfd9e000,0xbfdee000)]

siginfo:si_signo=SIGSEGV: si_errno=0, si_code=1 (SEGV_MAPERR), si_addr=0x00000000

Registers:
EAX=0x00000000, EBX=0x00000000, ECX=0x00000000, EDX=0x080da11a
ESP=0xbfdea540, EBP=0xbfdea5b8, ESI=0x8fa2bab0, EDI=0x0a0e6000
EIP=0x005024c6, EFLAGS=0x00210202, CR2=0x00000000

Top of Stack: (sp=0xbfdea540)
0xbfdea540:   091db118 bfdea584 003d6c7c b78e3bf0
0xbfdea550:   00000000 ffffffff 0083bff4 080687e0
0xbfdea560:   00000005 bfdea5a0 0082d6b6 0083cab0
0xbfdea570:   00000000 00000001 00000005 00000000
0xbfdea580:   00000005 00000000 00000000 00000000
0xbfdea590:   003d6c7c 8fa2bab0 8fa2bab0 0a0e6000
0xbfdea5a0:   bfdea628 008333c0 00000000 8fa2bab0
0xbfdea5b0:   8fa2bab0 0a0e6000 bfdea628 0809e31b 

Instructions: (pc=0x005024c6)
0x005024a6:   e8 67 3b 00 00 85 c0 74 07 b8 01 00 00 00 eb 05
0x005024b6:   b8 00 00 00 00 84 c0 0f 84 6c 01 00 00 8b 45 08
0x005024c6:   8b 00 83 c0 14 8b 10 8b 45 08 89 04 24 ff d2 89
0x005024d6:   c6 8b 45 08 8b 00 83 c0 20 8b 08 8b 55 08 8d 45 

Register to memory mapping:

EAX=0x00000000 is an unknown value
EBX=0x00000000 is an unknown value
ECX=0x00000000 is an unknown value
EDX=0x080da11a: _ZNK7cModule8isModuleEv+0 in /home/ubuntu/Downloads/omnet/omnetpp-4.4.1/contrib/jsimplemodule/jsimple/jsimple at 0x08048000
ESP=0xbfdea540 is pointing into the stack for thread: 0x0a0e6000
EBP=0xbfdea5b8 is pointing into the stack for thread: 0x0a0e6000
ESI=0x8fa2bab0 is an oop
{method} 
 - klass: {other class}
EDI=0x0a0e6000 is a thread


Stack: [0xbfd9e000,0xbfdee000],  sp=0xbfdea540,  free space=305k
Native frames: (J=compiled Java code, j=interpreted, Vv=VM code, C=native code)
C  [liboppsimd.so+0x1674c6]  cSimpleModule::scheduleAt(SimTime, cMessage*)+0x17a
C  [jsimple+0x5631b]  Java_org_omnetpp_simkernel_SimkernelJNI_cSimpleModule_1scheduleAt+0xcc
j  org.omnetpp.simkernel.SimkernelJNI.cSimpleModule_scheduleAt(JLorg/omnetpp/simkernel/cSimpleModule;JLorg/omnetpp/simkernel/SimTime;JLorg/omnetpp/simkernel/cMessage;)I+0
j  org.omnetpp.simkernel.cSimpleModule.scheduleAt(Lorg/omnetpp/simkernel/SimTime;Lorg/omnetpp/simkernel/cMessage;)I+15
j  de.tudarmstadt.maki.simonstrator.util.core.RealtimeScheduler.scheduleIn(JLde/tudarmstadt/maki/simonstrator/api/EventHandler;Ljava/lang/Object;I)V+130
j  de.tudarmstadt.maki.simonstrator.util.core.Start.initialize()V+15
j  org.omnetpp.simkernel.JSimpleModule.initialize(I)V+5
v  ~StubRoutines::call_stub
V  [libjvm.so+0x26dd84]  JavaCalls::call_helper(JavaValue*, methodHandle*, JavaCallArguments*, Thread*)+0x314
V  [libjvm.so+0x397799]  os::os_exception_wrapper(void (*)(JavaValue*, methodHandle*, JavaCallArguments*, Thread*), JavaValue*, methodHandle*, JavaCallArguments*, Thread*)+0x19
V  [libjvm.so+0x26c9bf]  JavaCalls::call(JavaValue*, methodHandle, JavaCallArguments*, Thread*)+0x2f
V  [libjvm.so+0x279f2c]  jni_invoke_nonstatic(JNIEnv_*, JavaValue*, _jobject*, JNICallType, _jmethodID*, JNI_ArgumentPusher*, Thread*)+0x27c
V  [libjvm.so+0x2890e0]  jni_CallVoidMethodV+0xc0
C  [jsimple+0x92112]  JNIEnv_::CallVoidMethod(_jobject*, _jmethodID*, ...)+0x34
C  [jsimple+0x91c0f]  JSimpleModule::initialize(int)+0x4d
C  [liboppsimd.so+0x149647]  cModule::initializeModules(int)+0x18b
C  [liboppsimd.so+0x14977b]  cModule::initializeModules(int)+0x2bf
C  [liboppsimd.so+0x149261]  cModule::callInitialize()+0x71
C  [liboppsimd.so+0x16a43c]  cSimulation::startRun()+0xd6
C  [liboppenvird.so+0x911c3]  EnvirBase::startRun()+0x97
C  [libopptkenvd.so+0x34abb]  Tkenv::newRun(char const*, int)+0x1bb
C  [libopptkenvd.so+0x3f3b1]  newRun_cmd(void*, Tcl_Interp*, int, char const**)+0x72
C  [libtcl8.4.so.0+0x1f17e]  TclInvokeStringCommand+0x6e
C  [libtcl8.4.so.0+0x205bb]  TclEvalObjvInternal+0x35b
C  [libtcl8.4.so.0+0x4d2c2]  TclCompEvalObj+0x2782
C  [libtcl8.4.so.0+0x4ac1d]  TclCompEvalObj+0xdd
C  [libtcl8.4.so.0+0x81957]  TclObjInterpProc+0x2a7
C  [libtcl8.4.so.0+0x205bb]  TclEvalObjvInternal+0x35b
C  [libtcl8.4.so.0+0x4d2c2]  TclCompEvalObj+0x2782
C  [libtcl8.4.so.0+0x4ac1d]  TclCompEvalObj+0xdd
C  [libtcl8.4.so.0+0x81957]  TclObjInterpProc+0x2a7
C  [libtcl8.4.so.0+0x205bb]  TclEvalObjvInternal+0x35b
C  [libtcl8.4.so.0+0x2144c]  Tcl_EvalEx+0x4fc
C  [libtcl8.4.so.0+0x216dc]  Tcl_Eval+0x3c
C  [libopptkenvd.so+0x33224]  Tkenv::run()+0x75e
C  [liboppenvird.so+0x8d70d]  EnvirBase::run(int, char**, cConfiguration*)+0x1a5
C  [liboppenvird.so+0x8a66a]  setupUserInterface(int, char**)+0xb82
C  [liboppenvird.so+0x8b1dd]  evMain+0x49
C  [jsimple+0x93b2f]  main+0x1b
C  [libc.so.6+0x16bd6]  __libc_start_main+0xe6

Java frames: (J=compiled Java code, j=interpreted, Vv=VM code)
j  org.omnetpp.simkernel.SimkernelJNI.cSimpleModule_scheduleAt(JLorg/omnetpp/simkernel/cSimpleModule;JLorg/omnetpp/simkernel/SimTime;JLorg/omnetpp/simkernel/cMessage;)I+0
j  org.omnetpp.simkernel.cSimpleModule.scheduleAt(Lorg/omnetpp/simkernel/SimTime;Lorg/omnetpp/simkernel/cMessage;)I+15
j  de.tudarmstadt.maki.simonstrator.util.core.RealtimeScheduler.scheduleIn(JLde/tudarmstadt/maki/simonstrator/api/EventHandler;Ljava/lang/Object;I)V+130
j  de.tudarmstadt.maki.simonstrator.util.core.Start.initialize()V+15
j  org.omnetpp.simkernel.JSimpleModule.initialize(I)V+5
v  ~StubRoutines::call_stub

---------------  P R O C E S S  ---------------

Java Threads: ( => current thread )
  0x0a155c00 JavaThread "Low Memory Detector" daemon [_thread_blocked, id=1924, stack(0xb3eff000,0xb3f50000)]
  0x0a153c00 JavaThread "C1 CompilerThread0" daemon [_thread_blocked, id=1923, stack(0xb3f50000,0xb3fd1000)]
  0x0a152000 JavaThread "Signal Dispatcher" daemon [_thread_blocked, id=1922, stack(0xb3fd1000,0xb4022000)]
  0x0a14b400 JavaThread "Finalizer" daemon [_thread_blocked, id=1921, stack(0xb4022000,0xb4073000)]
  0x0a149c00 JavaThread "Reference Handler" daemon [_thread_blocked, id=1920, stack(0xb4073000,0xb40c4000)]
=>0x0a0e6000 JavaThread "main" [_thread_in_native, id=1912, stack(0xbfd9e000,0xbfdee000)]

Other Threads:
  0x0a13fc00 VMThread [stack: 0xb40c4000,0xb4145000] [id=1919]
  0x0a158c00 WatcherThread [stack: 0xb3e7e000,0xb3eff000] [id=1925]

VM state:not at safepoint (normal execution)

VM Mutex/Monitor currently owned by a thread: None

Heap
 def new generation   total 4800K, used 976K [0x70410000, 0x70940000, 0x7ab60000)
  eden space 4288K,  22% used [0x70410000, 0x705040a0, 0x70840000)
  from space 512K,   0% used [0x70840000, 0x70840000, 0x708c0000)
  to   space 512K,   0% used [0x708c0000, 0x708c0000, 0x70940000)
 tenured generation   total 10752K, used 0K [0x7ab60000, 0x7b5e0000, 0x8fa10000)
   the space 10752K,   0% used [0x7ab60000, 0x7ab60000, 0x7ab60200, 0x7b5e0000)
 compacting perm gen  total 12288K, used 488K [0x8fa10000, 0x90610000, 0x93a10000)
   the space 12288K,   3% used [0x8fa10000, 0x8fa8a018, 0x8fa8a200, 0x90610000)
    ro space 10240K,  56% used [0x93a10000, 0x93fad218, 0x93fad400, 0x94410000)
    rw space 12288K,  60% used [0x94410000, 0x94b5c138, 0x94b5c200, 0x95010000)

Card table byte_map: [0xb43a5000,0xb44cc000] byte_map_base: 0xb4022f80

Polling page: 0xb78d9000

Code Cache  [0xb44cc000, 0xb456c000, 0xb64cc000)
 total_blobs=180 nmethods=13 adapters=104 free_code_cache=32144Kb largest_free_block=32916352

Compilation events (10 events):
Event: 0.580 Thread 0x0a153c00    9             java.lang.String::lastIndexOf (156 bytes)
Event: 0.581 Thread 0x0a153c00 nmethod 9 0xb4561b08 code [0xb4561c30, 0xb4561e3c]
Event: 0.592 Thread 0x0a153c00   10             java.io.UnixFileSystem::normalize (75 bytes)
Event: 0.592 Thread 0x0a153c00 nmethod 10 0xb4562108 code [0xb4562240, 0xb4562400]
Event: 0.614 Thread 0x0a153c00   11             java.lang.String::indexOf (166 bytes)
Event: 0.615 Thread 0x0a153c00 nmethod 11 0xb4565ac8 code [0xb4565be0, 0xb4565e10]
Event: 0.622 Thread 0x0a153c00   12             java.lang.String::replace (142 bytes)
Event: 0.623 Thread 0x0a153c00 nmethod 12 0xb4566108 code [0xb4566230, 0xb45664e0]
Event: 0.697 Thread 0x0a153c00   13             sun.net.www.ParseUtil::encodePath (336 bytes)
Event: 0.699 Thread 0x0a153c00 nmethod 13 0xb4566ec8 code [0xb4567080, 0xb45676c4]

GC Heap History (0 events):
No events

Deoptimization events (0 events):
No events

Internal exceptions (10 events):
Event: 0.642 Thread 0x0a0e6000 Threw 0x704e8940 at /build/buildd/openjdk-6-6b31-1.13.3/build/openjdk/hotspot/src/share/vm/classfile/systemDictionary.cpp:179
Event: 0.642 Thread 0x0a0e6000 Threw 0x704e8c48 at /build/buildd/openjdk-6-6b31-1.13.3/build/openjdk/hotspot/src/share/vm/prims/jvm.cpp:1235
Event: 0.644 Thread 0x0a0e6000 Threw 0x704ec0e8 at /build/buildd/openjdk-6-6b31-1.13.3/build/openjdk/hotspot/src/share/vm/classfile/systemDictionary.cpp:179
Event: 0.644 Thread 0x0a0e6000 Threw 0x704eec60 at /build/buildd/openjdk-6-6b31-1.13.3/build/openjdk/hotspot/src/share/vm/prims/jvm.cpp:1235
Event: 0.696 Thread 0x0a0e6000 Threw 0x704f22b0 at /build/buildd/openjdk-6-6b31-1.13.3/build/openjdk/hotspot/src/share/vm/classfile/systemDictionary.cpp:179
Event: 0.696 Thread 0x0a0e6000 Threw 0x704f25c0 at /build/buildd/openjdk-6-6b31-1.13.3/build/openjdk/hotspot/src/share/vm/prims/jvm.cpp:1235
Event: 0.701 Thread 0x0a0e6000 Threw 0x704f73d8 at /build/buildd/openjdk-6-6b31-1.13.3/build/openjdk/hotspot/src/share/vm/classfile/systemDictionary.cpp:179
Event: 0.701 Thread 0x0a0e6000 Threw 0x704f7730 at /build/buildd/openjdk-6-6b31-1.13.3/build/openjdk/hotspot/src/share/vm/prims/jvm.cpp:1235
Event: 0.702 Thread 0x0a0e6000 Threw 0x704f98f0 at /build/buildd/openjdk-6-6b31-1.13.3/build/openjdk/hotspot/src/share/vm/classfile/systemDictionary.cpp:179
Event: 0.702 Thread 0x0a0e6000 Threw 0x704f9cb0 at /build/buildd/openjdk-6-6b31-1.13.3/build/openjdk/hotspot/src/share/vm/prims/jvm.cpp:1235

Events (10 events):
Event: 0.679 loading class 0x0a1c5c70 done
Event: 0.679 loading class 0x95180930 done
Event: 0.694 loading class 0x0a1c5bd8
Event: 0.695 loading class 0x0a1c5bd8 done
Event: 0.696 loading class 0x0a1be740
Event: 0.696 loading class 0x0a1be740 done
Event: 0.701 loading class 0x0a1c9e90
Event: 0.701 loading class 0x0a1c9e90 done
Event: 0.701 loading class 0x0a1be850
Event: 0.701 loading class 0x0a1be850 done


Dynamic libraries:
00110000-00112000 r-xp 00000000 08:01 137704     /lib/tls/i686/cmov/libdl-2.11.1.so
00112000-00113000 r--p 00001000 08:01 137704     /lib/tls/i686/cmov/libdl-2.11.1.so
00113000-00114000 rw-p 00002000 08:01 137704     /lib/tls/i686/cmov/libdl-2.11.1.so
00114000-00116000 r-xp 00000000 08:01 264758     /usr/lib/libXau.so.6.0.0
00116000-00117000 r--p 00001000 08:01 264758     /usr/lib/libXau.so.6.0.0
00117000-00118000 rw-p 00002000 08:01 264758     /usr/lib/libXau.so.6.0.0
00118000-0011c000 r-xp 00000000 08:01 264769     /usr/lib/libXdmcp.so.6.0.0
0011c000-0011d000 r--p 00003000 08:01 264769     /usr/lib/libXdmcp.so.6.0.0
0011d000-0011e000 rw-p 00004000 08:01 264769     /usr/lib/libXdmcp.so.6.0.0
0011e000-00122000 r-xp 00000000 08:01 264773     /usr/lib/libXfixes.so.3.1.0
00122000-00123000 r--p 00003000 08:01 264773     /usr/lib/libXfixes.so.3.1.0
00123000-00124000 rw-p 00004000 08:01 264773     /usr/lib/libXfixes.so.3.1.0
00127000-00136000 r-xp 00000000 08:01 459388     /home/ubuntu/Downloads/omnet/omnetpp-4.4.1/lib/gcc/liboppcmdenvd.so
00136000-00137000 r--p 0000e000 08:01 459388     /home/ubuntu/Downloads/omnet/omnetpp-4.4.1/lib/gcc/liboppcmdenvd.so
00137000-00138000 rw-p 0000f000 08:01 459388     /home/ubuntu/Downloads/omnet/omnetpp-4.4.1/lib/gcc/liboppcmdenvd.so
00138000-00221000 r-xp 00000000 08:01 269643     /usr/lib/libstdc++.so.6.0.13
00221000-00225000 r--p 000e9000 08:01 269643     /usr/lib/libstdc++.so.6.0.13
00225000-00226000 rw-p 000ed000 08:01 269643     /usr/lib/libstdc++.so.6.0.13
00226000-0022d000 rw-p 00000000 00:00 0 
0022d000-00251000 r-xp 00000000 08:01 137706     /lib/tls/i686/cmov/libm-2.11.1.so
00251000-00252000 r--p 00023000 08:01 137706     /lib/tls/i686/cmov/libm-2.11.1.so
00252000-00253000 rw-p 00024000 08:01 137706     /lib/tls/i686/cmov/libm-2.11.1.so
00253000-00270000 r-xp 00000000 08:01 130877     /lib/libgcc_s.so.1
00270000-00271000 r--p 0001c000 08:01 130877     /lib/libgcc_s.so.1
00271000-00272000 rw-p 0001d000 08:01 130877     /lib/libgcc_s.so.1
00272000-0027a000 r-xp 00000000 08:01 264765     /usr/lib/libXcursor.so.1.0.2
0027a000-0027b000 r--p 00007000 08:01 264765     /usr/lib/libXcursor.so.1.0.2
0027b000-0027c000 rw-p 00008000 08:01 264765     /usr/lib/libXcursor.so.1.0.2
0027c000-00282000 r-xp 00000000 08:01 137711     /lib/tls/i686/cmov/libnss_compat-2.11.1.so
00282000-00283000 r--p 00006000 08:01 137711     /lib/tls/i686/cmov/libnss_compat-2.11.1.so
00283000-00284000 rw-p 00007000 08:01 137711     /lib/tls/i686/cmov/libnss_compat-2.11.1.so
00284000-00399000 r-xp 00000000 08:01 459383     /home/ubuntu/Downloads/omnet/omnetpp-4.4.1/lib/gcc/liboppenvird.so
00399000-0039a000 r--p 00114000 08:01 459383     /home/ubuntu/Downloads/omnet/omnetpp-4.4.1/lib/gcc/liboppenvird.so
0039a000-0039b000 rw-p 00115000 08:01 459383     /home/ubuntu/Downloads/omnet/omnetpp-4.4.1/lib/gcc/liboppenvird.so
0039b000-005f3000 r-xp 00000000 08:01 459348     /home/ubuntu/Downloads/omnet/omnetpp-4.4.1/lib/gcc/liboppsimd.so
005f3000-005f4000 r--p 00257000 08:01 459348     /home/ubuntu/Downloads/omnet/omnetpp-4.4.1/lib/gcc/liboppsimd.so
005f4000-005f5000 rw-p 00258000 08:01 459348     /home/ubuntu/Downloads/omnet/omnetpp-4.4.1/lib/gcc/liboppsimd.so
005f5000-005f8000 rw-p 00000000 00:00 0 
005f8000-0060d000 r-xp 00000000 08:01 137724     /lib/tls/i686/cmov/libpthread-2.11.1.so
0060d000-0060e000 r--p 00014000 08:01 137724     /lib/tls/i686/cmov/libpthread-2.11.1.so
0060e000-0060f000 rw-p 00015000 08:01 137724     /lib/tls/i686/cmov/libpthread-2.11.1.so
0060f000-00611000 rw-p 00000000 00:00 0 
00611000-00624000 r-xp 00000000 08:01 133475     /lib/libz.so.1.2.3.3
00624000-00625000 r--p 00012000 08:01 133475     /lib/libz.so.1.2.3.3
00625000-00626000 rw-p 00013000 08:01 133475     /lib/libz.so.1.2.3.3
00626000-0063e000 r-xp 00000000 08:01 270050     /usr/lib/libxcb.so.1.1.0
0063e000-0063f000 r--p 00017000 08:01 270050     /usr/lib/libxcb.so.1.1.0
0063f000-00640000 rw-p 00018000 08:01 270050     /usr/lib/libxcb.so.1.1.0
00640000-00653000 r-xp 00000000 08:01 137709     /lib/tls/i686/cmov/libnsl-2.11.1.so
00653000-00654000 r--p 00012000 08:01 137709     /lib/tls/i686/cmov/libnsl-2.11.1.so
00654000-00655000 rw-p 00013000 08:01 137709     /lib/tls/i686/cmov/libnsl-2.11.1.so
00655000-00657000 rw-p 00000000 00:00 0 
00657000-0065f000 r-xp 00000000 08:01 296299     /usr/lib/libXrender.so.1.3.0
0065f000-00660000 r--p 00007000 08:01 296299     /usr/lib/libXrender.so.1.3.0
00660000-00661000 rw-p 00008000 08:01 296299     /usr/lib/libXrender.so.1.3.0
00661000-00668000 r-xp 00000000 08:01 137728     /lib/tls/i686/cmov/librt-2.11.1.so
00668000-00669000 r--p 00006000 08:01 137728     /lib/tls/i686/cmov/librt-2.11.1.so
00669000-0066a000 rw-p 00007000 08:01 137728     /lib/tls/i686/cmov/librt-2.11.1.so
0066a000-00676000 r-xp 00000000 08:01 421609     /usr/lib/jvm/java-6-openjdk/jre/lib/i386/libverify.so
00676000-00677000 r--p 0000b000 08:01 421609     /usr/lib/jvm/java-6-openjdk/jre/lib/i386/libverify.so
00677000-00678000 rw-p 0000c000 08:01 421609     /usr/lib/jvm/java-6-openjdk/jre/lib/i386/libverify.so
00680000-006f3000 r-xp 00000000 08:01 459406     /home/ubuntu/Downloads/omnet/omnetpp-4.4.1/lib/gcc/libopptkenvd.so
006f3000-006f4000 r--p 00072000 08:01 459406     /home/ubuntu/Downloads/omnet/omnetpp-4.4.1/lib/gcc/libopptkenvd.so
006f4000-00770000 rw-p 00073000 08:01 459406     /home/ubuntu/Downloads/omnet/omnetpp-4.4.1/lib/gcc/libopptkenvd.so
00770000-007be000 r-xp 00000000 08:01 459121     /home/ubuntu/Downloads/omnet/omnetpp-4.4.1/lib/gcc/liboppcommond.so
007be000-007bf000 r--p 0004d000 08:01 459121     /home/ubuntu/Downloads/omnet/omnetpp-4.4.1/lib/gcc/liboppcommond.so
007bf000-007c0000 rw-p 0004e000 08:01 459121     /home/ubuntu/Downloads/omnet/omnetpp-4.4.1/lib/gcc/liboppcommond.so
007c0000-007e4000 r-xp 00000000 08:01 421578     /usr/lib/jvm/java-6-openjdk/jre/lib/i386/libjava.so
007e4000-007e5000 r--p 00023000 08:01 421578     /usr/lib/jvm/java-6-openjdk/jre/lib/i386/libjava.so
007e5000-007e7000 rw-p 00024000 08:01 421578     /usr/lib/jvm/java-6-openjdk/jre/lib/i386/libjava.so
007e7000-007ef000 r-xp 00000000 08:01 137719     /lib/tls/i686/cmov/libnss_nis-2.11.1.so
007ef000-007f0000 r--p 00007000 08:01 137719     /lib/tls/i686/cmov/libnss_nis-2.11.1.so
007f0000-007f1000 rw-p 00008000 08:01 137719     /lib/tls/i686/cmov/libnss_nis-2.11.1.so
007f1000-007fb000 r-xp 00000000 08:01 137715     /lib/tls/i686/cmov/libnss_files-2.11.1.so
007fb000-007fc000 r--p 00009000 08:01 137715     /lib/tls/i686/cmov/libnss_files-2.11.1.so
007fc000-007fd000 rw-p 0000a000 08:01 137715     /lib/tls/i686/cmov/libnss_files-2.11.1.so
007fd000-00804000 r-xp 00000000 08:01 421579     /usr/lib/jvm/java-6-openjdk/jre/lib/i386/libzip.so
00804000-00805000 r--p 00006000 08:01 421579     /usr/lib/jvm/java-6-openjdk/jre/lib/i386/libzip.so
00805000-00806000 rw-p 00007000 08:01 421579     /usr/lib/jvm/java-6-openjdk/jre/lib/i386/libzip.so
00820000-0083b000 r-xp 00000000 08:01 133302     /lib/ld-2.11.1.so
0083b000-0083c000 r--p 0001a000 08:01 133302     /lib/ld-2.11.1.so
0083c000-0083d000 rw-p 0001b000 08:01 133302     /lib/ld-2.11.1.so
0083d000-00990000 r-xp 00000000 08:01 137698     /lib/tls/i686/cmov/libc-2.11.1.so
00990000-00991000 ---p 00153000 08:01 137698     /lib/tls/i686/cmov/libc-2.11.1.so
00991000-00993000 r--p 00153000 08:01 137698     /lib/tls/i686/cmov/libc-2.11.1.so
00993000-00994000 rw-p 00155000 08:01 137698     /lib/tls/i686/cmov/libc-2.11.1.so
00994000-00997000 rw-p 00000000 00:00 0 
00997000-00a6c000 r-xp 00000000 08:01 265689     /usr/lib/libtk8.4.so.0
00a6c000-00a6d000 r--p 000d4000 08:01 265689     /usr/lib/libtk8.4.so.0
00a6d000-00a78000 rw-p 000d5000 08:01 265689     /usr/lib/libtk8.4.so.0
00a78000-00a79000 rw-p 00000000 00:00 0 
00a79000-00b29000 r-xp 00000000 08:01 265671     /usr/lib/libtcl8.4.so.0
00b29000-00b2a000 ---p 000b0000 08:01 265671     /usr/lib/libtcl8.4.so.0
00b2a000-00b2b000 r--p 000b0000 08:01 265671     /usr/lib/libtcl8.4.so.0
00b2b000-00b30000 rw-p 000b1000 08:01 265671     /usr/lib/libtcl8.4.so.0
00b4c000-00bb3000 r-xp 00000000 08:01 459135     /home/ubuntu/Downloads/omnet/omnetpp-4.4.1/lib/gcc/libopplayoutd.so
00bb3000-00bb4000 r--p 00066000 08:01 459135     /home/ubuntu/Downloads/omnet/omnetpp-4.4.1/lib/gcc/libopplayoutd.so
00bb4000-00bb5000 rw-p 00067000 08:01 459135     /home/ubuntu/Downloads/omnet/omnetpp-4.4.1/lib/gcc/libopplayoutd.so
00bee000-00bef000 r-xp 00000000 00:00 0          [vdso]
00bef000-010de000 r-xp 00000000 08:01 421586     /usr/lib/jvm/java-6-openjdk/jre/lib/i386/client/libjvm.so
010de000-010f5000 r--p 004ef000 08:01 421586     /usr/lib/jvm/java-6-openjdk/jre/lib/i386/client/libjvm.so
010f5000-01104000 rw-p 00506000 08:01 421586     /usr/lib/jvm/java-6-openjdk/jre/lib/i386/client/libjvm.so
01104000-0151d000 rw-p 00000000 00:00 0 
0151d000-015fb000 r-xp 00000000 08:01 273817     /usr/lib/libBLT.2.4.so.8.4
015fb000-015fc000 r--p 000dd000 08:01 273817     /usr/lib/libBLT.2.4.so.8.4
015fc000-0160d000 rw-p 000de000 08:01 273817     /usr/lib/libBLT.2.4.so.8.4
0160d000-0160e000 rw-p 00000000 00:00 0 
0598a000-05aae000 r-xp 00000000 08:01 273771     /usr/lib/libxml2.so.2.7.6
05aae000-05aaf000 ---p 00124000 08:01 273771     /usr/lib/libxml2.so.2.7.6
05aaf000-05ab3000 r--p 00124000 08:01 273771     /usr/lib/libxml2.so.2.7.6
05ab3000-05ab4000 rw-p 00128000 08:01 273771     /usr/lib/libxml2.so.2.7.6
05ab4000-05ab5000 rw-p 00000000 00:00 0 
07214000-0732d000 r-xp 00000000 08:01 270065     /usr/lib/libX11.so.6.3.0
0732d000-0732e000 r--p 00118000 08:01 270065     /usr/lib/libX11.so.6.3.0
0732e000-07330000 rw-p 00119000 08:01 270065     /usr/lib/libX11.so.6.3.0
07330000-07331000 rw-p 00000000 00:00 0 
07c03000-07d03000 r-xp 00000000 08:01 459226     /home/ubuntu/Downloads/omnet/omnetpp-4.4.1/lib/gcc/liboppnedxmld.so
07d03000-07d04000 r--p 000ff000 08:01 459226     /home/ubuntu/Downloads/omnet/omnetpp-4.4.1/lib/gcc/liboppnedxmld.so
07d04000-07d05000 rw-p 00100000 08:01 459226     /home/ubuntu/Downloads/omnet/omnetpp-4.4.1/lib/gcc/liboppnedxmld.so
07d05000-07d06000 rw-p 00000000 00:00 0 
08048000-08111000 r-xp 00000000 08:01 474738     /home/ubuntu/Downloads/omnet/omnetpp-4.4.1/contrib/jsimplemodule/jsimple/out/gcc-debug/jsimple
08111000-08112000 r--p 000c9000 08:01 474738     /home/ubuntu/Downloads/omnet/omnetpp-4.4.1/contrib/jsimplemodule/jsimple/out/gcc-debug/jsimple
08112000-08117000 rw-p 000ca000 08:01 474738     /home/ubuntu/Downloads/omnet/omnetpp-4.4.1/contrib/jsimplemodule/jsimple/out/gcc-debug/jsimple
08117000-08118000 rw-p 00000000 00:00 0 
091bd000-0a273000 rw-p 00000000 00:00 0          [heap]
70410000-70940000 rw-p 00000000 00:00 0 
70940000-7ab60000 rw-p 00000000 00:00 0 
7ab60000-7b5e0000 rw-p 00000000 00:00 0 
7b5e0000-8fa10000 rw-p 00000000 00:00 0 
8fa10000-90610000 rw-p 00000000 00:00 0 
90610000-93a10000 rw-p 00000000 00:00 0 
93a10000-93fae000 r--p 00001000 08:01 422236     /usr/lib/jvm/java-6-openjdk/jre/lib/i386/client/classes.jsa
93fae000-94410000 rw-p 00000000 00:00 0 
94410000-94b5d000 rw-p 0059f000 08:01 422236     /usr/lib/jvm/java-6-openjdk/jre/lib/i386/client/classes.jsa
94b5d000-95010000 rw-p 00000000 00:00 0 
95010000-9531f000 rw-p 00cec000 08:01 422236     /usr/lib/jvm/java-6-openjdk/jre/lib/i386/client/classes.jsa
9531f000-95410000 rw-p 00000000 00:00 0 
95410000-95419000 r-xp 00ffb000 08:01 422236     /usr/lib/jvm/java-6-openjdk/jre/lib/i386/client/classes.jsa
95419000-95810000 rw-p 00000000 00:00 0 
b3db1000-b3e7e000 rw-p 00000000 00:00 0 
b3e7e000-b3e7f000 ---p 00000000 00:00 0 
b3e7f000-b3eff000 rw-p 00000000 00:00 0 
b3eff000-b3f02000 ---p 00000000 00:00 0 
b3f02000-b3f50000 rw-p 00000000 00:00 0 
b3f50000-b3f53000 ---p 00000000 00:00 0 
b3f53000-b3fd1000 rw-p 00000000 00:00 0 
b3fd1000-b3fd4000 ---p 00000000 00:00 0 
b3fd4000-b4022000 rw-p 00000000 00:00 0 
b4022000-b4025000 ---p 00000000 00:00 0 
b4025000-b4073000 rw-p 00000000 00:00 0 
b4073000-b4076000 ---p 00000000 00:00 0 
b4076000-b40c4000 rw-p 00000000 00:00 0 
b40c4000-b40c5000 ---p 00000000 00:00 0 
b40c5000-b4145000 rw-p 00000000 00:00 0 
b4145000-b42dc000 r--s 01a14000 08:01 421572     /usr/lib/jvm/java-6-openjdk/jre/lib/rt.jar
b42dc000-b42e3000 rw-p 00000000 00:00 0 
b42e3000-b42fd000 rw-p 00000000 00:00 0 
b42fd000-b4303000 rw-p 00000000 00:00 0 
b4303000-b43a5000 rw-p 00000000 00:00 0 
b43a5000-b43a8000 rw-p 00000000 00:00 0 
b43a8000-b43f8000 rw-p 00000000 00:00 0 
b43f8000-b43fe000 rw-p 00000000 00:00 0 
b43fe000-b44a0000 rw-p 00000000 00:00 0 
b44a0000-b44a6000 rw-p 00000000 00:00 0 
b44a6000-b44c0000 rw-p 00000000 00:00 0 
b44c0000-b44cc000 rw-p 00000000 00:00 0 
b44cc000-b456c000 rwxp 00000000 00:00 0 
b456c000-b64cc000 rw-p 00000000 00:00 0 
b64cc000-b6faf000 rw-p 00000000 00:00 0 
b6faf000-b6fe9000 rw-p 00000000 00:00 0 
b6ff6000-b7008000 rw-p 00000000 00:00 0 
b7008000-b7085000 rw-p 00000000 00:00 0 
b7085000-b708d000 rw-s 00000000 08:01 269585     /tmp/hsperfdata_ubuntu/1912
b708d000-b70cc000 r--p 00000000 08:01 269850     /usr/lib/locale/en_US.utf8/LC_CTYPE
b70cc000-b70cd000 ---p 00000000 00:00 0 
b70cd000-b78d3000 rw-p 00000000 00:00 0 
b78d3000-b78d6000 r--s 00020000 08:01 458350     /home/ubuntu/Downloads/omnet/omnetpp-4.4.1/contrib/jsimplemodule/jsimple/simkernel.jar
b78d6000-b78d8000 r--s 0000f000 08:01 421031     /usr/lib/jvm/java-6-openjdk/jre/lib/ext/pulse-java.jar
b78d8000-b78d9000 rw-p 00000000 00:00 0 
b78d9000-b78da000 r--p 00000000 00:00 0 
b78da000-b78db000 rw-p 00000000 00:00 0 
b78db000-b78e2000 r--s 00000000 08:01 268524     /usr/lib/gconv/gconv-modules.cache
b78e2000-b78e6000 rw-p 00000000 00:00 0 
bfd9e000-bfda1000 ---p 00000000 00:00 0 
bfda1000-bfdee000 rw-p 00000000 00:00 0          [stack]

VM Arguments:
jvm_args: -Djava.library.path=. 
java_command: <unknown>
Launcher Type: generic

Environment Variables:
CLASSPATH=/home/ubuntu/Downloads/omnet/omnetpp-4.4.1/samples/Hiwis/bin;/home/ubuntu/Downloads/omnet/omnetpp-4.4.1/contrib/jsimplemodule/jsimple/out/classes
PATH=/home/ubuntu/Downloads/omnet/omnetpp-4.4.1/bin::/home/ubuntu/Downloads/omnet/omnetpp-4.4.1/bin:/usr/local/sbin:/usr/local/bin:/usr/sbin:/usr/bin:/sbin:/bin:/usr/games
USERNAME=ubuntu
LD_LIBRARY_PATH=/home/ubuntu/Downloads/omnet/omnetpp-4.4.1/lib::/usr/lib/jvm/java-6-openjdk/jre/lib/i386/client:/usr/lib/jvm/java-6-openjdk/jre/lib/i386:
SHELL=/bin/bash
DISPLAY=:0.0
DYLD_LIBRARY_PATH=/usr/lib/jvm/java-6-openjdk/jre/lib/i386/server

Signal Handlers:
SIGSEGV: [libjvm.so+0x48e7a0], sa_mask[0]=0x7ffbfeff, sa_flags=0x10000004
SIGBUS: [libjvm.so+0x48e7a0], sa_mask[0]=0x7ffbfeff, sa_flags=0x10000004
SIGFPE: [libjvm.so+0x399200], sa_mask[0]=0x7ffbfeff, sa_flags=0x10000004
SIGPIPE: [libjvm.so+0x399200], sa_mask[0]=0x7ffbfeff, sa_flags=0x10000004
SIGXFSZ: [libjvm.so+0x399200], sa_mask[0]=0x7ffbfeff, sa_flags=0x10000004
SIGILL: [libjvm.so+0x399200], sa_mask[0]=0x7ffbfeff, sa_flags=0x10000004
SIGUSR1: SIG_DFL, sa_mask[0]=0x00000000, sa_flags=0x00000000
SIGUSR2: [libjvm.so+0x398c80], sa_mask[0]=0x00000004, sa_flags=0x10000004
SIGHUP: [libjvm.so+0x39c280], sa_mask[0]=0x7ffbfeff, sa_flags=0x10000004
SIGINT: [libjvm.so+0x39c280], sa_mask[0]=0x7ffbfeff, sa_flags=0x10000004
SIGTERM: [libjvm.so+0x39c280], sa_mask[0]=0x7ffbfeff, sa_flags=0x10000004
SIGQUIT: [libjvm.so+0x39c280], sa_mask[0]=0x7ffbfeff, sa_flags=0x10000004


---------------  S Y S T E M  ---------------

OS:Ubuntu 10.04 (lucid)
uname:Linux 2.6.32-21-generic #32-Ubuntu SMP Fri Apr 16 08:10:02 UTC 2010 i686
libc:glibc 2.11.1 NPTL 2.11.1 
rlimit: STACK 8192k, CORE 0k, NPROC infinity, NOFILE 1024, AS infinity
load average:1.05 0.93 0.89

/proc/meminfo:
MemTotal:        1026508 kB
MemFree:          141040 kB
Buffers:           57380 kB
Cached:           328704 kB
SwapCached:            0 kB
Active:           564224 kB
Inactive:         270844 kB
Active(anon):     454280 kB
Inactive(anon):       16 kB
Active(file):     109944 kB
Inactive(file):   270828 kB
Unevictable:           0 kB
Mlocked:               0 kB
HighTotal:        139208 kB
HighFree:            252 kB
LowTotal:         887300 kB
LowFree:          140788 kB
SwapTotal:        407544 kB
SwapFree:         407544 kB
Dirty:               212 kB
Writeback:             0 kB
AnonPages:        448996 kB
Mapped:            82052 kB
Shmem:              5300 kB
Slab:              37128 kB
SReclaimable:      29636 kB
SUnreclaim:         7492 kB
KernelStack:        2112 kB
PageTables:         4716 kB
NFS_Unstable:          0 kB
Bounce:                0 kB
WritebackTmp:          0 kB
CommitLimit:      920796 kB
Committed_AS:     967916 kB
VmallocTotal:     122880 kB
VmallocUsed:       26800 kB
VmallocChunk:      91212 kB
HardwareCorrupted:     0 kB
HugePages_Total:       0
HugePages_Free:        0
HugePages_Rsvd:        0
HugePages_Surp:        0
Hugepagesize:       4096 kB
DirectMap4k:       12280 kB
DirectMap4M:      897024 kB


CPU:total 1 (2 cores per cpu, 2 threads per core) family 6 model 58 stepping 9, cmov, cx8, fxsr, mmx, sse, sse2, sse3, ssse3, sse4.1, sse4.2, popcnt, ht, tsc, tscinvbit, tscinv

/proc/cpuinfo:
processor	: 0
vendor_id	: GenuineIntel
cpu family	: 6
model		: 58
model name	: Intel(R) Core(TM) i3-3110M CPU @ 2.40GHz
stepping	: 9
cpu MHz		: 2317.501
cache size	: 6144 KB
fdiv_bug	: no
hlt_bug		: no
f00f_bug	: no
coma_bug	: no
fpu		: yes
fpu_exception	: yes
cpuid level	: 5
wp		: yes
flags		: fpu vme de pse tsc msr pae mce cx8 apic mtrr pge mca cmov pat pse36 clflush mmx fxsr sse sse2 rdtscp constant_tsc up pni monitor ssse3
bogomips	: 4635.00
clflush size	: 64
cache_alignment	: 64
address sizes	: 36 bits physical, 48 bits virtual
power management:



Memory: 4k page, physical 1026508k(141040k free), swap 407544k(407544k free)

vm_info: OpenJDK Client VM (23.25-b01) for linux-x86 JRE (1.6.0_31-b31), built on Apr 17 2014 22:13:12 by "buildd" with gcc 4.4.3

time: Fri Aug  8 10:16:32 2014
elapsed time: 0 seconds

