#
# A fatal error has been detected by the Java Runtime Environment:
#
#  SIGSEGV (0xb) at pc=0x00f1e4c6, pid=1670, tid=3078633168
#
# JRE version: 6.0_31-b31
# Java VM: OpenJDK Client VM (23.25-b01 mixed mode, sharing linux-x86 )
# Problematic frame:
# C  [liboppsimd.so+0x1674c6]  cSimpleModule::scheduleAt(SimTime, cMessage*)+0x17a
#
# Failed to write core dump. Core dumps have been disabled. To enable core dumping, try "ulimit -c unlimited" before starting Java again
#
# If you would like to submit a bug report, please include
# instructions how to reproduce the bug and visit:
#   https://bugs.launchpad.net/ubuntu/+source/openjdk-6/
# The crash happened outside the Java Virtual Machine in native code.
# See problematic frame for where to report the bug.
#

---------------  T H R E A D  ---------------

Current thread (0x0959a000):  JavaThread "main" [_thread_in_native, id=1670, stack(0xbff77000,0xbffc7000)]

siginfo:si_signo=SIGSEGV: si_errno=0, si_code=1 (SEGV_MAPERR), si_addr=0x00000000

Registers:
EAX=0x00000000, EBX=0x00000000, ECX=0x5d8a0000, EDX=0x080da11a
ESP=0xbffc3020, EBP=0xbffc3098, ESI=0x8fa2bab0, EDI=0x0959a000
EIP=0x00f1e4c6, EFLAGS=0x00210202, CR2=0x00000000

Top of Stack: (sp=0xbffc3020)
0xbffc3020:   0868f118 bffc3064 00df2c7c b7819bf0
0xbffc3030:   00000000 ffffffff 00c55ff4 080687e0
0xbffc3040:   00000005 bffc3080 00c476b6 00c56ab0
0xbffc3050:   00000000 00000001 00000005 00000000
0xbffc3060:   00000005 00000000 00000000 00000000
0xbffc3070:   00df2c7c 8fa2bab0 8fa2bab0 0959a000
0xbffc3080:   bffc3108 00c4d3c0 01634578 8fa2bab0
0xbffc3090:   8fa2bab0 0959a000 bffc3108 0809e31b 

Instructions: (pc=0x00f1e4c6)
0x00f1e4a6:   e8 67 3b 00 00 85 c0 74 07 b8 01 00 00 00 eb 05
0x00f1e4b6:   b8 00 00 00 00 84 c0 0f 84 6c 01 00 00 8b 45 08
0x00f1e4c6:   8b 00 83 c0 14 8b 10 8b 45 08 89 04 24 ff d2 89
0x00f1e4d6:   c6 8b 45 08 8b 00 83 c0 20 8b 08 8b 55 08 8d 45 

Register to memory mapping:

EAX=0x00000000 is an unknown value
EBX=0x00000000 is an unknown value
ECX=0x5d8a0000 is an unknown value
EDX=0x080da11a: _ZNK7cModule8isModuleEv+0 in /home/ubuntu/Downloads/omnet/omnetpp-4.4.1/contrib/jsimplemodule/jsimple/jsimple at 0x08048000
ESP=0xbffc3020 is pointing into the stack for thread: 0x0959a000
EBP=0xbffc3098 is pointing into the stack for thread: 0x0959a000
ESI=0x8fa2bab0 is an oop
{method} 
 - klass: {other class}
EDI=0x0959a000 is a thread


Stack: [0xbff77000,0xbffc7000],  sp=0xbffc3020,  free space=304k
Native frames: (J=compiled Java code, j=interpreted, Vv=VM code, C=native code)
C  [liboppsimd.so+0x1674c6]  cSimpleModule::scheduleAt(SimTime, cMessage*)+0x17a
C  [jsimple+0x5631b]  Java_org_omnetpp_simkernel_SimkernelJNI_cSimpleModule_1scheduleAt+0xcc
j  org.omnetpp.simkernel.SimkernelJNI.cSimpleModule_scheduleAt(JLorg/omnetpp/simkernel/cSimpleModule;JLorg/omnetpp/simkernel/SimTime;JLorg/omnetpp/simkernel/cMessage;)I+0
j  org.omnetpp.simkernel.cSimpleModule.scheduleAt(Lorg/omnetpp/simkernel/SimTime;Lorg/omnetpp/simkernel/cMessage;)I+15
j  de.tudarmstadt.maki.simonstrator.util.core.RealtimeScheduler.scheduleIn(JLde/tudarmstadt/maki/simonstrator/api/EventHandler;Ljava/lang/Object;I)V+130
j  de.tudarmstadt.maki.simonstrator.util.core.Start.initialize()V+15
j  org.omnetpp.simkernel.JSimpleModule.initialize(I)V+5
v  ~StubRoutines::call_stub
V  [libjvm.so+0x26dd84]  JavaCalls::call_helper(JavaValue*, methodHandle*, JavaCallArguments*, Thread*)+0x314
V  [libjvm.so+0x397799]  os::os_exception_wrapper(void (*)(JavaValue*, methodHandle*, JavaCallArguments*, Thread*), JavaValue*, methodHandle*, JavaCallArguments*, Thread*)+0x19
V  [libjvm.so+0x26c9bf]  JavaCalls::call(JavaValue*, methodHandle, JavaCallArguments*, Thread*)+0x2f
V  [libjvm.so+0x279f2c]  jni_invoke_nonstatic(JNIEnv_*, JavaValue*, _jobject*, JNICallType, _jmethodID*, JNI_ArgumentPusher*, Thread*)+0x27c
V  [libjvm.so+0x2890e0]  jni_CallVoidMethodV+0xc0
C  [jsimple+0x92112]  JNIEnv_::CallVoidMethod(_jobject*, _jmethodID*, ...)+0x34
C  [jsimple+0x91c0f]  JSimpleModule::initialize(int)+0x4d
C  [liboppsimd.so+0x149647]  cModule::initializeModules(int)+0x18b
C  [liboppsimd.so+0x14977b]  cModule::initializeModules(int)+0x2bf
C  [liboppsimd.so+0x149261]  cModule::callInitialize()+0x71
C  [liboppsimd.so+0x16a43c]  cSimulation::startRun()+0xd6
C  [liboppenvird.so+0x911c3]  EnvirBase::startRun()+0x97
C  [libopptkenvd.so+0x34abb]  Tkenv::newRun(char const*, int)+0x1bb
C  [libopptkenvd.so+0x3f3b1]  newRun_cmd(void*, Tcl_Interp*, int, char const**)+0x72
C  [libtcl8.4.so.0+0x1f17e]  TclInvokeStringCommand+0x6e
C  [libtcl8.4.so.0+0x205bb]  TclEvalObjvInternal+0x35b
C  [libtcl8.4.so.0+0x4d2c2]  TclCompEvalObj+0x2782
C  [libtcl8.4.so.0+0x4ac1d]  TclCompEvalObj+0xdd
C  [libtcl8.4.so.0+0x81957]  TclObjInterpProc+0x2a7
C  [libtcl8.4.so.0+0x205bb]  TclEvalObjvInternal+0x35b
C  [libtcl8.4.so.0+0x4d2c2]  TclCompEvalObj+0x2782
C  [libtcl8.4.so.0+0x4ac1d]  TclCompEvalObj+0xdd
C  [libtcl8.4.so.0+0x81957]  TclObjInterpProc+0x2a7
C  [libtcl8.4.so.0+0x205bb]  TclEvalObjvInternal+0x35b
C  [libtcl8.4.so.0+0x2144c]  Tcl_EvalEx+0x4fc
C  [libtcl8.4.so.0+0x216dc]  Tcl_Eval+0x3c
C  [libopptkenvd.so+0x33224]  Tkenv::run()+0x75e
C  [liboppenvird.so+0x8d70d]  EnvirBase::run(int, char**, cConfiguration*)+0x1a5
C  [liboppenvird.so+0x8a66a]  setupUserInterface(int, char**)+0xb82
C  [liboppenvird.so+0x8b1dd]  evMain+0x49
C  [jsimple+0x93b2f]  main+0x1b
C  [libc.so.6+0x16bd6]  __libc_start_main+0xe6

Java frames: (J=compiled Java code, j=interpreted, Vv=VM code)
j  org.omnetpp.simkernel.SimkernelJNI.cSimpleModule_scheduleAt(JLorg/omnetpp/simkernel/cSimpleModule;JLorg/omnetpp/simkernel/SimTime;JLorg/omnetpp/simkernel/cMessage;)I+0
j  org.omnetpp.simkernel.cSimpleModule.scheduleAt(Lorg/omnetpp/simkernel/SimTime;Lorg/omnetpp/simkernel/cMessage;)I+15
j  de.tudarmstadt.maki.simonstrator.util.core.RealtimeScheduler.scheduleIn(JLde/tudarmstadt/maki/simonstrator/api/EventHandler;Ljava/lang/Object;I)V+130
j  de.tudarmstadt.maki.simonstrator.util.core.Start.initialize()V+15
j  org.omnetpp.simkernel.JSimpleModule.initialize(I)V+5
v  ~StubRoutines::call_stub

---------------  P R O C E S S  ---------------

Java Threads: ( => current thread )
  0x09609c00 JavaThread "Low Memory Detector" daemon [_thread_blocked, id=1681, stack(0xb3e35000,0xb3e86000)]
  0x09607c00 JavaThread "C1 CompilerThread0" daemon [_thread_blocked, id=1680, stack(0xb3e86000,0xb3f07000)]
  0x09606000 JavaThread "Signal Dispatcher" daemon [_thread_blocked, id=1679, stack(0xb3f07000,0xb3f58000)]
  0x095ff400 JavaThread "Finalizer" daemon [_thread_blocked, id=1678, stack(0xb3f58000,0xb3fa9000)]
  0x095fdc00 JavaThread "Reference Handler" daemon [_thread_blocked, id=1677, stack(0xb3fa9000,0xb3ffa000)]
=>0x0959a000 JavaThread "main" [_thread_in_native, id=1670, stack(0xbff77000,0xbffc7000)]

Other Threads:
  0x095f3c00 VMThread [stack: 0xb3ffa000,0xb407b000] [id=1676]
  0x0960cc00 WatcherThread [stack: 0xb3db4000,0xb3e35000] [id=1682]

VM state:not at safepoint (normal execution)

VM Mutex/Monitor currently owned by a thread: None

Heap
 def new generation   total 4800K, used 976K [0x70410000, 0x70940000, 0x7ab60000)
  eden space 4288K,  22% used [0x70410000, 0x705040a0, 0x70840000)
  from space 512K,   0% used [0x70840000, 0x70840000, 0x708c0000)
  to   space 512K,   0% used [0x708c0000, 0x708c0000, 0x70940000)
 tenured generation   total 10752K, used 0K [0x7ab60000, 0x7b5e0000, 0x8fa10000)
   the space 10752K,   0% used [0x7ab60000, 0x7ab60000, 0x7ab60200, 0x7b5e0000)
 compacting perm gen  total 12288K, used 488K [0x8fa10000, 0x90610000, 0x93a10000)
   the space 12288K,   3% used [0x8fa10000, 0x8fa8a018, 0x8fa8a200, 0x90610000)
    ro space 10240K,  56% used [0x93a10000, 0x93fad218, 0x93fad400, 0x94410000)
    rw space 12288K,  60% used [0x94410000, 0x94b5c138, 0x94b5c200, 0x95010000)

Card table byte_map: [0xb42db000,0xb4402000] byte_map_base: 0xb3f58f80

Polling page: 0xb780f000

Code Cache  [0xb4402000, 0xb44a2000, 0xb6402000)
 total_blobs=180 nmethods=13 adapters=104 free_code_cache=32144Kb largest_free_block=32916352

Compilation events (10 events):
Event: 0.907 Thread 0x09607c00    9             java.lang.String::lastIndexOf (156 bytes)
Event: 0.908 Thread 0x09607c00 nmethod 9 0xb4497b08 code [0xb4497c30, 0xb4497e3c]
Event: 0.924 Thread 0x09607c00   10             java.io.UnixFileSystem::normalize (75 bytes)
Event: 0.925 Thread 0x09607c00 nmethod 10 0xb4498108 code [0xb4498240, 0xb4498400]
Event: 0.987 Thread 0x09607c00   11             java.lang.String::indexOf (166 bytes)
Event: 0.989 Thread 0x09607c00 nmethod 11 0xb449bac8 code [0xb449bbe0, 0xb449be10]
Event: 1.011 Thread 0x09607c00   12             java.lang.String::replace (142 bytes)
Event: 1.012 Thread 0x09607c00 nmethod 12 0xb449c108 code [0xb449c230, 0xb449c4e0]
Event: 1.249 Thread 0x09607c00   13             sun.net.www.ParseUtil::encodePath (336 bytes)
Event: 1.257 Thread 0x09607c00 nmethod 13 0xb449cec8 code [0xb449d080, 0xb449d6c4]

GC Heap History (0 events):
No events

Deoptimization events (0 events):
No events

Internal exceptions (10 events):
Event: 1.059 Thread 0x0959a000 Threw 0x704e8940 at /build/buildd/openjdk-6-6b31-1.13.3/build/openjdk/hotspot/src/share/vm/classfile/systemDictionary.cpp:179
Event: 1.059 Thread 0x0959a000 Threw 0x704e8c48 at /build/buildd/openjdk-6-6b31-1.13.3/build/openjdk/hotspot/src/share/vm/prims/jvm.cpp:1235
Event: 1.098 Thread 0x0959a000 Threw 0x704ec0e8 at /build/buildd/openjdk-6-6b31-1.13.3/build/openjdk/hotspot/src/share/vm/classfile/systemDictionary.cpp:179
Event: 1.098 Thread 0x0959a000 Threw 0x704eec60 at /build/buildd/openjdk-6-6b31-1.13.3/build/openjdk/hotspot/src/share/vm/prims/jvm.cpp:1235
Event: 1.248 Thread 0x0959a000 Threw 0x704f22b0 at /build/buildd/openjdk-6-6b31-1.13.3/build/openjdk/hotspot/src/share/vm/classfile/systemDictionary.cpp:179
Event: 1.248 Thread 0x0959a000 Threw 0x704f25c0 at /build/buildd/openjdk-6-6b31-1.13.3/build/openjdk/hotspot/src/share/vm/prims/jvm.cpp:1235
Event: 1.256 Thread 0x0959a000 Threw 0x704f73d8 at /build/buildd/openjdk-6-6b31-1.13.3/build/openjdk/hotspot/src/share/vm/classfile/systemDictionary.cpp:179
Event: 1.256 Thread 0x0959a000 Threw 0x704f7730 at /build/buildd/openjdk-6-6b31-1.13.3/build/openjdk/hotspot/src/share/vm/prims/jvm.cpp:1235
Event: 1.258 Thread 0x0959a000 Threw 0x704f98f0 at /build/buildd/openjdk-6-6b31-1.13.3/build/openjdk/hotspot/src/share/vm/classfile/systemDictionary.cpp:179
Event: 1.259 Thread 0x0959a000 Threw 0x704f9cb0 at /build/buildd/openjdk-6-6b31-1.13.3/build/openjdk/hotspot/src/share/vm/prims/jvm.cpp:1235

Events (10 events):
Event: 1.216 loading class 0x0967bb68 done
Event: 1.216 loading class 0x95180930 done
Event: 1.231 loading class 0x09679ce8
Event: 1.232 loading class 0x09679ce8 done
Event: 1.247 loading class 0x096727f0
Event: 1.248 loading class 0x096727f0 done
Event: 1.255 loading class 0x0967c308
Event: 1.256 loading class 0x0967c308 done
Event: 1.258 loading class 0x09672900
Event: 1.258 loading class 0x09672900 done


Dynamic libraries:
00110000-00112000 r-xp 00000000 08:01 137704     /lib/tls/i686/cmov/libdl-2.11.1.so
00112000-00113000 r--p 00001000 08:01 137704     /lib/tls/i686/cmov/libdl-2.11.1.so
00113000-00114000 rw-p 00002000 08:01 137704     /lib/tls/i686/cmov/libdl-2.11.1.so
00114000-00115000 r-xp 00000000 00:00 0          [vdso]
00115000-00604000 r-xp 00000000 08:01 421586     /usr/lib/jvm/java-6-openjdk/jre/lib/i386/client/libjvm.so
00604000-0061b000 r--p 004ef000 08:01 421586     /usr/lib/jvm/java-6-openjdk/jre/lib/i386/client/libjvm.so
0061b000-0062a000 rw-p 00506000 08:01 421586     /usr/lib/jvm/java-6-openjdk/jre/lib/i386/client/libjvm.so
0062a000-00a43000 rw-p 00000000 00:00 0 
00a43000-00b58000 r-xp 00000000 08:01 459383     /home/ubuntu/Downloads/omnet/omnetpp-4.4.1/lib/gcc/liboppenvird.so
00b58000-00b59000 r--p 00114000 08:01 459383     /home/ubuntu/Downloads/omnet/omnetpp-4.4.1/lib/gcc/liboppenvird.so
00b59000-00b5a000 rw-p 00115000 08:01 459383     /home/ubuntu/Downloads/omnet/omnetpp-4.4.1/lib/gcc/liboppenvird.so
00b5a000-00bc1000 r-xp 00000000 08:01 459135     /home/ubuntu/Downloads/omnet/omnetpp-4.4.1/lib/gcc/libopplayoutd.so
00bc1000-00bc2000 r--p 00066000 08:01 459135     /home/ubuntu/Downloads/omnet/omnetpp-4.4.1/lib/gcc/libopplayoutd.so
00bc2000-00bc3000 rw-p 00067000 08:01 459135     /home/ubuntu/Downloads/omnet/omnetpp-4.4.1/lib/gcc/libopplayoutd.so
00bc3000-00bd2000 r-xp 00000000 08:01 459388     /home/ubuntu/Downloads/omnet/omnetpp-4.4.1/lib/gcc/liboppcmdenvd.so
00bd2000-00bd3000 r--p 0000e000 08:01 459388     /home/ubuntu/Downloads/omnet/omnetpp-4.4.1/lib/gcc/liboppcmdenvd.so
00bd3000-00bd4000 rw-p 0000f000 08:01 459388     /home/ubuntu/Downloads/omnet/omnetpp-4.4.1/lib/gcc/liboppcmdenvd.so
00bd4000-00bf8000 r-xp 00000000 08:01 137706     /lib/tls/i686/cmov/libm-2.11.1.so
00bf8000-00bf9000 r--p 00023000 08:01 137706     /lib/tls/i686/cmov/libm-2.11.1.so
00bf9000-00bfa000 rw-p 00024000 08:01 137706     /lib/tls/i686/cmov/libm-2.11.1.so
00bfa000-00c17000 r-xp 00000000 08:01 130877     /lib/libgcc_s.so.1
00c17000-00c18000 r--p 0001c000 08:01 130877     /lib/libgcc_s.so.1
00c18000-00c19000 rw-p 0001d000 08:01 130877     /lib/libgcc_s.so.1
00c19000-00c2e000 r-xp 00000000 08:01 137724     /lib/tls/i686/cmov/libpthread-2.11.1.so
00c2e000-00c2f000 r--p 00014000 08:01 137724     /lib/tls/i686/cmov/libpthread-2.11.1.so
00c2f000-00c30000 rw-p 00015000 08:01 137724     /lib/tls/i686/cmov/libpthread-2.11.1.so
00c30000-00c32000 rw-p 00000000 00:00 0 
00c32000-00c34000 r-xp 00000000 08:01 264758     /usr/lib/libXau.so.6.0.0
00c34000-00c35000 r--p 00001000 08:01 264758     /usr/lib/libXau.so.6.0.0
00c35000-00c36000 rw-p 00002000 08:01 264758     /usr/lib/libXau.so.6.0.0
00c3a000-00c55000 r-xp 00000000 08:01 133302     /lib/ld-2.11.1.so
00c55000-00c56000 r--p 0001a000 08:01 133302     /lib/ld-2.11.1.so
00c56000-00c57000 rw-p 0001b000 08:01 133302     /lib/ld-2.11.1.so
00c57000-00ca5000 r-xp 00000000 08:01 459121     /home/ubuntu/Downloads/omnet/omnetpp-4.4.1/lib/gcc/liboppcommond.so
00ca5000-00ca6000 r--p 0004d000 08:01 459121     /home/ubuntu/Downloads/omnet/omnetpp-4.4.1/lib/gcc/liboppcommond.so
00ca6000-00ca7000 rw-p 0004e000 08:01 459121     /home/ubuntu/Downloads/omnet/omnetpp-4.4.1/lib/gcc/liboppcommond.so
00ca7000-00cba000 r-xp 00000000 08:01 133475     /lib/libz.so.1.2.3.3
00cba000-00cbb000 r--p 00012000 08:01 133475     /lib/libz.so.1.2.3.3
00cbb000-00cbc000 rw-p 00013000 08:01 133475     /lib/libz.so.1.2.3.3
00cbc000-00cc0000 r-xp 00000000 08:01 264769     /usr/lib/libXdmcp.so.6.0.0
00cc0000-00cc1000 r--p 00003000 08:01 264769     /usr/lib/libXdmcp.so.6.0.0
00cc1000-00cc2000 rw-p 00004000 08:01 264769     /usr/lib/libXdmcp.so.6.0.0
00cc7000-00d3a000 r-xp 00000000 08:01 459406     /home/ubuntu/Downloads/omnet/omnetpp-4.4.1/lib/gcc/libopptkenvd.so
00d3a000-00d3b000 r--p 00072000 08:01 459406     /home/ubuntu/Downloads/omnet/omnetpp-4.4.1/lib/gcc/libopptkenvd.so
00d3b000-00db7000 rw-p 00073000 08:01 459406     /home/ubuntu/Downloads/omnet/omnetpp-4.4.1/lib/gcc/libopptkenvd.so
00db7000-0100f000 r-xp 00000000 08:01 459348     /home/ubuntu/Downloads/omnet/omnetpp-4.4.1/lib/gcc/liboppsimd.so
0100f000-01010000 r--p 00257000 08:01 459348     /home/ubuntu/Downloads/omnet/omnetpp-4.4.1/lib/gcc/liboppsimd.so
01010000-01011000 rw-p 00258000 08:01 459348     /home/ubuntu/Downloads/omnet/omnetpp-4.4.1/lib/gcc/liboppsimd.so
01011000-01014000 rw-p 00000000 00:00 0 
01014000-01138000 r-xp 00000000 08:01 273771     /usr/lib/libxml2.so.2.7.6
01138000-01139000 ---p 00124000 08:01 273771     /usr/lib/libxml2.so.2.7.6
01139000-0113d000 r--p 00124000 08:01 273771     /usr/lib/libxml2.so.2.7.6
0113d000-0113e000 rw-p 00128000 08:01 273771     /usr/lib/libxml2.so.2.7.6
0113e000-0113f000 rw-p 00000000 00:00 0 
0113f000-01163000 r-xp 00000000 08:01 421578     /usr/lib/jvm/java-6-openjdk/jre/lib/i386/libjava.so
01163000-01164000 r--p 00023000 08:01 421578     /usr/lib/jvm/java-6-openjdk/jre/lib/i386/libjava.so
01164000-01166000 rw-p 00024000 08:01 421578     /usr/lib/jvm/java-6-openjdk/jre/lib/i386/libjava.so
011d7000-011dd000 r-xp 00000000 08:01 137711     /lib/tls/i686/cmov/libnss_compat-2.11.1.so
011dd000-011de000 r--p 00006000 08:01 137711     /lib/tls/i686/cmov/libnss_compat-2.11.1.so
011de000-011df000 rw-p 00007000 08:01 137711     /lib/tls/i686/cmov/libnss_compat-2.11.1.so
01def000-01ed8000 r-xp 00000000 08:01 269643     /usr/lib/libstdc++.so.6.0.13
01ed8000-01edc000 r--p 000e9000 08:01 269643     /usr/lib/libstdc++.so.6.0.13
01edc000-01edd000 rw-p 000ed000 08:01 269643     /usr/lib/libstdc++.so.6.0.13
01edd000-01ee4000 rw-p 00000000 00:00 0 
022c5000-022cc000 r-xp 00000000 08:01 137728     /lib/tls/i686/cmov/librt-2.11.1.so
022cc000-022cd000 r--p 00006000 08:01 137728     /lib/tls/i686/cmov/librt-2.11.1.so
022cd000-022ce000 rw-p 00007000 08:01 137728     /lib/tls/i686/cmov/librt-2.11.1.so
023c5000-023d8000 r-xp 00000000 08:01 137709     /lib/tls/i686/cmov/libnsl-2.11.1.so
023d8000-023d9000 r--p 00012000 08:01 137709     /lib/tls/i686/cmov/libnsl-2.11.1.so
023d9000-023da000 rw-p 00013000 08:01 137709     /lib/tls/i686/cmov/libnsl-2.11.1.so
023da000-023dc000 rw-p 00000000 00:00 0 
02417000-0256a000 r-xp 00000000 08:01 137698     /lib/tls/i686/cmov/libc-2.11.1.so
0256a000-0256b000 ---p 00153000 08:01 137698     /lib/tls/i686/cmov/libc-2.11.1.so
0256b000-0256d000 r--p 00153000 08:01 137698     /lib/tls/i686/cmov/libc-2.11.1.so
0256d000-0256e000 rw-p 00155000 08:01 137698     /lib/tls/i686/cmov/libc-2.11.1.so
0256e000-02571000 rw-p 00000000 00:00 0 
03680000-03688000 r-xp 00000000 08:01 137719     /lib/tls/i686/cmov/libnss_nis-2.11.1.so
03688000-03689000 r--p 00007000 08:01 137719     /lib/tls/i686/cmov/libnss_nis-2.11.1.so
03689000-0368a000 rw-p 00008000 08:01 137719     /lib/tls/i686/cmov/libnss_nis-2.11.1.so
03732000-0373a000 r-xp 00000000 08:01 264765     /usr/lib/libXcursor.so.1.0.2
0373a000-0373b000 r--p 00007000 08:01 264765     /usr/lib/libXcursor.so.1.0.2
0373b000-0373c000 rw-p 00008000 08:01 264765     /usr/lib/libXcursor.so.1.0.2
03757000-03807000 r-xp 00000000 08:01 265671     /usr/lib/libtcl8.4.so.0
03807000-03808000 ---p 000b0000 08:01 265671     /usr/lib/libtcl8.4.so.0
03808000-03809000 r--p 000b0000 08:01 265671     /usr/lib/libtcl8.4.so.0
03809000-0380e000 rw-p 000b1000 08:01 265671     /usr/lib/libtcl8.4.so.0
0399b000-03ab4000 r-xp 00000000 08:01 270065     /usr/lib/libX11.so.6.3.0
03ab4000-03ab5000 r--p 00118000 08:01 270065     /usr/lib/libX11.so.6.3.0
03ab5000-03ab7000 rw-p 00119000 08:01 270065     /usr/lib/libX11.so.6.3.0
03ab7000-03ab8000 rw-p 00000000 00:00 0 
03cfe000-03d05000 r-xp 00000000 08:01 421579     /usr/lib/jvm/java-6-openjdk/jre/lib/i386/libzip.so
03d05000-03d06000 r--p 00006000 08:01 421579     /usr/lib/jvm/java-6-openjdk/jre/lib/i386/libzip.so
03d06000-03d07000 rw-p 00007000 08:01 421579     /usr/lib/jvm/java-6-openjdk/jre/lib/i386/libzip.so
041a6000-0427b000 r-xp 00000000 08:01 265689     /usr/lib/libtk8.4.so.0
0427b000-0427c000 r--p 000d4000 08:01 265689     /usr/lib/libtk8.4.so.0
0427c000-04287000 rw-p 000d5000 08:01 265689     /usr/lib/libtk8.4.so.0
04287000-04288000 rw-p 00000000 00:00 0 
045bf000-0469d000 r-xp 00000000 08:01 273817     /usr/lib/libBLT.2.4.so.8.4
0469d000-0469e000 r--p 000dd000 08:01 273817     /usr/lib/libBLT.2.4.so.8.4
0469e000-046af000 rw-p 000de000 08:01 273817     /usr/lib/libBLT.2.4.so.8.4
046af000-046b0000 rw-p 00000000 00:00 0 
04a63000-04a6b000 r-xp 00000000 08:01 296299     /usr/lib/libXrender.so.1.3.0
04a6b000-04a6c000 r--p 00007000 08:01 296299     /usr/lib/libXrender.so.1.3.0
04a6c000-04a6d000 rw-p 00008000 08:01 296299     /usr/lib/libXrender.so.1.3.0
04be0000-04be4000 r-xp 00000000 08:01 264773     /usr/lib/libXfixes.so.3.1.0
04be4000-04be5000 r--p 00003000 08:01 264773     /usr/lib/libXfixes.so.3.1.0
04be5000-04be6000 rw-p 00004000 08:01 264773     /usr/lib/libXfixes.so.3.1.0
051c2000-051da000 r-xp 00000000 08:01 270050     /usr/lib/libxcb.so.1.1.0
051da000-051db000 r--p 00017000 08:01 270050     /usr/lib/libxcb.so.1.1.0
051db000-051dc000 rw-p 00018000 08:01 270050     /usr/lib/libxcb.so.1.1.0
053c7000-054c7000 r-xp 00000000 08:01 459226     /home/ubuntu/Downloads/omnet/omnetpp-4.4.1/lib/gcc/liboppnedxmld.so
054c7000-054c8000 r--p 000ff000 08:01 459226     /home/ubuntu/Downloads/omnet/omnetpp-4.4.1/lib/gcc/liboppnedxmld.so
054c8000-054c9000 rw-p 00100000 08:01 459226     /home/ubuntu/Downloads/omnet/omnetpp-4.4.1/lib/gcc/liboppnedxmld.so
054c9000-054ca000 rw-p 00000000 00:00 0 
05eff000-05f0b000 r-xp 00000000 08:01 421609     /usr/lib/jvm/java-6-openjdk/jre/lib/i386/libverify.so
05f0b000-05f0c000 r--p 0000b000 08:01 421609     /usr/lib/jvm/java-6-openjdk/jre/lib/i386/libverify.so
05f0c000-05f0d000 rw-p 0000c000 08:01 421609     /usr/lib/jvm/java-6-openjdk/jre/lib/i386/libverify.so
062e8000-062f2000 r-xp 00000000 08:01 137715     /lib/tls/i686/cmov/libnss_files-2.11.1.so
062f2000-062f3000 r--p 00009000 08:01 137715     /lib/tls/i686/cmov/libnss_files-2.11.1.so
062f3000-062f4000 rw-p 0000a000 08:01 137715     /lib/tls/i686/cmov/libnss_files-2.11.1.so
08048000-08111000 r-xp 00000000 08:01 474738     /home/ubuntu/Downloads/omnet/omnetpp-4.4.1/contrib/jsimplemodule/jsimple/out/gcc-debug/jsimple
08111000-08112000 r--p 000c9000 08:01 474738     /home/ubuntu/Downloads/omnet/omnetpp-4.4.1/contrib/jsimplemodule/jsimple/out/gcc-debug/jsimple
08112000-08117000 rw-p 000ca000 08:01 474738     /home/ubuntu/Downloads/omnet/omnetpp-4.4.1/contrib/jsimplemodule/jsimple/out/gcc-debug/jsimple
08117000-08118000 rw-p 00000000 00:00 0 
08671000-09727000 rw-p 00000000 00:00 0          [heap]
70410000-70940000 rw-p 00000000 00:00 0 
70940000-7ab60000 rw-p 00000000 00:00 0 
7ab60000-7b5e0000 rw-p 00000000 00:00 0 
7b5e0000-8fa10000 rw-p 00000000 00:00 0 
8fa10000-90610000 rw-p 00000000 00:00 0 
90610000-93a10000 rw-p 00000000 00:00 0 
93a10000-93fae000 r--p 00001000 08:01 422236     /usr/lib/jvm/java-6-openjdk/jre/lib/i386/client/classes.jsa
93fae000-94410000 rw-p 00000000 00:00 0 
94410000-94b5d000 rw-p 0059f000 08:01 422236     /usr/lib/jvm/java-6-openjdk/jre/lib/i386/client/classes.jsa
94b5d000-95010000 rw-p 00000000 00:00 0 
95010000-9531f000 rw-p 00cec000 08:01 422236     /usr/lib/jvm/java-6-openjdk/jre/lib/i386/client/classes.jsa
9531f000-95410000 rw-p 00000000 00:00 0 
95410000-95419000 r-xp 00ffb000 08:01 422236     /usr/lib/jvm/java-6-openjdk/jre/lib/i386/client/classes.jsa
95419000-95810000 rw-p 00000000 00:00 0 
b3ce7000-b3db4000 rw-p 00000000 00:00 0 
b3db4000-b3db5000 ---p 00000000 00:00 0 
b3db5000-b3e35000 rw-p 00000000 00:00 0 
b3e35000-b3e38000 ---p 00000000 00:00 0 
b3e38000-b3e86000 rw-p 00000000 00:00 0 
b3e86000-b3e89000 ---p 00000000 00:00 0 
b3e89000-b3f07000 rw-p 00000000 00:00 0 
b3f07000-b3f0a000 ---p 00000000 00:00 0 
b3f0a000-b3f58000 rw-p 00000000 00:00 0 
b3f58000-b3f5b000 ---p 00000000 00:00 0 
b3f5b000-b3fa9000 rw-p 00000000 00:00 0 
b3fa9000-b3fac000 ---p 00000000 00:00 0 
b3fac000-b3ffa000 rw-p 00000000 00:00 0 
b3ffa000-b3ffb000 ---p 00000000 00:00 0 
b3ffb000-b407b000 rw-p 00000000 00:00 0 
b407b000-b4212000 r--s 01a14000 08:01 421572     /usr/lib/jvm/java-6-openjdk/jre/lib/rt.jar
b4212000-b4219000 rw-p 00000000 00:00 0 
b4219000-b4233000 rw-p 00000000 00:00 0 
b4233000-b4239000 rw-p 00000000 00:00 0 
b4239000-b42db000 rw-p 00000000 00:00 0 
b42db000-b42de000 rw-p 00000000 00:00 0 
b42de000-b432e000 rw-p 00000000 00:00 0 
b432e000-b4334000 rw-p 00000000 00:00 0 
b4334000-b43d6000 rw-p 00000000 00:00 0 
b43d6000-b43dc000 rw-p 00000000 00:00 0 
b43dc000-b43f6000 rw-p 00000000 00:00 0 
b43f6000-b4402000 rw-p 00000000 00:00 0 
b4402000-b44a2000 rwxp 00000000 00:00 0 
b44a2000-b6402000 rw-p 00000000 00:00 0 
b6402000-b6ee5000 rw-p 00000000 00:00 0 
b6ee5000-b6f1f000 rw-p 00000000 00:00 0 
b6f2c000-b6f3e000 rw-p 00000000 00:00 0 
b6f3e000-b6fbb000 rw-p 00000000 00:00 0 
b6fbb000-b6fc3000 rw-s 00000000 08:01 269585     /tmp/hsperfdata_ubuntu/1670
b6fc3000-b7002000 r--p 00000000 08:01 269850     /usr/lib/locale/en_US.utf8/LC_CTYPE
b7002000-b7003000 ---p 00000000 00:00 0 
b7003000-b7809000 rw-p 00000000 00:00 0 
b7809000-b780c000 r--s 00020000 08:01 458350     /home/ubuntu/Downloads/omnet/omnetpp-4.4.1/contrib/jsimplemodule/jsimple/simkernel.jar
b780c000-b780e000 r--s 0000f000 08:01 421031     /usr/lib/jvm/java-6-openjdk/jre/lib/ext/pulse-java.jar
b780e000-b780f000 rw-p 00000000 00:00 0 
b780f000-b7810000 r--p 00000000 00:00 0 
b7810000-b7811000 rw-p 00000000 00:00 0 
b7811000-b7818000 r--s 00000000 08:01 268524     /usr/lib/gconv/gconv-modules.cache
b7818000-b781c000 rw-p 00000000 00:00 0 
bff77000-bff7a000 ---p 00000000 00:00 0 
bff7a000-bffc7000 rw-p 00000000 00:00 0          [stack]

VM Arguments:
jvm_args: -Djava.library.path=. 
java_command: <unknown>
Launcher Type: generic

Environment Variables:
CLASSPATH=/home/ubuntu/Downloads/omnet/omnetpp-4.4.1/samples/Hiwis/bin;/home/ubuntu/Downloads/omnet/omnetpp-4.4.1/contrib/jsimplemodule/jsimple/out/classes
PATH=/home/ubuntu/Downloads/omnet/omnetpp-4.4.1/bin::/home/ubuntu/Downloads/omnet/omnetpp-4.4.1/bin:/usr/local/sbin:/usr/local/bin:/usr/sbin:/usr/bin:/sbin:/bin:/usr/games
USERNAME=ubuntu
LD_LIBRARY_PATH=/home/ubuntu/Downloads/omnet/omnetpp-4.4.1/lib::/usr/lib/jvm/java-6-openjdk/jre/lib/i386/client:/usr/lib/jvm/java-6-openjdk/jre/lib/i386:
SHELL=/bin/bash
DISPLAY=:0.0
DYLD_LIBRARY_PATH=/usr/lib/jvm/java-6-openjdk/jre/lib/i386/server

Signal Handlers:
SIGSEGV: [libjvm.so+0x48e7a0], sa_mask[0]=0x7ffbfeff, sa_flags=0x10000004
SIGBUS: [libjvm.so+0x48e7a0], sa_mask[0]=0x7ffbfeff, sa_flags=0x10000004
SIGFPE: [libjvm.so+0x399200], sa_mask[0]=0x7ffbfeff, sa_flags=0x10000004
SIGPIPE: [libjvm.so+0x399200], sa_mask[0]=0x7ffbfeff, sa_flags=0x10000004
SIGXFSZ: [libjvm.so+0x399200], sa_mask[0]=0x7ffbfeff, sa_flags=0x10000004
SIGILL: [libjvm.so+0x399200], sa_mask[0]=0x7ffbfeff, sa_flags=0x10000004
SIGUSR1: SIG_DFL, sa_mask[0]=0x00000000, sa_flags=0x00000000
SIGUSR2: [libjvm.so+0x398c80], sa_mask[0]=0x00000004, sa_flags=0x10000004
SIGHUP: [libjvm.so+0x39c280], sa_mask[0]=0x7ffbfeff, sa_flags=0x10000004
SIGINT: [libjvm.so+0x39c280], sa_mask[0]=0x7ffbfeff, sa_flags=0x10000004
SIGTERM: [libjvm.so+0x39c280], sa_mask[0]=0x7ffbfeff, sa_flags=0x10000004
SIGQUIT: [libjvm.so+0x39c280], sa_mask[0]=0x7ffbfeff, sa_flags=0x10000004


---------------  S Y S T E M  ---------------

OS:Ubuntu 10.04 (lucid)
uname:Linux 2.6.32-21-generic #32-Ubuntu SMP Fri Apr 16 08:10:02 UTC 2010 i686
libc:glibc 2.11.1 NPTL 2.11.1 
rlimit: STACK 8192k, CORE 0k, NPROC infinity, NOFILE 1024, AS infinity
load average:1.39 1.17 0.96

/proc/meminfo:
MemTotal:        1026508 kB
MemFree:          153464 kB
Buffers:           56800 kB
Cached:           327060 kB
SwapCached:            0 kB
Active:           553380 kB
Inactive:         269880 kB
Active(anon):     444680 kB
Inactive(anon):       16 kB
Active(file):     108700 kB
Inactive(file):   269864 kB
Unevictable:           0 kB
Mlocked:               0 kB
HighTotal:        139208 kB
HighFree:            252 kB
LowTotal:         887300 kB
LowFree:          153212 kB
SwapTotal:        407544 kB
SwapFree:         407544 kB
Dirty:                56 kB
Writeback:             0 kB
AnonPages:        439400 kB
Mapped:            81820 kB
Shmem:              5300 kB
Slab:              37076 kB
SReclaimable:      29588 kB
SUnreclaim:         7488 kB
KernelStack:        2104 kB
PageTables:         4732 kB
NFS_Unstable:          0 kB
Bounce:                0 kB
WritebackTmp:          0 kB
CommitLimit:      920796 kB
Committed_AS:     963260 kB
VmallocTotal:     122880 kB
VmallocUsed:       26800 kB
VmallocChunk:      91212 kB
HardwareCorrupted:     0 kB
HugePages_Total:       0
HugePages_Free:        0
HugePages_Rsvd:        0
HugePages_Surp:        0
Hugepagesize:       4096 kB
DirectMap4k:       12280 kB
DirectMap4M:      897024 kB


CPU:total 1 (2 cores per cpu, 2 threads per core) family 6 model 58 stepping 9, cmov, cx8, fxsr, mmx, sse, sse2, sse3, ssse3, sse4.1, sse4.2, popcnt, ht, tsc, tscinvbit, tscinv

/proc/cpuinfo:
processor	: 0
vendor_id	: GenuineIntel
cpu family	: 6
model		: 58
model name	: Intel(R) Core(TM) i3-3110M CPU @ 2.40GHz
stepping	: 9
cpu MHz		: 2317.501
cache size	: 6144 KB
fdiv_bug	: no
hlt_bug		: no
f00f_bug	: no
coma_bug	: no
fpu		: yes
fpu_exception	: yes
cpuid level	: 5
wp		: yes
flags		: fpu vme de pse tsc msr pae mce cx8 apic mtrr pge mca cmov pat pse36 clflush mmx fxsr sse sse2 rdtscp constant_tsc up pni monitor ssse3
bogomips	: 4635.00
clflush size	: 64
cache_alignment	: 64
address sizes	: 36 bits physical, 48 bits virtual
power management:



Memory: 4k page, physical 1026508k(153464k free), swap 407544k(407544k free)

vm_info: OpenJDK Client VM (23.25-b01) for linux-x86 JRE (1.6.0_31-b31), built on Apr 17 2014 22:13:12 by "buildd" with gcc 4.4.3

time: Fri Aug  8 09:58:53 2014
elapsed time: 1 seconds

