#
# A fatal error has been detected by the Java Runtime Environment:
#
#  SIGSEGV (0xb) at pc=0x010a54c6, pid=1544, tid=3078334160
#
# JRE version: 6.0_31-b31
# Java VM: OpenJDK Client VM (23.25-b01 mixed mode, sharing linux-x86 )
# Problematic frame:
# C  [liboppsimd.so+0x1674c6]  cSimpleModule::scheduleAt(SimTime, cMessage*)+0x17a
#
# Failed to write core dump. Core dumps have been disabled. To enable core dumping, try "ulimit -c unlimited" before starting Java again
#
# If you would like to submit a bug report, please include
# instructions how to reproduce the bug and visit:
#   https://bugs.launchpad.net/ubuntu/+source/openjdk-6/
# The crash happened outside the Java Virtual Machine in native code.
# See problematic frame for where to report the bug.
#

---------------  T H R E A D  ---------------

Current thread (0x0a868800):  JavaThread "main" [_thread_in_native, id=1544, stack(0xbf869000,0xbf8b9000)]

siginfo:si_signo=SIGSEGV: si_errno=0, si_code=1 (SEGV_MAPERR), si_addr=0x00000000

Registers:
EAX=0x00000000, EBX=0x00000000, ECX=0x5d8a0000, EDX=0x080da11a
ESP=0xbf8b4d20, EBP=0xbf8b4d98, ESI=0x8fa2bab0, EDI=0x0a868800
EIP=0x010a54c6, EFLAGS=0x00010202, CR2=0x00000000

Top of Stack: (sp=0xbf8b4d20)
0xbf8b4d20:   0996a0e8 bf8b4d64 00f79c7c b77d0bf0
0xbf8b4d30:   00000000 ffffffff 00eb9ff4 080687e0
0xbf8b4d40:   00000005 bf8b4d80 00eab6b6 00ebaab0
0xbf8b4d50:   00000000 00000001 00000005 00000000
0xbf8b4d60:   00000005 00000000 00000000 00000000
0xbf8b4d70:   00f79c7c 8fa2bab0 8fa2bab0 0a868800
0xbf8b4d80:   bf8b4e08 00eb13c0 01634578 8fa2bab0
0xbf8b4d90:   8fa2bab0 0a868800 bf8b4e08 0809e31b 

Instructions: (pc=0x010a54c6)
0x010a54a6:   e8 67 3b 00 00 85 c0 74 07 b8 01 00 00 00 eb 05
0x010a54b6:   b8 00 00 00 00 84 c0 0f 84 6c 01 00 00 8b 45 08
0x010a54c6:   8b 00 83 c0 14 8b 10 8b 45 08 89 04 24 ff d2 89
0x010a54d6:   c6 8b 45 08 8b 00 83 c0 20 8b 08 8b 55 08 8d 45 

Register to memory mapping:

EAX=0x00000000 is an unknown value
EBX=0x00000000 is an unknown value
ECX=0x5d8a0000 is an unknown value
EDX=0x080da11a: _ZNK7cModule8isModuleEv+0 in /home/ubuntu/Downloads/omnet/omnetpp-4.4.1/contrib/jsimplemodule/jsimple/jsimple at 0x08048000
ESP=0xbf8b4d20 is pointing into the stack for thread: 0x0a868800
EBP=0xbf8b4d98 is pointing into the stack for thread: 0x0a868800
ESI=0x8fa2bab0 is an oop
{method} 
 - klass: {other class}
EDI=0x0a868800 is a thread


Stack: [0xbf869000,0xbf8b9000],  sp=0xbf8b4d20,  free space=303k
Native frames: (J=compiled Java code, j=interpreted, Vv=VM code, C=native code)
C  [liboppsimd.so+0x1674c6]  cSimpleModule::scheduleAt(SimTime, cMessage*)+0x17a
C  [jsimple+0x5631b]  Java_org_omnetpp_simkernel_SimkernelJNI_cSimpleModule_1scheduleAt+0xcc
j  org.omnetpp.simkernel.SimkernelJNI.cSimpleModule_scheduleAt(JLorg/omnetpp/simkernel/cSimpleModule;JLorg/omnetpp/simkernel/SimTime;JLorg/omnetpp/simkernel/cMessage;)I+0
j  org.omnetpp.simkernel.cSimpleModule.scheduleAt(Lorg/omnetpp/simkernel/SimTime;Lorg/omnetpp/simkernel/cMessage;)I+15
j  de.tudarmstadt.maki.simonstrator.util.core.RealtimeScheduler.scheduleIn(JLde/tudarmstadt/maki/simonstrator/api/EventHandler;Ljava/lang/Object;I)V+137
j  de.tudarmstadt.maki.simonstrator.util.core.Start.initialize()V+23
j  org.omnetpp.simkernel.JSimpleModule.initialize(I)V+5
v  ~StubRoutines::call_stub
V  [libjvm.so+0x26dd84]  JavaCalls::call_helper(JavaValue*, methodHandle*, JavaCallArguments*, Thread*)+0x314
V  [libjvm.so+0x397799]  os::os_exception_wrapper(void (*)(JavaValue*, methodHandle*, JavaCallArguments*, Thread*), JavaValue*, methodHandle*, JavaCallArguments*, Thread*)+0x19
V  [libjvm.so+0x26c9bf]  JavaCalls::call(JavaValue*, methodHandle, JavaCallArguments*, Thread*)+0x2f
V  [libjvm.so+0x279f2c]  jni_invoke_nonstatic(JNIEnv_*, JavaValue*, _jobject*, JNICallType, _jmethodID*, JNI_ArgumentPusher*, Thread*)+0x27c
V  [libjvm.so+0x2890e0]  jni_CallVoidMethodV+0xc0
C  [jsimple+0x92112]  JNIEnv_::CallVoidMethod(_jobject*, _jmethodID*, ...)+0x34
C  [jsimple+0x91c0f]  JSimpleModule::initialize(int)+0x4d
C  [liboppsimd.so+0x149647]  cModule::initializeModules(int)+0x18b
C  [liboppsimd.so+0x14977b]  cModule::initializeModules(int)+0x2bf
C  [liboppsimd.so+0x149261]  cModule::callInitialize()+0x71
C  [liboppsimd.so+0x16a43c]  cSimulation::startRun()+0xd6
C  [liboppenvird.so+0x911c3]  EnvirBase::startRun()+0x97
C  [libopptkenvd.so+0x34abb]  Tkenv::newRun(char const*, int)+0x1bb
C  [libopptkenvd.so+0x3f3b1]  newRun_cmd(void*, Tcl_Interp*, int, char const**)+0x72
C  [libtcl8.4.so.0+0x1f17e]  TclInvokeStringCommand+0x6e
C  [libtcl8.4.so.0+0x205bb]  TclEvalObjvInternal+0x35b
C  [libtcl8.4.so.0+0x4d2c2]  TclCompEvalObj+0x2782
C  [libtcl8.4.so.0+0x4ac1d]  TclCompEvalObj+0xdd
C  [libtcl8.4.so.0+0x81957]  TclObjInterpProc+0x2a7
C  [libtcl8.4.so.0+0x205bb]  TclEvalObjvInternal+0x35b
C  [libtcl8.4.so.0+0x4d2c2]  TclCompEvalObj+0x2782
C  [libtcl8.4.so.0+0x4ac1d]  TclCompEvalObj+0xdd
C  [libtcl8.4.so.0+0x81957]  TclObjInterpProc+0x2a7
C  [libtcl8.4.so.0+0x205bb]  TclEvalObjvInternal+0x35b
C  [libtcl8.4.so.0+0x2144c]  Tcl_EvalEx+0x4fc
C  [libtcl8.4.so.0+0x216dc]  Tcl_Eval+0x3c
C  [libopptkenvd.so+0x33224]  Tkenv::run()+0x75e
C  [liboppenvird.so+0x8d70d]  EnvirBase::run(int, char**, cConfiguration*)+0x1a5
C  [liboppenvird.so+0x8a66a]  setupUserInterface(int, char**)+0xb82
C  [liboppenvird.so+0x8b1dd]  evMain+0x49
C  [jsimple+0x93b2f]  main+0x1b
C  [libc.so.6+0x16bd6]  __libc_start_main+0xe6

Java frames: (J=compiled Java code, j=interpreted, Vv=VM code)
j  org.omnetpp.simkernel.SimkernelJNI.cSimpleModule_scheduleAt(JLorg/omnetpp/simkernel/cSimpleModule;JLorg/omnetpp/simkernel/SimTime;JLorg/omnetpp/simkernel/cMessage;)I+0
j  org.omnetpp.simkernel.cSimpleModule.scheduleAt(Lorg/omnetpp/simkernel/SimTime;Lorg/omnetpp/simkernel/cMessage;)I+15
j  de.tudarmstadt.maki.simonstrator.util.core.RealtimeScheduler.scheduleIn(JLde/tudarmstadt/maki/simonstrator/api/EventHandler;Ljava/lang/Object;I)V+137
j  de.tudarmstadt.maki.simonstrator.util.core.Start.initialize()V+23
j  org.omnetpp.simkernel.JSimpleModule.initialize(I)V+5
v  ~StubRoutines::call_stub

---------------  P R O C E S S  ---------------

Java Threads: ( => current thread )
  0x0a8d8400 JavaThread "Low Memory Detector" daemon [_thread_blocked, id=1560, stack(0xb3de4000,0xb3e35000)]
  0x0a8d6400 JavaThread "C1 CompilerThread0" daemon [_thread_blocked, id=1559, stack(0xb3e35000,0xb3eb6000)]
  0x0a8d4800 JavaThread "Signal Dispatcher" daemon [_thread_blocked, id=1558, stack(0xb3eb6000,0xb3f07000)]
  0x0a8cdc00 JavaThread "Finalizer" daemon [_thread_blocked, id=1557, stack(0xb3f07000,0xb3f58000)]
  0x0a8cc400 JavaThread "Reference Handler" daemon [_thread_blocked, id=1556, stack(0xb3f58000,0xb3fa9000)]
=>0x0a868800 JavaThread "main" [_thread_in_native, id=1544, stack(0xbf869000,0xbf8b9000)]

Other Threads:
  0x0a8c2400 VMThread [stack: 0xb3fa9000,0xb402a000] [id=1555]
  0x0a8db400 WatcherThread [stack: 0xb3d63000,0xb3de4000] [id=1561]

VM state:not at safepoint (normal execution)

VM Mutex/Monitor currently owned by a thread: None

Heap
 def new generation   total 4928K, used 992K [0x6fa10000, 0x6ff60000, 0x7a4b0000)
  eden space 4416K,  22% used [0x6fa10000, 0x6fb082a0, 0x6fe60000)
  from space 512K,   0% used [0x6fe60000, 0x6fe60000, 0x6fee0000)
  to   space 512K,   0% used [0x6fee0000, 0x6fee0000, 0x6ff60000)
 tenured generation   total 10944K, used 0K [0x7a4b0000, 0x7af60000, 0x8fa10000)
   the space 10944K,   0% used [0x7a4b0000, 0x7a4b0000, 0x7a4b0200, 0x7af60000)
 compacting perm gen  total 12288K, used 493K [0x8fa10000, 0x90610000, 0x93a10000)
   the space 12288K,   4% used [0x8fa10000, 0x8fa8b420, 0x8fa8b600, 0x90610000)
    ro space 10240K,  56% used [0x93a10000, 0x93fad218, 0x93fad400, 0x94410000)
    rw space 12288K,  60% used [0x94410000, 0x94b5c138, 0x94b5c200, 0x95010000)

Card table byte_map: [0xb428d000,0xb43b9000] byte_map_base: 0xb3f0ff80

Polling page: 0xb77c6000

Code Cache  [0xb43b9000, 0xb4459000, 0xb63b9000)
 total_blobs=181 nmethods=14 adapters=104 free_code_cache=32130Kb largest_free_block=32901312

Compilation events (10 events):
Event: 0.861 Thread 0x0a8d6400   10             java.lang.String::lastIndexOf (156 bytes)
Event: 0.862 Thread 0x0a8d6400 nmethod 10 0xb4455a48 code [0xb4455b70, 0xb4455d7c]
Event: 0.863 Thread 0x0a8d6400   11             java.io.UnixFileSystem::normalize (75 bytes)
Event: 0.864 Thread 0x0a8d6400 nmethod 11 0xb4456048 code [0xb4456180, 0xb4456340]
Event: 1.193 Thread 0x0a8d6400   12             java.lang.String::indexOf (166 bytes)
Event: 1.194 Thread 0x0a8d6400 nmethod 12 0xb4456588 code [0xb44566a0, 0xb44568d0]
Event: 1.329 Thread 0x0a8d6400   13             java.lang.String::replace (142 bytes)
Event: 1.331 Thread 0x0a8d6400 nmethod 13 0xb4456bc8 code [0xb4456cf0, 0xb4456fa0]
Event: 1.584 Thread 0x0a8d6400   14             sun.net.www.ParseUtil::encodePath (336 bytes)
Event: 1.586 Thread 0x0a8d6400 nmethod 14 0xb4457988 code [0xb4457b40, 0xb4458184]

GC Heap History (0 events):
No events

Deoptimization events (0 events):
No events

Internal exceptions (10 events):
Event: 1.383 Thread 0x0a868800 Threw 0x6faeacd8 at /build/buildd/openjdk-6-6b31-1.13.3/build/openjdk/hotspot/src/share/vm/classfile/systemDictionary.cpp:179
Event: 1.383 Thread 0x0a868800 Threw 0x6faeafe0 at /build/buildd/openjdk-6-6b31-1.13.3/build/openjdk/hotspot/src/share/vm/prims/jvm.cpp:1235
Event: 1.385 Thread 0x0a868800 Threw 0x6faef148 at /build/buildd/openjdk-6-6b31-1.13.3/build/openjdk/hotspot/src/share/vm/classfile/systemDictionary.cpp:179
Event: 1.385 Thread 0x0a868800 Threw 0x6faef4d8 at /build/buildd/openjdk-6-6b31-1.13.3/build/openjdk/hotspot/src/share/vm/prims/jvm.cpp:1235
Event: 1.584 Thread 0x0a868800 Threw 0x6faf40f8 at /build/buildd/openjdk-6-6b31-1.13.3/build/openjdk/hotspot/src/share/vm/classfile/systemDictionary.cpp:179
Event: 1.584 Thread 0x0a868800 Threw 0x6faf4408 at /build/buildd/openjdk-6-6b31-1.13.3/build/openjdk/hotspot/src/share/vm/prims/jvm.cpp:1235
Event: 1.593 Thread 0x0a868800 Threw 0x6faf9170 at /build/buildd/openjdk-6-6b31-1.13.3/build/openjdk/hotspot/src/share/vm/classfile/systemDictionary.cpp:179
Event: 1.593 Thread 0x0a868800 Threw 0x6faf94c8 at /build/buildd/openjdk-6-6b31-1.13.3/build/openjdk/hotspot/src/share/vm/prims/jvm.cpp:1235
Event: 1.652 Thread 0x0a868800 Threw 0x6fafb410 at /build/buildd/openjdk-6-6b31-1.13.3/build/openjdk/hotspot/src/share/vm/classfile/systemDictionary.cpp:179
Event: 1.652 Thread 0x0a868800 Threw 0x6fafb7d0 at /build/buildd/openjdk-6-6b31-1.13.3/build/openjdk/hotspot/src/share/vm/prims/jvm.cpp:1235

Events (10 events):
Event: 1.445 loading class 0x0a973b48 done
Event: 1.446 loading class 0x95180930 done
Event: 1.471 loading class 0x0a973ab0
Event: 1.472 loading class 0x0a973ab0 done
Event: 1.583 loading class 0x0a96a1b8
Event: 1.584 loading class 0x0a96a1b8 done
Event: 1.593 loading class 0x0a975ff0
Event: 1.593 loading class 0x0a975ff0 done
Event: 1.652 loading class 0x0a96a2c8
Event: 1.652 loading class 0x0a96a2c8 done


Dynamic libraries:
00110000-005ff000 r-xp 00000000 08:01 421586     /usr/lib/jvm/java-6-openjdk/jre/lib/i386/client/libjvm.so
005ff000-00616000 r--p 004ef000 08:01 421586     /usr/lib/jvm/java-6-openjdk/jre/lib/i386/client/libjvm.so
00616000-00625000 rw-p 00506000 08:01 421586     /usr/lib/jvm/java-6-openjdk/jre/lib/i386/client/libjvm.so
00625000-00a3e000 rw-p 00000000 00:00 0 
00a3e000-00ab1000 r-xp 00000000 08:01 459406     /home/ubuntu/Downloads/omnet/omnetpp-4.4.1/lib/gcc/libopptkenvd.so
00ab1000-00ab2000 r--p 00072000 08:01 459406     /home/ubuntu/Downloads/omnet/omnetpp-4.4.1/lib/gcc/libopptkenvd.so
00ab2000-00b2e000 rw-p 00073000 08:01 459406     /home/ubuntu/Downloads/omnet/omnetpp-4.4.1/lib/gcc/libopptkenvd.so
00b2e000-00c43000 r-xp 00000000 08:01 459383     /home/ubuntu/Downloads/omnet/omnetpp-4.4.1/lib/gcc/liboppenvird.so
00c43000-00c44000 r--p 00114000 08:01 459383     /home/ubuntu/Downloads/omnet/omnetpp-4.4.1/lib/gcc/liboppenvird.so
00c44000-00c45000 rw-p 00115000 08:01 459383     /home/ubuntu/Downloads/omnet/omnetpp-4.4.1/lib/gcc/liboppenvird.so
00c45000-00cac000 r-xp 00000000 08:01 459135     /home/ubuntu/Downloads/omnet/omnetpp-4.4.1/lib/gcc/libopplayoutd.so
00cac000-00cad000 r--p 00066000 08:01 459135     /home/ubuntu/Downloads/omnet/omnetpp-4.4.1/lib/gcc/libopplayoutd.so
00cad000-00cae000 rw-p 00067000 08:01 459135     /home/ubuntu/Downloads/omnet/omnetpp-4.4.1/lib/gcc/libopplayoutd.so
00cae000-00cbd000 r-xp 00000000 08:01 459388     /home/ubuntu/Downloads/omnet/omnetpp-4.4.1/lib/gcc/liboppcmdenvd.so
00cbd000-00cbe000 r--p 0000e000 08:01 459388     /home/ubuntu/Downloads/omnet/omnetpp-4.4.1/lib/gcc/liboppcmdenvd.so
00cbe000-00cbf000 rw-p 0000f000 08:01 459388     /home/ubuntu/Downloads/omnet/omnetpp-4.4.1/lib/gcc/liboppcmdenvd.so
00cbf000-00cc1000 r-xp 00000000 08:01 137704     /lib/tls/i686/cmov/libdl-2.11.1.so
00cc1000-00cc2000 r--p 00001000 08:01 137704     /lib/tls/i686/cmov/libdl-2.11.1.so
00cc2000-00cc3000 rw-p 00002000 08:01 137704     /lib/tls/i686/cmov/libdl-2.11.1.so
00cc3000-00dac000 r-xp 00000000 08:01 269643     /usr/lib/libstdc++.so.6.0.13
00dac000-00db0000 r--p 000e9000 08:01 269643     /usr/lib/libstdc++.so.6.0.13
00db0000-00db1000 rw-p 000ed000 08:01 269643     /usr/lib/libstdc++.so.6.0.13
00db1000-00db8000 rw-p 00000000 00:00 0 
00db8000-00ddc000 r-xp 00000000 08:01 137706     /lib/tls/i686/cmov/libm-2.11.1.so
00ddc000-00ddd000 r--p 00023000 08:01 137706     /lib/tls/i686/cmov/libm-2.11.1.so
00ddd000-00dde000 rw-p 00024000 08:01 137706     /lib/tls/i686/cmov/libm-2.11.1.so
00dde000-00dfb000 r-xp 00000000 08:01 130877     /lib/libgcc_s.so.1
00dfb000-00dfc000 r--p 0001c000 08:01 130877     /lib/libgcc_s.so.1
00dfc000-00dfd000 rw-p 0001d000 08:01 130877     /lib/libgcc_s.so.1
00dfd000-00e12000 r-xp 00000000 08:01 137724     /lib/tls/i686/cmov/libpthread-2.11.1.so
00e12000-00e13000 r--p 00014000 08:01 137724     /lib/tls/i686/cmov/libpthread-2.11.1.so
00e13000-00e14000 rw-p 00015000 08:01 137724     /lib/tls/i686/cmov/libpthread-2.11.1.so
00e14000-00e16000 rw-p 00000000 00:00 0 
00e16000-00e64000 r-xp 00000000 08:01 459121     /home/ubuntu/Downloads/omnet/omnetpp-4.4.1/lib/gcc/liboppcommond.so
00e64000-00e65000 r--p 0004d000 08:01 459121     /home/ubuntu/Downloads/omnet/omnetpp-4.4.1/lib/gcc/liboppcommond.so
00e65000-00e66000 rw-p 0004e000 08:01 459121     /home/ubuntu/Downloads/omnet/omnetpp-4.4.1/lib/gcc/liboppcommond.so
00e66000-00e79000 r-xp 00000000 08:01 133475     /lib/libz.so.1.2.3.3
00e79000-00e7a000 r--p 00012000 08:01 133475     /lib/libz.so.1.2.3.3
00e7a000-00e7b000 rw-p 00013000 08:01 133475     /lib/libz.so.1.2.3.3
00e7b000-00e93000 r-xp 00000000 08:01 270050     /usr/lib/libxcb.so.1.1.0
00e93000-00e94000 r--p 00017000 08:01 270050     /usr/lib/libxcb.so.1.1.0
00e94000-00e95000 rw-p 00018000 08:01 270050     /usr/lib/libxcb.so.1.1.0
00e95000-00e97000 r-xp 00000000 08:01 264758     /usr/lib/libXau.so.6.0.0
00e97000-00e98000 r--p 00001000 08:01 264758     /usr/lib/libXau.so.6.0.0
00e98000-00e99000 rw-p 00002000 08:01 264758     /usr/lib/libXau.so.6.0.0
00e9e000-00eb9000 r-xp 00000000 08:01 133302     /lib/ld-2.11.1.so
00eb9000-00eba000 r--p 0001a000 08:01 133302     /lib/ld-2.11.1.so
00eba000-00ebb000 rw-p 0001b000 08:01 133302     /lib/ld-2.11.1.so
00ebb000-00ebf000 r-xp 00000000 08:01 264769     /usr/lib/libXdmcp.so.6.0.0
00ebf000-00ec0000 r--p 00003000 08:01 264769     /usr/lib/libXdmcp.so.6.0.0
00ec0000-00ec1000 rw-p 00004000 08:01 264769     /usr/lib/libXdmcp.so.6.0.0
00ec1000-00ed4000 r-xp 00000000 08:01 137709     /lib/tls/i686/cmov/libnsl-2.11.1.so
00ed4000-00ed5000 r--p 00012000 08:01 137709     /lib/tls/i686/cmov/libnsl-2.11.1.so
00ed5000-00ed6000 rw-p 00013000 08:01 137709     /lib/tls/i686/cmov/libnsl-2.11.1.so
00ed6000-00ed8000 rw-p 00000000 00:00 0 
00ed8000-00ee0000 r-xp 00000000 08:01 264765     /usr/lib/libXcursor.so.1.0.2
00ee0000-00ee1000 r--p 00007000 08:01 264765     /usr/lib/libXcursor.so.1.0.2
00ee1000-00ee2000 rw-p 00008000 08:01 264765     /usr/lib/libXcursor.so.1.0.2
00ee2000-00eea000 r-xp 00000000 08:01 296299     /usr/lib/libXrender.so.1.3.0
00eea000-00eeb000 r--p 00007000 08:01 296299     /usr/lib/libXrender.so.1.3.0
00eeb000-00eec000 rw-p 00008000 08:01 296299     /usr/lib/libXrender.so.1.3.0
00eec000-00ef0000 r-xp 00000000 08:01 264773     /usr/lib/libXfixes.so.3.1.0
00ef0000-00ef1000 r--p 00003000 08:01 264773     /usr/lib/libXfixes.so.3.1.0
00ef1000-00ef2000 rw-p 00004000 08:01 264773     /usr/lib/libXfixes.so.3.1.0
00ef2000-00ef9000 r-xp 00000000 08:01 137728     /lib/tls/i686/cmov/librt-2.11.1.so
00ef9000-00efa000 r--p 00006000 08:01 137728     /lib/tls/i686/cmov/librt-2.11.1.so
00efa000-00efb000 rw-p 00007000 08:01 137728     /lib/tls/i686/cmov/librt-2.11.1.so
00efb000-00f07000 r-xp 00000000 08:01 421609     /usr/lib/jvm/java-6-openjdk/jre/lib/i386/libverify.so
00f07000-00f08000 r--p 0000b000 08:01 421609     /usr/lib/jvm/java-6-openjdk/jre/lib/i386/libverify.so
00f08000-00f09000 rw-p 0000c000 08:01 421609     /usr/lib/jvm/java-6-openjdk/jre/lib/i386/libverify.so
00f09000-00f2d000 r-xp 00000000 08:01 421578     /usr/lib/jvm/java-6-openjdk/jre/lib/i386/libjava.so
00f2d000-00f2e000 r--p 00023000 08:01 421578     /usr/lib/jvm/java-6-openjdk/jre/lib/i386/libjava.so
00f2e000-00f30000 rw-p 00024000 08:01 421578     /usr/lib/jvm/java-6-openjdk/jre/lib/i386/libjava.so
00f30000-00f36000 r-xp 00000000 08:01 137711     /lib/tls/i686/cmov/libnss_compat-2.11.1.so
00f36000-00f37000 r--p 00006000 08:01 137711     /lib/tls/i686/cmov/libnss_compat-2.11.1.so
00f37000-00f38000 rw-p 00007000 08:01 137711     /lib/tls/i686/cmov/libnss_compat-2.11.1.so
00f3d000-00f3e000 r-xp 00000000 00:00 0          [vdso]
00f3e000-01196000 r-xp 00000000 08:01 459348     /home/ubuntu/Downloads/omnet/omnetpp-4.4.1/lib/gcc/liboppsimd.so
01196000-01197000 r--p 00257000 08:01 459348     /home/ubuntu/Downloads/omnet/omnetpp-4.4.1/lib/gcc/liboppsimd.so
01197000-01198000 rw-p 00258000 08:01 459348     /home/ubuntu/Downloads/omnet/omnetpp-4.4.1/lib/gcc/liboppsimd.so
01198000-0119b000 rw-p 00000000 00:00 0 
0122c000-01233000 r-xp 00000000 08:01 421579     /usr/lib/jvm/java-6-openjdk/jre/lib/i386/libzip.so
01233000-01234000 r--p 00006000 08:01 421579     /usr/lib/jvm/java-6-openjdk/jre/lib/i386/libzip.so
01234000-01235000 rw-p 00007000 08:01 421579     /usr/lib/jvm/java-6-openjdk/jre/lib/i386/libzip.so
0216b000-0226b000 r-xp 00000000 08:01 459226     /home/ubuntu/Downloads/omnet/omnetpp-4.4.1/lib/gcc/liboppnedxmld.so
0226b000-0226c000 r--p 000ff000 08:01 459226     /home/ubuntu/Downloads/omnet/omnetpp-4.4.1/lib/gcc/liboppnedxmld.so
0226c000-0226d000 rw-p 00100000 08:01 459226     /home/ubuntu/Downloads/omnet/omnetpp-4.4.1/lib/gcc/liboppnedxmld.so
0226d000-0226e000 rw-p 00000000 00:00 0 
02af2000-02c16000 r-xp 00000000 08:01 273771     /usr/lib/libxml2.so.2.7.6
02c16000-02c17000 ---p 00124000 08:01 273771     /usr/lib/libxml2.so.2.7.6
02c17000-02c1b000 r--p 00124000 08:01 273771     /usr/lib/libxml2.so.2.7.6
02c1b000-02c1c000 rw-p 00128000 08:01 273771     /usr/lib/libxml2.so.2.7.6
02c1c000-02c1d000 rw-p 00000000 00:00 0 
05cdc000-05d8c000 r-xp 00000000 08:01 265671     /usr/lib/libtcl8.4.so.0
05d8c000-05d8d000 ---p 000b0000 08:01 265671     /usr/lib/libtcl8.4.so.0
05d8d000-05d8e000 r--p 000b0000 08:01 265671     /usr/lib/libtcl8.4.so.0
05d8e000-05d93000 rw-p 000b1000 08:01 265671     /usr/lib/libtcl8.4.so.0
05e4f000-05f2d000 r-xp 00000000 08:01 273817     /usr/lib/libBLT.2.4.so.8.4
05f2d000-05f2e000 r--p 000dd000 08:01 273817     /usr/lib/libBLT.2.4.so.8.4
05f2e000-05f3f000 rw-p 000de000 08:01 273817     /usr/lib/libBLT.2.4.so.8.4
05f3f000-05f40000 rw-p 00000000 00:00 0 
0649e000-064a6000 r-xp 00000000 08:01 137719     /lib/tls/i686/cmov/libnss_nis-2.11.1.so
064a6000-064a7000 r--p 00007000 08:01 137719     /lib/tls/i686/cmov/libnss_nis-2.11.1.so
064a7000-064a8000 rw-p 00008000 08:01 137719     /lib/tls/i686/cmov/libnss_nis-2.11.1.so
06868000-06981000 r-xp 00000000 08:01 270065     /usr/lib/libX11.so.6.3.0
06981000-06982000 r--p 00118000 08:01 270065     /usr/lib/libX11.so.6.3.0
06982000-06984000 rw-p 00119000 08:01 270065     /usr/lib/libX11.so.6.3.0
06984000-06985000 rw-p 00000000 00:00 0 
08048000-08111000 r-xp 00000000 08:01 474737     /home/ubuntu/Downloads/omnet/omnetpp-4.4.1/contrib/jsimplemodule/jsimple/out/gcc-debug/jsimple
08111000-08112000 r--p 000c9000 08:01 474737     /home/ubuntu/Downloads/omnet/omnetpp-4.4.1/contrib/jsimplemodule/jsimple/out/gcc-debug/jsimple
08112000-08117000 rw-p 000ca000 08:01 474737     /home/ubuntu/Downloads/omnet/omnetpp-4.4.1/contrib/jsimplemodule/jsimple/out/gcc-debug/jsimple
08117000-08118000 rw-p 00000000 00:00 0 
0868b000-08760000 r-xp 00000000 08:01 265689     /usr/lib/libtk8.4.so.0
08760000-08761000 r--p 000d4000 08:01 265689     /usr/lib/libtk8.4.so.0
08761000-0876c000 rw-p 000d5000 08:01 265689     /usr/lib/libtk8.4.so.0
0876c000-0876d000 rw-p 00000000 00:00 0 
0893c000-08a8f000 r-xp 00000000 08:01 137698     /lib/tls/i686/cmov/libc-2.11.1.so
08a8f000-08a90000 ---p 00153000 08:01 137698     /lib/tls/i686/cmov/libc-2.11.1.so
08a90000-08a92000 r--p 00153000 08:01 137698     /lib/tls/i686/cmov/libc-2.11.1.so
08a92000-08a93000 rw-p 00155000 08:01 137698     /lib/tls/i686/cmov/libc-2.11.1.so
08a93000-08a96000 rw-p 00000000 00:00 0 
0930b000-09315000 r-xp 00000000 08:01 137715     /lib/tls/i686/cmov/libnss_files-2.11.1.so
09315000-09316000 r--p 00009000 08:01 137715     /lib/tls/i686/cmov/libnss_files-2.11.1.so
09316000-09317000 rw-p 0000a000 08:01 137715     /lib/tls/i686/cmov/libnss_files-2.11.1.so
0994c000-0aa1e000 rw-p 00000000 00:00 0          [heap]
6fa10000-6ff60000 rw-p 00000000 00:00 0 
6ff60000-7a4b0000 rw-p 00000000 00:00 0 
7a4b0000-7af60000 rw-p 00000000 00:00 0 
7af60000-8fa10000 rw-p 00000000 00:00 0 
8fa10000-90610000 rw-p 00000000 00:00 0 
90610000-93a10000 rw-p 00000000 00:00 0 
93a10000-93fae000 r--p 00001000 08:01 422236     /usr/lib/jvm/java-6-openjdk/jre/lib/i386/client/classes.jsa
93fae000-94410000 rw-p 00000000 00:00 0 
94410000-94b5d000 rw-p 0059f000 08:01 422236     /usr/lib/jvm/java-6-openjdk/jre/lib/i386/client/classes.jsa
94b5d000-95010000 rw-p 00000000 00:00 0 
95010000-9531f000 rw-p 00cec000 08:01 422236     /usr/lib/jvm/java-6-openjdk/jre/lib/i386/client/classes.jsa
9531f000-95410000 rw-p 00000000 00:00 0 
95410000-95419000 r-xp 00ffb000 08:01 422236     /usr/lib/jvm/java-6-openjdk/jre/lib/i386/client/classes.jsa
95419000-95810000 rw-p 00000000 00:00 0 
b3c96000-b3d63000 rw-p 00000000 00:00 0 
b3d63000-b3d64000 ---p 00000000 00:00 0 
b3d64000-b3de4000 rw-p 00000000 00:00 0 
b3de4000-b3de7000 ---p 00000000 00:00 0 
b3de7000-b3e35000 rw-p 00000000 00:00 0 
b3e35000-b3e38000 ---p 00000000 00:00 0 
b3e38000-b3eb6000 rw-p 00000000 00:00 0 
b3eb6000-b3eb9000 ---p 00000000 00:00 0 
b3eb9000-b3f07000 rw-p 00000000 00:00 0 
b3f07000-b3f0a000 ---p 00000000 00:00 0 
b3f0a000-b3f58000 rw-p 00000000 00:00 0 
b3f58000-b3f5b000 ---p 00000000 00:00 0 
b3f5b000-b3fa9000 rw-p 00000000 00:00 0 
b3fa9000-b3faa000 ---p 00000000 00:00 0 
b3faa000-b402a000 rw-p 00000000 00:00 0 
b402a000-b41c1000 r--s 01a14000 08:01 421572     /usr/lib/jvm/java-6-openjdk/jre/lib/rt.jar
b41c1000-b41c8000 rw-p 00000000 00:00 0 
b41c8000-b41e2000 rw-p 00000000 00:00 0 
b41e2000-b41e8000 rw-p 00000000 00:00 0 
b41e8000-b428d000 rw-p 00000000 00:00 0 
b428d000-b4290000 rw-p 00000000 00:00 0 
b4290000-b42e2000 rw-p 00000000 00:00 0 
b42e2000-b42e8000 rw-p 00000000 00:00 0 
b42e8000-b438d000 rw-p 00000000 00:00 0 
b438d000-b4393000 rw-p 00000000 00:00 0 
b4393000-b43ad000 rw-p 00000000 00:00 0 
b43ad000-b43b9000 rw-p 00000000 00:00 0 
b43b9000-b4459000 rwxp 00000000 00:00 0 
b4459000-b63b9000 rw-p 00000000 00:00 0 
b63b9000-b6e9c000 rw-p 00000000 00:00 0 
b6e9c000-b6ed6000 rw-p 00000000 00:00 0 
b6ee3000-b6ef5000 rw-p 00000000 00:00 0 
b6ef5000-b6f72000 rw-p 00000000 00:00 0 
b6f72000-b6f7a000 rw-s 00000000 08:01 269578     /tmp/hsperfdata_ubuntu/1544
b6f7a000-b6fb9000 r--p 00000000 08:01 269850     /usr/lib/locale/en_US.utf8/LC_CTYPE
b6fb9000-b6fba000 ---p 00000000 00:00 0 
b6fba000-b77c0000 rw-p 00000000 00:00 0 
b77c0000-b77c3000 r--s 00020000 08:01 458350     /home/ubuntu/Downloads/omnet/omnetpp-4.4.1/contrib/jsimplemodule/jsimple/simkernel.jar
b77c3000-b77c5000 r--s 0000f000 08:01 421031     /usr/lib/jvm/java-6-openjdk/jre/lib/ext/pulse-java.jar
b77c5000-b77c6000 rw-p 00000000 00:00 0 
b77c6000-b77c7000 r--p 00000000 00:00 0 
b77c7000-b77c8000 rw-p 00000000 00:00 0 
b77c8000-b77cf000 r--s 00000000 08:01 268524     /usr/lib/gconv/gconv-modules.cache
b77cf000-b77d3000 rw-p 00000000 00:00 0 
bf869000-bf86c000 ---p 00000000 00:00 0 
bf86c000-bf8b9000 rw-p 00000000 00:00 0          [stack]

VM Arguments:
jvm_args: -Djava.library.path=. 
java_command: <unknown>
Launcher Type: generic

Environment Variables:
CLASSPATH=/home/ubuntu/git/Hiwis/Hiwis/bin;/home/ubuntu/Downloads/omnet/omnetpp-4.4.1/contrib/jsimplemodule/jsimple/out/classes
PATH=/home/ubuntu/Downloads/omnet/omnetpp-4.4.1/bin::/home/ubuntu/Downloads/omnet/omnetpp-4.4.1/bin:/usr/local/sbin:/usr/local/bin:/usr/sbin:/usr/bin:/sbin:/bin:/usr/games
USERNAME=ubuntu
LD_LIBRARY_PATH=/home/ubuntu/Downloads/omnet/omnetpp-4.4.1/lib::/usr/lib/jvm/java-6-openjdk/jre/lib/i386/client:/usr/lib/jvm/java-6-openjdk/jre/lib/i386:
SHELL=/bin/bash
DISPLAY=:0.0
DYLD_LIBRARY_PATH=/usr/lib/jvm/java-6-openjdk/jre/lib/i386/server

Signal Handlers:
SIGSEGV: [libjvm.so+0x48e7a0], sa_mask[0]=0x7ffbfeff, sa_flags=0x10000004
SIGBUS: [libjvm.so+0x48e7a0], sa_mask[0]=0x7ffbfeff, sa_flags=0x10000004
SIGFPE: [libjvm.so+0x399200], sa_mask[0]=0x7ffbfeff, sa_flags=0x10000004
SIGPIPE: [libjvm.so+0x399200], sa_mask[0]=0x7ffbfeff, sa_flags=0x10000004
SIGXFSZ: [libjvm.so+0x399200], sa_mask[0]=0x7ffbfeff, sa_flags=0x10000004
SIGILL: [libjvm.so+0x399200], sa_mask[0]=0x7ffbfeff, sa_flags=0x10000004
SIGUSR1: SIG_DFL, sa_mask[0]=0x00000000, sa_flags=0x00000000
SIGUSR2: [libjvm.so+0x398c80], sa_mask[0]=0x00000004, sa_flags=0x10000004
SIGHUP: [libjvm.so+0x39c280], sa_mask[0]=0x7ffbfeff, sa_flags=0x10000004
SIGINT: [libjvm.so+0x39c280], sa_mask[0]=0x7ffbfeff, sa_flags=0x10000004
SIGTERM: [libjvm.so+0x39c280], sa_mask[0]=0x7ffbfeff, sa_flags=0x10000004
SIGQUIT: [libjvm.so+0x39c280], sa_mask[0]=0x7ffbfeff, sa_flags=0x10000004


---------------  S Y S T E M  ---------------

OS:Ubuntu 10.04 (lucid)
uname:Linux 2.6.32-21-generic #32-Ubuntu SMP Fri Apr 16 08:10:02 UTC 2010 i686
libc:glibc 2.11.1 NPTL 2.11.1 
rlimit: STACK 8192k, CORE 0k, NPROC infinity, NOFILE 1024, AS infinity
load average:1.60 1.39 0.95

/proc/meminfo:
MemTotal:        2061752 kB
MemFree:         1296716 kB
Buffers:           55596 kB
Cached:           297892 kB
SwapCached:            0 kB
Active:           454340 kB
Inactive:         262260 kB
Active(anon):     367724 kB
Inactive(anon):       16 kB
Active(file):      86616 kB
Inactive(file):   262244 kB
Unevictable:           0 kB
Mlocked:               0 kB
HighTotal:       1187784 kB
HighFree:         519560 kB
LowTotal:         873968 kB
LowFree:          777156 kB
SwapTotal:        407544 kB
SwapFree:         407544 kB
Dirty:                52 kB
Writeback:             0 kB
AnonPages:        363112 kB
Mapped:            78852 kB
Shmem:              4632 kB
Slab:              34212 kB
SReclaimable:      26468 kB
SUnreclaim:         7744 kB
KernelStack:        2256 kB
PageTables:         5044 kB
NFS_Unstable:          0 kB
Bounce:                0 kB
WritebackTmp:          0 kB
CommitLimit:     1438420 kB
Committed_AS:     975272 kB
VmallocTotal:     122880 kB
VmallocUsed:       30964 kB
VmallocChunk:      87112 kB
HardwareCorrupted:     0 kB
HugePages_Total:       0
HugePages_Free:        0
HugePages_Rsvd:        0
HugePages_Surp:        0
Hugepagesize:       4096 kB
DirectMap4k:       12280 kB
DirectMap4M:      897024 kB


CPU:total 1 (2 cores per cpu, 2 threads per core) family 6 model 58 stepping 9, cmov, cx8, fxsr, mmx, sse, sse2, sse3, ssse3, sse4.1, sse4.2, popcnt, ht, tsc, tscinvbit, tscinv

/proc/cpuinfo:
processor	: 0
vendor_id	: GenuineIntel
cpu family	: 6
model		: 58
model name	: Intel(R) Core(TM) i3-3110M CPU @ 2.40GHz
stepping	: 9
cpu MHz		: 2470.471
cache size	: 6144 KB
fdiv_bug	: no
hlt_bug		: no
f00f_bug	: no
coma_bug	: no
fpu		: yes
fpu_exception	: yes
cpuid level	: 5
wp		: yes
flags		: fpu vme de pse tsc msr pae mce cx8 apic mtrr pge mca cmov pat pse36 clflush mmx fxsr sse sse2 rdtscp constant_tsc up pni monitor ssse3
bogomips	: 4940.94
clflush size	: 64
cache_alignment	: 64
address sizes	: 36 bits physical, 48 bits virtual
power management:



Memory: 4k page, physical 2061752k(1296716k free), swap 407544k(407544k free)

vm_info: OpenJDK Client VM (23.25-b01) for linux-x86 JRE (1.6.0_31-b31), built on Apr 17 2014 22:13:12 by "buildd" with gcc 4.4.3

time: Wed Aug 20 05:36:19 2014
elapsed time: 2 seconds

