#
# A fatal error has been detected by the Java Runtime Environment:
#
#  SIGSEGV (0xb) at pc=0x002774c6, pid=1780, tid=3079235280
#
# JRE version: 6.0_31-b31
# Java VM: OpenJDK Client VM (23.25-b01 mixed mode, sharing linux-x86 )
# Problematic frame:
# C  [liboppsimd.so+0x1674c6]  cSimpleModule::scheduleAt(SimTime, cMessage*)+0x17a
#
# Failed to write core dump. Core dumps have been disabled. To enable core dumping, try "ulimit -c unlimited" before starting Java again
#
# If you would like to submit a bug report, please include
# instructions how to reproduce the bug and visit:
#   https://bugs.launchpad.net/ubuntu/+source/openjdk-6/
# The crash happened outside the Java Virtual Machine in native code.
# See problematic frame for where to report the bug.
#

---------------  T H R E A D  ---------------

Current thread (0x0916e000):  JavaThread "main" [_thread_in_native, id=1780, stack(0xbf802000,0xbf852000)]

siginfo:si_signo=SIGSEGV: si_errno=0, si_code=1 (SEGV_MAPERR), si_addr=0x00000000

Registers:
EAX=0x00000000, EBX=0x00000000, ECX=0x5d8a0000, EDX=0x080da11a
ESP=0xbf84e6b0, EBP=0xbf84e728, ESI=0x8fa2bab0, EDI=0x0916e000
EIP=0x002774c6, EFLAGS=0x00210202, CR2=0x00000000

Top of Stack: (sp=0xbf84e6b0)
0xbf84e6b0:   08263118 bf84e6f4 0014bc7c b78acbf0
0xbf84e6c0:   00000000 ffffffff 00704ff4 080687e0
0xbf84e6d0:   00000005 bf84e710 006f66b6 00705ab0
0xbf84e6e0:   00000000 00000001 00000005 00000000
0xbf84e6f0:   00000005 00000000 00000000 00000000
0xbf84e700:   0014bc7c 8fa2bab0 8fa2bab0 0916e000
0xbf84e710:   bf84e798 006fc3c0 01634578 8fa2bab0
0xbf84e720:   8fa2bab0 0916e000 bf84e798 0809e31b 

Instructions: (pc=0x002774c6)
0x002774a6:   e8 67 3b 00 00 85 c0 74 07 b8 01 00 00 00 eb 05
0x002774b6:   b8 00 00 00 00 84 c0 0f 84 6c 01 00 00 8b 45 08
0x002774c6:   8b 00 83 c0 14 8b 10 8b 45 08 89 04 24 ff d2 89
0x002774d6:   c6 8b 45 08 8b 00 83 c0 20 8b 08 8b 55 08 8d 45 

Register to memory mapping:

EAX=0x00000000 is an unknown value
EBX=0x00000000 is an unknown value
ECX=0x5d8a0000 is an unknown value
EDX=0x080da11a: _ZNK7cModule8isModuleEv+0 in /home/ubuntu/Downloads/omnet/omnetpp-4.4.1/contrib/jsimplemodule/jsimple/jsimple at 0x08048000
ESP=0xbf84e6b0 is pointing into the stack for thread: 0x0916e000
EBP=0xbf84e728 is pointing into the stack for thread: 0x0916e000
ESI=0x8fa2bab0 is an oop
{method} 
 - klass: {other class}
EDI=0x0916e000 is a thread


Stack: [0xbf802000,0xbf852000],  sp=0xbf84e6b0,  free space=305k
Native frames: (J=compiled Java code, j=interpreted, Vv=VM code, C=native code)
C  [liboppsimd.so+0x1674c6]  cSimpleModule::scheduleAt(SimTime, cMessage*)+0x17a
C  [jsimple+0x5631b]  Java_org_omnetpp_simkernel_SimkernelJNI_cSimpleModule_1scheduleAt+0xcc
j  org.omnetpp.simkernel.SimkernelJNI.cSimpleModule_scheduleAt(JLorg/omnetpp/simkernel/cSimpleModule;JLorg/omnetpp/simkernel/SimTime;JLorg/omnetpp/simkernel/cMessage;)I+0
j  org.omnetpp.simkernel.cSimpleModule.scheduleAt(Lorg/omnetpp/simkernel/SimTime;Lorg/omnetpp/simkernel/cMessage;)I+15
j  de.tudarmstadt.maki.simonstrator.util.core.RealtimeScheduler.scheduleIn(JLde/tudarmstadt/maki/simonstrator/api/EventHandler;Ljava/lang/Object;I)V+137
j  de.tudarmstadt.maki.simonstrator.util.core.Start.initialize()V+15
j  org.omnetpp.simkernel.JSimpleModule.initialize(I)V+5
v  ~StubRoutines::call_stub
V  [libjvm.so+0x26dd84]  JavaCalls::call_helper(JavaValue*, methodHandle*, JavaCallArguments*, Thread*)+0x314
V  [libjvm.so+0x397799]  os::os_exception_wrapper(void (*)(JavaValue*, methodHandle*, JavaCallArguments*, Thread*), JavaValue*, methodHandle*, JavaCallArguments*, Thread*)+0x19
V  [libjvm.so+0x26c9bf]  JavaCalls::call(JavaValue*, methodHandle, JavaCallArguments*, Thread*)+0x2f
V  [libjvm.so+0x279f2c]  jni_invoke_nonstatic(JNIEnv_*, JavaValue*, _jobject*, JNICallType, _jmethodID*, JNI_ArgumentPusher*, Thread*)+0x27c
V  [libjvm.so+0x2890e0]  jni_CallVoidMethodV+0xc0
C  [jsimple+0x92112]  JNIEnv_::CallVoidMethod(_jobject*, _jmethodID*, ...)+0x34
C  [jsimple+0x91c0f]  JSimpleModule::initialize(int)+0x4d
C  [liboppsimd.so+0x149647]  cModule::initializeModules(int)+0x18b
C  [liboppsimd.so+0x14977b]  cModule::initializeModules(int)+0x2bf
C  [liboppsimd.so+0x149261]  cModule::callInitialize()+0x71
C  [liboppsimd.so+0x16a43c]  cSimulation::startRun()+0xd6
C  [liboppenvird.so+0x911c3]  EnvirBase::startRun()+0x97
C  [libopptkenvd.so+0x34abb]  Tkenv::newRun(char const*, int)+0x1bb
C  [libopptkenvd.so+0x3f3b1]  newRun_cmd(void*, Tcl_Interp*, int, char const**)+0x72
C  [libtcl8.4.so.0+0x1f17e]  TclInvokeStringCommand+0x6e
C  [libtcl8.4.so.0+0x205bb]  TclEvalObjvInternal+0x35b
C  [libtcl8.4.so.0+0x4d2c2]  TclCompEvalObj+0x2782
C  [libtcl8.4.so.0+0x4ac1d]  TclCompEvalObj+0xdd
C  [libtcl8.4.so.0+0x81957]  TclObjInterpProc+0x2a7
C  [libtcl8.4.so.0+0x205bb]  TclEvalObjvInternal+0x35b
C  [libtcl8.4.so.0+0x4d2c2]  TclCompEvalObj+0x2782
C  [libtcl8.4.so.0+0x4ac1d]  TclCompEvalObj+0xdd
C  [libtcl8.4.so.0+0x81957]  TclObjInterpProc+0x2a7
C  [libtcl8.4.so.0+0x205bb]  TclEvalObjvInternal+0x35b
C  [libtcl8.4.so.0+0x2144c]  Tcl_EvalEx+0x4fc
C  [libtcl8.4.so.0+0x216dc]  Tcl_Eval+0x3c
C  [libopptkenvd.so+0x33224]  Tkenv::run()+0x75e
C  [liboppenvird.so+0x8d70d]  EnvirBase::run(int, char**, cConfiguration*)+0x1a5
C  [liboppenvird.so+0x8a66a]  setupUserInterface(int, char**)+0xb82
C  [liboppenvird.so+0x8b1dd]  evMain+0x49
C  [jsimple+0x93b2f]  main+0x1b
C  [libc.so.6+0x16bd6]  __libc_start_main+0xe6

Java frames: (J=compiled Java code, j=interpreted, Vv=VM code)
j  org.omnetpp.simkernel.SimkernelJNI.cSimpleModule_scheduleAt(JLorg/omnetpp/simkernel/cSimpleModule;JLorg/omnetpp/simkernel/SimTime;JLorg/omnetpp/simkernel/cMessage;)I+0
j  org.omnetpp.simkernel.cSimpleModule.scheduleAt(Lorg/omnetpp/simkernel/SimTime;Lorg/omnetpp/simkernel/cMessage;)I+15
j  de.tudarmstadt.maki.simonstrator.util.core.RealtimeScheduler.scheduleIn(JLde/tudarmstadt/maki/simonstrator/api/EventHandler;Ljava/lang/Object;I)V+137
j  de.tudarmstadt.maki.simonstrator.util.core.Start.initialize()V+15
j  org.omnetpp.simkernel.JSimpleModule.initialize(I)V+5
v  ~StubRoutines::call_stub

---------------  P R O C E S S  ---------------

Java Threads: ( => current thread )
  0x091ddc00 JavaThread "Low Memory Detector" daemon [_thread_blocked, id=1791, stack(0xb3ec8000,0xb3f19000)]
  0x091dc000 JavaThread "C1 CompilerThread0" daemon [_thread_blocked, id=1790, stack(0xb3f19000,0xb3f9a000)]
  0x091da400 JavaThread "Signal Dispatcher" daemon [_thread_blocked, id=1789, stack(0xb3f9a000,0xb3feb000)]
  0x091d3800 JavaThread "Finalizer" daemon [_thread_blocked, id=1788, stack(0xb3feb000,0xb403c000)]
  0x091d2000 JavaThread "Reference Handler" daemon [_thread_blocked, id=1787, stack(0xb403c000,0xb408d000)]
=>0x0916e000 JavaThread "main" [_thread_in_native, id=1780, stack(0xbf802000,0xbf852000)]

Other Threads:
  0x091c8000 VMThread [stack: 0xb408d000,0xb410e000] [id=1786]
  0x091e0c00 WatcherThread [stack: 0xb3e47000,0xb3ec8000] [id=1792]

VM state:not at safepoint (normal execution)

VM Mutex/Monitor currently owned by a thread: None

Heap
 def new generation   total 4800K, used 976K [0x70410000, 0x70940000, 0x7ab60000)
  eden space 4288K,  22% used [0x70410000, 0x705040a0, 0x70840000)
  from space 512K,   0% used [0x70840000, 0x70840000, 0x708c0000)
  to   space 512K,   0% used [0x708c0000, 0x708c0000, 0x70940000)
 tenured generation   total 10752K, used 0K [0x7ab60000, 0x7b5e0000, 0x8fa10000)
   the space 10752K,   0% used [0x7ab60000, 0x7ab60000, 0x7ab60200, 0x7b5e0000)
 compacting perm gen  total 12288K, used 488K [0x8fa10000, 0x90610000, 0x93a10000)
   the space 12288K,   3% used [0x8fa10000, 0x8fa8a038, 0x8fa8a200, 0x90610000)
    ro space 10240K,  56% used [0x93a10000, 0x93fad218, 0x93fad400, 0x94410000)
    rw space 12288K,  60% used [0x94410000, 0x94b5c138, 0x94b5c200, 0x95010000)

Card table byte_map: [0xb436e000,0xb4495000] byte_map_base: 0xb3febf80

Polling page: 0xb78a2000

Code Cache  [0xb4495000, 0xb4535000, 0xb6495000)
 total_blobs=180 nmethods=13 adapters=104 free_code_cache=32144Kb largest_free_block=32916352

Compilation events (10 events):
Event: 1.107 Thread 0x091dc000    9             java.lang.String::lastIndexOf (156 bytes)
Event: 1.108 Thread 0x091dc000 nmethod 9 0xb452ab08 code [0xb452ac30, 0xb452ae3c]
Event: 1.122 Thread 0x091dc000   10             java.io.UnixFileSystem::normalize (75 bytes)
Event: 1.125 Thread 0x091dc000 nmethod 10 0xb452b108 code [0xb452b240, 0xb452b400]
Event: 1.183 Thread 0x091dc000   11             java.lang.String::indexOf (166 bytes)
Event: 1.184 Thread 0x091dc000 nmethod 11 0xb452eac8 code [0xb452ebe0, 0xb452ee10]
Event: 1.199 Thread 0x091dc000   12             java.lang.String::replace (142 bytes)
Event: 1.205 Thread 0x091dc000 nmethod 12 0xb452f108 code [0xb452f230, 0xb452f4e0]
Event: 1.326 Thread 0x091dc000   13             sun.net.www.ParseUtil::encodePath (336 bytes)
Event: 1.328 Thread 0x091dc000 nmethod 13 0xb452fec8 code [0xb4530080, 0xb45306c4]

GC Heap History (0 events):
No events

Deoptimization events (0 events):
No events

Internal exceptions (10 events):
Event: 1.240 Thread 0x0916e000 Threw 0x704e8940 at /build/buildd/openjdk-6-6b31-1.13.3/build/openjdk/hotspot/src/share/vm/classfile/systemDictionary.cpp:179
Event: 1.240 Thread 0x0916e000 Threw 0x704e8c48 at /build/buildd/openjdk-6-6b31-1.13.3/build/openjdk/hotspot/src/share/vm/prims/jvm.cpp:1235
Event: 1.254 Thread 0x0916e000 Threw 0x704ec0e8 at /build/buildd/openjdk-6-6b31-1.13.3/build/openjdk/hotspot/src/share/vm/classfile/systemDictionary.cpp:179
Event: 1.254 Thread 0x0916e000 Threw 0x704eec60 at /build/buildd/openjdk-6-6b31-1.13.3/build/openjdk/hotspot/src/share/vm/prims/jvm.cpp:1235
Event: 1.325 Thread 0x0916e000 Threw 0x704f22b0 at /build/buildd/openjdk-6-6b31-1.13.3/build/openjdk/hotspot/src/share/vm/classfile/systemDictionary.cpp:179
Event: 1.326 Thread 0x0916e000 Threw 0x704f25c0 at /build/buildd/openjdk-6-6b31-1.13.3/build/openjdk/hotspot/src/share/vm/prims/jvm.cpp:1235
Event: 1.331 Thread 0x0916e000 Threw 0x704f73d8 at /build/buildd/openjdk-6-6b31-1.13.3/build/openjdk/hotspot/src/share/vm/classfile/systemDictionary.cpp:179
Event: 1.332 Thread 0x0916e000 Threw 0x704f7730 at /build/buildd/openjdk-6-6b31-1.13.3/build/openjdk/hotspot/src/share/vm/prims/jvm.cpp:1235
Event: 1.336 Thread 0x0916e000 Threw 0x704f98f0 at /build/buildd/openjdk-6-6b31-1.13.3/build/openjdk/hotspot/src/share/vm/classfile/systemDictionary.cpp:179
Event: 1.336 Thread 0x0916e000 Threw 0x704f9cb0 at /build/buildd/openjdk-6-6b31-1.13.3/build/openjdk/hotspot/src/share/vm/prims/jvm.cpp:1235

Events (10 events):
Event: 1.312 loading class 0x0924df38 done
Event: 1.312 loading class 0x95180930 done
Event: 1.321 loading class 0x0924dea0
Event: 1.323 loading class 0x0924dea0 done
Event: 1.325 loading class 0x09246980
Event: 1.325 loading class 0x09246980 done
Event: 1.331 loading class 0x09252168
Event: 1.331 loading class 0x09252168 done
Event: 1.336 loading class 0x09246a90
Event: 1.336 loading class 0x09246a90 done


Dynamic libraries:
00110000-00368000 r-xp 00000000 08:01 459348     /home/ubuntu/Downloads/omnet/omnetpp-4.4.1/lib/gcc/liboppsimd.so
00368000-00369000 r--p 00257000 08:01 459348     /home/ubuntu/Downloads/omnet/omnetpp-4.4.1/lib/gcc/liboppsimd.so
00369000-0036a000 rw-p 00258000 08:01 459348     /home/ubuntu/Downloads/omnet/omnetpp-4.4.1/lib/gcc/liboppsimd.so
0036a000-0036d000 rw-p 00000000 00:00 0 
0036d000-004c0000 r-xp 00000000 08:01 137698     /lib/tls/i686/cmov/libc-2.11.1.so
004c0000-004c1000 ---p 00153000 08:01 137698     /lib/tls/i686/cmov/libc-2.11.1.so
004c1000-004c3000 r--p 00153000 08:01 137698     /lib/tls/i686/cmov/libc-2.11.1.so
004c3000-004c4000 rw-p 00155000 08:01 137698     /lib/tls/i686/cmov/libc-2.11.1.so
004c4000-004c7000 rw-p 00000000 00:00 0 
004c7000-00515000 r-xp 00000000 08:01 459121     /home/ubuntu/Downloads/omnet/omnetpp-4.4.1/lib/gcc/liboppcommond.so
00515000-00516000 r--p 0004d000 08:01 459121     /home/ubuntu/Downloads/omnet/omnetpp-4.4.1/lib/gcc/liboppcommond.so
00516000-00517000 rw-p 0004e000 08:01 459121     /home/ubuntu/Downloads/omnet/omnetpp-4.4.1/lib/gcc/liboppcommond.so
00517000-0052a000 r-xp 00000000 08:01 133475     /lib/libz.so.1.2.3.3
0052a000-0052b000 r--p 00012000 08:01 133475     /lib/libz.so.1.2.3.3
0052b000-0052c000 rw-p 00013000 08:01 133475     /lib/libz.so.1.2.3.3
0052c000-00544000 r-xp 00000000 08:01 270050     /usr/lib/libxcb.so.1.1.0
00544000-00545000 r--p 00017000 08:01 270050     /usr/lib/libxcb.so.1.1.0
00545000-00546000 rw-p 00018000 08:01 270050     /usr/lib/libxcb.so.1.1.0
00546000-00548000 r-xp 00000000 08:01 264758     /usr/lib/libXau.so.6.0.0
00548000-00549000 r--p 00001000 08:01 264758     /usr/lib/libXau.so.6.0.0
00549000-0054a000 rw-p 00002000 08:01 264758     /usr/lib/libXau.so.6.0.0
0054a000-0054e000 r-xp 00000000 08:01 264769     /usr/lib/libXdmcp.so.6.0.0
0054e000-0054f000 r--p 00003000 08:01 264769     /usr/lib/libXdmcp.so.6.0.0
0054f000-00550000 rw-p 00004000 08:01 264769     /usr/lib/libXdmcp.so.6.0.0
00557000-00566000 r-xp 00000000 08:01 459388     /home/ubuntu/Downloads/omnet/omnetpp-4.4.1/lib/gcc/liboppcmdenvd.so
00566000-00567000 r--p 0000e000 08:01 459388     /home/ubuntu/Downloads/omnet/omnetpp-4.4.1/lib/gcc/liboppcmdenvd.so
00567000-00568000 rw-p 0000f000 08:01 459388     /home/ubuntu/Downloads/omnet/omnetpp-4.4.1/lib/gcc/liboppcmdenvd.so
00568000-0057b000 r-xp 00000000 08:01 137709     /lib/tls/i686/cmov/libnsl-2.11.1.so
0057b000-0057c000 r--p 00012000 08:01 137709     /lib/tls/i686/cmov/libnsl-2.11.1.so
0057c000-0057d000 rw-p 00013000 08:01 137709     /lib/tls/i686/cmov/libnsl-2.11.1.so
0057d000-0057f000 rw-p 00000000 00:00 0 
0057f000-00587000 r-xp 00000000 08:01 264765     /usr/lib/libXcursor.so.1.0.2
00587000-00588000 r--p 00007000 08:01 264765     /usr/lib/libXcursor.so.1.0.2
00588000-00589000 rw-p 00008000 08:01 264765     /usr/lib/libXcursor.so.1.0.2
00589000-00591000 r-xp 00000000 08:01 296299     /usr/lib/libXrender.so.1.3.0
00591000-00592000 r--p 00007000 08:01 296299     /usr/lib/libXrender.so.1.3.0
00592000-00593000 rw-p 00008000 08:01 296299     /usr/lib/libXrender.so.1.3.0
00593000-0059f000 r-xp 00000000 08:01 421609     /usr/lib/jvm/java-6-openjdk/jre/lib/i386/libverify.so
0059f000-005a0000 r--p 0000b000 08:01 421609     /usr/lib/jvm/java-6-openjdk/jre/lib/i386/libverify.so
005a0000-005a1000 rw-p 0000c000 08:01 421609     /usr/lib/jvm/java-6-openjdk/jre/lib/i386/libverify.so
005a1000-005c5000 r-xp 00000000 08:01 421578     /usr/lib/jvm/java-6-openjdk/jre/lib/i386/libjava.so
005c5000-005c6000 r--p 00023000 08:01 421578     /usr/lib/jvm/java-6-openjdk/jre/lib/i386/libjava.so
005c6000-005c8000 rw-p 00024000 08:01 421578     /usr/lib/jvm/java-6-openjdk/jre/lib/i386/libjava.so
005c8000-005ce000 r-xp 00000000 08:01 137711     /lib/tls/i686/cmov/libnss_compat-2.11.1.so
005ce000-005cf000 r--p 00006000 08:01 137711     /lib/tls/i686/cmov/libnss_compat-2.11.1.so
005cf000-005d0000 rw-p 00007000 08:01 137711     /lib/tls/i686/cmov/libnss_compat-2.11.1.so
005d0000-005d8000 r-xp 00000000 08:01 137719     /lib/tls/i686/cmov/libnss_nis-2.11.1.so
005d8000-005d9000 r--p 00007000 08:01 137719     /lib/tls/i686/cmov/libnss_nis-2.11.1.so
005d9000-005da000 rw-p 00008000 08:01 137719     /lib/tls/i686/cmov/libnss_nis-2.11.1.so
005da000-005e1000 r-xp 00000000 08:01 421579     /usr/lib/jvm/java-6-openjdk/jre/lib/i386/libzip.so
005e1000-005e2000 r--p 00006000 08:01 421579     /usr/lib/jvm/java-6-openjdk/jre/lib/i386/libzip.so
005e2000-005e3000 rw-p 00007000 08:01 421579     /usr/lib/jvm/java-6-openjdk/jre/lib/i386/libzip.so
005e5000-00602000 r-xp 00000000 08:01 130877     /lib/libgcc_s.so.1
00602000-00603000 r--p 0001c000 08:01 130877     /lib/libgcc_s.so.1
00603000-00604000 rw-p 0001d000 08:01 130877     /lib/libgcc_s.so.1
00604000-006d9000 r-xp 00000000 08:01 265689     /usr/lib/libtk8.4.so.0
006d9000-006da000 r--p 000d4000 08:01 265689     /usr/lib/libtk8.4.so.0
006da000-006e5000 rw-p 000d5000 08:01 265689     /usr/lib/libtk8.4.so.0
006e5000-006e6000 rw-p 00000000 00:00 0 
006e9000-00704000 r-xp 00000000 08:01 133302     /lib/ld-2.11.1.so
00704000-00705000 r--p 0001a000 08:01 133302     /lib/ld-2.11.1.so
00705000-00706000 rw-p 0001b000 08:01 133302     /lib/ld-2.11.1.so
00706000-007b6000 r-xp 00000000 08:01 265671     /usr/lib/libtcl8.4.so.0
007b6000-007b7000 ---p 000b0000 08:01 265671     /usr/lib/libtcl8.4.so.0
007b7000-007b8000 r--p 000b0000 08:01 265671     /usr/lib/libtcl8.4.so.0
007b8000-007bd000 rw-p 000b1000 08:01 265671     /usr/lib/libtcl8.4.so.0
007bd000-007c7000 r-xp 00000000 08:01 137715     /lib/tls/i686/cmov/libnss_files-2.11.1.so
007c7000-007c8000 r--p 00009000 08:01 137715     /lib/tls/i686/cmov/libnss_files-2.11.1.so
007c8000-007c9000 rw-p 0000a000 08:01 137715     /lib/tls/i686/cmov/libnss_files-2.11.1.so
0080f000-00813000 r-xp 00000000 08:01 264773     /usr/lib/libXfixes.so.3.1.0
00813000-00814000 r--p 00003000 08:01 264773     /usr/lib/libXfixes.so.3.1.0
00814000-00815000 rw-p 00004000 08:01 264773     /usr/lib/libXfixes.so.3.1.0
00856000-0085d000 r-xp 00000000 08:01 137728     /lib/tls/i686/cmov/librt-2.11.1.so
0085d000-0085e000 r--p 00006000 08:01 137728     /lib/tls/i686/cmov/librt-2.11.1.so
0085e000-0085f000 rw-p 00007000 08:01 137728     /lib/tls/i686/cmov/librt-2.11.1.so
00862000-00877000 r-xp 00000000 08:01 137724     /lib/tls/i686/cmov/libpthread-2.11.1.so
00877000-00878000 r--p 00014000 08:01 137724     /lib/tls/i686/cmov/libpthread-2.11.1.so
00878000-00879000 rw-p 00015000 08:01 137724     /lib/tls/i686/cmov/libpthread-2.11.1.so
00879000-0087b000 rw-p 00000000 00:00 0 
0087b000-0097b000 r-xp 00000000 08:01 459226     /home/ubuntu/Downloads/omnet/omnetpp-4.4.1/lib/gcc/liboppnedxmld.so
0097b000-0097c000 r--p 000ff000 08:01 459226     /home/ubuntu/Downloads/omnet/omnetpp-4.4.1/lib/gcc/liboppnedxmld.so
0097c000-0097d000 rw-p 00100000 08:01 459226     /home/ubuntu/Downloads/omnet/omnetpp-4.4.1/lib/gcc/liboppnedxmld.so
0097d000-0097e000 rw-p 00000000 00:00 0 
00982000-009f5000 r-xp 00000000 08:01 459406     /home/ubuntu/Downloads/omnet/omnetpp-4.4.1/lib/gcc/libopptkenvd.so
009f5000-009f6000 r--p 00072000 08:01 459406     /home/ubuntu/Downloads/omnet/omnetpp-4.4.1/lib/gcc/libopptkenvd.so
009f6000-00a72000 rw-p 00073000 08:01 459406     /home/ubuntu/Downloads/omnet/omnetpp-4.4.1/lib/gcc/libopptkenvd.so
00aa5000-00bba000 r-xp 00000000 08:01 459383     /home/ubuntu/Downloads/omnet/omnetpp-4.4.1/lib/gcc/liboppenvird.so
00bba000-00bbb000 r--p 00114000 08:01 459383     /home/ubuntu/Downloads/omnet/omnetpp-4.4.1/lib/gcc/liboppenvird.so
00bbb000-00bbc000 rw-p 00115000 08:01 459383     /home/ubuntu/Downloads/omnet/omnetpp-4.4.1/lib/gcc/liboppenvird.so
00c43000-00c67000 r-xp 00000000 08:01 137706     /lib/tls/i686/cmov/libm-2.11.1.so
00c67000-00c68000 r--p 00023000 08:01 137706     /lib/tls/i686/cmov/libm-2.11.1.so
00c68000-00c69000 rw-p 00024000 08:01 137706     /lib/tls/i686/cmov/libm-2.11.1.so
00cb1000-00cb3000 r-xp 00000000 08:01 137704     /lib/tls/i686/cmov/libdl-2.11.1.so
00cb3000-00cb4000 r--p 00001000 08:01 137704     /lib/tls/i686/cmov/libdl-2.11.1.so
00cb4000-00cb5000 rw-p 00002000 08:01 137704     /lib/tls/i686/cmov/libdl-2.11.1.so
00ce0000-00dc9000 r-xp 00000000 08:01 269643     /usr/lib/libstdc++.so.6.0.13
00dc9000-00dcd000 r--p 000e9000 08:01 269643     /usr/lib/libstdc++.so.6.0.13
00dcd000-00dce000 rw-p 000ed000 08:01 269643     /usr/lib/libstdc++.so.6.0.13
00dce000-00dd5000 rw-p 00000000 00:00 0 
00e47000-00eae000 r-xp 00000000 08:01 459135     /home/ubuntu/Downloads/omnet/omnetpp-4.4.1/lib/gcc/libopplayoutd.so
00eae000-00eaf000 r--p 00066000 08:01 459135     /home/ubuntu/Downloads/omnet/omnetpp-4.4.1/lib/gcc/libopplayoutd.so
00eaf000-00eb0000 rw-p 00067000 08:01 459135     /home/ubuntu/Downloads/omnet/omnetpp-4.4.1/lib/gcc/libopplayoutd.so
00eb0000-00fd4000 r-xp 00000000 08:01 273771     /usr/lib/libxml2.so.2.7.6
00fd4000-00fd5000 ---p 00124000 08:01 273771     /usr/lib/libxml2.so.2.7.6
00fd5000-00fd9000 r--p 00124000 08:01 273771     /usr/lib/libxml2.so.2.7.6
00fd9000-00fda000 rw-p 00128000 08:01 273771     /usr/lib/libxml2.so.2.7.6
00fda000-00fdb000 rw-p 00000000 00:00 0 
00fe9000-00fea000 r-xp 00000000 00:00 0          [vdso]
00fea000-014d9000 r-xp 00000000 08:01 421586     /usr/lib/jvm/java-6-openjdk/jre/lib/i386/client/libjvm.so
014d9000-014f0000 r--p 004ef000 08:01 421586     /usr/lib/jvm/java-6-openjdk/jre/lib/i386/client/libjvm.so
014f0000-014ff000 rw-p 00506000 08:01 421586     /usr/lib/jvm/java-6-openjdk/jre/lib/i386/client/libjvm.so
014ff000-01918000 rw-p 00000000 00:00 0 
05451000-0552f000 r-xp 00000000 08:01 273817     /usr/lib/libBLT.2.4.so.8.4
0552f000-05530000 r--p 000dd000 08:01 273817     /usr/lib/libBLT.2.4.so.8.4
05530000-05541000 rw-p 000de000 08:01 273817     /usr/lib/libBLT.2.4.so.8.4
05541000-05542000 rw-p 00000000 00:00 0 
05779000-05892000 r-xp 00000000 08:01 270065     /usr/lib/libX11.so.6.3.0
05892000-05893000 r--p 00118000 08:01 270065     /usr/lib/libX11.so.6.3.0
05893000-05895000 rw-p 00119000 08:01 270065     /usr/lib/libX11.so.6.3.0
05895000-05896000 rw-p 00000000 00:00 0 
08048000-08111000 r-xp 00000000 08:01 474738     /home/ubuntu/Downloads/omnet/omnetpp-4.4.1/contrib/jsimplemodule/jsimple/out/gcc-debug/jsimple
08111000-08112000 r--p 000c9000 08:01 474738     /home/ubuntu/Downloads/omnet/omnetpp-4.4.1/contrib/jsimplemodule/jsimple/out/gcc-debug/jsimple
08112000-08117000 rw-p 000ca000 08:01 474738     /home/ubuntu/Downloads/omnet/omnetpp-4.4.1/contrib/jsimplemodule/jsimple/out/gcc-debug/jsimple
08117000-08118000 rw-p 00000000 00:00 0 
08245000-092fb000 rw-p 00000000 00:00 0          [heap]
70410000-70940000 rw-p 00000000 00:00 0 
70940000-7ab60000 rw-p 00000000 00:00 0 
7ab60000-7b5e0000 rw-p 00000000 00:00 0 
7b5e0000-8fa10000 rw-p 00000000 00:00 0 
8fa10000-90610000 rw-p 00000000 00:00 0 
90610000-93a10000 rw-p 00000000 00:00 0 
93a10000-93fae000 r--p 00001000 08:01 422236     /usr/lib/jvm/java-6-openjdk/jre/lib/i386/client/classes.jsa
93fae000-94410000 rw-p 00000000 00:00 0 
94410000-94b5d000 rw-p 0059f000 08:01 422236     /usr/lib/jvm/java-6-openjdk/jre/lib/i386/client/classes.jsa
94b5d000-95010000 rw-p 00000000 00:00 0 
95010000-9531f000 rw-p 00cec000 08:01 422236     /usr/lib/jvm/java-6-openjdk/jre/lib/i386/client/classes.jsa
9531f000-95410000 rw-p 00000000 00:00 0 
95410000-95419000 r-xp 00ffb000 08:01 422236     /usr/lib/jvm/java-6-openjdk/jre/lib/i386/client/classes.jsa
95419000-95810000 rw-p 00000000 00:00 0 
b3d7a000-b3e47000 rw-p 00000000 00:00 0 
b3e47000-b3e48000 ---p 00000000 00:00 0 
b3e48000-b3ec8000 rw-p 00000000 00:00 0 
b3ec8000-b3ecb000 ---p 00000000 00:00 0 
b3ecb000-b3f19000 rw-p 00000000 00:00 0 
b3f19000-b3f1c000 ---p 00000000 00:00 0 
b3f1c000-b3f9a000 rw-p 00000000 00:00 0 
b3f9a000-b3f9d000 ---p 00000000 00:00 0 
b3f9d000-b3feb000 rw-p 00000000 00:00 0 
b3feb000-b3fee000 ---p 00000000 00:00 0 
b3fee000-b403c000 rw-p 00000000 00:00 0 
b403c000-b403f000 ---p 00000000 00:00 0 
b403f000-b408d000 rw-p 00000000 00:00 0 
b408d000-b408e000 ---p 00000000 00:00 0 
b408e000-b410e000 rw-p 00000000 00:00 0 
b410e000-b42a5000 r--s 01a14000 08:01 421572     /usr/lib/jvm/java-6-openjdk/jre/lib/rt.jar
b42a5000-b42ac000 rw-p 00000000 00:00 0 
b42ac000-b42c6000 rw-p 00000000 00:00 0 
b42c6000-b42cc000 rw-p 00000000 00:00 0 
b42cc000-b436e000 rw-p 00000000 00:00 0 
b436e000-b4371000 rw-p 00000000 00:00 0 
b4371000-b43c1000 rw-p 00000000 00:00 0 
b43c1000-b43c7000 rw-p 00000000 00:00 0 
b43c7000-b4469000 rw-p 00000000 00:00 0 
b4469000-b446f000 rw-p 00000000 00:00 0 
b446f000-b4489000 rw-p 00000000 00:00 0 
b4489000-b4495000 rw-p 00000000 00:00 0 
b4495000-b4535000 rwxp 00000000 00:00 0 
b4535000-b6495000 rw-p 00000000 00:00 0 
b6495000-b6f78000 rw-p 00000000 00:00 0 
b6f78000-b6fb2000 rw-p 00000000 00:00 0 
b6fbf000-b6fd1000 rw-p 00000000 00:00 0 
b6fd1000-b704e000 rw-p 00000000 00:00 0 
b704e000-b7056000 rw-s 00000000 08:01 269585     /tmp/hsperfdata_ubuntu/1780
b7056000-b7095000 r--p 00000000 08:01 269850     /usr/lib/locale/en_US.utf8/LC_CTYPE
b7095000-b7096000 ---p 00000000 00:00 0 
b7096000-b789c000 rw-p 00000000 00:00 0 
b789c000-b789f000 r--s 00020000 08:01 458350     /home/ubuntu/Downloads/omnet/omnetpp-4.4.1/contrib/jsimplemodule/jsimple/simkernel.jar
b789f000-b78a1000 r--s 0000f000 08:01 421031     /usr/lib/jvm/java-6-openjdk/jre/lib/ext/pulse-java.jar
b78a1000-b78a2000 rw-p 00000000 00:00 0 
b78a2000-b78a3000 r--p 00000000 00:00 0 
b78a3000-b78a4000 rw-p 00000000 00:00 0 
b78a4000-b78ab000 r--s 00000000 08:01 268524     /usr/lib/gconv/gconv-modules.cache
b78ab000-b78af000 rw-p 00000000 00:00 0 
bf802000-bf805000 ---p 00000000 00:00 0 
bf805000-bf852000 rw-p 00000000 00:00 0          [stack]

VM Arguments:
jvm_args: -Djava.library.path=. 
java_command: <unknown>
Launcher Type: generic

Environment Variables:
CLASSPATH=/home/ubuntu/Downloads/omnet/omnetpp-4.4.1/samples/Hiwis/bin;/home/ubuntu/Downloads/omnet/omnetpp-4.4.1/contrib/jsimplemodule/jsimple/out/classes
PATH=/home/ubuntu/Downloads/omnet/omnetpp-4.4.1/bin::/home/ubuntu/Downloads/omnet/omnetpp-4.4.1/bin:/usr/local/sbin:/usr/local/bin:/usr/sbin:/usr/bin:/sbin:/bin:/usr/games
USERNAME=ubuntu
LD_LIBRARY_PATH=/home/ubuntu/Downloads/omnet/omnetpp-4.4.1/lib::/usr/lib/jvm/java-6-openjdk/jre/lib/i386/client:/usr/lib/jvm/java-6-openjdk/jre/lib/i386:
SHELL=/bin/bash
DISPLAY=:0.0
DYLD_LIBRARY_PATH=/usr/lib/jvm/java-6-openjdk/jre/lib/i386/server

Signal Handlers:
SIGSEGV: [libjvm.so+0x48e7a0], sa_mask[0]=0x7ffbfeff, sa_flags=0x10000004
SIGBUS: [libjvm.so+0x48e7a0], sa_mask[0]=0x7ffbfeff, sa_flags=0x10000004
SIGFPE: [libjvm.so+0x399200], sa_mask[0]=0x7ffbfeff, sa_flags=0x10000004
SIGPIPE: [libjvm.so+0x399200], sa_mask[0]=0x7ffbfeff, sa_flags=0x10000004
SIGXFSZ: [libjvm.so+0x399200], sa_mask[0]=0x7ffbfeff, sa_flags=0x10000004
SIGILL: [libjvm.so+0x399200], sa_mask[0]=0x7ffbfeff, sa_flags=0x10000004
SIGUSR1: SIG_DFL, sa_mask[0]=0x00000000, sa_flags=0x00000000
SIGUSR2: [libjvm.so+0x398c80], sa_mask[0]=0x00000004, sa_flags=0x10000004
SIGHUP: [libjvm.so+0x39c280], sa_mask[0]=0x7ffbfeff, sa_flags=0x10000004
SIGINT: [libjvm.so+0x39c280], sa_mask[0]=0x7ffbfeff, sa_flags=0x10000004
SIGTERM: [libjvm.so+0x39c280], sa_mask[0]=0x7ffbfeff, sa_flags=0x10000004
SIGQUIT: [libjvm.so+0x39c280], sa_mask[0]=0x7ffbfeff, sa_flags=0x10000004


---------------  S Y S T E M  ---------------

OS:Ubuntu 10.04 (lucid)
uname:Linux 2.6.32-21-generic #32-Ubuntu SMP Fri Apr 16 08:10:02 UTC 2010 i686
libc:glibc 2.11.1 NPTL 2.11.1 
rlimit: STACK 8192k, CORE 0k, NPROC infinity, NOFILE 1024, AS infinity
load average:0.96 0.81 0.86

/proc/meminfo:
MemTotal:        1026508 kB
MemFree:          143744 kB
Buffers:           57104 kB
Cached:           328244 kB
SwapCached:            0 kB
Active:           562496 kB
Inactive:         270544 kB
Active(anon):     452972 kB
Inactive(anon):       16 kB
Active(file):     109524 kB
Inactive(file):   270528 kB
Unevictable:           0 kB
Mlocked:               0 kB
HighTotal:        139208 kB
HighFree:            252 kB
LowTotal:         887300 kB
LowFree:          143492 kB
SwapTotal:        407544 kB
SwapFree:         407544 kB
Dirty:               108 kB
Writeback:             0 kB
AnonPages:        447724 kB
Mapped:            81920 kB
Shmem:              5300 kB
Slab:              37108 kB
SReclaimable:      29612 kB
SUnreclaim:         7496 kB
KernelStack:        2080 kB
PageTables:         4696 kB
NFS_Unstable:          0 kB
Bounce:                0 kB
WritebackTmp:          0 kB
CommitLimit:      920796 kB
Committed_AS:     966784 kB
VmallocTotal:     122880 kB
VmallocUsed:       26800 kB
VmallocChunk:      91212 kB
HardwareCorrupted:     0 kB
HugePages_Total:       0
HugePages_Free:        0
HugePages_Rsvd:        0
HugePages_Surp:        0
Hugepagesize:       4096 kB
DirectMap4k:       12280 kB
DirectMap4M:      897024 kB


CPU:total 1 (2 cores per cpu, 2 threads per core) family 6 model 58 stepping 9, cmov, cx8, fxsr, mmx, sse, sse2, sse3, ssse3, sse4.1, sse4.2, popcnt, ht, tsc, tscinvbit, tscinv

/proc/cpuinfo:
processor	: 0
vendor_id	: GenuineIntel
cpu family	: 6
model		: 58
model name	: Intel(R) Core(TM) i3-3110M CPU @ 2.40GHz
stepping	: 9
cpu MHz		: 2317.501
cache size	: 6144 KB
fdiv_bug	: no
hlt_bug		: no
f00f_bug	: no
coma_bug	: no
fpu		: yes
fpu_exception	: yes
cpuid level	: 5
wp		: yes
flags		: fpu vme de pse tsc msr pae mce cx8 apic mtrr pge mca cmov pat pse36 clflush mmx fxsr sse sse2 rdtscp constant_tsc up pni monitor ssse3
bogomips	: 4635.00
clflush size	: 64
cache_alignment	: 64
address sizes	: 36 bits physical, 48 bits virtual
power management:



Memory: 4k page, physical 1026508k(144272k free), swap 407544k(407544k free)

vm_info: OpenJDK Client VM (23.25-b01) for linux-x86 JRE (1.6.0_31-b31), built on Apr 17 2014 22:13:12 by "buildd" with gcc 4.4.3

time: Fri Aug  8 10:09:45 2014
elapsed time: 1 seconds

