#
# A fatal error has been detected by the Java Runtime Environment:
#
#  SIGSEGV (0xb) at pc=0x010cc4c6, pid=1652, tid=3077691088
#
# JRE version: 6.0_31-b31
# Java VM: OpenJDK Client VM (23.25-b01 mixed mode, sharing linux-x86 )
# Problematic frame:
# C  [liboppsimd.so+0x1674c6]  cSimpleModule::scheduleAt(SimTime, cMessage*)+0x17a
#
# Failed to write core dump. Core dumps have been disabled. To enable core dumping, try "ulimit -c unlimited" before starting Java again
#
# If you would like to submit a bug report, please include
# instructions how to reproduce the bug and visit:
#   https://bugs.launchpad.net/ubuntu/+source/openjdk-6/
# The crash happened outside the Java Virtual Machine in native code.
# See problematic frame for where to report the bug.
#

---------------  T H R E A D  ---------------

Current thread (0x090bbc00):  JavaThread "main" [_thread_in_native, id=1652, stack(0xbfe9d000,0xbfeed000)]

siginfo:si_signo=SIGSEGV: si_errno=0, si_code=1 (SEGV_MAPERR), si_addr=0x00000000

Registers:
EAX=0x00000000, EBX=0x00000000, ECX=0x5d8a0000, EDX=0x080da11a
ESP=0xbfee9df0, EBP=0xbfee9e68, ESI=0x8fa2bab0, EDI=0x090bbc00
EIP=0x010cc4c6, EFLAGS=0x00210202, CR2=0x00000000

Top of Stack: (sp=0xbfee9df0)
0xbfee9df0:   081b1118 bfee9e34 00fa0c7c b7733bf0
0xbfee9e00:   00000000 ffffffff 00d00ff4 080687e0
0xbfee9e10:   00000005 bfee9e50 00cf26b6 00d01ab0
0xbfee9e20:   00000000 00000001 00000005 00000000
0xbfee9e30:   00000005 00000000 00000000 00000000
0xbfee9e40:   00fa0c7c 8fa2bab0 8fa2bab0 090bbc00
0xbfee9e50:   bfee9ed8 00cf83c0 01634578 8fa2bab0
0xbfee9e60:   8fa2bab0 090bbc00 bfee9ed8 0809e31b 

Instructions: (pc=0x010cc4c6)
0x010cc4a6:   e8 67 3b 00 00 85 c0 74 07 b8 01 00 00 00 eb 05
0x010cc4b6:   b8 00 00 00 00 84 c0 0f 84 6c 01 00 00 8b 45 08
0x010cc4c6:   8b 00 83 c0 14 8b 10 8b 45 08 89 04 24 ff d2 89
0x010cc4d6:   c6 8b 45 08 8b 00 83 c0 20 8b 08 8b 55 08 8d 45 

Register to memory mapping:

EAX=0x00000000 is an unknown value
EBX=0x00000000 is an unknown value
ECX=0x5d8a0000 is an unknown value
EDX=0x080da11a: _ZNK7cModule8isModuleEv+0 in /home/ubuntu/Downloads/omnet/omnetpp-4.4.1/contrib/jsimplemodule/jsimple/jsimple at 0x08048000
ESP=0xbfee9df0 is pointing into the stack for thread: 0x090bbc00
EBP=0xbfee9e68 is pointing into the stack for thread: 0x090bbc00
ESI=0x8fa2bab0 is an oop
{method} 
 - klass: {other class}
EDI=0x090bbc00 is a thread


Stack: [0xbfe9d000,0xbfeed000],  sp=0xbfee9df0,  free space=307k
Native frames: (J=compiled Java code, j=interpreted, Vv=VM code, C=native code)
C  [liboppsimd.so+0x1674c6]  cSimpleModule::scheduleAt(SimTime, cMessage*)+0x17a
C  [jsimple+0x5631b]  Java_org_omnetpp_simkernel_SimkernelJNI_cSimpleModule_1scheduleAt+0xcc
j  org.omnetpp.simkernel.SimkernelJNI.cSimpleModule_scheduleAt(JLorg/omnetpp/simkernel/cSimpleModule;JLorg/omnetpp/simkernel/SimTime;JLorg/omnetpp/simkernel/cMessage;)I+0
j  org.omnetpp.simkernel.cSimpleModule.scheduleAt(Lorg/omnetpp/simkernel/SimTime;Lorg/omnetpp/simkernel/cMessage;)I+15
j  de.tudarmstadt.maki.simonstrator.util.core.RealtimeScheduler.scheduleIn(JLde/tudarmstadt/maki/simonstrator/api/EventHandler;Ljava/lang/Object;I)V+130
j  de.tudarmstadt.maki.simonstrator.util.core.Start.initialize()V+15
j  org.omnetpp.simkernel.JSimpleModule.initialize(I)V+5
v  ~StubRoutines::call_stub
V  [libjvm.so+0x26dd84]  JavaCalls::call_helper(JavaValue*, methodHandle*, JavaCallArguments*, Thread*)+0x314
V  [libjvm.so+0x397799]  os::os_exception_wrapper(void (*)(JavaValue*, methodHandle*, JavaCallArguments*, Thread*), JavaValue*, methodHandle*, JavaCallArguments*, Thread*)+0x19
V  [libjvm.so+0x26c9bf]  JavaCalls::call(JavaValue*, methodHandle, JavaCallArguments*, Thread*)+0x2f
V  [libjvm.so+0x279f2c]  jni_invoke_nonstatic(JNIEnv_*, JavaValue*, _jobject*, JNICallType, _jmethodID*, JNI_ArgumentPusher*, Thread*)+0x27c
V  [libjvm.so+0x2890e0]  jni_CallVoidMethodV+0xc0
C  [jsimple+0x92112]  JNIEnv_::CallVoidMethod(_jobject*, _jmethodID*, ...)+0x34
C  [jsimple+0x91c0f]  JSimpleModule::initialize(int)+0x4d
C  [liboppsimd.so+0x149647]  cModule::initializeModules(int)+0x18b
C  [liboppsimd.so+0x14977b]  cModule::initializeModules(int)+0x2bf
C  [liboppsimd.so+0x149261]  cModule::callInitialize()+0x71
C  [liboppsimd.so+0x16a43c]  cSimulation::startRun()+0xd6
C  [liboppenvird.so+0x911c3]  EnvirBase::startRun()+0x97
C  [libopptkenvd.so+0x34abb]  Tkenv::newRun(char const*, int)+0x1bb
C  [libopptkenvd.so+0x3f3b1]  newRun_cmd(void*, Tcl_Interp*, int, char const**)+0x72
C  [libtcl8.4.so.0+0x1f17e]  TclInvokeStringCommand+0x6e
C  [libtcl8.4.so.0+0x205bb]  TclEvalObjvInternal+0x35b
C  [libtcl8.4.so.0+0x4d2c2]  TclCompEvalObj+0x2782
C  [libtcl8.4.so.0+0x4ac1d]  TclCompEvalObj+0xdd
C  [libtcl8.4.so.0+0x81957]  TclObjInterpProc+0x2a7
C  [libtcl8.4.so.0+0x205bb]  TclEvalObjvInternal+0x35b
C  [libtcl8.4.so.0+0x4d2c2]  TclCompEvalObj+0x2782
C  [libtcl8.4.so.0+0x4ac1d]  TclCompEvalObj+0xdd
C  [libtcl8.4.so.0+0x81957]  TclObjInterpProc+0x2a7
C  [libtcl8.4.so.0+0x205bb]  TclEvalObjvInternal+0x35b
C  [libtcl8.4.so.0+0x2144c]  Tcl_EvalEx+0x4fc
C  [libtcl8.4.so.0+0x216dc]  Tcl_Eval+0x3c
C  [libopptkenvd.so+0x33224]  Tkenv::run()+0x75e
C  [liboppenvird.so+0x8d70d]  EnvirBase::run(int, char**, cConfiguration*)+0x1a5
C  [liboppenvird.so+0x8a66a]  setupUserInterface(int, char**)+0xb82
C  [liboppenvird.so+0x8b1dd]  evMain+0x49
C  [jsimple+0x93b2f]  main+0x1b
C  [libc.so.6+0x16bd6]  __libc_start_main+0xe6

Java frames: (J=compiled Java code, j=interpreted, Vv=VM code)
j  org.omnetpp.simkernel.SimkernelJNI.cSimpleModule_scheduleAt(JLorg/omnetpp/simkernel/cSimpleModule;JLorg/omnetpp/simkernel/SimTime;JLorg/omnetpp/simkernel/cMessage;)I+0
j  org.omnetpp.simkernel.cSimpleModule.scheduleAt(Lorg/omnetpp/simkernel/SimTime;Lorg/omnetpp/simkernel/cMessage;)I+15
j  de.tudarmstadt.maki.simonstrator.util.core.RealtimeScheduler.scheduleIn(JLde/tudarmstadt/maki/simonstrator/api/EventHandler;Ljava/lang/Object;I)V+130
j  de.tudarmstadt.maki.simonstrator.util.core.Start.initialize()V+15
j  org.omnetpp.simkernel.JSimpleModule.initialize(I)V+5
v  ~StubRoutines::call_stub

---------------  P R O C E S S  ---------------

Java Threads: ( => current thread )
  0x0912b800 JavaThread "Low Memory Detector" daemon [_thread_blocked, id=1663, stack(0xb3d4f000,0xb3da0000)]
  0x09129c00 JavaThread "C1 CompilerThread0" daemon [_thread_blocked, id=1662, stack(0xb3da0000,0xb3e21000)]
  0x09128000 JavaThread "Signal Dispatcher" daemon [_thread_blocked, id=1661, stack(0xb3e21000,0xb3e72000)]
  0x09121400 JavaThread "Finalizer" daemon [_thread_blocked, id=1660, stack(0xb3e72000,0xb3ec3000)]
  0x0911fc00 JavaThread "Reference Handler" daemon [_thread_blocked, id=1659, stack(0xb3ec3000,0xb3f14000)]
=>0x090bbc00 JavaThread "main" [_thread_in_native, id=1652, stack(0xbfe9d000,0xbfeed000)]

Other Threads:
  0x09115c00 VMThread [stack: 0xb3f14000,0xb3f95000] [id=1658]
  0x0912ec00 WatcherThread [stack: 0xb3cce000,0xb3d4f000] [id=1664]

VM state:not at safepoint (normal execution)

VM Mutex/Monitor currently owned by a thread: None

Heap
 def new generation   total 4800K, used 976K [0x70410000, 0x70940000, 0x7ab60000)
  eden space 4288K,  22% used [0x70410000, 0x705040a0, 0x70840000)
  from space 512K,   0% used [0x70840000, 0x70840000, 0x708c0000)
  to   space 512K,   0% used [0x708c0000, 0x708c0000, 0x70940000)
 tenured generation   total 10752K, used 0K [0x7ab60000, 0x7b5e0000, 0x8fa10000)
   the space 10752K,   0% used [0x7ab60000, 0x7ab60000, 0x7ab60200, 0x7b5e0000)
 compacting perm gen  total 12288K, used 488K [0x8fa10000, 0x90610000, 0x93a10000)
   the space 12288K,   3% used [0x8fa10000, 0x8fa8a018, 0x8fa8a200, 0x90610000)
    ro space 10240K,  56% used [0x93a10000, 0x93fad218, 0x93fad400, 0x94410000)
    rw space 12288K,  60% used [0x94410000, 0x94b5c138, 0x94b5c200, 0x95010000)

Card table byte_map: [0xb41f5000,0xb431c000] byte_map_base: 0xb3e72f80

Polling page: 0xb7729000

Code Cache  [0xb431c000, 0xb43bc000, 0xb631c000)
 total_blobs=180 nmethods=13 adapters=104 free_code_cache=32144Kb largest_free_block=32916352

Compilation events (10 events):
Event: 0.963 Thread 0x09129c00    9             java.lang.String::lastIndexOf (156 bytes)
Event: 0.964 Thread 0x09129c00 nmethod 9 0xb43b1b08 code [0xb43b1c30, 0xb43b1e3c]
Event: 0.989 Thread 0x09129c00   10             java.io.UnixFileSystem::normalize (75 bytes)
Event: 0.992 Thread 0x09129c00 nmethod 10 0xb43b2108 code [0xb43b2240, 0xb43b2400]
Event: 1.036 Thread 0x09129c00   11             java.lang.String::indexOf (166 bytes)
Event: 1.039 Thread 0x09129c00 nmethod 11 0xb43b5ac8 code [0xb43b5be0, 0xb43b5e10]
Event: 1.052 Thread 0x09129c00   12             java.lang.String::replace (142 bytes)
Event: 1.054 Thread 0x09129c00 nmethod 12 0xb43b6108 code [0xb43b6230, 0xb43b64e0]
Event: 1.179 Thread 0x09129c00   13             sun.net.www.ParseUtil::encodePath (336 bytes)
Event: 1.181 Thread 0x09129c00 nmethod 13 0xb43b6ec8 code [0xb43b7080, 0xb43b76c4]

GC Heap History (0 events):
No events

Deoptimization events (0 events):
No events

Internal exceptions (10 events):
Event: 1.124 Thread 0x090bbc00 Threw 0x704e8940 at /build/buildd/openjdk-6-6b31-1.13.3/build/openjdk/hotspot/src/share/vm/classfile/systemDictionary.cpp:179
Event: 1.124 Thread 0x090bbc00 Threw 0x704e8c48 at /build/buildd/openjdk-6-6b31-1.13.3/build/openjdk/hotspot/src/share/vm/prims/jvm.cpp:1235
Event: 1.141 Thread 0x090bbc00 Threw 0x704ec0e8 at /build/buildd/openjdk-6-6b31-1.13.3/build/openjdk/hotspot/src/share/vm/classfile/systemDictionary.cpp:179
Event: 1.141 Thread 0x090bbc00 Threw 0x704eec60 at /build/buildd/openjdk-6-6b31-1.13.3/build/openjdk/hotspot/src/share/vm/prims/jvm.cpp:1235
Event: 1.179 Thread 0x090bbc00 Threw 0x704f22b0 at /build/buildd/openjdk-6-6b31-1.13.3/build/openjdk/hotspot/src/share/vm/classfile/systemDictionary.cpp:179
Event: 1.179 Thread 0x090bbc00 Threw 0x704f25c0 at /build/buildd/openjdk-6-6b31-1.13.3/build/openjdk/hotspot/src/share/vm/prims/jvm.cpp:1235
Event: 1.184 Thread 0x090bbc00 Threw 0x704f73d8 at /build/buildd/openjdk-6-6b31-1.13.3/build/openjdk/hotspot/src/share/vm/classfile/systemDictionary.cpp:179
Event: 1.184 Thread 0x090bbc00 Threw 0x704f7730 at /build/buildd/openjdk-6-6b31-1.13.3/build/openjdk/hotspot/src/share/vm/prims/jvm.cpp:1235
Event: 1.186 Thread 0x090bbc00 Threw 0x704f98f0 at /build/buildd/openjdk-6-6b31-1.13.3/build/openjdk/hotspot/src/share/vm/classfile/systemDictionary.cpp:179
Event: 1.186 Thread 0x090bbc00 Threw 0x704f9cb0 at /build/buildd/openjdk-6-6b31-1.13.3/build/openjdk/hotspot/src/share/vm/prims/jvm.cpp:1235

Events (10 events):
Event: 1.169 loading class 0x0919dab8 done
Event: 1.169 loading class 0x95180930 done
Event: 1.174 loading class 0x0919da20
Event: 1.176 loading class 0x0919da20 done
Event: 1.179 loading class 0x09194680
Event: 1.179 loading class 0x09194680 done
Event: 1.184 loading class 0x0919fed8
Event: 1.184 loading class 0x0919fed8 done
Event: 1.186 loading class 0x09194790
Event: 1.186 loading class 0x09194790 done


Dynamic libraries:
00110000-005ff000 r-xp 00000000 08:01 421586     /usr/lib/jvm/java-6-openjdk/jre/lib/i386/client/libjvm.so
005ff000-00616000 r--p 004ef000 08:01 421586     /usr/lib/jvm/java-6-openjdk/jre/lib/i386/client/libjvm.so
00616000-00625000 rw-p 00506000 08:01 421586     /usr/lib/jvm/java-6-openjdk/jre/lib/i386/client/libjvm.so
00625000-00a3e000 rw-p 00000000 00:00 0 
00a3e000-00ab1000 r-xp 00000000 08:01 459406     /home/ubuntu/Downloads/omnet/omnetpp-4.4.1/lib/gcc/libopptkenvd.so
00ab1000-00ab2000 r--p 00072000 08:01 459406     /home/ubuntu/Downloads/omnet/omnetpp-4.4.1/lib/gcc/libopptkenvd.so
00ab2000-00b2e000 rw-p 00073000 08:01 459406     /home/ubuntu/Downloads/omnet/omnetpp-4.4.1/lib/gcc/libopptkenvd.so
00b2e000-00c43000 r-xp 00000000 08:01 459383     /home/ubuntu/Downloads/omnet/omnetpp-4.4.1/lib/gcc/liboppenvird.so
00c43000-00c44000 r--p 00114000 08:01 459383     /home/ubuntu/Downloads/omnet/omnetpp-4.4.1/lib/gcc/liboppenvird.so
00c44000-00c45000 rw-p 00115000 08:01 459383     /home/ubuntu/Downloads/omnet/omnetpp-4.4.1/lib/gcc/liboppenvird.so
00c45000-00cac000 r-xp 00000000 08:01 459135     /home/ubuntu/Downloads/omnet/omnetpp-4.4.1/lib/gcc/libopplayoutd.so
00cac000-00cad000 r--p 00066000 08:01 459135     /home/ubuntu/Downloads/omnet/omnetpp-4.4.1/lib/gcc/libopplayoutd.so
00cad000-00cae000 rw-p 00067000 08:01 459135     /home/ubuntu/Downloads/omnet/omnetpp-4.4.1/lib/gcc/libopplayoutd.so
00cae000-00cb0000 r-xp 00000000 08:01 137704     /lib/tls/i686/cmov/libdl-2.11.1.so
00cb0000-00cb1000 r--p 00001000 08:01 137704     /lib/tls/i686/cmov/libdl-2.11.1.so
00cb1000-00cb2000 rw-p 00002000 08:01 137704     /lib/tls/i686/cmov/libdl-2.11.1.so
00cb2000-00cd6000 r-xp 00000000 08:01 137706     /lib/tls/i686/cmov/libm-2.11.1.so
00cd6000-00cd7000 r--p 00023000 08:01 137706     /lib/tls/i686/cmov/libm-2.11.1.so
00cd7000-00cd8000 rw-p 00024000 08:01 137706     /lib/tls/i686/cmov/libm-2.11.1.so
00cd8000-00cda000 r-xp 00000000 08:01 264758     /usr/lib/libXau.so.6.0.0
00cda000-00cdb000 r--p 00001000 08:01 264758     /usr/lib/libXau.so.6.0.0
00cdb000-00cdc000 rw-p 00002000 08:01 264758     /usr/lib/libXau.so.6.0.0
00cdc000-00ce0000 r-xp 00000000 08:01 264769     /usr/lib/libXdmcp.so.6.0.0
00ce0000-00ce1000 r--p 00003000 08:01 264769     /usr/lib/libXdmcp.so.6.0.0
00ce1000-00ce2000 rw-p 00004000 08:01 264769     /usr/lib/libXdmcp.so.6.0.0
00ce5000-00d00000 r-xp 00000000 08:01 133302     /lib/ld-2.11.1.so
00d00000-00d01000 r--p 0001a000 08:01 133302     /lib/ld-2.11.1.so
00d01000-00d02000 rw-p 0001b000 08:01 133302     /lib/ld-2.11.1.so
00d02000-00d1f000 r-xp 00000000 08:01 130877     /lib/libgcc_s.so.1
00d1f000-00d20000 r--p 0001c000 08:01 130877     /lib/libgcc_s.so.1
00d20000-00d21000 rw-p 0001d000 08:01 130877     /lib/libgcc_s.so.1
00d21000-00d36000 r-xp 00000000 08:01 137724     /lib/tls/i686/cmov/libpthread-2.11.1.so
00d36000-00d37000 r--p 00014000 08:01 137724     /lib/tls/i686/cmov/libpthread-2.11.1.so
00d37000-00d38000 rw-p 00015000 08:01 137724     /lib/tls/i686/cmov/libpthread-2.11.1.so
00d38000-00d3a000 rw-p 00000000 00:00 0 
00d3a000-00d4d000 r-xp 00000000 08:01 133475     /lib/libz.so.1.2.3.3
00d4d000-00d4e000 r--p 00012000 08:01 133475     /lib/libz.so.1.2.3.3
00d4e000-00d4f000 rw-p 00013000 08:01 133475     /lib/libz.so.1.2.3.3
00d4f000-00d67000 r-xp 00000000 08:01 270050     /usr/lib/libxcb.so.1.1.0
00d67000-00d68000 r--p 00017000 08:01 270050     /usr/lib/libxcb.so.1.1.0
00d68000-00d69000 rw-p 00018000 08:01 270050     /usr/lib/libxcb.so.1.1.0
00d69000-00d6d000 r-xp 00000000 08:01 264773     /usr/lib/libXfixes.so.3.1.0
00d6d000-00d6e000 r--p 00003000 08:01 264773     /usr/lib/libXfixes.so.3.1.0
00d6e000-00d6f000 rw-p 00004000 08:01 264773     /usr/lib/libXfixes.so.3.1.0
00d71000-00d80000 r-xp 00000000 08:01 459388     /home/ubuntu/Downloads/omnet/omnetpp-4.4.1/lib/gcc/liboppcmdenvd.so
00d80000-00d81000 r--p 0000e000 08:01 459388     /home/ubuntu/Downloads/omnet/omnetpp-4.4.1/lib/gcc/liboppcmdenvd.so
00d81000-00d82000 rw-p 0000f000 08:01 459388     /home/ubuntu/Downloads/omnet/omnetpp-4.4.1/lib/gcc/liboppcmdenvd.so
00d82000-00e6b000 r-xp 00000000 08:01 269643     /usr/lib/libstdc++.so.6.0.13
00e6b000-00e6f000 r--p 000e9000 08:01 269643     /usr/lib/libstdc++.so.6.0.13
00e6f000-00e70000 rw-p 000ed000 08:01 269643     /usr/lib/libstdc++.so.6.0.13
00e70000-00e77000 rw-p 00000000 00:00 0 
00e77000-00ec5000 r-xp 00000000 08:01 459121     /home/ubuntu/Downloads/omnet/omnetpp-4.4.1/lib/gcc/liboppcommond.so
00ec5000-00ec6000 r--p 0004d000 08:01 459121     /home/ubuntu/Downloads/omnet/omnetpp-4.4.1/lib/gcc/liboppcommond.so
00ec6000-00ec7000 rw-p 0004e000 08:01 459121     /home/ubuntu/Downloads/omnet/omnetpp-4.4.1/lib/gcc/liboppcommond.so
00ec7000-00eda000 r-xp 00000000 08:01 137709     /lib/tls/i686/cmov/libnsl-2.11.1.so
00eda000-00edb000 r--p 00012000 08:01 137709     /lib/tls/i686/cmov/libnsl-2.11.1.so
00edb000-00edc000 rw-p 00013000 08:01 137709     /lib/tls/i686/cmov/libnsl-2.11.1.so
00edc000-00ede000 rw-p 00000000 00:00 0 
00ede000-00ee6000 r-xp 00000000 08:01 264765     /usr/lib/libXcursor.so.1.0.2
00ee6000-00ee7000 r--p 00007000 08:01 264765     /usr/lib/libXcursor.so.1.0.2
00ee7000-00ee8000 rw-p 00008000 08:01 264765     /usr/lib/libXcursor.so.1.0.2
00ee8000-00ef0000 r-xp 00000000 08:01 296299     /usr/lib/libXrender.so.1.3.0
00ef0000-00ef1000 r--p 00007000 08:01 296299     /usr/lib/libXrender.so.1.3.0
00ef1000-00ef2000 rw-p 00008000 08:01 296299     /usr/lib/libXrender.so.1.3.0
00ef2000-00ef9000 r-xp 00000000 08:01 137728     /lib/tls/i686/cmov/librt-2.11.1.so
00ef9000-00efa000 r--p 00006000 08:01 137728     /lib/tls/i686/cmov/librt-2.11.1.so
00efa000-00efb000 rw-p 00007000 08:01 137728     /lib/tls/i686/cmov/librt-2.11.1.so
00efb000-00f07000 r-xp 00000000 08:01 421609     /usr/lib/jvm/java-6-openjdk/jre/lib/i386/libverify.so
00f07000-00f08000 r--p 0000b000 08:01 421609     /usr/lib/jvm/java-6-openjdk/jre/lib/i386/libverify.so
00f08000-00f09000 rw-p 0000c000 08:01 421609     /usr/lib/jvm/java-6-openjdk/jre/lib/i386/libverify.so
00f09000-00f2d000 r-xp 00000000 08:01 421578     /usr/lib/jvm/java-6-openjdk/jre/lib/i386/libjava.so
00f2d000-00f2e000 r--p 00023000 08:01 421578     /usr/lib/jvm/java-6-openjdk/jre/lib/i386/libjava.so
00f2e000-00f30000 rw-p 00024000 08:01 421578     /usr/lib/jvm/java-6-openjdk/jre/lib/i386/libjava.so
00f30000-00f36000 r-xp 00000000 08:01 137711     /lib/tls/i686/cmov/libnss_compat-2.11.1.so
00f36000-00f37000 r--p 00006000 08:01 137711     /lib/tls/i686/cmov/libnss_compat-2.11.1.so
00f37000-00f38000 rw-p 00007000 08:01 137711     /lib/tls/i686/cmov/libnss_compat-2.11.1.so
00f38000-00f40000 r-xp 00000000 08:01 137719     /lib/tls/i686/cmov/libnss_nis-2.11.1.so
00f40000-00f41000 r--p 00007000 08:01 137719     /lib/tls/i686/cmov/libnss_nis-2.11.1.so
00f41000-00f42000 rw-p 00008000 08:01 137719     /lib/tls/i686/cmov/libnss_nis-2.11.1.so
00f42000-00f4c000 r-xp 00000000 08:01 137715     /lib/tls/i686/cmov/libnss_files-2.11.1.so
00f4c000-00f4d000 r--p 00009000 08:01 137715     /lib/tls/i686/cmov/libnss_files-2.11.1.so
00f4d000-00f4e000 rw-p 0000a000 08:01 137715     /lib/tls/i686/cmov/libnss_files-2.11.1.so
00f4e000-00f55000 r-xp 00000000 08:01 421579     /usr/lib/jvm/java-6-openjdk/jre/lib/i386/libzip.so
00f55000-00f56000 r--p 00006000 08:01 421579     /usr/lib/jvm/java-6-openjdk/jre/lib/i386/libzip.so
00f56000-00f57000 rw-p 00007000 08:01 421579     /usr/lib/jvm/java-6-openjdk/jre/lib/i386/libzip.so
00f64000-00f65000 r-xp 00000000 00:00 0          [vdso]
00f65000-011bd000 r-xp 00000000 08:01 459348     /home/ubuntu/Downloads/omnet/omnetpp-4.4.1/lib/gcc/liboppsimd.so
011bd000-011be000 r--p 00257000 08:01 459348     /home/ubuntu/Downloads/omnet/omnetpp-4.4.1/lib/gcc/liboppsimd.so
011be000-011bf000 rw-p 00258000 08:01 459348     /home/ubuntu/Downloads/omnet/omnetpp-4.4.1/lib/gcc/liboppsimd.so
011bf000-011c2000 rw-p 00000000 00:00 0 
011c2000-01297000 r-xp 00000000 08:01 265689     /usr/lib/libtk8.4.so.0
01297000-01298000 r--p 000d4000 08:01 265689     /usr/lib/libtk8.4.so.0
01298000-012a3000 rw-p 000d5000 08:01 265689     /usr/lib/libtk8.4.so.0
012a3000-012a4000 rw-p 00000000 00:00 0 
01b7f000-01c5d000 r-xp 00000000 08:01 273817     /usr/lib/libBLT.2.4.so.8.4
01c5d000-01c5e000 r--p 000dd000 08:01 273817     /usr/lib/libBLT.2.4.so.8.4
01c5e000-01c6f000 rw-p 000de000 08:01 273817     /usr/lib/libBLT.2.4.so.8.4
01c6f000-01c70000 rw-p 00000000 00:00 0 
023fb000-02514000 r-xp 00000000 08:01 270065     /usr/lib/libX11.so.6.3.0
02514000-02515000 r--p 00118000 08:01 270065     /usr/lib/libX11.so.6.3.0
02515000-02517000 rw-p 00119000 08:01 270065     /usr/lib/libX11.so.6.3.0
02517000-02518000 rw-p 00000000 00:00 0 
03442000-03542000 r-xp 00000000 08:01 459226     /home/ubuntu/Downloads/omnet/omnetpp-4.4.1/lib/gcc/liboppnedxmld.so
03542000-03543000 r--p 000ff000 08:01 459226     /home/ubuntu/Downloads/omnet/omnetpp-4.4.1/lib/gcc/liboppnedxmld.so
03543000-03544000 rw-p 00100000 08:01 459226     /home/ubuntu/Downloads/omnet/omnetpp-4.4.1/lib/gcc/liboppnedxmld.so
03544000-03545000 rw-p 00000000 00:00 0 
0595d000-05a0d000 r-xp 00000000 08:01 265671     /usr/lib/libtcl8.4.so.0
05a0d000-05a0e000 ---p 000b0000 08:01 265671     /usr/lib/libtcl8.4.so.0
05a0e000-05a0f000 r--p 000b0000 08:01 265671     /usr/lib/libtcl8.4.so.0
05a0f000-05a14000 rw-p 000b1000 08:01 265671     /usr/lib/libtcl8.4.so.0
05c9a000-05dbe000 r-xp 00000000 08:01 273771     /usr/lib/libxml2.so.2.7.6
05dbe000-05dbf000 ---p 00124000 08:01 273771     /usr/lib/libxml2.so.2.7.6
05dbf000-05dc3000 r--p 00124000 08:01 273771     /usr/lib/libxml2.so.2.7.6
05dc3000-05dc4000 rw-p 00128000 08:01 273771     /usr/lib/libxml2.so.2.7.6
05dc4000-05dc5000 rw-p 00000000 00:00 0 
076a7000-077fa000 r-xp 00000000 08:01 137698     /lib/tls/i686/cmov/libc-2.11.1.so
077fa000-077fb000 ---p 00153000 08:01 137698     /lib/tls/i686/cmov/libc-2.11.1.so
077fb000-077fd000 r--p 00153000 08:01 137698     /lib/tls/i686/cmov/libc-2.11.1.so
077fd000-077fe000 rw-p 00155000 08:01 137698     /lib/tls/i686/cmov/libc-2.11.1.so
077fe000-07801000 rw-p 00000000 00:00 0 
08048000-08111000 r-xp 00000000 08:01 474738     /home/ubuntu/Downloads/omnet/omnetpp-4.4.1/contrib/jsimplemodule/jsimple/out/gcc-debug/jsimple
08111000-08112000 r--p 000c9000 08:01 474738     /home/ubuntu/Downloads/omnet/omnetpp-4.4.1/contrib/jsimplemodule/jsimple/out/gcc-debug/jsimple
08112000-08117000 rw-p 000ca000 08:01 474738     /home/ubuntu/Downloads/omnet/omnetpp-4.4.1/contrib/jsimplemodule/jsimple/out/gcc-debug/jsimple
08117000-08118000 rw-p 00000000 00:00 0 
08193000-09248000 rw-p 00000000 00:00 0          [heap]
70410000-70940000 rw-p 00000000 00:00 0 
70940000-7ab60000 rw-p 00000000 00:00 0 
7ab60000-7b5e0000 rw-p 00000000 00:00 0 
7b5e0000-8fa10000 rw-p 00000000 00:00 0 
8fa10000-90610000 rw-p 00000000 00:00 0 
90610000-93a10000 rw-p 00000000 00:00 0 
93a10000-93fae000 r--p 00001000 08:01 422236     /usr/lib/jvm/java-6-openjdk/jre/lib/i386/client/classes.jsa
93fae000-94410000 rw-p 00000000 00:00 0 
94410000-94b5d000 rw-p 0059f000 08:01 422236     /usr/lib/jvm/java-6-openjdk/jre/lib/i386/client/classes.jsa
94b5d000-95010000 rw-p 00000000 00:00 0 
95010000-9531f000 rw-p 00cec000 08:01 422236     /usr/lib/jvm/java-6-openjdk/jre/lib/i386/client/classes.jsa
9531f000-95410000 rw-p 00000000 00:00 0 
95410000-95419000 r-xp 00ffb000 08:01 422236     /usr/lib/jvm/java-6-openjdk/jre/lib/i386/client/classes.jsa
95419000-95810000 rw-p 00000000 00:00 0 
b3c01000-b3cce000 rw-p 00000000 00:00 0 
b3cce000-b3ccf000 ---p 00000000 00:00 0 
b3ccf000-b3d4f000 rw-p 00000000 00:00 0 
b3d4f000-b3d52000 ---p 00000000 00:00 0 
b3d52000-b3da0000 rw-p 00000000 00:00 0 
b3da0000-b3da3000 ---p 00000000 00:00 0 
b3da3000-b3e21000 rw-p 00000000 00:00 0 
b3e21000-b3e24000 ---p 00000000 00:00 0 
b3e24000-b3e72000 rw-p 00000000 00:00 0 
b3e72000-b3e75000 ---p 00000000 00:00 0 
b3e75000-b3ec3000 rw-p 00000000 00:00 0 
b3ec3000-b3ec6000 ---p 00000000 00:00 0 
b3ec6000-b3f14000 rw-p 00000000 00:00 0 
b3f14000-b3f15000 ---p 00000000 00:00 0 
b3f15000-b3f95000 rw-p 00000000 00:00 0 
b3f95000-b412c000 r--s 01a14000 08:01 421572     /usr/lib/jvm/java-6-openjdk/jre/lib/rt.jar
b412c000-b4133000 rw-p 00000000 00:00 0 
b4133000-b414d000 rw-p 00000000 00:00 0 
b414d000-b4153000 rw-p 00000000 00:00 0 
b4153000-b41f5000 rw-p 00000000 00:00 0 
b41f5000-b41f8000 rw-p 00000000 00:00 0 
b41f8000-b4248000 rw-p 00000000 00:00 0 
b4248000-b424e000 rw-p 00000000 00:00 0 
b424e000-b42f0000 rw-p 00000000 00:00 0 
b42f0000-b42f6000 rw-p 00000000 00:00 0 
b42f6000-b4310000 rw-p 00000000 00:00 0 
b4310000-b431c000 rw-p 00000000 00:00 0 
b431c000-b43bc000 rwxp 00000000 00:00 0 
b43bc000-b631c000 rw-p 00000000 00:00 0 
b631c000-b6dff000 rw-p 00000000 00:00 0 
b6dff000-b6e39000 rw-p 00000000 00:00 0 
b6e46000-b6e58000 rw-p 00000000 00:00 0 
b6e58000-b6ed5000 rw-p 00000000 00:00 0 
b6ed5000-b6edd000 rw-s 00000000 08:01 269585     /tmp/hsperfdata_ubuntu/1652
b6edd000-b6f1c000 r--p 00000000 08:01 269850     /usr/lib/locale/en_US.utf8/LC_CTYPE
b6f1c000-b6f1d000 ---p 00000000 00:00 0 
b6f1d000-b7723000 rw-p 00000000 00:00 0 
b7723000-b7726000 r--s 00020000 08:01 458350     /home/ubuntu/Downloads/omnet/omnetpp-4.4.1/contrib/jsimplemodule/jsimple/simkernel.jar
b7726000-b7728000 r--s 0000f000 08:01 421031     /usr/lib/jvm/java-6-openjdk/jre/lib/ext/pulse-java.jar
b7728000-b7729000 rw-p 00000000 00:00 0 
b7729000-b772a000 r--p 00000000 00:00 0 
b772a000-b772b000 rw-p 00000000 00:00 0 
b772b000-b7732000 r--s 00000000 08:01 268524     /usr/lib/gconv/gconv-modules.cache
b7732000-b7736000 rw-p 00000000 00:00 0 
bfe9d000-bfea0000 ---p 00000000 00:00 0 
bfea0000-bfeed000 rw-p 00000000 00:00 0          [stack]

VM Arguments:
jvm_args: -Djava.library.path=. 
java_command: <unknown>
Launcher Type: generic

Environment Variables:
CLASSPATH=/home/ubuntu/Downloads/omnet/omnetpp-4.4.1/samples/Hiwis/bin;/home/ubuntu/Downloads/omnet/omnetpp-4.4.1/contrib/jsimplemodule/jsimple/out/classes
PATH=/home/ubuntu/Downloads/omnet/omnetpp-4.4.1/bin::/home/ubuntu/Downloads/omnet/omnetpp-4.4.1/bin:/usr/local/sbin:/usr/local/bin:/usr/sbin:/usr/bin:/sbin:/bin:/usr/games
USERNAME=ubuntu
LD_LIBRARY_PATH=/home/ubuntu/Downloads/omnet/omnetpp-4.4.1/lib::/usr/lib/jvm/java-6-openjdk/jre/lib/i386/client:/usr/lib/jvm/java-6-openjdk/jre/lib/i386:
SHELL=/bin/bash
DISPLAY=:0.0
DYLD_LIBRARY_PATH=/usr/lib/jvm/java-6-openjdk/jre/lib/i386/server

Signal Handlers:
SIGSEGV: [libjvm.so+0x48e7a0], sa_mask[0]=0x7ffbfeff, sa_flags=0x10000004
SIGBUS: [libjvm.so+0x48e7a0], sa_mask[0]=0x7ffbfeff, sa_flags=0x10000004
SIGFPE: [libjvm.so+0x399200], sa_mask[0]=0x7ffbfeff, sa_flags=0x10000004
SIGPIPE: [libjvm.so+0x399200], sa_mask[0]=0x7ffbfeff, sa_flags=0x10000004
SIGXFSZ: [libjvm.so+0x399200], sa_mask[0]=0x7ffbfeff, sa_flags=0x10000004
SIGILL: [libjvm.so+0x399200], sa_mask[0]=0x7ffbfeff, sa_flags=0x10000004
SIGUSR1: SIG_DFL, sa_mask[0]=0x00000000, sa_flags=0x00000000
SIGUSR2: [libjvm.so+0x398c80], sa_mask[0]=0x00000004, sa_flags=0x10000004
SIGHUP: [libjvm.so+0x39c280], sa_mask[0]=0x7ffbfeff, sa_flags=0x10000004
SIGINT: [libjvm.so+0x39c280], sa_mask[0]=0x7ffbfeff, sa_flags=0x10000004
SIGTERM: [libjvm.so+0x39c280], sa_mask[0]=0x7ffbfeff, sa_flags=0x10000004
SIGQUIT: [libjvm.so+0x39c280], sa_mask[0]=0x7ffbfeff, sa_flags=0x10000004


---------------  S Y S T E M  ---------------

OS:Ubuntu 10.04 (lucid)
uname:Linux 2.6.32-21-generic #32-Ubuntu SMP Fri Apr 16 08:10:02 UTC 2010 i686
libc:glibc 2.11.1 NPTL 2.11.1 
rlimit: STACK 8192k, CORE 0k, NPROC infinity, NOFILE 1024, AS infinity
load average:1.56 1.17 0.95

/proc/meminfo:
MemTotal:        1026508 kB
MemFree:          153216 kB
Buffers:           56760 kB
Cached:           327048 kB
SwapCached:            0 kB
Active:           552012 kB
Inactive:         271028 kB
Active(anon):     444512 kB
Inactive(anon):       16 kB
Active(file):     107500 kB
Inactive(file):   271012 kB
Unevictable:           0 kB
Mlocked:               0 kB
HighTotal:        139208 kB
HighFree:            252 kB
LowTotal:         887300 kB
LowFree:          152964 kB
SwapTotal:        407544 kB
SwapFree:         407544 kB
Dirty:               124 kB
Writeback:             0 kB
AnonPages:        439212 kB
Mapped:            81860 kB
Shmem:              5300 kB
Slab:              37064 kB
SReclaimable:      29580 kB
SUnreclaim:         7484 kB
KernelStack:        2112 kB
PageTables:         4712 kB
NFS_Unstable:          0 kB
Bounce:                0 kB
WritebackTmp:          0 kB
CommitLimit:      920796 kB
Committed_AS:     963036 kB
VmallocTotal:     122880 kB
VmallocUsed:       26800 kB
VmallocChunk:      91212 kB
HardwareCorrupted:     0 kB
HugePages_Total:       0
HugePages_Free:        0
HugePages_Rsvd:        0
HugePages_Surp:        0
Hugepagesize:       4096 kB
DirectMap4k:       12280 kB
DirectMap4M:      897024 kB


CPU:total 1 (2 cores per cpu, 2 threads per core) family 6 model 58 stepping 9, cmov, cx8, fxsr, mmx, sse, sse2, sse3, ssse3, sse4.1, sse4.2, popcnt, ht, tsc, tscinvbit, tscinv

/proc/cpuinfo:
processor	: 0
vendor_id	: GenuineIntel
cpu family	: 6
model		: 58
model name	: Intel(R) Core(TM) i3-3110M CPU @ 2.40GHz
stepping	: 9
cpu MHz		: 2317.501
cache size	: 6144 KB
fdiv_bug	: no
hlt_bug		: no
f00f_bug	: no
coma_bug	: no
fpu		: yes
fpu_exception	: yes
cpuid level	: 5
wp		: yes
flags		: fpu vme de pse tsc msr pae mce cx8 apic mtrr pge mca cmov pat pse36 clflush mmx fxsr sse sse2 rdtscp constant_tsc up pni monitor ssse3
bogomips	: 4635.00
clflush size	: 64
cache_alignment	: 64
address sizes	: 36 bits physical, 48 bits virtual
power management:



Memory: 4k page, physical 1026508k(153216k free), swap 407544k(407544k free)

vm_info: OpenJDK Client VM (23.25-b01) for linux-x86 JRE (1.6.0_31-b31), built on Apr 17 2014 22:13:12 by "buildd" with gcc 4.4.3

time: Fri Aug  8 09:57:28 2014
elapsed time: 1 seconds

