#
# A fatal error has been detected by the Java Runtime Environment:
#
#  SIGSEGV (0xb) at pc=0x004c74c6, pid=1963, tid=3079321296
#
# JRE version: 6.0_31-b31
# Java VM: OpenJDK Client VM (23.25-b01 mixed mode, sharing linux-x86 )
# Problematic frame:
# C  [liboppsimd.so+0x1674c6]  cSimpleModule::scheduleAt(SimTime, cMessage*)+0x17a
#
# Failed to write core dump. Core dumps have been disabled. To enable core dumping, try "ulimit -c unlimited" before starting Java again
#
# If you would like to submit a bug report, please include
# instructions how to reproduce the bug and visit:
#   https://bugs.launchpad.net/ubuntu/+source/openjdk-6/
# The crash happened outside the Java Virtual Machine in native code.
# See problematic frame for where to report the bug.
#

---------------  T H R E A D  ---------------

Current thread (0x0af50000):  JavaThread "main" [_thread_in_native, id=1963, stack(0xbfaa0000,0xbfaf0000)]

siginfo:si_signo=SIGSEGV: si_errno=0, si_code=1 (SEGV_MAPERR), si_addr=0x00000000

Registers:
EAX=0x00000000, EBX=0x00000000, ECX=0x5d8a0000, EDX=0x080da11a
ESP=0xbfaebce0, EBP=0xbfaebd58, ESI=0x8fa2bab0, EDI=0x0af50000
EIP=0x004c74c6, EFLAGS=0x00210202, CR2=0x00000000

Top of Stack: (sp=0xbfaebce0)
0xbfaebce0:   0a041118 bfaebd24 0039bc7c b78c1bf0
0xbfaebcf0:   00000000 ffffffff 00a4fff4 080687e0
0xbfaebd00:   00000005 bfaebd40 00a416b6 00a50ab0
0xbfaebd10:   00000000 00000001 00000005 00000000
0xbfaebd20:   00000005 00000000 00000000 00000000
0xbfaebd30:   0039bc7c 8fa2bab0 8fa2bab0 0af50000
0xbfaebd40:   bfaebdc8 00a473c0 01634578 8fa2bab0
0xbfaebd50:   8fa2bab0 0af50000 bfaebdc8 0809e31b 

Instructions: (pc=0x004c74c6)
0x004c74a6:   e8 67 3b 00 00 85 c0 74 07 b8 01 00 00 00 eb 05
0x004c74b6:   b8 00 00 00 00 84 c0 0f 84 6c 01 00 00 8b 45 08
0x004c74c6:   8b 00 83 c0 14 8b 10 8b 45 08 89 04 24 ff d2 89
0x004c74d6:   c6 8b 45 08 8b 00 83 c0 20 8b 08 8b 55 08 8d 45 

Register to memory mapping:

EAX=0x00000000 is an unknown value
EBX=0x00000000 is an unknown value
ECX=0x5d8a0000 is an unknown value
EDX=0x080da11a: _ZNK7cModule8isModuleEv+0 in /home/ubuntu/Downloads/omnet/omnetpp-4.4.1/contrib/jsimplemodule/jsimple/jsimple at 0x08048000
ESP=0xbfaebce0 is pointing into the stack for thread: 0x0af50000
EBP=0xbfaebd58 is pointing into the stack for thread: 0x0af50000
ESI=0x8fa2bab0 is an oop
{method} 
 - klass: {other class}
EDI=0x0af50000 is a thread


Stack: [0xbfaa0000,0xbfaf0000],  sp=0xbfaebce0,  free space=303k
Native frames: (J=compiled Java code, j=interpreted, Vv=VM code, C=native code)
C  [liboppsimd.so+0x1674c6]  cSimpleModule::scheduleAt(SimTime, cMessage*)+0x17a
C  [jsimple+0x5631b]  Java_org_omnetpp_simkernel_SimkernelJNI_cSimpleModule_1scheduleAt+0xcc
j  org.omnetpp.simkernel.SimkernelJNI.cSimpleModule_scheduleAt(JLorg/omnetpp/simkernel/cSimpleModule;JLorg/omnetpp/simkernel/SimTime;JLorg/omnetpp/simkernel/cMessage;)I+0
j  org.omnetpp.simkernel.cSimpleModule.scheduleAt(Lorg/omnetpp/simkernel/SimTime;Lorg/omnetpp/simkernel/cMessage;)I+15
j  de.tudarmstadt.maki.simonstrator.util.core.RealtimeScheduler.scheduleIn(JLde/tudarmstadt/maki/simonstrator/api/EventHandler;Ljava/lang/Object;I)V+145
j  de.tudarmstadt.maki.simonstrator.util.core.Start.initialize()V+23
j  org.omnetpp.simkernel.JSimpleModule.initialize(I)V+5
v  ~StubRoutines::call_stub
V  [libjvm.so+0x26dd84]  JavaCalls::call_helper(JavaValue*, methodHandle*, JavaCallArguments*, Thread*)+0x314
V  [libjvm.so+0x397799]  os::os_exception_wrapper(void (*)(JavaValue*, methodHandle*, JavaCallArguments*, Thread*), JavaValue*, methodHandle*, JavaCallArguments*, Thread*)+0x19
V  [libjvm.so+0x26c9bf]  JavaCalls::call(JavaValue*, methodHandle, JavaCallArguments*, Thread*)+0x2f
V  [libjvm.so+0x279f2c]  jni_invoke_nonstatic(JNIEnv_*, JavaValue*, _jobject*, JNICallType, _jmethodID*, JNI_ArgumentPusher*, Thread*)+0x27c
V  [libjvm.so+0x2890e0]  jni_CallVoidMethodV+0xc0
C  [jsimple+0x92112]  JNIEnv_::CallVoidMethod(_jobject*, _jmethodID*, ...)+0x34
C  [jsimple+0x91c0f]  JSimpleModule::initialize(int)+0x4d
C  [liboppsimd.so+0x149647]  cModule::initializeModules(int)+0x18b
C  [liboppsimd.so+0x14977b]  cModule::initializeModules(int)+0x2bf
C  [liboppsimd.so+0x149261]  cModule::callInitialize()+0x71
C  [liboppsimd.so+0x16a43c]  cSimulation::startRun()+0xd6
C  [liboppenvird.so+0x911c3]  EnvirBase::startRun()+0x97
C  [libopptkenvd.so+0x34abb]  Tkenv::newRun(char const*, int)+0x1bb
C  [libopptkenvd.so+0x3f3b1]  newRun_cmd(void*, Tcl_Interp*, int, char const**)+0x72
C  [libtcl8.4.so.0+0x1f17e]  TclInvokeStringCommand+0x6e
C  [libtcl8.4.so.0+0x205bb]  TclEvalObjvInternal+0x35b
C  [libtcl8.4.so.0+0x4d2c2]  TclCompEvalObj+0x2782
C  [libtcl8.4.so.0+0x4ac1d]  TclCompEvalObj+0xdd
C  [libtcl8.4.so.0+0x81957]  TclObjInterpProc+0x2a7
C  [libtcl8.4.so.0+0x205bb]  TclEvalObjvInternal+0x35b
C  [libtcl8.4.so.0+0x4d2c2]  TclCompEvalObj+0x2782
C  [libtcl8.4.so.0+0x4ac1d]  TclCompEvalObj+0xdd
C  [libtcl8.4.so.0+0x81957]  TclObjInterpProc+0x2a7
C  [libtcl8.4.so.0+0x205bb]  TclEvalObjvInternal+0x35b
C  [libtcl8.4.so.0+0x2144c]  Tcl_EvalEx+0x4fc
C  [libtcl8.4.so.0+0x216dc]  Tcl_Eval+0x3c
C  [libopptkenvd.so+0x33224]  Tkenv::run()+0x75e
C  [liboppenvird.so+0x8d70d]  EnvirBase::run(int, char**, cConfiguration*)+0x1a5
C  [liboppenvird.so+0x8a66a]  setupUserInterface(int, char**)+0xb82
C  [liboppenvird.so+0x8b1dd]  evMain+0x49
C  [jsimple+0x93b2f]  main+0x1b
C  [libc.so.6+0x16bd6]  __libc_start_main+0xe6

Java frames: (J=compiled Java code, j=interpreted, Vv=VM code)
j  org.omnetpp.simkernel.SimkernelJNI.cSimpleModule_scheduleAt(JLorg/omnetpp/simkernel/cSimpleModule;JLorg/omnetpp/simkernel/SimTime;JLorg/omnetpp/simkernel/cMessage;)I+0
j  org.omnetpp.simkernel.cSimpleModule.scheduleAt(Lorg/omnetpp/simkernel/SimTime;Lorg/omnetpp/simkernel/cMessage;)I+15
j  de.tudarmstadt.maki.simonstrator.util.core.RealtimeScheduler.scheduleIn(JLde/tudarmstadt/maki/simonstrator/api/EventHandler;Ljava/lang/Object;I)V+145
j  de.tudarmstadt.maki.simonstrator.util.core.Start.initialize()V+23
j  org.omnetpp.simkernel.JSimpleModule.initialize(I)V+5
v  ~StubRoutines::call_stub

---------------  P R O C E S S  ---------------

Java Threads: ( => current thread )
  0x0afbfc00 JavaThread "Low Memory Detector" daemon [_thread_blocked, id=1974, stack(0xb3edd000,0xb3f2e000)]
  0x0afbdc00 JavaThread "C1 CompilerThread0" daemon [_thread_blocked, id=1973, stack(0xb3f2e000,0xb3faf000)]
  0x0afbc000 JavaThread "Signal Dispatcher" daemon [_thread_blocked, id=1972, stack(0xb3faf000,0xb4000000)]
  0x0afb5400 JavaThread "Finalizer" daemon [_thread_blocked, id=1971, stack(0xb4000000,0xb4051000)]
  0x0afb3c00 JavaThread "Reference Handler" daemon [_thread_blocked, id=1970, stack(0xb4051000,0xb40a2000)]
=>0x0af50000 JavaThread "main" [_thread_in_native, id=1963, stack(0xbfaa0000,0xbfaf0000)]

Other Threads:
  0x0afa9c00 VMThread [stack: 0xb40a2000,0xb4123000] [id=1969]
  0x0afc2c00 WatcherThread [stack: 0xb3e5c000,0xb3edd000] [id=1975]

VM state:not at safepoint (normal execution)

VM Mutex/Monitor currently owned by a thread: None

Heap
 def new generation   total 4800K, used 972K [0x70410000, 0x70940000, 0x7ab60000)
  eden space 4288K,  22% used [0x70410000, 0x70503078, 0x70840000)
  from space 512K,   0% used [0x70840000, 0x70840000, 0x708c0000)
  to   space 512K,   0% used [0x708c0000, 0x708c0000, 0x70940000)
 tenured generation   total 10752K, used 0K [0x7ab60000, 0x7b5e0000, 0x8fa10000)
   the space 10752K,   0% used [0x7ab60000, 0x7ab60000, 0x7ab60200, 0x7b5e0000)
 compacting perm gen  total 12288K, used 493K [0x8fa10000, 0x90610000, 0x93a10000)
   the space 12288K,   4% used [0x8fa10000, 0x8fa8b420, 0x8fa8b600, 0x90610000)
    ro space 10240K,  56% used [0x93a10000, 0x93fad218, 0x93fad400, 0x94410000)
    rw space 12288K,  60% used [0x94410000, 0x94b5c138, 0x94b5c200, 0x95010000)

Card table byte_map: [0xb4383000,0xb44aa000] byte_map_base: 0xb4000f80

Polling page: 0xb78b7000

Code Cache  [0xb44aa000, 0xb454a000, 0xb64aa000)
 total_blobs=181 nmethods=14 adapters=104 free_code_cache=32143Kb largest_free_block=32915328

Compilation events (10 events):
Event: 0.638 Thread 0x0afbdc00   10             java.io.UnixFileSystem::normalize (75 bytes)
Event: 0.639 Thread 0x0afbdc00 nmethod 10 0xb4540108 code [0xb4540240, 0xb4540400]
Event: 0.662 Thread 0x0afbdc00   11             java.lang.String::indexOf (166 bytes)
Event: 0.663 Thread 0x0afbdc00 nmethod 11 0xb4543ac8 code [0xb4543be0, 0xb4543e10]
Event: 0.673 Thread 0x0afbdc00   12             java.lang.String::replace (142 bytes)
Event: 0.674 Thread 0x0afbdc00 nmethod 12 0xb4544108 code [0xb4544230, 0xb45444e0]
Event: 0.692 Thread 0x0afbdc00   13             sun.net.www.ParseUtil::encodePath (336 bytes)
Event: 0.694 Thread 0x0afbdc00 nmethod 13 0xb4544808 code [0xb45449c0, 0xb4545004]
Event: 0.734 Thread 0x0afbdc00   14             java.lang.String::startsWith (78 bytes)
Event: 0.735 Thread 0x0afbdc00 nmethod 14 0xb4545c88 code [0xb4545d90, 0xb4545ee0]

GC Heap History (0 events):
No events

Deoptimization events (0 events):
No events

Internal exceptions (10 events):
Event: 0.691 Thread 0x0af50000 Threw 0x704ec168 at /build/buildd/openjdk-6-6b31-1.13.3/build/openjdk/hotspot/src/share/vm/classfile/systemDictionary.cpp:179
Event: 0.691 Thread 0x0af50000 Threw 0x704edb50 at /build/buildd/openjdk-6-6b31-1.13.3/build/openjdk/hotspot/src/share/vm/prims/jvm.cpp:1235
Event: 0.702 Thread 0x0af50000 Threw 0x704f3818 at /build/buildd/openjdk-6-6b31-1.13.3/build/openjdk/hotspot/src/share/vm/classfile/systemDictionary.cpp:179
Event: 0.703 Thread 0x0af50000 Threw 0x704f3ba8 at /build/buildd/openjdk-6-6b31-1.13.3/build/openjdk/hotspot/src/share/vm/prims/jvm.cpp:1235
Event: 0.728 Thread 0x0af50000 Threw 0x704f72b8 at /build/buildd/openjdk-6-6b31-1.13.3/build/openjdk/hotspot/src/share/vm/classfile/systemDictionary.cpp:179
Event: 0.728 Thread 0x0af50000 Threw 0x704f75c8 at /build/buildd/openjdk-6-6b31-1.13.3/build/openjdk/hotspot/src/share/vm/prims/jvm.cpp:1235
Event: 0.730 Thread 0x0af50000 Threw 0x704fc330 at /build/buildd/openjdk-6-6b31-1.13.3/build/openjdk/hotspot/src/share/vm/classfile/systemDictionary.cpp:179
Event: 0.730 Thread 0x0af50000 Threw 0x704fc688 at /build/buildd/openjdk-6-6b31-1.13.3/build/openjdk/hotspot/src/share/vm/prims/jvm.cpp:1235
Event: 0.734 Thread 0x0af50000 Threw 0x704fea80 at /build/buildd/openjdk-6-6b31-1.13.3/build/openjdk/hotspot/src/share/vm/classfile/systemDictionary.cpp:179
Event: 0.734 Thread 0x0af50000 Threw 0x704fee40 at /build/buildd/openjdk-6-6b31-1.13.3/build/openjdk/hotspot/src/share/vm/prims/jvm.cpp:1235

Events (10 events):
Event: 0.721 loading class 0x0b0323d8 done
Event: 0.721 loading class 0x95180930 done
Event: 0.724 loading class 0x0b032340
Event: 0.725 loading class 0x0b032340 done
Event: 0.728 loading class 0x0b0289c0
Event: 0.728 loading class 0x0b0289c0 done
Event: 0.730 loading class 0x0b0344f8
Event: 0.730 loading class 0x0b0344f8 done
Event: 0.734 loading class 0x0b028ad0
Event: 0.734 loading class 0x0b028ad0 done


Dynamic libraries:
00110000-00183000 r-xp 00000000 08:01 459406     /home/ubuntu/Downloads/omnet/omnetpp-4.4.1/lib/gcc/libopptkenvd.so
00183000-00184000 r--p 00072000 08:01 459406     /home/ubuntu/Downloads/omnet/omnetpp-4.4.1/lib/gcc/libopptkenvd.so
00184000-00200000 rw-p 00073000 08:01 459406     /home/ubuntu/Downloads/omnet/omnetpp-4.4.1/lib/gcc/libopptkenvd.so
00200000-0020f000 r-xp 00000000 08:01 459388     /home/ubuntu/Downloads/omnet/omnetpp-4.4.1/lib/gcc/liboppcmdenvd.so
0020f000-00210000 r--p 0000e000 08:01 459388     /home/ubuntu/Downloads/omnet/omnetpp-4.4.1/lib/gcc/liboppcmdenvd.so
00210000-00211000 rw-p 0000f000 08:01 459388     /home/ubuntu/Downloads/omnet/omnetpp-4.4.1/lib/gcc/liboppcmdenvd.so
00211000-0022e000 r-xp 00000000 08:01 130877     /lib/libgcc_s.so.1
0022e000-0022f000 r--p 0001c000 08:01 130877     /lib/libgcc_s.so.1
0022f000-00230000 rw-p 0001d000 08:01 130877     /lib/libgcc_s.so.1
00230000-00245000 r-xp 00000000 08:01 137724     /lib/tls/i686/cmov/libpthread-2.11.1.so
00245000-00246000 r--p 00014000 08:01 137724     /lib/tls/i686/cmov/libpthread-2.11.1.so
00246000-00247000 rw-p 00015000 08:01 137724     /lib/tls/i686/cmov/libpthread-2.11.1.so
00247000-00249000 rw-p 00000000 00:00 0 
00249000-00297000 r-xp 00000000 08:01 459121     /home/ubuntu/Downloads/omnet/omnetpp-4.4.1/lib/gcc/liboppcommond.so
00297000-00298000 r--p 0004d000 08:01 459121     /home/ubuntu/Downloads/omnet/omnetpp-4.4.1/lib/gcc/liboppcommond.so
00298000-00299000 rw-p 0004e000 08:01 459121     /home/ubuntu/Downloads/omnet/omnetpp-4.4.1/lib/gcc/liboppcommond.so
00299000-0029b000 r-xp 00000000 08:01 264758     /usr/lib/libXau.so.6.0.0
0029b000-0029c000 r--p 00001000 08:01 264758     /usr/lib/libXau.so.6.0.0
0029c000-0029d000 rw-p 00002000 08:01 264758     /usr/lib/libXau.so.6.0.0
0029d000-002a1000 r-xp 00000000 08:01 264769     /usr/lib/libXdmcp.so.6.0.0
002a1000-002a2000 r--p 00003000 08:01 264769     /usr/lib/libXdmcp.so.6.0.0
002a2000-002a3000 rw-p 00004000 08:01 264769     /usr/lib/libXdmcp.so.6.0.0
002a3000-002a7000 r-xp 00000000 08:01 264773     /usr/lib/libXfixes.so.3.1.0
002a7000-002a8000 r--p 00003000 08:01 264773     /usr/lib/libXfixes.so.3.1.0
002a8000-002a9000 rw-p 00004000 08:01 264773     /usr/lib/libXfixes.so.3.1.0
002ab000-002ad000 r-xp 00000000 08:01 137704     /lib/tls/i686/cmov/libdl-2.11.1.so
002ad000-002ae000 r--p 00001000 08:01 137704     /lib/tls/i686/cmov/libdl-2.11.1.so
002ae000-002af000 rw-p 00002000 08:01 137704     /lib/tls/i686/cmov/libdl-2.11.1.so
002af000-002c2000 r-xp 00000000 08:01 133475     /lib/libz.so.1.2.3.3
002c2000-002c3000 r--p 00012000 08:01 133475     /lib/libz.so.1.2.3.3
002c3000-002c4000 rw-p 00013000 08:01 133475     /lib/libz.so.1.2.3.3
002c4000-002dc000 r-xp 00000000 08:01 270050     /usr/lib/libxcb.so.1.1.0
002dc000-002dd000 r--p 00017000 08:01 270050     /usr/lib/libxcb.so.1.1.0
002dd000-002de000 rw-p 00018000 08:01 270050     /usr/lib/libxcb.so.1.1.0
002de000-002e6000 r-xp 00000000 08:01 264765     /usr/lib/libXcursor.so.1.0.2
002e6000-002e7000 r--p 00007000 08:01 264765     /usr/lib/libXcursor.so.1.0.2
002e7000-002e8000 rw-p 00008000 08:01 264765     /usr/lib/libXcursor.so.1.0.2
002e8000-002f0000 r-xp 00000000 08:01 296299     /usr/lib/libXrender.so.1.3.0
002f0000-002f1000 r--p 00007000 08:01 296299     /usr/lib/libXrender.so.1.3.0
002f1000-002f2000 rw-p 00008000 08:01 296299     /usr/lib/libXrender.so.1.3.0
002f2000-002f9000 r-xp 00000000 08:01 137728     /lib/tls/i686/cmov/librt-2.11.1.so
002f9000-002fa000 r--p 00006000 08:01 137728     /lib/tls/i686/cmov/librt-2.11.1.so
002fa000-002fb000 rw-p 00007000 08:01 137728     /lib/tls/i686/cmov/librt-2.11.1.so
002fb000-00301000 r-xp 00000000 08:01 137711     /lib/tls/i686/cmov/libnss_compat-2.11.1.so
00301000-00302000 r--p 00006000 08:01 137711     /lib/tls/i686/cmov/libnss_compat-2.11.1.so
00302000-00303000 rw-p 00007000 08:01 137711     /lib/tls/i686/cmov/libnss_compat-2.11.1.so
00305000-00318000 r-xp 00000000 08:01 137709     /lib/tls/i686/cmov/libnsl-2.11.1.so
00318000-00319000 r--p 00012000 08:01 137709     /lib/tls/i686/cmov/libnsl-2.11.1.so
00319000-0031a000 rw-p 00013000 08:01 137709     /lib/tls/i686/cmov/libnsl-2.11.1.so
0031a000-0031c000 rw-p 00000000 00:00 0 
0031c000-00328000 r-xp 00000000 08:01 421609     /usr/lib/jvm/java-6-openjdk/jre/lib/i386/libverify.so
00328000-00329000 r--p 0000b000 08:01 421609     /usr/lib/jvm/java-6-openjdk/jre/lib/i386/libverify.so
00329000-0032a000 rw-p 0000c000 08:01 421609     /usr/lib/jvm/java-6-openjdk/jre/lib/i386/libverify.so
0032a000-0034e000 r-xp 00000000 08:01 421578     /usr/lib/jvm/java-6-openjdk/jre/lib/i386/libjava.so
0034e000-0034f000 r--p 00023000 08:01 421578     /usr/lib/jvm/java-6-openjdk/jre/lib/i386/libjava.so
0034f000-00351000 rw-p 00024000 08:01 421578     /usr/lib/jvm/java-6-openjdk/jre/lib/i386/libjava.so
00351000-00359000 r-xp 00000000 08:01 137719     /lib/tls/i686/cmov/libnss_nis-2.11.1.so
00359000-0035a000 r--p 00007000 08:01 137719     /lib/tls/i686/cmov/libnss_nis-2.11.1.so
0035a000-0035b000 rw-p 00008000 08:01 137719     /lib/tls/i686/cmov/libnss_nis-2.11.1.so
00360000-005b8000 r-xp 00000000 08:01 459348     /home/ubuntu/Downloads/omnet/omnetpp-4.4.1/lib/gcc/liboppsimd.so
005b8000-005b9000 r--p 00257000 08:01 459348     /home/ubuntu/Downloads/omnet/omnetpp-4.4.1/lib/gcc/liboppsimd.so
005b9000-005ba000 rw-p 00258000 08:01 459348     /home/ubuntu/Downloads/omnet/omnetpp-4.4.1/lib/gcc/liboppsimd.so
005ba000-005bd000 rw-p 00000000 00:00 0 
005bd000-0066d000 r-xp 00000000 08:01 265671     /usr/lib/libtcl8.4.so.0
0066d000-0066e000 ---p 000b0000 08:01 265671     /usr/lib/libtcl8.4.so.0
0066e000-0066f000 r--p 000b0000 08:01 265671     /usr/lib/libtcl8.4.so.0
0066f000-00674000 rw-p 000b1000 08:01 265671     /usr/lib/libtcl8.4.so.0
00674000-0067e000 r-xp 00000000 08:01 137715     /lib/tls/i686/cmov/libnss_files-2.11.1.so
0067e000-0067f000 r--p 00009000 08:01 137715     /lib/tls/i686/cmov/libnss_files-2.11.1.so
0067f000-00680000 rw-p 0000a000 08:01 137715     /lib/tls/i686/cmov/libnss_files-2.11.1.so
00680000-00687000 r-xp 00000000 08:01 421579     /usr/lib/jvm/java-6-openjdk/jre/lib/i386/libzip.so
00687000-00688000 r--p 00006000 08:01 421579     /usr/lib/jvm/java-6-openjdk/jre/lib/i386/libzip.so
00688000-00689000 rw-p 00007000 08:01 421579     /usr/lib/jvm/java-6-openjdk/jre/lib/i386/libzip.so
0069e000-00705000 r-xp 00000000 08:01 459135     /home/ubuntu/Downloads/omnet/omnetpp-4.4.1/lib/gcc/libopplayoutd.so
00705000-00706000 r--p 00066000 08:01 459135     /home/ubuntu/Downloads/omnet/omnetpp-4.4.1/lib/gcc/libopplayoutd.so
00706000-00707000 rw-p 00067000 08:01 459135     /home/ubuntu/Downloads/omnet/omnetpp-4.4.1/lib/gcc/libopplayoutd.so
00707000-007dc000 r-xp 00000000 08:01 265689     /usr/lib/libtk8.4.so.0
007dc000-007dd000 r--p 000d4000 08:01 265689     /usr/lib/libtk8.4.so.0
007dd000-007e8000 rw-p 000d5000 08:01 265689     /usr/lib/libtk8.4.so.0
007e8000-007e9000 rw-p 00000000 00:00 0 
007e9000-008e9000 r-xp 00000000 08:01 459226     /home/ubuntu/Downloads/omnet/omnetpp-4.4.1/lib/gcc/liboppnedxmld.so
008e9000-008ea000 r--p 000ff000 08:01 459226     /home/ubuntu/Downloads/omnet/omnetpp-4.4.1/lib/gcc/liboppnedxmld.so
008ea000-008eb000 rw-p 00100000 08:01 459226     /home/ubuntu/Downloads/omnet/omnetpp-4.4.1/lib/gcc/liboppnedxmld.so
008eb000-008ec000 rw-p 00000000 00:00 0 
00916000-0093a000 r-xp 00000000 08:01 137706     /lib/tls/i686/cmov/libm-2.11.1.so
0093a000-0093b000 r--p 00023000 08:01 137706     /lib/tls/i686/cmov/libm-2.11.1.so
0093b000-0093c000 rw-p 00024000 08:01 137706     /lib/tls/i686/cmov/libm-2.11.1.so
0093c000-00a1a000 r-xp 00000000 08:01 273817     /usr/lib/libBLT.2.4.so.8.4
00a1a000-00a1b000 r--p 000dd000 08:01 273817     /usr/lib/libBLT.2.4.so.8.4
00a1b000-00a2c000 rw-p 000de000 08:01 273817     /usr/lib/libBLT.2.4.so.8.4
00a2c000-00a2d000 rw-p 00000000 00:00 0 
00a34000-00a4f000 r-xp 00000000 08:01 133302     /lib/ld-2.11.1.so
00a4f000-00a50000 r--p 0001a000 08:01 133302     /lib/ld-2.11.1.so
00a50000-00a51000 rw-p 0001b000 08:01 133302     /lib/ld-2.11.1.so
00a7a000-00b63000 r-xp 00000000 08:01 269643     /usr/lib/libstdc++.so.6.0.13
00b63000-00b67000 r--p 000e9000 08:01 269643     /usr/lib/libstdc++.so.6.0.13
00b67000-00b68000 rw-p 000ed000 08:01 269643     /usr/lib/libstdc++.so.6.0.13
00b68000-00b6f000 rw-p 00000000 00:00 0 
00c1d000-00d32000 r-xp 00000000 08:01 459383     /home/ubuntu/Downloads/omnet/omnetpp-4.4.1/lib/gcc/liboppenvird.so
00d32000-00d33000 r--p 00114000 08:01 459383     /home/ubuntu/Downloads/omnet/omnetpp-4.4.1/lib/gcc/liboppenvird.so
00d33000-00d34000 rw-p 00115000 08:01 459383     /home/ubuntu/Downloads/omnet/omnetpp-4.4.1/lib/gcc/liboppenvird.so
00dfe000-00f51000 r-xp 00000000 08:01 137698     /lib/tls/i686/cmov/libc-2.11.1.so
00f51000-00f52000 ---p 00153000 08:01 137698     /lib/tls/i686/cmov/libc-2.11.1.so
00f52000-00f54000 r--p 00153000 08:01 137698     /lib/tls/i686/cmov/libc-2.11.1.so
00f54000-00f55000 rw-p 00155000 08:01 137698     /lib/tls/i686/cmov/libc-2.11.1.so
00f55000-00f58000 rw-p 00000000 00:00 0 
00fa4000-00fa5000 r-xp 00000000 00:00 0          [vdso]
00fa5000-01494000 r-xp 00000000 08:01 421586     /usr/lib/jvm/java-6-openjdk/jre/lib/i386/client/libjvm.so
01494000-014ab000 r--p 004ef000 08:01 421586     /usr/lib/jvm/java-6-openjdk/jre/lib/i386/client/libjvm.so
014ab000-014ba000 rw-p 00506000 08:01 421586     /usr/lib/jvm/java-6-openjdk/jre/lib/i386/client/libjvm.so
014ba000-018d3000 rw-p 00000000 00:00 0 
041ec000-04310000 r-xp 00000000 08:01 273771     /usr/lib/libxml2.so.2.7.6
04310000-04311000 ---p 00124000 08:01 273771     /usr/lib/libxml2.so.2.7.6
04311000-04315000 r--p 00124000 08:01 273771     /usr/lib/libxml2.so.2.7.6
04315000-04316000 rw-p 00128000 08:01 273771     /usr/lib/libxml2.so.2.7.6
04316000-04317000 rw-p 00000000 00:00 0 
06ad4000-06bed000 r-xp 00000000 08:01 270065     /usr/lib/libX11.so.6.3.0
06bed000-06bee000 r--p 00118000 08:01 270065     /usr/lib/libX11.so.6.3.0
06bee000-06bf0000 rw-p 00119000 08:01 270065     /usr/lib/libX11.so.6.3.0
06bf0000-06bf1000 rw-p 00000000 00:00 0 
08048000-08111000 r-xp 00000000 08:01 474737     /home/ubuntu/Downloads/omnet/omnetpp-4.4.1/contrib/jsimplemodule/jsimple/out/gcc-debug/jsimple
08111000-08112000 r--p 000c9000 08:01 474737     /home/ubuntu/Downloads/omnet/omnetpp-4.4.1/contrib/jsimplemodule/jsimple/out/gcc-debug/jsimple
08112000-08117000 rw-p 000ca000 08:01 474737     /home/ubuntu/Downloads/omnet/omnetpp-4.4.1/contrib/jsimplemodule/jsimple/out/gcc-debug/jsimple
08117000-08118000 rw-p 00000000 00:00 0 
0a023000-0b0dd000 rw-p 00000000 00:00 0          [heap]
70410000-70940000 rw-p 00000000 00:00 0 
70940000-7ab60000 rw-p 00000000 00:00 0 
7ab60000-7b5e0000 rw-p 00000000 00:00 0 
7b5e0000-8fa10000 rw-p 00000000 00:00 0 
8fa10000-90610000 rw-p 00000000 00:00 0 
90610000-93a10000 rw-p 00000000 00:00 0 
93a10000-93fae000 r--p 00001000 08:01 422236     /usr/lib/jvm/java-6-openjdk/jre/lib/i386/client/classes.jsa
93fae000-94410000 rw-p 00000000 00:00 0 
94410000-94b5d000 rw-p 0059f000 08:01 422236     /usr/lib/jvm/java-6-openjdk/jre/lib/i386/client/classes.jsa
94b5d000-95010000 rw-p 00000000 00:00 0 
95010000-9531f000 rw-p 00cec000 08:01 422236     /usr/lib/jvm/java-6-openjdk/jre/lib/i386/client/classes.jsa
9531f000-95410000 rw-p 00000000 00:00 0 
95410000-95419000 r-xp 00ffb000 08:01 422236     /usr/lib/jvm/java-6-openjdk/jre/lib/i386/client/classes.jsa
95419000-95810000 rw-p 00000000 00:00 0 
b3d8f000-b3e5c000 rw-p 00000000 00:00 0 
b3e5c000-b3e5d000 ---p 00000000 00:00 0 
b3e5d000-b3edd000 rw-p 00000000 00:00 0 
b3edd000-b3ee0000 ---p 00000000 00:00 0 
b3ee0000-b3f2e000 rw-p 00000000 00:00 0 
b3f2e000-b3f31000 ---p 00000000 00:00 0 
b3f31000-b3faf000 rw-p 00000000 00:00 0 
b3faf000-b3fb2000 ---p 00000000 00:00 0 
b3fb2000-b4000000 rw-p 00000000 00:00 0 
b4000000-b4003000 ---p 00000000 00:00 0 
b4003000-b4051000 rw-p 00000000 00:00 0 
b4051000-b4054000 ---p 00000000 00:00 0 
b4054000-b40a2000 rw-p 00000000 00:00 0 
b40a2000-b40a3000 ---p 00000000 00:00 0 
b40a3000-b4123000 rw-p 00000000 00:00 0 
b4123000-b42ba000 r--s 01a14000 08:01 421572     /usr/lib/jvm/java-6-openjdk/jre/lib/rt.jar
b42ba000-b42c1000 rw-p 00000000 00:00 0 
b42c1000-b42db000 rw-p 00000000 00:00 0 
b42db000-b42e1000 rw-p 00000000 00:00 0 
b42e1000-b4383000 rw-p 00000000 00:00 0 
b4383000-b4386000 rw-p 00000000 00:00 0 
b4386000-b43d6000 rw-p 00000000 00:00 0 
b43d6000-b43dc000 rw-p 00000000 00:00 0 
b43dc000-b447e000 rw-p 00000000 00:00 0 
b447e000-b4484000 rw-p 00000000 00:00 0 
b4484000-b449e000 rw-p 00000000 00:00 0 
b449e000-b44aa000 rw-p 00000000 00:00 0 
b44aa000-b454a000 rwxp 00000000 00:00 0 
b454a000-b64aa000 rw-p 00000000 00:00 0 
b64aa000-b6f8d000 rw-p 00000000 00:00 0 
b6f8d000-b6fc7000 rw-p 00000000 00:00 0 
b6fd4000-b6fe6000 rw-p 00000000 00:00 0 
b6fe6000-b7063000 rw-p 00000000 00:00 0 
b7063000-b706b000 rw-s 00000000 08:01 269501     /tmp/hsperfdata_ubuntu/1963
b706b000-b70aa000 r--p 00000000 08:01 269850     /usr/lib/locale/en_US.utf8/LC_CTYPE
b70aa000-b70ab000 ---p 00000000 00:00 0 
b70ab000-b78b1000 rw-p 00000000 00:00 0 
b78b1000-b78b4000 r--s 00020000 08:01 458350     /home/ubuntu/Downloads/omnet/omnetpp-4.4.1/contrib/jsimplemodule/jsimple/simkernel.jar
b78b4000-b78b6000 r--s 0000f000 08:01 421031     /usr/lib/jvm/java-6-openjdk/jre/lib/ext/pulse-java.jar
b78b6000-b78b7000 rw-p 00000000 00:00 0 
b78b7000-b78b8000 r--p 00000000 00:00 0 
b78b8000-b78b9000 rw-p 00000000 00:00 0 
b78b9000-b78c0000 r--s 00000000 08:01 268524     /usr/lib/gconv/gconv-modules.cache
b78c0000-b78c4000 rw-p 00000000 00:00 0 
bfaa0000-bfaa3000 ---p 00000000 00:00 0 
bfaa3000-bfaf0000 rw-p 00000000 00:00 0          [stack]

VM Arguments:
jvm_args: -Djava.library.path=. 
java_command: <unknown>
Launcher Type: generic

Environment Variables:
CLASSPATH=/home/ubuntu/Downloads/omnet/omnetpp-4.4.1/samples/Hiwis/bin;/home/ubuntu/Downloads/omnet/omnetpp-4.4.1/contrib/jsimplemodule/jsimple/out/classes
PATH=/home/ubuntu/Downloads/omnet/omnetpp-4.4.1/bin::/home/ubuntu/Downloads/omnet/omnetpp-4.4.1/bin:/usr/local/sbin:/usr/local/bin:/usr/sbin:/usr/bin:/sbin:/bin:/usr/games
USERNAME=ubuntu
LD_LIBRARY_PATH=/home/ubuntu/Downloads/omnet/omnetpp-4.4.1/lib::/usr/lib/jvm/java-6-openjdk/jre/lib/i386/client:/usr/lib/jvm/java-6-openjdk/jre/lib/i386:
SHELL=/bin/bash
DISPLAY=:0.0
DYLD_LIBRARY_PATH=/usr/lib/jvm/java-6-openjdk/jre/lib/i386/server

Signal Handlers:
SIGSEGV: [libjvm.so+0x48e7a0], sa_mask[0]=0x7ffbfeff, sa_flags=0x10000004
SIGBUS: [libjvm.so+0x48e7a0], sa_mask[0]=0x7ffbfeff, sa_flags=0x10000004
SIGFPE: [libjvm.so+0x399200], sa_mask[0]=0x7ffbfeff, sa_flags=0x10000004
SIGPIPE: [libjvm.so+0x399200], sa_mask[0]=0x7ffbfeff, sa_flags=0x10000004
SIGXFSZ: [libjvm.so+0x399200], sa_mask[0]=0x7ffbfeff, sa_flags=0x10000004
SIGILL: [libjvm.so+0x399200], sa_mask[0]=0x7ffbfeff, sa_flags=0x10000004
SIGUSR1: SIG_DFL, sa_mask[0]=0x00000000, sa_flags=0x00000000
SIGUSR2: [libjvm.so+0x398c80], sa_mask[0]=0x00000004, sa_flags=0x10000004
SIGHUP: [libjvm.so+0x39c280], sa_mask[0]=0x7ffbfeff, sa_flags=0x10000004
SIGINT: [libjvm.so+0x39c280], sa_mask[0]=0x7ffbfeff, sa_flags=0x10000004
SIGTERM: [libjvm.so+0x39c280], sa_mask[0]=0x7ffbfeff, sa_flags=0x10000004
SIGQUIT: [libjvm.so+0x39c280], sa_mask[0]=0x7ffbfeff, sa_flags=0x10000004


---------------  S Y S T E M  ---------------

OS:Ubuntu 10.04 (lucid)
uname:Linux 2.6.32-21-generic #32-Ubuntu SMP Fri Apr 16 08:10:02 UTC 2010 i686
libc:glibc 2.11.1 NPTL 2.11.1 
rlimit: STACK 8192k, CORE 0k, NPROC infinity, NOFILE 1024, AS infinity
load average:1.23 1.02 0.87

/proc/meminfo:
MemTotal:        1026508 kB
MemFree:          100752 kB
Buffers:           68340 kB
Cached:           345672 kB
SwapCached:            0 kB
Active:           595796 kB
Inactive:         277892 kB
Active(anon):     446788 kB
Inactive(anon):    18164 kB
Active(file):     149008 kB
Inactive(file):   259728 kB
Unevictable:           0 kB
Mlocked:               0 kB
HighTotal:        139208 kB
HighFree:            252 kB
LowTotal:         887300 kB
LowFree:          100500 kB
SwapTotal:        407544 kB
SwapFree:         407544 kB
Dirty:               156 kB
Writeback:             0 kB
AnonPages:        459728 kB
Mapped:            80976 kB
Shmem:              5276 kB
Slab:              37672 kB
SReclaimable:      29692 kB
SUnreclaim:         7980 kB
KernelStack:        2248 kB
PageTables:         5000 kB
NFS_Unstable:          0 kB
Bounce:                0 kB
WritebackTmp:          0 kB
CommitLimit:      920796 kB
Committed_AS:     984032 kB
VmallocTotal:     122880 kB
VmallocUsed:       26868 kB
VmallocChunk:      91272 kB
HardwareCorrupted:     0 kB
HugePages_Total:       0
HugePages_Free:        0
HugePages_Rsvd:        0
HugePages_Surp:        0
Hugepagesize:       4096 kB
DirectMap4k:       12280 kB
DirectMap4M:      897024 kB


CPU:total 1 (2 cores per cpu, 2 threads per core) family 6 model 58 stepping 9, cmov, cx8, fxsr, mmx, sse, sse2, sse3, ssse3, sse4.1, sse4.2, popcnt, ht, tsc, tscinvbit, tscinv

/proc/cpuinfo:
processor	: 0
vendor_id	: GenuineIntel
cpu family	: 6
model		: 58
model name	: Intel(R) Core(TM) i3-3110M CPU @ 2.40GHz
stepping	: 9
cpu MHz		: 2361.768
cache size	: 6144 KB
fdiv_bug	: no
hlt_bug		: no
f00f_bug	: no
coma_bug	: no
fpu		: yes
fpu_exception	: yes
cpuid level	: 5
wp		: yes
flags		: fpu vme de pse tsc msr pae mce cx8 apic mtrr pge mca cmov pat pse36 clflush mmx fxsr sse sse2 rdtscp constant_tsc up pni monitor ssse3
bogomips	: 4723.53
clflush size	: 64
cache_alignment	: 64
address sizes	: 36 bits physical, 48 bits virtual
power management:



Memory: 4k page, physical 1026508k(100752k free), swap 407544k(407544k free)

vm_info: OpenJDK Client VM (23.25-b01) for linux-x86 JRE (1.6.0_31-b31), built on Apr 17 2014 22:13:12 by "buildd" with gcc 4.4.3

time: Wed Aug 20 02:18:28 2014
elapsed time: 0 seconds

