#
# A fatal error has been detected by the Java Runtime Environment:
#
#  SIGSEGV (0xb) at pc=0x011494c6, pid=1607, tid=3078444752
#
# JRE version: 6.0_31-b31
# Java VM: OpenJDK Client VM (23.25-b01 mixed mode, sharing linux-x86 )
# Problematic frame:
# C  [liboppsimd.so+0x1674c6]  cSimpleModule::scheduleAt(SimTime, cMessage*)+0x17a
#
# Failed to write core dump. Core dumps have been disabled. To enable core dumping, try "ulimit -c unlimited" before starting Java again
#
# If you would like to submit a bug report, please include
# instructions how to reproduce the bug and visit:
#   https://bugs.launchpad.net/ubuntu/+source/openjdk-6/
# The crash happened outside the Java Virtual Machine in native code.
# See problematic frame for where to report the bug.
#

---------------  T H R E A D  ---------------

Current thread (0x0ab94000):  JavaThread "main" [_thread_in_native, id=1607, stack(0xbf7c6000,0xbf816000)]

siginfo:si_signo=SIGSEGV: si_errno=0, si_code=1 (SEGV_MAPERR), si_addr=0x00000000

Registers:
EAX=0x00000000, EBX=0x00000000, ECX=0x5d8a0000, EDX=0x080da11a
ESP=0xbf811c30, EBP=0xbf811ca8, ESI=0x8fa2baa0, EDI=0x0ab94000
EIP=0x011494c6, EFLAGS=0x00210202, CR2=0x00000000

Top of Stack: (sp=0xbf811c30)
0xbf811c30:   09c85118 bf811c74 0101dc7c b77ebbf0
0xbf811c40:   00000000 ffffffff 00509ff4 080687e0
0xbf811c50:   00000005 bf811c90 004fb6b6 0050aab0
0xbf811c60:   00000000 00000001 00000005 00000000
0xbf811c70:   00000005 00000000 00000000 00000000
0xbf811c80:   0101dc7c 8fa2baa0 8fa2baa0 0ab94000
0xbf811c90:   bf811d18 005013c0 01634578 8fa2baa0
0xbf811ca0:   8fa2baa0 0ab94000 bf811d18 0809e31b 

Instructions: (pc=0x011494c6)
0x011494a6:   e8 67 3b 00 00 85 c0 74 07 b8 01 00 00 00 eb 05
0x011494b6:   b8 00 00 00 00 84 c0 0f 84 6c 01 00 00 8b 45 08
0x011494c6:   8b 00 83 c0 14 8b 10 8b 45 08 89 04 24 ff d2 89
0x011494d6:   c6 8b 45 08 8b 00 83 c0 20 8b 08 8b 55 08 8d 45 

Register to memory mapping:

EAX=0x00000000 is an unknown value
EBX=0x00000000 is an unknown value
ECX=0x5d8a0000 is an unknown value
EDX=0x080da11a: _ZNK7cModule8isModuleEv+0 in /home/ubuntu/Downloads/omnet/omnetpp-4.4.1/contrib/jsimplemodule/jsimple/jsimple at 0x08048000
ESP=0xbf811c30 is pointing into the stack for thread: 0x0ab94000
EBP=0xbf811ca8 is pointing into the stack for thread: 0x0ab94000
ESI=0x8fa2baa0 is an oop
{method} 
 - klass: {other class}
EDI=0x0ab94000 is a thread


Stack: [0xbf7c6000,0xbf816000],  sp=0xbf811c30,  free space=303k
Native frames: (J=compiled Java code, j=interpreted, Vv=VM code, C=native code)
C  [liboppsimd.so+0x1674c6]  cSimpleModule::scheduleAt(SimTime, cMessage*)+0x17a
C  [jsimple+0x5631b]  Java_org_omnetpp_simkernel_SimkernelJNI_cSimpleModule_1scheduleAt+0xcc
j  org.omnetpp.simkernel.SimkernelJNI.cSimpleModule_scheduleAt(JLorg/omnetpp/simkernel/cSimpleModule;JLorg/omnetpp/simkernel/SimTime;JLorg/omnetpp/simkernel/cMessage;)I+0
j  org.omnetpp.simkernel.cSimpleModule.scheduleAt(Lorg/omnetpp/simkernel/SimTime;Lorg/omnetpp/simkernel/cMessage;)I+15
j  de.tudarmstadt.maki.simonstrator.util.core.RealtimeScheduler.scheduleIn(JLde/tudarmstadt/maki/simonstrator/api/EventHandler;Ljava/lang/Object;I)V+135
j  de.tudarmstadt.maki.simonstrator.util.core.Start.initialize()V+15
j  org.omnetpp.simkernel.JSimpleModule.initialize(I)V+5
v  ~StubRoutines::call_stub
V  [libjvm.so+0x26dd84]  JavaCalls::call_helper(JavaValue*, methodHandle*, JavaCallArguments*, Thread*)+0x314
V  [libjvm.so+0x397799]  os::os_exception_wrapper(void (*)(JavaValue*, methodHandle*, JavaCallArguments*, Thread*), JavaValue*, methodHandle*, JavaCallArguments*, Thread*)+0x19
V  [libjvm.so+0x26c9bf]  JavaCalls::call(JavaValue*, methodHandle, JavaCallArguments*, Thread*)+0x2f
V  [libjvm.so+0x279f2c]  jni_invoke_nonstatic(JNIEnv_*, JavaValue*, _jobject*, JNICallType, _jmethodID*, JNI_ArgumentPusher*, Thread*)+0x27c
V  [libjvm.so+0x2890e0]  jni_CallVoidMethodV+0xc0
C  [jsimple+0x92112]  JNIEnv_::CallVoidMethod(_jobject*, _jmethodID*, ...)+0x34
C  [jsimple+0x91c0f]  JSimpleModule::initialize(int)+0x4d
C  [liboppsimd.so+0x149647]  cModule::initializeModules(int)+0x18b
C  [liboppsimd.so+0x14977b]  cModule::initializeModules(int)+0x2bf
C  [liboppsimd.so+0x149261]  cModule::callInitialize()+0x71
C  [liboppsimd.so+0x16a43c]  cSimulation::startRun()+0xd6
C  [liboppenvird.so+0x911c3]  EnvirBase::startRun()+0x97
C  [libopptkenvd.so+0x34abb]  Tkenv::newRun(char const*, int)+0x1bb
C  [libopptkenvd.so+0x3f3b1]  newRun_cmd(void*, Tcl_Interp*, int, char const**)+0x72
C  [libtcl8.4.so.0+0x1f17e]  TclInvokeStringCommand+0x6e
C  [libtcl8.4.so.0+0x205bb]  TclEvalObjvInternal+0x35b
C  [libtcl8.4.so.0+0x4d2c2]  TclCompEvalObj+0x2782
C  [libtcl8.4.so.0+0x4ac1d]  TclCompEvalObj+0xdd
C  [libtcl8.4.so.0+0x81957]  TclObjInterpProc+0x2a7
C  [libtcl8.4.so.0+0x205bb]  TclEvalObjvInternal+0x35b
C  [libtcl8.4.so.0+0x4d2c2]  TclCompEvalObj+0x2782
C  [libtcl8.4.so.0+0x4ac1d]  TclCompEvalObj+0xdd
C  [libtcl8.4.so.0+0x81957]  TclObjInterpProc+0x2a7
C  [libtcl8.4.so.0+0x205bb]  TclEvalObjvInternal+0x35b
C  [libtcl8.4.so.0+0x2144c]  Tcl_EvalEx+0x4fc
C  [libtcl8.4.so.0+0x216dc]  Tcl_Eval+0x3c
C  [libopptkenvd.so+0x33224]  Tkenv::run()+0x75e
C  [liboppenvird.so+0x8d70d]  EnvirBase::run(int, char**, cConfiguration*)+0x1a5
C  [liboppenvird.so+0x8a66a]  setupUserInterface(int, char**)+0xb82
C  [liboppenvird.so+0x8b1dd]  evMain+0x49
C  [jsimple+0x93b2f]  main+0x1b
C  [libc.so.6+0x16bd6]  __libc_start_main+0xe6

Java frames: (J=compiled Java code, j=interpreted, Vv=VM code)
j  org.omnetpp.simkernel.SimkernelJNI.cSimpleModule_scheduleAt(JLorg/omnetpp/simkernel/cSimpleModule;JLorg/omnetpp/simkernel/SimTime;JLorg/omnetpp/simkernel/cMessage;)I+0
j  org.omnetpp.simkernel.cSimpleModule.scheduleAt(Lorg/omnetpp/simkernel/SimTime;Lorg/omnetpp/simkernel/cMessage;)I+15
j  de.tudarmstadt.maki.simonstrator.util.core.RealtimeScheduler.scheduleIn(JLde/tudarmstadt/maki/simonstrator/api/EventHandler;Ljava/lang/Object;I)V+135
j  de.tudarmstadt.maki.simonstrator.util.core.Start.initialize()V+15
j  org.omnetpp.simkernel.JSimpleModule.initialize(I)V+5
v  ~StubRoutines::call_stub

---------------  P R O C E S S  ---------------

Java Threads: ( => current thread )
  0x0ac03c00 JavaThread "Low Memory Detector" daemon [_thread_blocked, id=1618, stack(0xb3e07000,0xb3e58000)]
  0x0ac01c00 JavaThread "C1 CompilerThread0" daemon [_thread_blocked, id=1617, stack(0xb3e58000,0xb3ed9000)]
  0x0ac00000 JavaThread "Signal Dispatcher" daemon [_thread_blocked, id=1616, stack(0xb3ed9000,0xb3f2a000)]
  0x0abf9400 JavaThread "Finalizer" daemon [_thread_blocked, id=1615, stack(0xb3f2a000,0xb3f7b000)]
  0x0abf7c00 JavaThread "Reference Handler" daemon [_thread_blocked, id=1614, stack(0xb3f7b000,0xb3fcc000)]
=>0x0ab94000 JavaThread "main" [_thread_in_native, id=1607, stack(0xbf7c6000,0xbf816000)]

Other Threads:
  0x0abee000 VMThread [stack: 0xb3fcc000,0xb404d000] [id=1613]
  0x0ac06c00 WatcherThread [stack: 0xb3d86000,0xb3e07000] [id=1619]

VM state:not at safepoint (normal execution)

VM Mutex/Monitor currently owned by a thread: None

Heap
 def new generation   total 4800K, used 976K [0x70410000, 0x70940000, 0x7ab60000)
  eden space 4288K,  22% used [0x70410000, 0x705040a0, 0x70840000)
  from space 512K,   0% used [0x70840000, 0x70840000, 0x708c0000)
  to   space 512K,   0% used [0x708c0000, 0x708c0000, 0x70940000)
 tenured generation   total 10752K, used 0K [0x7ab60000, 0x7b5e0000, 0x8fa10000)
   the space 10752K,   0% used [0x7ab60000, 0x7ab60000, 0x7ab60200, 0x7b5e0000)
 compacting perm gen  total 12288K, used 488K [0x8fa10000, 0x90610000, 0x93a10000)
   the space 12288K,   3% used [0x8fa10000, 0x8fa8a028, 0x8fa8a200, 0x90610000)
    ro space 10240K,  56% used [0x93a10000, 0x93fad218, 0x93fad400, 0x94410000)
    rw space 12288K,  60% used [0x94410000, 0x94b5c138, 0x94b5c200, 0x95010000)

Card table byte_map: [0xb42ad000,0xb43d4000] byte_map_base: 0xb3f2af80

Polling page: 0xb77e1000

Code Cache  [0xb43d4000, 0xb4474000, 0xb63d4000)
 total_blobs=180 nmethods=13 adapters=104 free_code_cache=32144Kb largest_free_block=32916352

Compilation events (10 events):
Event: 0.532 Thread 0x0ac01c00    9             java.lang.String::lastIndexOf (156 bytes)
Event: 0.533 Thread 0x0ac01c00 nmethod 9 0xb4469b08 code [0xb4469c30, 0xb4469e3c]
Event: 0.544 Thread 0x0ac01c00   10             java.io.UnixFileSystem::normalize (75 bytes)
Event: 0.546 Thread 0x0ac01c00 nmethod 10 0xb446a108 code [0xb446a240, 0xb446a400]
Event: 0.570 Thread 0x0ac01c00   11             java.lang.String::indexOf (166 bytes)
Event: 0.571 Thread 0x0ac01c00 nmethod 11 0xb446dac8 code [0xb446dbe0, 0xb446de10]
Event: 0.583 Thread 0x0ac01c00   12             java.lang.String::replace (142 bytes)
Event: 0.587 Thread 0x0ac01c00 nmethod 12 0xb446e108 code [0xb446e230, 0xb446e4e0]
Event: 0.687 Thread 0x0ac01c00   13             sun.net.www.ParseUtil::encodePath (336 bytes)
Event: 0.689 Thread 0x0ac01c00 nmethod 13 0xb446eec8 code [0xb446f080, 0xb446f6c4]

GC Heap History (0 events):
No events

Deoptimization events (0 events):
No events

Internal exceptions (10 events):
Event: 0.608 Thread 0x0ab94000 Threw 0x704e8940 at /build/buildd/openjdk-6-6b31-1.13.3/build/openjdk/hotspot/src/share/vm/classfile/systemDictionary.cpp:179
Event: 0.608 Thread 0x0ab94000 Threw 0x704e8c48 at /build/buildd/openjdk-6-6b31-1.13.3/build/openjdk/hotspot/src/share/vm/prims/jvm.cpp:1235
Event: 0.610 Thread 0x0ab94000 Threw 0x704ec0e8 at /build/buildd/openjdk-6-6b31-1.13.3/build/openjdk/hotspot/src/share/vm/classfile/systemDictionary.cpp:179
Event: 0.610 Thread 0x0ab94000 Threw 0x704eec60 at /build/buildd/openjdk-6-6b31-1.13.3/build/openjdk/hotspot/src/share/vm/prims/jvm.cpp:1235
Event: 0.683 Thread 0x0ab94000 Threw 0x704f22b0 at /build/buildd/openjdk-6-6b31-1.13.3/build/openjdk/hotspot/src/share/vm/classfile/systemDictionary.cpp:179
Event: 0.683 Thread 0x0ab94000 Threw 0x704f25c0 at /build/buildd/openjdk-6-6b31-1.13.3/build/openjdk/hotspot/src/share/vm/prims/jvm.cpp:1235
Event: 0.695 Thread 0x0ab94000 Threw 0x704f73d8 at /build/buildd/openjdk-6-6b31-1.13.3/build/openjdk/hotspot/src/share/vm/classfile/systemDictionary.cpp:179
Event: 0.695 Thread 0x0ab94000 Threw 0x704f7730 at /build/buildd/openjdk-6-6b31-1.13.3/build/openjdk/hotspot/src/share/vm/prims/jvm.cpp:1235
Event: 0.705 Thread 0x0ab94000 Threw 0x704f98f0 at /build/buildd/openjdk-6-6b31-1.13.3/build/openjdk/hotspot/src/share/vm/classfile/systemDictionary.cpp:179
Event: 0.705 Thread 0x0ab94000 Threw 0x704f9cb0 at /build/buildd/openjdk-6-6b31-1.13.3/build/openjdk/hotspot/src/share/vm/prims/jvm.cpp:1235

Events (10 events):
Event: 0.672 loading class 0x0ac73d50 done
Event: 0.672 loading class 0x95180930 done
Event: 0.677 loading class 0x0ac73cb8
Event: 0.678 loading class 0x0ac73cb8 done
Event: 0.682 loading class 0x0ac6c7f0
Event: 0.683 loading class 0x0ac6c7f0 done
Event: 0.694 loading class 0x0ac77f80
Event: 0.694 loading class 0x0ac77f80 done
Event: 0.705 loading class 0x0ac6c900
Event: 0.705 loading class 0x0ac6c900 done


Dynamic libraries:
00110000-00225000 r-xp 00000000 08:01 459383     /home/ubuntu/Downloads/omnet/omnetpp-4.4.1/lib/gcc/liboppenvird.so
00225000-00226000 r--p 00114000 08:01 459383     /home/ubuntu/Downloads/omnet/omnetpp-4.4.1/lib/gcc/liboppenvird.so
00226000-00227000 rw-p 00115000 08:01 459383     /home/ubuntu/Downloads/omnet/omnetpp-4.4.1/lib/gcc/liboppenvird.so
00227000-0028e000 r-xp 00000000 08:01 459135     /home/ubuntu/Downloads/omnet/omnetpp-4.4.1/lib/gcc/libopplayoutd.so
0028e000-0028f000 r--p 00066000 08:01 459135     /home/ubuntu/Downloads/omnet/omnetpp-4.4.1/lib/gcc/libopplayoutd.so
0028f000-00290000 rw-p 00067000 08:01 459135     /home/ubuntu/Downloads/omnet/omnetpp-4.4.1/lib/gcc/libopplayoutd.so
00290000-00292000 r-xp 00000000 08:01 137704     /lib/tls/i686/cmov/libdl-2.11.1.so
00292000-00293000 r--p 00001000 08:01 137704     /lib/tls/i686/cmov/libdl-2.11.1.so
00293000-00294000 rw-p 00002000 08:01 137704     /lib/tls/i686/cmov/libdl-2.11.1.so
00294000-00296000 r-xp 00000000 08:01 264758     /usr/lib/libXau.so.6.0.0
00296000-00297000 r--p 00001000 08:01 264758     /usr/lib/libXau.so.6.0.0
00297000-00298000 rw-p 00002000 08:01 264758     /usr/lib/libXau.so.6.0.0
0029c000-002ab000 r-xp 00000000 08:01 459388     /home/ubuntu/Downloads/omnet/omnetpp-4.4.1/lib/gcc/liboppcmdenvd.so
002ab000-002ac000 r--p 0000e000 08:01 459388     /home/ubuntu/Downloads/omnet/omnetpp-4.4.1/lib/gcc/liboppcmdenvd.so
002ac000-002ad000 rw-p 0000f000 08:01 459388     /home/ubuntu/Downloads/omnet/omnetpp-4.4.1/lib/gcc/liboppcmdenvd.so
002ad000-00396000 r-xp 00000000 08:01 269643     /usr/lib/libstdc++.so.6.0.13
00396000-0039a000 r--p 000e9000 08:01 269643     /usr/lib/libstdc++.so.6.0.13
0039a000-0039b000 rw-p 000ed000 08:01 269643     /usr/lib/libstdc++.so.6.0.13
0039b000-003a2000 rw-p 00000000 00:00 0 
003a2000-003c6000 r-xp 00000000 08:01 137706     /lib/tls/i686/cmov/libm-2.11.1.so
003c6000-003c7000 r--p 00023000 08:01 137706     /lib/tls/i686/cmov/libm-2.11.1.so
003c7000-003c8000 rw-p 00024000 08:01 137706     /lib/tls/i686/cmov/libm-2.11.1.so
003c8000-003e5000 r-xp 00000000 08:01 130877     /lib/libgcc_s.so.1
003e5000-003e6000 r--p 0001c000 08:01 130877     /lib/libgcc_s.so.1
003e6000-003e7000 rw-p 0001d000 08:01 130877     /lib/libgcc_s.so.1
003e7000-003fc000 r-xp 00000000 08:01 137724     /lib/tls/i686/cmov/libpthread-2.11.1.so
003fc000-003fd000 r--p 00014000 08:01 137724     /lib/tls/i686/cmov/libpthread-2.11.1.so
003fd000-003fe000 rw-p 00015000 08:01 137724     /lib/tls/i686/cmov/libpthread-2.11.1.so
003fe000-00400000 rw-p 00000000 00:00 0 
00400000-0044e000 r-xp 00000000 08:01 459121     /home/ubuntu/Downloads/omnet/omnetpp-4.4.1/lib/gcc/liboppcommond.so
0044e000-0044f000 r--p 0004d000 08:01 459121     /home/ubuntu/Downloads/omnet/omnetpp-4.4.1/lib/gcc/liboppcommond.so
0044f000-00450000 rw-p 0004e000 08:01 459121     /home/ubuntu/Downloads/omnet/omnetpp-4.4.1/lib/gcc/liboppcommond.so
00450000-00463000 r-xp 00000000 08:01 133475     /lib/libz.so.1.2.3.3
00463000-00464000 r--p 00012000 08:01 133475     /lib/libz.so.1.2.3.3
00464000-00465000 rw-p 00013000 08:01 133475     /lib/libz.so.1.2.3.3
00465000-0047d000 r-xp 00000000 08:01 270050     /usr/lib/libxcb.so.1.1.0
0047d000-0047e000 r--p 00017000 08:01 270050     /usr/lib/libxcb.so.1.1.0
0047e000-0047f000 rw-p 00018000 08:01 270050     /usr/lib/libxcb.so.1.1.0
0047f000-00483000 r-xp 00000000 08:01 264769     /usr/lib/libXdmcp.so.6.0.0
00483000-00484000 r--p 00003000 08:01 264769     /usr/lib/libXdmcp.so.6.0.0
00484000-00485000 rw-p 00004000 08:01 264769     /usr/lib/libXdmcp.so.6.0.0
00485000-00498000 r-xp 00000000 08:01 137709     /lib/tls/i686/cmov/libnsl-2.11.1.so
00498000-00499000 r--p 00012000 08:01 137709     /lib/tls/i686/cmov/libnsl-2.11.1.so
00499000-0049a000 rw-p 00013000 08:01 137709     /lib/tls/i686/cmov/libnsl-2.11.1.so
0049a000-0049c000 rw-p 00000000 00:00 0 
0049c000-004a4000 r-xp 00000000 08:01 264765     /usr/lib/libXcursor.so.1.0.2
004a4000-004a5000 r--p 00007000 08:01 264765     /usr/lib/libXcursor.so.1.0.2
004a5000-004a6000 rw-p 00008000 08:01 264765     /usr/lib/libXcursor.so.1.0.2
004a6000-004ae000 r-xp 00000000 08:01 296299     /usr/lib/libXrender.so.1.3.0
004ae000-004af000 r--p 00007000 08:01 296299     /usr/lib/libXrender.so.1.3.0
004af000-004b0000 rw-p 00008000 08:01 296299     /usr/lib/libXrender.so.1.3.0
004b0000-004b7000 r-xp 00000000 08:01 137728     /lib/tls/i686/cmov/librt-2.11.1.so
004b7000-004b8000 r--p 00006000 08:01 137728     /lib/tls/i686/cmov/librt-2.11.1.so
004b8000-004b9000 rw-p 00007000 08:01 137728     /lib/tls/i686/cmov/librt-2.11.1.so
004b9000-004c5000 r-xp 00000000 08:01 421609     /usr/lib/jvm/java-6-openjdk/jre/lib/i386/libverify.so
004c5000-004c6000 r--p 0000b000 08:01 421609     /usr/lib/jvm/java-6-openjdk/jre/lib/i386/libverify.so
004c6000-004c7000 rw-p 0000c000 08:01 421609     /usr/lib/jvm/java-6-openjdk/jre/lib/i386/libverify.so
004c7000-004eb000 r-xp 00000000 08:01 421578     /usr/lib/jvm/java-6-openjdk/jre/lib/i386/libjava.so
004eb000-004ec000 r--p 00023000 08:01 421578     /usr/lib/jvm/java-6-openjdk/jre/lib/i386/libjava.so
004ec000-004ee000 rw-p 00024000 08:01 421578     /usr/lib/jvm/java-6-openjdk/jre/lib/i386/libjava.so
004ee000-00509000 r-xp 00000000 08:01 133302     /lib/ld-2.11.1.so
00509000-0050a000 r--p 0001a000 08:01 133302     /lib/ld-2.11.1.so
0050a000-0050b000 rw-p 0001b000 08:01 133302     /lib/ld-2.11.1.so
0050b000-00511000 r-xp 00000000 08:01 137711     /lib/tls/i686/cmov/libnss_compat-2.11.1.so
00511000-00512000 r--p 00006000 08:01 137711     /lib/tls/i686/cmov/libnss_compat-2.11.1.so
00512000-00513000 rw-p 00007000 08:01 137711     /lib/tls/i686/cmov/libnss_compat-2.11.1.so
00513000-0051b000 r-xp 00000000 08:01 137719     /lib/tls/i686/cmov/libnss_nis-2.11.1.so
0051b000-0051c000 r--p 00007000 08:01 137719     /lib/tls/i686/cmov/libnss_nis-2.11.1.so
0051c000-0051d000 rw-p 00008000 08:01 137719     /lib/tls/i686/cmov/libnss_nis-2.11.1.so
0051d000-00527000 r-xp 00000000 08:01 137715     /lib/tls/i686/cmov/libnss_files-2.11.1.so
00527000-00528000 r--p 00009000 08:01 137715     /lib/tls/i686/cmov/libnss_files-2.11.1.so
00528000-00529000 rw-p 0000a000 08:01 137715     /lib/tls/i686/cmov/libnss_files-2.11.1.so
00529000-00530000 r-xp 00000000 08:01 421579     /usr/lib/jvm/java-6-openjdk/jre/lib/i386/libzip.so
00530000-00531000 r--p 00006000 08:01 421579     /usr/lib/jvm/java-6-openjdk/jre/lib/i386/libzip.so
00531000-00532000 rw-p 00007000 08:01 421579     /usr/lib/jvm/java-6-openjdk/jre/lib/i386/libzip.so
00567000-0056b000 r-xp 00000000 08:01 264773     /usr/lib/libXfixes.so.3.1.0
0056b000-0056c000 r--p 00003000 08:01 264773     /usr/lib/libXfixes.so.3.1.0
0056c000-0056d000 rw-p 00004000 08:01 264773     /usr/lib/libXfixes.so.3.1.0
00573000-00a62000 r-xp 00000000 08:01 421586     /usr/lib/jvm/java-6-openjdk/jre/lib/i386/client/libjvm.so
00a62000-00a79000 r--p 004ef000 08:01 421586     /usr/lib/jvm/java-6-openjdk/jre/lib/i386/client/libjvm.so
00a79000-00a88000 rw-p 00506000 08:01 421586     /usr/lib/jvm/java-6-openjdk/jre/lib/i386/client/libjvm.so
00a88000-00ea1000 rw-p 00000000 00:00 0 
00ec0000-00ec1000 r-xp 00000000 00:00 0          [vdso]
00ef2000-00f65000 r-xp 00000000 08:01 459406     /home/ubuntu/Downloads/omnet/omnetpp-4.4.1/lib/gcc/libopptkenvd.so
00f65000-00f66000 r--p 00072000 08:01 459406     /home/ubuntu/Downloads/omnet/omnetpp-4.4.1/lib/gcc/libopptkenvd.so
00f66000-00fe2000 rw-p 00073000 08:01 459406     /home/ubuntu/Downloads/omnet/omnetpp-4.4.1/lib/gcc/libopptkenvd.so
00fe2000-0123a000 r-xp 00000000 08:01 459348     /home/ubuntu/Downloads/omnet/omnetpp-4.4.1/lib/gcc/liboppsimd.so
0123a000-0123b000 r--p 00257000 08:01 459348     /home/ubuntu/Downloads/omnet/omnetpp-4.4.1/lib/gcc/liboppsimd.so
0123b000-0123c000 rw-p 00258000 08:01 459348     /home/ubuntu/Downloads/omnet/omnetpp-4.4.1/lib/gcc/liboppsimd.so
0123c000-0123f000 rw-p 00000000 00:00 0 
02e5c000-02f31000 r-xp 00000000 08:01 265689     /usr/lib/libtk8.4.so.0
02f31000-02f32000 r--p 000d4000 08:01 265689     /usr/lib/libtk8.4.so.0
02f32000-02f3d000 rw-p 000d5000 08:01 265689     /usr/lib/libtk8.4.so.0
02f3d000-02f3e000 rw-p 00000000 00:00 0 
03630000-03730000 r-xp 00000000 08:01 459226     /home/ubuntu/Downloads/omnet/omnetpp-4.4.1/lib/gcc/liboppnedxmld.so
03730000-03731000 r--p 000ff000 08:01 459226     /home/ubuntu/Downloads/omnet/omnetpp-4.4.1/lib/gcc/liboppnedxmld.so
03731000-03732000 rw-p 00100000 08:01 459226     /home/ubuntu/Downloads/omnet/omnetpp-4.4.1/lib/gcc/liboppnedxmld.so
03732000-03733000 rw-p 00000000 00:00 0 
042c8000-0441b000 r-xp 00000000 08:01 137698     /lib/tls/i686/cmov/libc-2.11.1.so
0441b000-0441c000 ---p 00153000 08:01 137698     /lib/tls/i686/cmov/libc-2.11.1.so
0441c000-0441e000 r--p 00153000 08:01 137698     /lib/tls/i686/cmov/libc-2.11.1.so
0441e000-0441f000 rw-p 00155000 08:01 137698     /lib/tls/i686/cmov/libc-2.11.1.so
0441f000-04422000 rw-p 00000000 00:00 0 
05693000-05743000 r-xp 00000000 08:01 265671     /usr/lib/libtcl8.4.so.0
05743000-05744000 ---p 000b0000 08:01 265671     /usr/lib/libtcl8.4.so.0
05744000-05745000 r--p 000b0000 08:01 265671     /usr/lib/libtcl8.4.so.0
05745000-0574a000 rw-p 000b1000 08:01 265671     /usr/lib/libtcl8.4.so.0
07483000-0759c000 r-xp 00000000 08:01 270065     /usr/lib/libX11.so.6.3.0
0759c000-0759d000 r--p 00118000 08:01 270065     /usr/lib/libX11.so.6.3.0
0759d000-0759f000 rw-p 00119000 08:01 270065     /usr/lib/libX11.so.6.3.0
0759f000-075a0000 rw-p 00000000 00:00 0 
07921000-07a45000 r-xp 00000000 08:01 273771     /usr/lib/libxml2.so.2.7.6
07a45000-07a46000 ---p 00124000 08:01 273771     /usr/lib/libxml2.so.2.7.6
07a46000-07a4a000 r--p 00124000 08:01 273771     /usr/lib/libxml2.so.2.7.6
07a4a000-07a4b000 rw-p 00128000 08:01 273771     /usr/lib/libxml2.so.2.7.6
07a4b000-07a4c000 rw-p 00000000 00:00 0 
08048000-08111000 r-xp 00000000 08:01 474738     /home/ubuntu/Downloads/omnet/omnetpp-4.4.1/contrib/jsimplemodule/jsimple/out/gcc-debug/jsimple
08111000-08112000 r--p 000c9000 08:01 474738     /home/ubuntu/Downloads/omnet/omnetpp-4.4.1/contrib/jsimplemodule/jsimple/out/gcc-debug/jsimple
08112000-08117000 rw-p 000ca000 08:01 474738     /home/ubuntu/Downloads/omnet/omnetpp-4.4.1/contrib/jsimplemodule/jsimple/out/gcc-debug/jsimple
08117000-08118000 rw-p 00000000 00:00 0 
09328000-09406000 r-xp 00000000 08:01 273817     /usr/lib/libBLT.2.4.so.8.4
09406000-09407000 r--p 000dd000 08:01 273817     /usr/lib/libBLT.2.4.so.8.4
09407000-09418000 rw-p 000de000 08:01 273817     /usr/lib/libBLT.2.4.so.8.4
09418000-09419000 rw-p 00000000 00:00 0 
09c67000-0ad21000 rw-p 00000000 00:00 0          [heap]
70410000-70940000 rw-p 00000000 00:00 0 
70940000-7ab60000 rw-p 00000000 00:00 0 
7ab60000-7b5e0000 rw-p 00000000 00:00 0 
7b5e0000-8fa10000 rw-p 00000000 00:00 0 
8fa10000-90610000 rw-p 00000000 00:00 0 
90610000-93a10000 rw-p 00000000 00:00 0 
93a10000-93fae000 r--p 00001000 08:01 422236     /usr/lib/jvm/java-6-openjdk/jre/lib/i386/client/classes.jsa
93fae000-94410000 rw-p 00000000 00:00 0 
94410000-94b5d000 rw-p 0059f000 08:01 422236     /usr/lib/jvm/java-6-openjdk/jre/lib/i386/client/classes.jsa
94b5d000-95010000 rw-p 00000000 00:00 0 
95010000-9531f000 rw-p 00cec000 08:01 422236     /usr/lib/jvm/java-6-openjdk/jre/lib/i386/client/classes.jsa
9531f000-95410000 rw-p 00000000 00:00 0 
95410000-95419000 r-xp 00ffb000 08:01 422236     /usr/lib/jvm/java-6-openjdk/jre/lib/i386/client/classes.jsa
95419000-95810000 rw-p 00000000 00:00 0 
b3b33000-b3c00000 rw-p 00000000 00:00 0 
b3c00000-b3c21000 rw-p 00000000 00:00 0 
b3c21000-b3d00000 ---p 00000000 00:00 0 
b3d86000-b3d87000 ---p 00000000 00:00 0 
b3d87000-b3e07000 rw-p 00000000 00:00 0 
b3e07000-b3e0a000 ---p 00000000 00:00 0 
b3e0a000-b3e58000 rw-p 00000000 00:00 0 
b3e58000-b3e5b000 ---p 00000000 00:00 0 
b3e5b000-b3ed9000 rw-p 00000000 00:00 0 
b3ed9000-b3edc000 ---p 00000000 00:00 0 
b3edc000-b3f2a000 rw-p 00000000 00:00 0 
b3f2a000-b3f2d000 ---p 00000000 00:00 0 
b3f2d000-b3f7b000 rw-p 00000000 00:00 0 
b3f7b000-b3f7e000 ---p 00000000 00:00 0 
b3f7e000-b3fcc000 rw-p 00000000 00:00 0 
b3fcc000-b3fcd000 ---p 00000000 00:00 0 
b3fcd000-b404d000 rw-p 00000000 00:00 0 
b404d000-b41e4000 r--s 01a14000 08:01 421572     /usr/lib/jvm/java-6-openjdk/jre/lib/rt.jar
b41e4000-b41eb000 rw-p 00000000 00:00 0 
b41eb000-b4205000 rw-p 00000000 00:00 0 
b4205000-b420b000 rw-p 00000000 00:00 0 
b420b000-b42ad000 rw-p 00000000 00:00 0 
b42ad000-b42b0000 rw-p 00000000 00:00 0 
b42b0000-b4300000 rw-p 00000000 00:00 0 
b4300000-b4306000 rw-p 00000000 00:00 0 
b4306000-b43a8000 rw-p 00000000 00:00 0 
b43a8000-b43ae000 rw-p 00000000 00:00 0 
b43ae000-b43c8000 rw-p 00000000 00:00 0 
b43c8000-b43d4000 rw-p 00000000 00:00 0 
b43d4000-b4474000 rwxp 00000000 00:00 0 
b4474000-b63d4000 rw-p 00000000 00:00 0 
b63d4000-b6eb7000 rw-p 00000000 00:00 0 
b6eb7000-b6ef1000 rw-p 00000000 00:00 0 
b6efe000-b6f10000 rw-p 00000000 00:00 0 
b6f10000-b6f8d000 rw-p 00000000 00:00 0 
b6f8d000-b6f95000 rw-s 00000000 08:01 269589     /tmp/hsperfdata_ubuntu/1607
b6f95000-b6fd4000 r--p 00000000 08:01 269850     /usr/lib/locale/en_US.utf8/LC_CTYPE
b6fd4000-b6fd5000 ---p 00000000 00:00 0 
b6fd5000-b77db000 rw-p 00000000 00:00 0 
b77db000-b77de000 r--s 00020000 08:01 458350     /home/ubuntu/Downloads/omnet/omnetpp-4.4.1/contrib/jsimplemodule/jsimple/simkernel.jar
b77de000-b77e0000 r--s 0000f000 08:01 421031     /usr/lib/jvm/java-6-openjdk/jre/lib/ext/pulse-java.jar
b77e0000-b77e1000 rw-p 00000000 00:00 0 
b77e1000-b77e2000 r--p 00000000 00:00 0 
b77e2000-b77e3000 rw-p 00000000 00:00 0 
b77e3000-b77ea000 r--s 00000000 08:01 268524     /usr/lib/gconv/gconv-modules.cache
b77ea000-b77ee000 rw-p 00000000 00:00 0 
bf7c6000-bf7c9000 ---p 00000000 00:00 0 
bf7c9000-bf816000 rw-p 00000000 00:00 0          [stack]

VM Arguments:
jvm_args: -Djava.library.path=. 
java_command: <unknown>
Launcher Type: generic

Environment Variables:
CLASSPATH=/home/ubuntu/Downloads/omnet/omnetpp-4.4.1/samples/Hiwis/bin;/home/ubuntu/Downloads/omnet/omnetpp-4.4.1/contrib/jsimplemodule/jsimple/out/classes
PATH=/home/ubuntu/Downloads/omnet/omnetpp-4.4.1/bin::/home/ubuntu/Downloads/omnet/omnetpp-4.4.1/bin:/usr/local/sbin:/usr/local/bin:/usr/sbin:/usr/bin:/sbin:/bin:/usr/games
USERNAME=ubuntu
LD_LIBRARY_PATH=/home/ubuntu/Downloads/omnet/omnetpp-4.4.1/lib::/usr/lib/jvm/java-6-openjdk/jre/lib/i386/client:/usr/lib/jvm/java-6-openjdk/jre/lib/i386:
SHELL=/bin/bash
DISPLAY=:0.0
DYLD_LIBRARY_PATH=/usr/lib/jvm/java-6-openjdk/jre/lib/i386/server

Signal Handlers:
SIGSEGV: [libjvm.so+0x48e7a0], sa_mask[0]=0x7ffbfeff, sa_flags=0x10000004
SIGBUS: [libjvm.so+0x48e7a0], sa_mask[0]=0x7ffbfeff, sa_flags=0x10000004
SIGFPE: [libjvm.so+0x399200], sa_mask[0]=0x7ffbfeff, sa_flags=0x10000004
SIGPIPE: [libjvm.so+0x399200], sa_mask[0]=0x7ffbfeff, sa_flags=0x10000004
SIGXFSZ: [libjvm.so+0x399200], sa_mask[0]=0x7ffbfeff, sa_flags=0x10000004
SIGILL: [libjvm.so+0x399200], sa_mask[0]=0x7ffbfeff, sa_flags=0x10000004
SIGUSR1: SIG_DFL, sa_mask[0]=0x00000000, sa_flags=0x00000000
SIGUSR2: [libjvm.so+0x398c80], sa_mask[0]=0x00000004, sa_flags=0x10000004
SIGHUP: [libjvm.so+0x39c280], sa_mask[0]=0x7ffbfeff, sa_flags=0x10000004
SIGINT: [libjvm.so+0x39c280], sa_mask[0]=0x7ffbfeff, sa_flags=0x10000004
SIGTERM: [libjvm.so+0x39c280], sa_mask[0]=0x7ffbfeff, sa_flags=0x10000004
SIGQUIT: [libjvm.so+0x39c280], sa_mask[0]=0x7ffbfeff, sa_flags=0x10000004


---------------  S Y S T E M  ---------------

OS:Ubuntu 10.04 (lucid)
uname:Linux 2.6.32-21-generic #32-Ubuntu SMP Fri Apr 16 08:10:02 UTC 2010 i686
libc:glibc 2.11.1 NPTL 2.11.1 
rlimit: STACK 8192k, CORE 0k, NPROC infinity, NOFILE 1024, AS infinity
load average:1.21 0.95 0.73

/proc/meminfo:
MemTotal:        1026508 kB
MemFree:          180908 kB
Buffers:           68724 kB
Cached:           306460 kB
SwapCached:            0 kB
Active:           532460 kB
Inactive:         263944 kB
Active(anon):     426452 kB
Inactive(anon):       16 kB
Active(file):     106008 kB
Inactive(file):   263928 kB
Unevictable:           0 kB
Mlocked:               0 kB
HighTotal:        139208 kB
HighFree:            252 kB
LowTotal:         887300 kB
LowFree:          180656 kB
SwapTotal:        407544 kB
SwapFree:         407544 kB
Dirty:               156 kB
Writeback:             0 kB
AnonPages:        421192 kB
Mapped:            80888 kB
Shmem:              5252 kB
Slab:              34684 kB
SReclaimable:      26760 kB
SUnreclaim:         7924 kB
KernelStack:        2240 kB
PageTables:         4964 kB
NFS_Unstable:          0 kB
Bounce:                0 kB
WritebackTmp:          0 kB
CommitLimit:      920796 kB
Committed_AS:     948668 kB
VmallocTotal:     122880 kB
VmallocUsed:       26868 kB
VmallocChunk:      91272 kB
HardwareCorrupted:     0 kB
HugePages_Total:       0
HugePages_Free:        0
HugePages_Rsvd:        0
HugePages_Surp:        0
Hugepagesize:       4096 kB
DirectMap4k:       12280 kB
DirectMap4M:      897024 kB


CPU:total 1 (2 cores per cpu, 2 threads per core) family 6 model 58 stepping 9, cmov, cx8, fxsr, mmx, sse, sse2, sse3, ssse3, sse4.1, sse4.2, popcnt, ht, tsc, tscinvbit, tscinv

/proc/cpuinfo:
processor	: 0
vendor_id	: GenuineIntel
cpu family	: 6
model		: 58
model name	: Intel(R) Core(TM) i3-3110M CPU @ 2.40GHz
stepping	: 9
cpu MHz		: 2361.768
cache size	: 6144 KB
fdiv_bug	: no
hlt_bug		: no
f00f_bug	: no
coma_bug	: no
fpu		: yes
fpu_exception	: yes
cpuid level	: 5
wp		: yes
flags		: fpu vme de pse tsc msr pae mce cx8 apic mtrr pge mca cmov pat pse36 clflush mmx fxsr sse sse2 rdtscp constant_tsc up pni monitor ssse3
bogomips	: 4723.53
clflush size	: 64
cache_alignment	: 64
address sizes	: 36 bits physical, 48 bits virtual
power management:



Memory: 4k page, physical 1026508k(180908k free), swap 407544k(407544k free)

vm_info: OpenJDK Client VM (23.25-b01) for linux-x86 JRE (1.6.0_31-b31), built on Apr 17 2014 22:13:12 by "buildd" with gcc 4.4.3

time: Wed Aug 20 02:04:08 2014
elapsed time: 0 seconds

