#
# A fatal error has been detected by the Java Runtime Environment:
#
#  SIGSEGV (0xb) at pc=0x002e04c6, pid=1641, tid=3078620880
#
# JRE version: 6.0_31-b31
# Java VM: OpenJDK Client VM (23.25-b01 mixed mode, sharing linux-x86 )
# Problematic frame:
# C  [liboppsimd.so+0x1674c6]  cSimpleModule::scheduleAt(SimTime, cMessage*)+0x17a
#
# Failed to write core dump. Core dumps have been disabled. To enable core dumping, try "ulimit -c unlimited" before starting Java again
#
# If you would like to submit a bug report, please include
# instructions how to reproduce the bug and visit:
#   https://bugs.launchpad.net/ubuntu/+source/openjdk-6/
# The crash happened outside the Java Virtual Machine in native code.
# See problematic frame for where to report the bug.
#

---------------  T H R E A D  ---------------

Current thread (0x09470000):  JavaThread "main" [_thread_in_native, id=1641, stack(0xbfad7000,0xbfb27000)]

siginfo:si_signo=SIGSEGV: si_errno=0, si_code=1 (SEGV_MAPERR), si_addr=0x00000000

Registers:
EAX=0x00000000, EBX=0x00000000, ECX=0x5d8a0000, EDX=0x080da11a
ESP=0xbfb23a40, EBP=0xbfb23ab8, ESI=0x8fa2bab0, EDI=0x09470000
EIP=0x002e04c6, EFLAGS=0x00210202, CR2=0x00000000

Top of Stack: (sp=0xbfb23a40)
0xbfb23a40:   08561118 bfb23a84 001b4c7c b7816bf0
0xbfb23a50:   00000000 ffffffff 00e41ff4 080687e0
0xbfb23a60:   00000005 bfb23aa0 00e336b6 00e42ab0
0xbfb23a70:   00000000 00000001 00000005 00000000
0xbfb23a80:   00000005 00000000 00000000 00000000
0xbfb23a90:   001b4c7c 8fa2bab0 8fa2bab0 09470000
0xbfb23aa0:   bfb23b28 00e393c0 01634578 8fa2bab0
0xbfb23ab0:   8fa2bab0 09470000 bfb23b28 0809e31b 

Instructions: (pc=0x002e04c6)
0x002e04a6:   e8 67 3b 00 00 85 c0 74 07 b8 01 00 00 00 eb 05
0x002e04b6:   b8 00 00 00 00 84 c0 0f 84 6c 01 00 00 8b 45 08
0x002e04c6:   8b 00 83 c0 14 8b 10 8b 45 08 89 04 24 ff d2 89
0x002e04d6:   c6 8b 45 08 8b 00 83 c0 20 8b 08 8b 55 08 8d 45 

Register to memory mapping:

EAX=0x00000000 is an unknown value
EBX=0x00000000 is an unknown value
ECX=0x5d8a0000 is an unknown value
EDX=0x080da11a: _ZNK7cModule8isModuleEv+0 in /home/ubuntu/Downloads/omnet/omnetpp-4.4.1/contrib/jsimplemodule/jsimple/jsimple at 0x08048000
ESP=0xbfb23a40 is pointing into the stack for thread: 0x09470000
EBP=0xbfb23ab8 is pointing into the stack for thread: 0x09470000
ESI=0x8fa2bab0 is an oop
{method} 
 - klass: {other class}
EDI=0x09470000 is a thread


Stack: [0xbfad7000,0xbfb27000],  sp=0xbfb23a40,  free space=306k
Native frames: (J=compiled Java code, j=interpreted, Vv=VM code, C=native code)
C  [liboppsimd.so+0x1674c6]  cSimpleModule::scheduleAt(SimTime, cMessage*)+0x17a
C  [jsimple+0x5631b]  Java_org_omnetpp_simkernel_SimkernelJNI_cSimpleModule_1scheduleAt+0xcc
j  org.omnetpp.simkernel.SimkernelJNI.cSimpleModule_scheduleAt(JLorg/omnetpp/simkernel/cSimpleModule;JLorg/omnetpp/simkernel/SimTime;JLorg/omnetpp/simkernel/cMessage;)I+0
j  org.omnetpp.simkernel.cSimpleModule.scheduleAt(Lorg/omnetpp/simkernel/SimTime;Lorg/omnetpp/simkernel/cMessage;)I+15
j  de.tudarmstadt.maki.simonstrator.util.core.RealtimeScheduler.scheduleIn(JLde/tudarmstadt/maki/simonstrator/api/EventHandler;Ljava/lang/Object;I)V+135
j  de.tudarmstadt.maki.simonstrator.util.core.Start.initialize()V+15
j  org.omnetpp.simkernel.JSimpleModule.initialize(I)V+5
v  ~StubRoutines::call_stub
V  [libjvm.so+0x26dd84]  JavaCalls::call_helper(JavaValue*, methodHandle*, JavaCallArguments*, Thread*)+0x314
V  [libjvm.so+0x397799]  os::os_exception_wrapper(void (*)(JavaValue*, methodHandle*, JavaCallArguments*, Thread*), JavaValue*, methodHandle*, JavaCallArguments*, Thread*)+0x19
V  [libjvm.so+0x26c9bf]  JavaCalls::call(JavaValue*, methodHandle, JavaCallArguments*, Thread*)+0x2f
V  [libjvm.so+0x279f2c]  jni_invoke_nonstatic(JNIEnv_*, JavaValue*, _jobject*, JNICallType, _jmethodID*, JNI_ArgumentPusher*, Thread*)+0x27c
V  [libjvm.so+0x2890e0]  jni_CallVoidMethodV+0xc0
C  [jsimple+0x92112]  JNIEnv_::CallVoidMethod(_jobject*, _jmethodID*, ...)+0x34
C  [jsimple+0x91c0f]  JSimpleModule::initialize(int)+0x4d
C  [liboppsimd.so+0x149647]  cModule::initializeModules(int)+0x18b
C  [liboppsimd.so+0x14977b]  cModule::initializeModules(int)+0x2bf
C  [liboppsimd.so+0x149261]  cModule::callInitialize()+0x71
C  [liboppsimd.so+0x16a43c]  cSimulation::startRun()+0xd6
C  [liboppenvird.so+0x911c3]  EnvirBase::startRun()+0x97
C  [libopptkenvd.so+0x34abb]  Tkenv::newRun(char const*, int)+0x1bb
C  [libopptkenvd.so+0x3f3b1]  newRun_cmd(void*, Tcl_Interp*, int, char const**)+0x72
C  [libtcl8.4.so.0+0x1f17e]  TclInvokeStringCommand+0x6e
C  [libtcl8.4.so.0+0x205bb]  TclEvalObjvInternal+0x35b
C  [libtcl8.4.so.0+0x4d2c2]  TclCompEvalObj+0x2782
C  [libtcl8.4.so.0+0x4ac1d]  TclCompEvalObj+0xdd
C  [libtcl8.4.so.0+0x81957]  TclObjInterpProc+0x2a7
C  [libtcl8.4.so.0+0x205bb]  TclEvalObjvInternal+0x35b
C  [libtcl8.4.so.0+0x4d2c2]  TclCompEvalObj+0x2782
C  [libtcl8.4.so.0+0x4ac1d]  TclCompEvalObj+0xdd
C  [libtcl8.4.so.0+0x81957]  TclObjInterpProc+0x2a7
C  [libtcl8.4.so.0+0x205bb]  TclEvalObjvInternal+0x35b
C  [libtcl8.4.so.0+0x2144c]  Tcl_EvalEx+0x4fc
C  [libtcl8.4.so.0+0x216dc]  Tcl_Eval+0x3c
C  [libopptkenvd.so+0x33224]  Tkenv::run()+0x75e
C  [liboppenvird.so+0x8d70d]  EnvirBase::run(int, char**, cConfiguration*)+0x1a5
C  [liboppenvird.so+0x8a66a]  setupUserInterface(int, char**)+0xb82
C  [liboppenvird.so+0x8b1dd]  evMain+0x49
C  [jsimple+0x93b2f]  main+0x1b
C  [libc.so.6+0x16bd6]  __libc_start_main+0xe6

Java frames: (J=compiled Java code, j=interpreted, Vv=VM code)
j  org.omnetpp.simkernel.SimkernelJNI.cSimpleModule_scheduleAt(JLorg/omnetpp/simkernel/cSimpleModule;JLorg/omnetpp/simkernel/SimTime;JLorg/omnetpp/simkernel/cMessage;)I+0
j  org.omnetpp.simkernel.cSimpleModule.scheduleAt(Lorg/omnetpp/simkernel/SimTime;Lorg/omnetpp/simkernel/cMessage;)I+15
j  de.tudarmstadt.maki.simonstrator.util.core.RealtimeScheduler.scheduleIn(JLde/tudarmstadt/maki/simonstrator/api/EventHandler;Ljava/lang/Object;I)V+135
j  de.tudarmstadt.maki.simonstrator.util.core.Start.initialize()V+15
j  org.omnetpp.simkernel.JSimpleModule.initialize(I)V+5
v  ~StubRoutines::call_stub

---------------  P R O C E S S  ---------------

Java Threads: ( => current thread )
  0x094e0000 JavaThread "Low Memory Detector" daemon [_thread_blocked, id=1652, stack(0xb3e32000,0xb3e83000)]
  0x094de000 JavaThread "C1 CompilerThread0" daemon [_thread_blocked, id=1651, stack(0xb3e83000,0xb3f04000)]
  0x094dc400 JavaThread "Signal Dispatcher" daemon [_thread_blocked, id=1650, stack(0xb3f04000,0xb3f55000)]
  0x094d5800 JavaThread "Finalizer" daemon [_thread_blocked, id=1649, stack(0xb3f55000,0xb3fa6000)]
  0x094d4000 JavaThread "Reference Handler" daemon [_thread_blocked, id=1648, stack(0xb3fa6000,0xb3ff7000)]
=>0x09470000 JavaThread "main" [_thread_in_native, id=1641, stack(0xbfad7000,0xbfb27000)]

Other Threads:
  0x094ca000 VMThread [stack: 0xb3ff7000,0xb4078000] [id=1647]
  0x094e3000 WatcherThread [stack: 0xb3db1000,0xb3e32000] [id=1653]

VM state:not at safepoint (normal execution)

VM Mutex/Monitor currently owned by a thread: None

Heap
 def new generation   total 4800K, used 976K [0x70410000, 0x70940000, 0x7ab60000)
  eden space 4288K,  22% used [0x70410000, 0x705040a0, 0x70840000)
  from space 512K,   0% used [0x70840000, 0x70840000, 0x708c0000)
  to   space 512K,   0% used [0x708c0000, 0x708c0000, 0x70940000)
 tenured generation   total 10752K, used 0K [0x7ab60000, 0x7b5e0000, 0x8fa10000)
   the space 10752K,   0% used [0x7ab60000, 0x7ab60000, 0x7ab60200, 0x7b5e0000)
 compacting perm gen  total 12288K, used 488K [0x8fa10000, 0x90610000, 0x93a10000)
   the space 12288K,   3% used [0x8fa10000, 0x8fa8a038, 0x8fa8a200, 0x90610000)
    ro space 10240K,  56% used [0x93a10000, 0x93fad218, 0x93fad400, 0x94410000)
    rw space 12288K,  60% used [0x94410000, 0x94b5c138, 0x94b5c200, 0x95010000)

Card table byte_map: [0xb42d8000,0xb43ff000] byte_map_base: 0xb3f55f80

Polling page: 0xb780c000

Code Cache  [0xb43ff000, 0xb449f000, 0xb63ff000)
 total_blobs=180 nmethods=13 adapters=104 free_code_cache=32144Kb largest_free_block=32916352

Compilation events (10 events):
Event: 0.714 Thread 0x094de000    9             java.lang.String::lastIndexOf (156 bytes)
Event: 0.716 Thread 0x094de000 nmethod 9 0xb4494b08 code [0xb4494c30, 0xb4494e3c]
Event: 0.748 Thread 0x094de000   10             java.io.UnixFileSystem::normalize (75 bytes)
Event: 0.748 Thread 0x094de000 nmethod 10 0xb4495108 code [0xb4495240, 0xb4495400]
Event: 0.830 Thread 0x094de000   11             java.lang.String::indexOf (166 bytes)
Event: 0.831 Thread 0x094de000 nmethod 11 0xb4498ac8 code [0xb4498be0, 0xb4498e10]
Event: 0.879 Thread 0x094de000   12             java.lang.String::replace (142 bytes)
Event: 0.880 Thread 0x094de000 nmethod 12 0xb4499108 code [0xb4499230, 0xb44994e0]
Event: 1.027 Thread 0x094de000   13             sun.net.www.ParseUtil::encodePath (336 bytes)
Event: 1.029 Thread 0x094de000 nmethod 13 0xb4499ec8 code [0xb449a080, 0xb449a6c4]

GC Heap History (0 events):
No events

Deoptimization events (0 events):
No events

Internal exceptions (10 events):
Event: 0.940 Thread 0x09470000 Threw 0x704e8940 at /build/buildd/openjdk-6-6b31-1.13.3/build/openjdk/hotspot/src/share/vm/classfile/systemDictionary.cpp:179
Event: 0.940 Thread 0x09470000 Threw 0x704e8c48 at /build/buildd/openjdk-6-6b31-1.13.3/build/openjdk/hotspot/src/share/vm/prims/jvm.cpp:1235
Event: 0.954 Thread 0x09470000 Threw 0x704ec0e8 at /build/buildd/openjdk-6-6b31-1.13.3/build/openjdk/hotspot/src/share/vm/classfile/systemDictionary.cpp:179
Event: 0.954 Thread 0x09470000 Threw 0x704eec60 at /build/buildd/openjdk-6-6b31-1.13.3/build/openjdk/hotspot/src/share/vm/prims/jvm.cpp:1235
Event: 1.026 Thread 0x09470000 Threw 0x704f22b0 at /build/buildd/openjdk-6-6b31-1.13.3/build/openjdk/hotspot/src/share/vm/classfile/systemDictionary.cpp:179
Event: 1.026 Thread 0x09470000 Threw 0x704f25c0 at /build/buildd/openjdk-6-6b31-1.13.3/build/openjdk/hotspot/src/share/vm/prims/jvm.cpp:1235
Event: 1.031 Thread 0x09470000 Threw 0x704f73d8 at /build/buildd/openjdk-6-6b31-1.13.3/build/openjdk/hotspot/src/share/vm/classfile/systemDictionary.cpp:179
Event: 1.031 Thread 0x09470000 Threw 0x704f7730 at /build/buildd/openjdk-6-6b31-1.13.3/build/openjdk/hotspot/src/share/vm/prims/jvm.cpp:1235
Event: 1.037 Thread 0x09470000 Threw 0x704f98f0 at /build/buildd/openjdk-6-6b31-1.13.3/build/openjdk/hotspot/src/share/vm/classfile/systemDictionary.cpp:179
Event: 1.037 Thread 0x09470000 Threw 0x704f9cb0 at /build/buildd/openjdk-6-6b31-1.13.3/build/openjdk/hotspot/src/share/vm/prims/jvm.cpp:1235

Events (10 events):
Event: 0.995 loading class 0x09551de8 done
Event: 0.995 loading class 0x95180930 done
Event: 1.006 loading class 0x0954ff68
Event: 1.006 loading class 0x0954ff68 done
Event: 1.026 loading class 0x09548a80
Event: 1.026 loading class 0x09548a80 done
Event: 1.031 loading class 0x09554220
Event: 1.031 loading class 0x09554220 done
Event: 1.037 loading class 0x09548b90
Event: 1.037 loading class 0x09548b90 done


Dynamic libraries:
00110000-00177000 r-xp 00000000 08:01 459135     /home/ubuntu/Downloads/omnet/omnetpp-4.4.1/lib/gcc/libopplayoutd.so
00177000-00178000 r--p 00066000 08:01 459135     /home/ubuntu/Downloads/omnet/omnetpp-4.4.1/lib/gcc/libopplayoutd.so
00178000-00179000 rw-p 00067000 08:01 459135     /home/ubuntu/Downloads/omnet/omnetpp-4.4.1/lib/gcc/libopplayoutd.so
00179000-003d1000 r-xp 00000000 08:01 459348     /home/ubuntu/Downloads/omnet/omnetpp-4.4.1/lib/gcc/liboppsimd.so
003d1000-003d2000 r--p 00257000 08:01 459348     /home/ubuntu/Downloads/omnet/omnetpp-4.4.1/lib/gcc/liboppsimd.so
003d2000-003d3000 rw-p 00258000 08:01 459348     /home/ubuntu/Downloads/omnet/omnetpp-4.4.1/lib/gcc/liboppsimd.so
003d3000-003d6000 rw-p 00000000 00:00 0 
003d6000-003d8000 r-xp 00000000 08:01 137704     /lib/tls/i686/cmov/libdl-2.11.1.so
003d8000-003d9000 r--p 00001000 08:01 137704     /lib/tls/i686/cmov/libdl-2.11.1.so
003d9000-003da000 rw-p 00002000 08:01 137704     /lib/tls/i686/cmov/libdl-2.11.1.so
003dd000-00450000 r-xp 00000000 08:01 459406     /home/ubuntu/Downloads/omnet/omnetpp-4.4.1/lib/gcc/libopptkenvd.so
00450000-00451000 r--p 00072000 08:01 459406     /home/ubuntu/Downloads/omnet/omnetpp-4.4.1/lib/gcc/libopptkenvd.so
00451000-004cd000 rw-p 00073000 08:01 459406     /home/ubuntu/Downloads/omnet/omnetpp-4.4.1/lib/gcc/libopptkenvd.so
004cd000-004f1000 r-xp 00000000 08:01 137706     /lib/tls/i686/cmov/libm-2.11.1.so
004f1000-004f2000 r--p 00023000 08:01 137706     /lib/tls/i686/cmov/libm-2.11.1.so
004f2000-004f3000 rw-p 00024000 08:01 137706     /lib/tls/i686/cmov/libm-2.11.1.so
004f3000-00510000 r-xp 00000000 08:01 130877     /lib/libgcc_s.so.1
00510000-00511000 r--p 0001c000 08:01 130877     /lib/libgcc_s.so.1
00511000-00512000 rw-p 0001d000 08:01 130877     /lib/libgcc_s.so.1
00512000-00665000 r-xp 00000000 08:01 137698     /lib/tls/i686/cmov/libc-2.11.1.so
00665000-00666000 ---p 00153000 08:01 137698     /lib/tls/i686/cmov/libc-2.11.1.so
00666000-00668000 r--p 00153000 08:01 137698     /lib/tls/i686/cmov/libc-2.11.1.so
00668000-00669000 rw-p 00155000 08:01 137698     /lib/tls/i686/cmov/libc-2.11.1.so
00669000-0066c000 rw-p 00000000 00:00 0 
0066c000-0067f000 r-xp 00000000 08:01 133475     /lib/libz.so.1.2.3.3
0067f000-00680000 r--p 00012000 08:01 133475     /lib/libz.so.1.2.3.3
00680000-00681000 rw-p 00013000 08:01 133475     /lib/libz.so.1.2.3.3
00681000-00699000 r-xp 00000000 08:01 270050     /usr/lib/libxcb.so.1.1.0
00699000-0069a000 r--p 00017000 08:01 270050     /usr/lib/libxcb.so.1.1.0
0069a000-0069b000 rw-p 00018000 08:01 270050     /usr/lib/libxcb.so.1.1.0
0069b000-0069d000 r-xp 00000000 08:01 264758     /usr/lib/libXau.so.6.0.0
0069d000-0069e000 r--p 00001000 08:01 264758     /usr/lib/libXau.so.6.0.0
0069e000-0069f000 rw-p 00002000 08:01 264758     /usr/lib/libXau.so.6.0.0
0069f000-006a3000 r-xp 00000000 08:01 264769     /usr/lib/libXdmcp.so.6.0.0
006a3000-006a4000 r--p 00003000 08:01 264769     /usr/lib/libXdmcp.so.6.0.0
006a4000-006a5000 rw-p 00004000 08:01 264769     /usr/lib/libXdmcp.so.6.0.0
006a5000-006b8000 r-xp 00000000 08:01 137709     /lib/tls/i686/cmov/libnsl-2.11.1.so
006b8000-006b9000 r--p 00012000 08:01 137709     /lib/tls/i686/cmov/libnsl-2.11.1.so
006b9000-006ba000 rw-p 00013000 08:01 137709     /lib/tls/i686/cmov/libnsl-2.11.1.so
006ba000-006bc000 rw-p 00000000 00:00 0 
006bc000-006c4000 r-xp 00000000 08:01 296299     /usr/lib/libXrender.so.1.3.0
006c4000-006c5000 r--p 00007000 08:01 296299     /usr/lib/libXrender.so.1.3.0
006c5000-006c6000 rw-p 00008000 08:01 296299     /usr/lib/libXrender.so.1.3.0
006c6000-006ca000 r-xp 00000000 08:01 264773     /usr/lib/libXfixes.so.3.1.0
006ca000-006cb000 r--p 00003000 08:01 264773     /usr/lib/libXfixes.so.3.1.0
006cb000-006cc000 rw-p 00004000 08:01 264773     /usr/lib/libXfixes.so.3.1.0
006cc000-006d3000 r-xp 00000000 08:01 137728     /lib/tls/i686/cmov/librt-2.11.1.so
006d3000-006d4000 r--p 00006000 08:01 137728     /lib/tls/i686/cmov/librt-2.11.1.so
006d4000-006d5000 rw-p 00007000 08:01 137728     /lib/tls/i686/cmov/librt-2.11.1.so
006d5000-006e1000 r-xp 00000000 08:01 421609     /usr/lib/jvm/java-6-openjdk/jre/lib/i386/libverify.so
006e1000-006e2000 r--p 0000b000 08:01 421609     /usr/lib/jvm/java-6-openjdk/jre/lib/i386/libverify.so
006e2000-006e3000 rw-p 0000c000 08:01 421609     /usr/lib/jvm/java-6-openjdk/jre/lib/i386/libverify.so
006e3000-006e9000 r-xp 00000000 08:01 137711     /lib/tls/i686/cmov/libnss_compat-2.11.1.so
006e9000-006ea000 r--p 00006000 08:01 137711     /lib/tls/i686/cmov/libnss_compat-2.11.1.so
006ea000-006eb000 rw-p 00007000 08:01 137711     /lib/tls/i686/cmov/libnss_compat-2.11.1.so
006eb000-006f5000 r-xp 00000000 08:01 137715     /lib/tls/i686/cmov/libnss_files-2.11.1.so
006f5000-006f6000 r--p 00009000 08:01 137715     /lib/tls/i686/cmov/libnss_files-2.11.1.so
006f6000-006f7000 rw-p 0000a000 08:01 137715     /lib/tls/i686/cmov/libnss_files-2.11.1.so
00700000-0074e000 r-xp 00000000 08:01 459121     /home/ubuntu/Downloads/omnet/omnetpp-4.4.1/lib/gcc/liboppcommond.so
0074e000-0074f000 r--p 0004d000 08:01 459121     /home/ubuntu/Downloads/omnet/omnetpp-4.4.1/lib/gcc/liboppcommond.so
0074f000-00750000 rw-p 0004e000 08:01 459121     /home/ubuntu/Downloads/omnet/omnetpp-4.4.1/lib/gcc/liboppcommond.so
00762000-00763000 r-xp 00000000 00:00 0          [vdso]
00763000-00838000 r-xp 00000000 08:01 265689     /usr/lib/libtk8.4.so.0
00838000-00839000 r--p 000d4000 08:01 265689     /usr/lib/libtk8.4.so.0
00839000-00844000 rw-p 000d5000 08:01 265689     /usr/lib/libtk8.4.so.0
00844000-00845000 rw-p 00000000 00:00 0 
00845000-008f5000 r-xp 00000000 08:01 265671     /usr/lib/libtcl8.4.so.0
008f5000-008f6000 ---p 000b0000 08:01 265671     /usr/lib/libtcl8.4.so.0
008f6000-008f7000 r--p 000b0000 08:01 265671     /usr/lib/libtcl8.4.so.0
008f7000-008fc000 rw-p 000b1000 08:01 265671     /usr/lib/libtcl8.4.so.0
00905000-0090d000 r-xp 00000000 08:01 264765     /usr/lib/libXcursor.so.1.0.2
0090d000-0090e000 r--p 00007000 08:01 264765     /usr/lib/libXcursor.so.1.0.2
0090e000-0090f000 rw-p 00008000 08:01 264765     /usr/lib/libXcursor.so.1.0.2
0090f000-00933000 r-xp 00000000 08:01 421578     /usr/lib/jvm/java-6-openjdk/jre/lib/i386/libjava.so
00933000-00934000 r--p 00023000 08:01 421578     /usr/lib/jvm/java-6-openjdk/jre/lib/i386/libjava.so
00934000-00936000 rw-p 00024000 08:01 421578     /usr/lib/jvm/java-6-openjdk/jre/lib/i386/libjava.so
00945000-00a5a000 r-xp 00000000 08:01 459383     /home/ubuntu/Downloads/omnet/omnetpp-4.4.1/lib/gcc/liboppenvird.so
00a5a000-00a5b000 r--p 00114000 08:01 459383     /home/ubuntu/Downloads/omnet/omnetpp-4.4.1/lib/gcc/liboppenvird.so
00a5b000-00a5c000 rw-p 00115000 08:01 459383     /home/ubuntu/Downloads/omnet/omnetpp-4.4.1/lib/gcc/liboppenvird.so
00ab6000-00b9f000 r-xp 00000000 08:01 269643     /usr/lib/libstdc++.so.6.0.13
00b9f000-00ba3000 r--p 000e9000 08:01 269643     /usr/lib/libstdc++.so.6.0.13
00ba3000-00ba4000 rw-p 000ed000 08:01 269643     /usr/lib/libstdc++.so.6.0.13
00ba4000-00bab000 rw-p 00000000 00:00 0 
00bab000-00cab000 r-xp 00000000 08:01 459226     /home/ubuntu/Downloads/omnet/omnetpp-4.4.1/lib/gcc/liboppnedxmld.so
00cab000-00cac000 r--p 000ff000 08:01 459226     /home/ubuntu/Downloads/omnet/omnetpp-4.4.1/lib/gcc/liboppnedxmld.so
00cac000-00cad000 rw-p 00100000 08:01 459226     /home/ubuntu/Downloads/omnet/omnetpp-4.4.1/lib/gcc/liboppnedxmld.so
00cad000-00cae000 rw-p 00000000 00:00 0 
00cb2000-00cc1000 r-xp 00000000 08:01 459388     /home/ubuntu/Downloads/omnet/omnetpp-4.4.1/lib/gcc/liboppcmdenvd.so
00cc1000-00cc2000 r--p 0000e000 08:01 459388     /home/ubuntu/Downloads/omnet/omnetpp-4.4.1/lib/gcc/liboppcmdenvd.so
00cc2000-00cc3000 rw-p 0000f000 08:01 459388     /home/ubuntu/Downloads/omnet/omnetpp-4.4.1/lib/gcc/liboppcmdenvd.so
00ce1000-00ce9000 r-xp 00000000 08:01 137719     /lib/tls/i686/cmov/libnss_nis-2.11.1.so
00ce9000-00cea000 r--p 00007000 08:01 137719     /lib/tls/i686/cmov/libnss_nis-2.11.1.so
00cea000-00ceb000 rw-p 00008000 08:01 137719     /lib/tls/i686/cmov/libnss_nis-2.11.1.so
00d75000-00d7c000 r-xp 00000000 08:01 421579     /usr/lib/jvm/java-6-openjdk/jre/lib/i386/libzip.so
00d7c000-00d7d000 r--p 00006000 08:01 421579     /usr/lib/jvm/java-6-openjdk/jre/lib/i386/libzip.so
00d7d000-00d7e000 rw-p 00007000 08:01 421579     /usr/lib/jvm/java-6-openjdk/jre/lib/i386/libzip.so
00dae000-00dc3000 r-xp 00000000 08:01 137724     /lib/tls/i686/cmov/libpthread-2.11.1.so
00dc3000-00dc4000 r--p 00014000 08:01 137724     /lib/tls/i686/cmov/libpthread-2.11.1.so
00dc4000-00dc5000 rw-p 00015000 08:01 137724     /lib/tls/i686/cmov/libpthread-2.11.1.so
00dc5000-00dc7000 rw-p 00000000 00:00 0 
00e26000-00e41000 r-xp 00000000 08:01 133302     /lib/ld-2.11.1.so
00e41000-00e42000 r--p 0001a000 08:01 133302     /lib/ld-2.11.1.so
00e42000-00e43000 rw-p 0001b000 08:01 133302     /lib/ld-2.11.1.so
00e43000-01332000 r-xp 00000000 08:01 421586     /usr/lib/jvm/java-6-openjdk/jre/lib/i386/client/libjvm.so
01332000-01349000 r--p 004ef000 08:01 421586     /usr/lib/jvm/java-6-openjdk/jre/lib/i386/client/libjvm.so
01349000-01358000 rw-p 00506000 08:01 421586     /usr/lib/jvm/java-6-openjdk/jre/lib/i386/client/libjvm.so
01358000-01771000 rw-p 00000000 00:00 0 
05312000-053f0000 r-xp 00000000 08:01 273817     /usr/lib/libBLT.2.4.so.8.4
053f0000-053f1000 r--p 000dd000 08:01 273817     /usr/lib/libBLT.2.4.so.8.4
053f1000-05402000 rw-p 000de000 08:01 273817     /usr/lib/libBLT.2.4.so.8.4
05402000-05403000 rw-p 00000000 00:00 0 
059db000-05aff000 r-xp 00000000 08:01 273771     /usr/lib/libxml2.so.2.7.6
05aff000-05b00000 ---p 00124000 08:01 273771     /usr/lib/libxml2.so.2.7.6
05b00000-05b04000 r--p 00124000 08:01 273771     /usr/lib/libxml2.so.2.7.6
05b04000-05b05000 rw-p 00128000 08:01 273771     /usr/lib/libxml2.so.2.7.6
05b05000-05b06000 rw-p 00000000 00:00 0 
06b85000-06c9e000 r-xp 00000000 08:01 270065     /usr/lib/libX11.so.6.3.0
06c9e000-06c9f000 r--p 00118000 08:01 270065     /usr/lib/libX11.so.6.3.0
06c9f000-06ca1000 rw-p 00119000 08:01 270065     /usr/lib/libX11.so.6.3.0
06ca1000-06ca2000 rw-p 00000000 00:00 0 
08048000-08111000 r-xp 00000000 08:01 474738     /home/ubuntu/Downloads/omnet/omnetpp-4.4.1/contrib/jsimplemodule/jsimple/out/gcc-debug/jsimple
08111000-08112000 r--p 000c9000 08:01 474738     /home/ubuntu/Downloads/omnet/omnetpp-4.4.1/contrib/jsimplemodule/jsimple/out/gcc-debug/jsimple
08112000-08117000 rw-p 000ca000 08:01 474738     /home/ubuntu/Downloads/omnet/omnetpp-4.4.1/contrib/jsimplemodule/jsimple/out/gcc-debug/jsimple
08117000-08118000 rw-p 00000000 00:00 0 
08543000-095fd000 rw-p 00000000 00:00 0          [heap]
70410000-70940000 rw-p 00000000 00:00 0 
70940000-7ab60000 rw-p 00000000 00:00 0 
7ab60000-7b5e0000 rw-p 00000000 00:00 0 
7b5e0000-8fa10000 rw-p 00000000 00:00 0 
8fa10000-90610000 rw-p 00000000 00:00 0 
90610000-93a10000 rw-p 00000000 00:00 0 
93a10000-93fae000 r--p 00001000 08:01 422236     /usr/lib/jvm/java-6-openjdk/jre/lib/i386/client/classes.jsa
93fae000-94410000 rw-p 00000000 00:00 0 
94410000-94b5d000 rw-p 0059f000 08:01 422236     /usr/lib/jvm/java-6-openjdk/jre/lib/i386/client/classes.jsa
94b5d000-95010000 rw-p 00000000 00:00 0 
95010000-9531f000 rw-p 00cec000 08:01 422236     /usr/lib/jvm/java-6-openjdk/jre/lib/i386/client/classes.jsa
9531f000-95410000 rw-p 00000000 00:00 0 
95410000-95419000 r-xp 00ffb000 08:01 422236     /usr/lib/jvm/java-6-openjdk/jre/lib/i386/client/classes.jsa
95419000-95810000 rw-p 00000000 00:00 0 
b3ce4000-b3db1000 rw-p 00000000 00:00 0 
b3db1000-b3db2000 ---p 00000000 00:00 0 
b3db2000-b3e32000 rw-p 00000000 00:00 0 
b3e32000-b3e35000 ---p 00000000 00:00 0 
b3e35000-b3e83000 rw-p 00000000 00:00 0 
b3e83000-b3e86000 ---p 00000000 00:00 0 
b3e86000-b3f04000 rw-p 00000000 00:00 0 
b3f04000-b3f07000 ---p 00000000 00:00 0 
b3f07000-b3f55000 rw-p 00000000 00:00 0 
b3f55000-b3f58000 ---p 00000000 00:00 0 
b3f58000-b3fa6000 rw-p 00000000 00:00 0 
b3fa6000-b3fa9000 ---p 00000000 00:00 0 
b3fa9000-b3ff7000 rw-p 00000000 00:00 0 
b3ff7000-b3ff8000 ---p 00000000 00:00 0 
b3ff8000-b4078000 rw-p 00000000 00:00 0 
b4078000-b420f000 r--s 01a14000 08:01 421572     /usr/lib/jvm/java-6-openjdk/jre/lib/rt.jar
b420f000-b4216000 rw-p 00000000 00:00 0 
b4216000-b4230000 rw-p 00000000 00:00 0 
b4230000-b4236000 rw-p 00000000 00:00 0 
b4236000-b42d8000 rw-p 00000000 00:00 0 
b42d8000-b42db000 rw-p 00000000 00:00 0 
b42db000-b432b000 rw-p 00000000 00:00 0 
b432b000-b4331000 rw-p 00000000 00:00 0 
b4331000-b43d3000 rw-p 00000000 00:00 0 
b43d3000-b43d9000 rw-p 00000000 00:00 0 
b43d9000-b43f3000 rw-p 00000000 00:00 0 
b43f3000-b43ff000 rw-p 00000000 00:00 0 
b43ff000-b449f000 rwxp 00000000 00:00 0 
b449f000-b63ff000 rw-p 00000000 00:00 0 
b63ff000-b6ee2000 rw-p 00000000 00:00 0 
b6ee2000-b6f1c000 rw-p 00000000 00:00 0 
b6f29000-b6f3b000 rw-p 00000000 00:00 0 
b6f3b000-b6fb8000 rw-p 00000000 00:00 0 
b6fb8000-b6fc0000 rw-s 00000000 08:01 269589     /tmp/hsperfdata_ubuntu/1641
b6fc0000-b6fff000 r--p 00000000 08:01 269850     /usr/lib/locale/en_US.utf8/LC_CTYPE
b6fff000-b7000000 ---p 00000000 00:00 0 
b7000000-b7806000 rw-p 00000000 00:00 0 
b7806000-b7809000 r--s 00020000 08:01 458350     /home/ubuntu/Downloads/omnet/omnetpp-4.4.1/contrib/jsimplemodule/jsimple/simkernel.jar
b7809000-b780b000 r--s 0000f000 08:01 421031     /usr/lib/jvm/java-6-openjdk/jre/lib/ext/pulse-java.jar
b780b000-b780c000 rw-p 00000000 00:00 0 
b780c000-b780d000 r--p 00000000 00:00 0 
b780d000-b780e000 rw-p 00000000 00:00 0 
b780e000-b7815000 r--s 00000000 08:01 268524     /usr/lib/gconv/gconv-modules.cache
b7815000-b7819000 rw-p 00000000 00:00 0 
bfad7000-bfada000 ---p 00000000 00:00 0 
bfada000-bfb27000 rw-p 00000000 00:00 0          [stack]

VM Arguments:
jvm_args: -Djava.library.path=. 
java_command: <unknown>
Launcher Type: generic

Environment Variables:
CLASSPATH=/home/ubuntu/Downloads/omnet/omnetpp-4.4.1/samples/Hiwis/bin;/home/ubuntu/Downloads/omnet/omnetpp-4.4.1/contrib/jsimplemodule/jsimple/out/classes
PATH=/home/ubuntu/Downloads/omnet/omnetpp-4.4.1/bin::/home/ubuntu/Downloads/omnet/omnetpp-4.4.1/bin:/usr/local/sbin:/usr/local/bin:/usr/sbin:/usr/bin:/sbin:/bin:/usr/games
USERNAME=ubuntu
LD_LIBRARY_PATH=/home/ubuntu/Downloads/omnet/omnetpp-4.4.1/lib::/usr/lib/jvm/java-6-openjdk/jre/lib/i386/client:/usr/lib/jvm/java-6-openjdk/jre/lib/i386:
SHELL=/bin/bash
DISPLAY=:0.0
DYLD_LIBRARY_PATH=/usr/lib/jvm/java-6-openjdk/jre/lib/i386/server

Signal Handlers:
SIGSEGV: [libjvm.so+0x48e7a0], sa_mask[0]=0x7ffbfeff, sa_flags=0x10000004
SIGBUS: [libjvm.so+0x48e7a0], sa_mask[0]=0x7ffbfeff, sa_flags=0x10000004
SIGFPE: [libjvm.so+0x399200], sa_mask[0]=0x7ffbfeff, sa_flags=0x10000004
SIGPIPE: [libjvm.so+0x399200], sa_mask[0]=0x7ffbfeff, sa_flags=0x10000004
SIGXFSZ: [libjvm.so+0x399200], sa_mask[0]=0x7ffbfeff, sa_flags=0x10000004
SIGILL: [libjvm.so+0x399200], sa_mask[0]=0x7ffbfeff, sa_flags=0x10000004
SIGUSR1: SIG_DFL, sa_mask[0]=0x00000000, sa_flags=0x00000000
SIGUSR2: [libjvm.so+0x398c80], sa_mask[0]=0x00000004, sa_flags=0x10000004
SIGHUP: [libjvm.so+0x39c280], sa_mask[0]=0x7ffbfeff, sa_flags=0x10000004
SIGINT: [libjvm.so+0x39c280], sa_mask[0]=0x7ffbfeff, sa_flags=0x10000004
SIGTERM: [libjvm.so+0x39c280], sa_mask[0]=0x7ffbfeff, sa_flags=0x10000004
SIGQUIT: [libjvm.so+0x39c280], sa_mask[0]=0x7ffbfeff, sa_flags=0x10000004


---------------  S Y S T E M  ---------------

OS:Ubuntu 10.04 (lucid)
uname:Linux 2.6.32-21-generic #32-Ubuntu SMP Fri Apr 16 08:10:02 UTC 2010 i686
libc:glibc 2.11.1 NPTL 2.11.1 
rlimit: STACK 8192k, CORE 0k, NPROC infinity, NOFILE 1024, AS infinity
load average:0.96 0.91 0.57

/proc/meminfo:
MemTotal:        1026508 kB
MemFree:          161236 kB
Buffers:           77760 kB
Cached:           327792 kB
SwapCached:            0 kB
Active:           546820 kB
Inactive:         268336 kB
Active(anon):     415872 kB
Inactive(anon):       16 kB
Active(file):     130948 kB
Inactive(file):   268320 kB
Unevictable:           0 kB
Mlocked:               0 kB
HighTotal:        139208 kB
HighFree:            252 kB
LowTotal:         887300 kB
LowFree:          160984 kB
SwapTotal:        407544 kB
SwapFree:         407544 kB
Dirty:              1212 kB
Writeback:             0 kB
AnonPages:        409608 kB
Mapped:            95540 kB
Shmem:              6288 kB
Slab:              35476 kB
SReclaimable:      27536 kB
SUnreclaim:         7940 kB
KernelStack:        2232 kB
PageTables:         5092 kB
NFS_Unstable:          0 kB
Bounce:                0 kB
WritebackTmp:          0 kB
CommitLimit:      920796 kB
Committed_AS:    1002260 kB
VmallocTotal:     122880 kB
VmallocUsed:       26868 kB
VmallocChunk:      91304 kB
HardwareCorrupted:     0 kB
HugePages_Total:       0
HugePages_Free:        0
HugePages_Rsvd:        0
HugePages_Surp:        0
Hugepagesize:       4096 kB
DirectMap4k:       12280 kB
DirectMap4M:      897024 kB


CPU:total 1 (2 cores per cpu, 2 threads per core) family 6 model 58 stepping 9, cmov, cx8, fxsr, mmx, sse, sse2, sse3, ssse3, sse4.1, sse4.2, popcnt, ht, tsc, tscinvbit, tscinv

/proc/cpuinfo:
processor	: 0
vendor_id	: GenuineIntel
cpu family	: 6
model		: 58
model name	: Intel(R) Core(TM) i3-3110M CPU @ 2.40GHz
stepping	: 9
cpu MHz		: 2361.511
cache size	: 6144 KB
fdiv_bug	: no
hlt_bug		: no
f00f_bug	: no
coma_bug	: no
fpu		: yes
fpu_exception	: yes
cpuid level	: 5
wp		: yes
flags		: fpu vme de pse tsc msr pae mce cx8 apic mtrr pge mca cmov pat pse36 clflush mmx fxsr sse sse2 rdtscp constant_tsc up pni monitor ssse3
bogomips	: 4723.02
clflush size	: 64
cache_alignment	: 64
address sizes	: 36 bits physical, 48 bits virtual
power management:



Memory: 4k page, physical 1026508k(161236k free), swap 407544k(407544k free)

vm_info: OpenJDK Client VM (23.25-b01) for linux-x86 JRE (1.6.0_31-b31), built on Apr 17 2014 22:13:12 by "buildd" with gcc 4.4.3

time: Wed Aug 20 01:37:44 2014
elapsed time: 1 seconds

