#
# A fatal error has been detected by the Java Runtime Environment:
#
#  SIGSEGV (0xb) at pc=0x00ec84c6, pid=1830, tid=3078403792
#
# JRE version: 6.0_31-b31
# Java VM: OpenJDK Client VM (23.25-b01 mixed mode, sharing linux-x86 )
# Problematic frame:
# C  [liboppsimd.so+0x1674c6]  cSimpleModule::scheduleAt(SimTime, cMessage*)+0x17a
#
# Failed to write core dump. Core dumps have been disabled. To enable core dumping, try "ulimit -c unlimited" before starting Java again
#
# If you would like to submit a bug report, please include
# instructions how to reproduce the bug and visit:
#   https://bugs.launchpad.net/ubuntu/+source/openjdk-6/
# The crash happened outside the Java Virtual Machine in native code.
# See problematic frame for where to report the bug.
#

---------------  T H R E A D  ---------------

Current thread (0x0a531000):  JavaThread "main" [_thread_in_native, id=1830, stack(0xbfe97000,0xbfee7000)]

siginfo:si_signo=SIGSEGV: si_errno=0, si_code=1 (SEGV_MAPERR), si_addr=0x00000000

Registers:
EAX=0x00000000, EBX=0x00000000, ECX=0x00000000, EDX=0x080da11a
ESP=0xbfee3330, EBP=0xbfee33a8, ESI=0x8fa2bab0, EDI=0x0a531000
EIP=0x00ec84c6, EFLAGS=0x00210202, CR2=0x00000000

Top of Stack: (sp=0xbfee3330)
0xbfee3330:   09626118 bfee3374 00d9cc7c b77e1bf0
0xbfee3340:   00000000 ffffffff 00d5fff4 080687e0
0xbfee3350:   00000005 bfee3390 00d516b6 00d60ab0
0xbfee3360:   00000000 00000001 00000005 00000000
0xbfee3370:   00000005 00000000 00000000 00000000
0xbfee3380:   00d9cc7c 8fa2bab0 8fa2bab0 0a531000
0xbfee3390:   bfee3418 00d573c0 00000000 8fa2bab0
0xbfee33a0:   8fa2bab0 0a531000 bfee3418 0809e31b 

Instructions: (pc=0x00ec84c6)
0x00ec84a6:   e8 67 3b 00 00 85 c0 74 07 b8 01 00 00 00 eb 05
0x00ec84b6:   b8 00 00 00 00 84 c0 0f 84 6c 01 00 00 8b 45 08
0x00ec84c6:   8b 00 83 c0 14 8b 10 8b 45 08 89 04 24 ff d2 89
0x00ec84d6:   c6 8b 45 08 8b 00 83 c0 20 8b 08 8b 55 08 8d 45 

Register to memory mapping:

EAX=0x00000000 is an unknown value
EBX=0x00000000 is an unknown value
ECX=0x00000000 is an unknown value
EDX=0x080da11a: _ZNK7cModule8isModuleEv+0 in /home/ubuntu/Downloads/omnet/omnetpp-4.4.1/contrib/jsimplemodule/jsimple/jsimple at 0x08048000
ESP=0xbfee3330 is pointing into the stack for thread: 0x0a531000
EBP=0xbfee33a8 is pointing into the stack for thread: 0x0a531000
ESI=0x8fa2bab0 is an oop
{method} 
 - klass: {other class}
EDI=0x0a531000 is a thread


Stack: [0xbfe97000,0xbfee7000],  sp=0xbfee3330,  free space=304k
Native frames: (J=compiled Java code, j=interpreted, Vv=VM code, C=native code)
C  [liboppsimd.so+0x1674c6]  cSimpleModule::scheduleAt(SimTime, cMessage*)+0x17a
C  [jsimple+0x5631b]  Java_org_omnetpp_simkernel_SimkernelJNI_cSimpleModule_1scheduleAt+0xcc
j  org.omnetpp.simkernel.SimkernelJNI.cSimpleModule_scheduleAt(JLorg/omnetpp/simkernel/cSimpleModule;JLorg/omnetpp/simkernel/SimTime;JLorg/omnetpp/simkernel/cMessage;)I+0
j  org.omnetpp.simkernel.cSimpleModule.scheduleAt(Lorg/omnetpp/simkernel/SimTime;Lorg/omnetpp/simkernel/cMessage;)I+15
j  de.tudarmstadt.maki.simonstrator.util.core.RealtimeScheduler.scheduleIn(JLde/tudarmstadt/maki/simonstrator/api/EventHandler;Ljava/lang/Object;I)V+125
j  de.tudarmstadt.maki.simonstrator.util.core.Start.initialize()V+15
j  org.omnetpp.simkernel.JSimpleModule.initialize(I)V+5
v  ~StubRoutines::call_stub
V  [libjvm.so+0x26dd84]  JavaCalls::call_helper(JavaValue*, methodHandle*, JavaCallArguments*, Thread*)+0x314
V  [libjvm.so+0x397799]  os::os_exception_wrapper(void (*)(JavaValue*, methodHandle*, JavaCallArguments*, Thread*), JavaValue*, methodHandle*, JavaCallArguments*, Thread*)+0x19
V  [libjvm.so+0x26c9bf]  JavaCalls::call(JavaValue*, methodHandle, JavaCallArguments*, Thread*)+0x2f
V  [libjvm.so+0x279f2c]  jni_invoke_nonstatic(JNIEnv_*, JavaValue*, _jobject*, JNICallType, _jmethodID*, JNI_ArgumentPusher*, Thread*)+0x27c
V  [libjvm.so+0x2890e0]  jni_CallVoidMethodV+0xc0
C  [jsimple+0x92112]  JNIEnv_::CallVoidMethod(_jobject*, _jmethodID*, ...)+0x34
C  [jsimple+0x91c0f]  JSimpleModule::initialize(int)+0x4d
C  [liboppsimd.so+0x149647]  cModule::initializeModules(int)+0x18b
C  [liboppsimd.so+0x14977b]  cModule::initializeModules(int)+0x2bf
C  [liboppsimd.so+0x149261]  cModule::callInitialize()+0x71
C  [liboppsimd.so+0x16a43c]  cSimulation::startRun()+0xd6
C  [liboppenvird.so+0x911c3]  EnvirBase::startRun()+0x97
C  [libopptkenvd.so+0x34abb]  Tkenv::newRun(char const*, int)+0x1bb
C  [libopptkenvd.so+0x3f3b1]  newRun_cmd(void*, Tcl_Interp*, int, char const**)+0x72
C  [libtcl8.4.so.0+0x1f17e]  TclInvokeStringCommand+0x6e
C  [libtcl8.4.so.0+0x205bb]  TclEvalObjvInternal+0x35b
C  [libtcl8.4.so.0+0x4d2c2]  TclCompEvalObj+0x2782
C  [libtcl8.4.so.0+0x4ac1d]  TclCompEvalObj+0xdd
C  [libtcl8.4.so.0+0x81957]  TclObjInterpProc+0x2a7
C  [libtcl8.4.so.0+0x205bb]  TclEvalObjvInternal+0x35b
C  [libtcl8.4.so.0+0x4d2c2]  TclCompEvalObj+0x2782
C  [libtcl8.4.so.0+0x4ac1d]  TclCompEvalObj+0xdd
C  [libtcl8.4.so.0+0x81957]  TclObjInterpProc+0x2a7
C  [libtcl8.4.so.0+0x205bb]  TclEvalObjvInternal+0x35b
C  [libtcl8.4.so.0+0x2144c]  Tcl_EvalEx+0x4fc
C  [libtcl8.4.so.0+0x216dc]  Tcl_Eval+0x3c
C  [libopptkenvd.so+0x33224]  Tkenv::run()+0x75e
C  [liboppenvird.so+0x8d70d]  EnvirBase::run(int, char**, cConfiguration*)+0x1a5
C  [liboppenvird.so+0x8a66a]  setupUserInterface(int, char**)+0xb82
C  [liboppenvird.so+0x8b1dd]  evMain+0x49
C  [jsimple+0x93b2f]  main+0x1b
C  [libc.so.6+0x16bd6]  __libc_start_main+0xe6

Java frames: (J=compiled Java code, j=interpreted, Vv=VM code)
j  org.omnetpp.simkernel.SimkernelJNI.cSimpleModule_scheduleAt(JLorg/omnetpp/simkernel/cSimpleModule;JLorg/omnetpp/simkernel/SimTime;JLorg/omnetpp/simkernel/cMessage;)I+0
j  org.omnetpp.simkernel.cSimpleModule.scheduleAt(Lorg/omnetpp/simkernel/SimTime;Lorg/omnetpp/simkernel/cMessage;)I+15
j  de.tudarmstadt.maki.simonstrator.util.core.RealtimeScheduler.scheduleIn(JLde/tudarmstadt/maki/simonstrator/api/EventHandler;Ljava/lang/Object;I)V+125
j  de.tudarmstadt.maki.simonstrator.util.core.Start.initialize()V+15
j  org.omnetpp.simkernel.JSimpleModule.initialize(I)V+5
v  ~StubRoutines::call_stub

---------------  P R O C E S S  ---------------

Java Threads: ( => current thread )
  0x0a5a1400 JavaThread "Low Memory Detector" daemon [_thread_blocked, id=1841, stack(0xb3caf000,0xb3d00000)]
  0x0a59ec00 JavaThread "C1 CompilerThread0" daemon [_thread_blocked, id=1840, stack(0xb3e4e000,0xb3ecf000)]
  0x0a59d000 JavaThread "Signal Dispatcher" daemon [_thread_blocked, id=1839, stack(0xb3ecf000,0xb3f20000)]
  0x0a596400 JavaThread "Finalizer" daemon [_thread_blocked, id=1838, stack(0xb3f20000,0xb3f71000)]
  0x0a594c00 JavaThread "Reference Handler" daemon [_thread_blocked, id=1837, stack(0xb3f71000,0xb3fc2000)]
=>0x0a531000 JavaThread "main" [_thread_in_native, id=1830, stack(0xbfe97000,0xbfee7000)]

Other Threads:
  0x0a58ac00 VMThread [stack: 0xb3fc2000,0xb4043000] [id=1836]
  0x0a5a3800 WatcherThread [stack: 0xb3c2e000,0xb3caf000] [id=1842]

VM state:not at safepoint (normal execution)

VM Mutex/Monitor currently owned by a thread: None

Heap
 def new generation   total 4800K, used 976K [0x70410000, 0x70940000, 0x7ab60000)
  eden space 4288K,  22% used [0x70410000, 0x705040a0, 0x70840000)
  from space 512K,   0% used [0x70840000, 0x70840000, 0x708c0000)
  to   space 512K,   0% used [0x708c0000, 0x708c0000, 0x70940000)
 tenured generation   total 10752K, used 0K [0x7ab60000, 0x7b5e0000, 0x8fa10000)
   the space 10752K,   0% used [0x7ab60000, 0x7ab60000, 0x7ab60200, 0x7b5e0000)
 compacting perm gen  total 12288K, used 487K [0x8fa10000, 0x90610000, 0x93a10000)
   the space 12288K,   3% used [0x8fa10000, 0x8fa89ff0, 0x8fa8a000, 0x90610000)
    ro space 10240K,  56% used [0x93a10000, 0x93fad218, 0x93fad400, 0x94410000)
    rw space 12288K,  60% used [0x94410000, 0x94b5c138, 0x94b5c200, 0x95010000)

Card table byte_map: [0xb42a3000,0xb43ca000] byte_map_base: 0xb3f20f80

Polling page: 0xb77d7000

Code Cache  [0xb43ca000, 0xb446a000, 0xb63ca000)
 total_blobs=180 nmethods=13 adapters=104 free_code_cache=32144Kb largest_free_block=32916352

Compilation events (10 events):
Event: 0.894 Thread 0x0a59ec00    9             java.lang.String::lastIndexOf (156 bytes)
Event: 0.896 Thread 0x0a59ec00 nmethod 9 0xb445fb08 code [0xb445fc30, 0xb445fe3c]
Event: 0.916 Thread 0x0a59ec00   10             java.io.UnixFileSystem::normalize (75 bytes)
Event: 0.918 Thread 0x0a59ec00 nmethod 10 0xb4460108 code [0xb4460240, 0xb4460400]
Event: 0.959 Thread 0x0a59ec00   11             java.lang.String::indexOf (166 bytes)
Event: 0.966 Thread 0x0a59ec00 nmethod 11 0xb4463ac8 code [0xb4463be0, 0xb4463e10]
Event: 0.986 Thread 0x0a59ec00   12             java.lang.String::replace (142 bytes)
Event: 0.987 Thread 0x0a59ec00 nmethod 12 0xb4464108 code [0xb4464230, 0xb44644e0]
Event: 1.117 Thread 0x0a59ec00   13             sun.net.www.ParseUtil::encodePath (336 bytes)
Event: 1.120 Thread 0x0a59ec00 nmethod 13 0xb4464ec8 code [0xb4465080, 0xb44656c4]

GC Heap History (0 events):
No events

Deoptimization events (0 events):
No events

Internal exceptions (10 events):
Event: 1.061 Thread 0x0a531000 Threw 0x704e8940 at /build/buildd/openjdk-6-6b31-1.13.3/build/openjdk/hotspot/src/share/vm/classfile/systemDictionary.cpp:179
Event: 1.061 Thread 0x0a531000 Threw 0x704e8c48 at /build/buildd/openjdk-6-6b31-1.13.3/build/openjdk/hotspot/src/share/vm/prims/jvm.cpp:1235
Event: 1.074 Thread 0x0a531000 Threw 0x704ec0e8 at /build/buildd/openjdk-6-6b31-1.13.3/build/openjdk/hotspot/src/share/vm/classfile/systemDictionary.cpp:179
Event: 1.074 Thread 0x0a531000 Threw 0x704eec60 at /build/buildd/openjdk-6-6b31-1.13.3/build/openjdk/hotspot/src/share/vm/prims/jvm.cpp:1235
Event: 1.117 Thread 0x0a531000 Threw 0x704f22b0 at /build/buildd/openjdk-6-6b31-1.13.3/build/openjdk/hotspot/src/share/vm/classfile/systemDictionary.cpp:179
Event: 1.117 Thread 0x0a531000 Threw 0x704f25c0 at /build/buildd/openjdk-6-6b31-1.13.3/build/openjdk/hotspot/src/share/vm/prims/jvm.cpp:1235
Event: 1.125 Thread 0x0a531000 Threw 0x704f73d8 at /build/buildd/openjdk-6-6b31-1.13.3/build/openjdk/hotspot/src/share/vm/classfile/systemDictionary.cpp:179
Event: 1.125 Thread 0x0a531000 Threw 0x704f7730 at /build/buildd/openjdk-6-6b31-1.13.3/build/openjdk/hotspot/src/share/vm/prims/jvm.cpp:1235
Event: 1.128 Thread 0x0a531000 Threw 0x704f98f0 at /build/buildd/openjdk-6-6b31-1.13.3/build/openjdk/hotspot/src/share/vm/classfile/systemDictionary.cpp:179
Event: 1.128 Thread 0x0a531000 Threw 0x704f9cb0 at /build/buildd/openjdk-6-6b31-1.13.3/build/openjdk/hotspot/src/share/vm/prims/jvm.cpp:1235

Events (10 events):
Event: 1.110 loading class 0x0a61aa88 done
Event: 1.110 loading class 0x95180930 done
Event: 1.113 loading class 0x0a618c08
Event: 1.115 loading class 0x0a618c08 done
Event: 1.117 loading class 0x0a611720
Event: 1.117 loading class 0x0a611720 done
Event: 1.125 loading class 0x0a61cec0
Event: 1.125 loading class 0x0a61cec0 done
Event: 1.128 loading class 0x0a611830
Event: 1.128 loading class 0x0a611830 done


Dynamic libraries:
00110000-005ff000 r-xp 00000000 08:01 421586     /usr/lib/jvm/java-6-openjdk/jre/lib/i386/client/libjvm.so
005ff000-00616000 r--p 004ef000 08:01 421586     /usr/lib/jvm/java-6-openjdk/jre/lib/i386/client/libjvm.so
00616000-00625000 rw-p 00506000 08:01 421586     /usr/lib/jvm/java-6-openjdk/jre/lib/i386/client/libjvm.so
00625000-00a3e000 rw-p 00000000 00:00 0 
00a3e000-00ab1000 r-xp 00000000 08:01 459406     /home/ubuntu/Downloads/omnet/omnetpp-4.4.1/lib/gcc/libopptkenvd.so
00ab1000-00ab2000 r--p 00072000 08:01 459406     /home/ubuntu/Downloads/omnet/omnetpp-4.4.1/lib/gcc/libopptkenvd.so
00ab2000-00b2e000 rw-p 00073000 08:01 459406     /home/ubuntu/Downloads/omnet/omnetpp-4.4.1/lib/gcc/libopptkenvd.so
00b2e000-00b3d000 r-xp 00000000 08:01 459388     /home/ubuntu/Downloads/omnet/omnetpp-4.4.1/lib/gcc/liboppcmdenvd.so
00b3d000-00b3e000 r--p 0000e000 08:01 459388     /home/ubuntu/Downloads/omnet/omnetpp-4.4.1/lib/gcc/liboppcmdenvd.so
00b3e000-00b3f000 rw-p 0000f000 08:01 459388     /home/ubuntu/Downloads/omnet/omnetpp-4.4.1/lib/gcc/liboppcmdenvd.so
00b3f000-00b41000 r-xp 00000000 08:01 137704     /lib/tls/i686/cmov/libdl-2.11.1.so
00b41000-00b42000 r--p 00001000 08:01 137704     /lib/tls/i686/cmov/libdl-2.11.1.so
00b42000-00b43000 rw-p 00002000 08:01 137704     /lib/tls/i686/cmov/libdl-2.11.1.so
00b43000-00b45000 r-xp 00000000 08:01 264758     /usr/lib/libXau.so.6.0.0
00b45000-00b46000 r--p 00001000 08:01 264758     /usr/lib/libXau.so.6.0.0
00b46000-00b47000 rw-p 00002000 08:01 264758     /usr/lib/libXau.so.6.0.0
00b47000-00b4b000 r-xp 00000000 08:01 264769     /usr/lib/libXdmcp.so.6.0.0
00b4b000-00b4c000 r--p 00003000 08:01 264769     /usr/lib/libXdmcp.so.6.0.0
00b4c000-00b4d000 rw-p 00004000 08:01 264769     /usr/lib/libXdmcp.so.6.0.0
00b4d000-00b51000 r-xp 00000000 08:01 264773     /usr/lib/libXfixes.so.3.1.0
00b51000-00b52000 r--p 00003000 08:01 264773     /usr/lib/libXfixes.so.3.1.0
00b52000-00b53000 rw-p 00004000 08:01 264773     /usr/lib/libXfixes.so.3.1.0
00b56000-00b57000 r-xp 00000000 00:00 0          [vdso]
00b57000-00c6c000 r-xp 00000000 08:01 459383     /home/ubuntu/Downloads/omnet/omnetpp-4.4.1/lib/gcc/liboppenvird.so
00c6c000-00c6d000 r--p 00114000 08:01 459383     /home/ubuntu/Downloads/omnet/omnetpp-4.4.1/lib/gcc/liboppenvird.so
00c6d000-00c6e000 rw-p 00115000 08:01 459383     /home/ubuntu/Downloads/omnet/omnetpp-4.4.1/lib/gcc/liboppenvird.so
00c6e000-00cd5000 r-xp 00000000 08:01 459135     /home/ubuntu/Downloads/omnet/omnetpp-4.4.1/lib/gcc/libopplayoutd.so
00cd5000-00cd6000 r--p 00066000 08:01 459135     /home/ubuntu/Downloads/omnet/omnetpp-4.4.1/lib/gcc/libopplayoutd.so
00cd6000-00cd7000 rw-p 00067000 08:01 459135     /home/ubuntu/Downloads/omnet/omnetpp-4.4.1/lib/gcc/libopplayoutd.so
00cd7000-00cfb000 r-xp 00000000 08:01 137706     /lib/tls/i686/cmov/libm-2.11.1.so
00cfb000-00cfc000 r--p 00023000 08:01 137706     /lib/tls/i686/cmov/libm-2.11.1.so
00cfc000-00cfd000 rw-p 00024000 08:01 137706     /lib/tls/i686/cmov/libm-2.11.1.so
00cfd000-00d1a000 r-xp 00000000 08:01 130877     /lib/libgcc_s.so.1
00d1a000-00d1b000 r--p 0001c000 08:01 130877     /lib/libgcc_s.so.1
00d1b000-00d1c000 rw-p 0001d000 08:01 130877     /lib/libgcc_s.so.1
00d1c000-00d31000 r-xp 00000000 08:01 137724     /lib/tls/i686/cmov/libpthread-2.11.1.so
00d31000-00d32000 r--p 00014000 08:01 137724     /lib/tls/i686/cmov/libpthread-2.11.1.so
00d32000-00d33000 rw-p 00015000 08:01 137724     /lib/tls/i686/cmov/libpthread-2.11.1.so
00d33000-00d35000 rw-p 00000000 00:00 0 
00d35000-00d3d000 r-xp 00000000 08:01 264765     /usr/lib/libXcursor.so.1.0.2
00d3d000-00d3e000 r--p 00007000 08:01 264765     /usr/lib/libXcursor.so.1.0.2
00d3e000-00d3f000 rw-p 00008000 08:01 264765     /usr/lib/libXcursor.so.1.0.2
00d44000-00d5f000 r-xp 00000000 08:01 133302     /lib/ld-2.11.1.so
00d5f000-00d60000 r--p 0001a000 08:01 133302     /lib/ld-2.11.1.so
00d60000-00d61000 rw-p 0001b000 08:01 133302     /lib/ld-2.11.1.so
00d61000-00fb9000 r-xp 00000000 08:01 459348     /home/ubuntu/Downloads/omnet/omnetpp-4.4.1/lib/gcc/liboppsimd.so
00fb9000-00fba000 r--p 00257000 08:01 459348     /home/ubuntu/Downloads/omnet/omnetpp-4.4.1/lib/gcc/liboppsimd.so
00fba000-00fbb000 rw-p 00258000 08:01 459348     /home/ubuntu/Downloads/omnet/omnetpp-4.4.1/lib/gcc/liboppsimd.so
00fbb000-00fbe000 rw-p 00000000 00:00 0 
00fbe000-010a7000 r-xp 00000000 08:01 269643     /usr/lib/libstdc++.so.6.0.13
010a7000-010ab000 r--p 000e9000 08:01 269643     /usr/lib/libstdc++.so.6.0.13
010ab000-010ac000 rw-p 000ed000 08:01 269643     /usr/lib/libstdc++.so.6.0.13
010ac000-010b3000 rw-p 00000000 00:00 0 
010b3000-010bf000 r-xp 00000000 08:01 421609     /usr/lib/jvm/java-6-openjdk/jre/lib/i386/libverify.so
010bf000-010c0000 r--p 0000b000 08:01 421609     /usr/lib/jvm/java-6-openjdk/jre/lib/i386/libverify.so
010c0000-010c1000 rw-p 0000c000 08:01 421609     /usr/lib/jvm/java-6-openjdk/jre/lib/i386/libverify.so
010c1000-010c9000 r-xp 00000000 08:01 137719     /lib/tls/i686/cmov/libnss_nis-2.11.1.so
010c9000-010ca000 r--p 00007000 08:01 137719     /lib/tls/i686/cmov/libnss_nis-2.11.1.so
010ca000-010cb000 rw-p 00008000 08:01 137719     /lib/tls/i686/cmov/libnss_nis-2.11.1.so
010cb000-010d2000 r-xp 00000000 08:01 421579     /usr/lib/jvm/java-6-openjdk/jre/lib/i386/libzip.so
010d2000-010d3000 r--p 00006000 08:01 421579     /usr/lib/jvm/java-6-openjdk/jre/lib/i386/libzip.so
010d3000-010d4000 rw-p 00007000 08:01 421579     /usr/lib/jvm/java-6-openjdk/jre/lib/i386/libzip.so
01104000-0110a000 r-xp 00000000 08:01 137711     /lib/tls/i686/cmov/libnss_compat-2.11.1.so
0110a000-0110b000 r--p 00006000 08:01 137711     /lib/tls/i686/cmov/libnss_compat-2.11.1.so
0110b000-0110c000 rw-p 00007000 08:01 137711     /lib/tls/i686/cmov/libnss_compat-2.11.1.so
019d6000-01aef000 r-xp 00000000 08:01 270065     /usr/lib/libX11.so.6.3.0
01aef000-01af0000 r--p 00118000 08:01 270065     /usr/lib/libX11.so.6.3.0
01af0000-01af2000 rw-p 00119000 08:01 270065     /usr/lib/libX11.so.6.3.0
01af2000-01af3000 rw-p 00000000 00:00 0 
01b22000-01b2a000 r-xp 00000000 08:01 296299     /usr/lib/libXrender.so.1.3.0
01b2a000-01b2b000 r--p 00007000 08:01 296299     /usr/lib/libXrender.so.1.3.0
01b2b000-01b2c000 rw-p 00008000 08:01 296299     /usr/lib/libXrender.so.1.3.0
02a9f000-02ac3000 r-xp 00000000 08:01 421578     /usr/lib/jvm/java-6-openjdk/jre/lib/i386/libjava.so
02ac3000-02ac4000 r--p 00023000 08:01 421578     /usr/lib/jvm/java-6-openjdk/jre/lib/i386/libjava.so
02ac4000-02ac6000 rw-p 00024000 08:01 421578     /usr/lib/jvm/java-6-openjdk/jre/lib/i386/libjava.so
03042000-03049000 r-xp 00000000 08:01 137728     /lib/tls/i686/cmov/librt-2.11.1.so
03049000-0304a000 r--p 00006000 08:01 137728     /lib/tls/i686/cmov/librt-2.11.1.so
0304a000-0304b000 rw-p 00007000 08:01 137728     /lib/tls/i686/cmov/librt-2.11.1.so
0448f000-04564000 r-xp 00000000 08:01 265689     /usr/lib/libtk8.4.so.0
04564000-04565000 r--p 000d4000 08:01 265689     /usr/lib/libtk8.4.so.0
04565000-04570000 rw-p 000d5000 08:01 265689     /usr/lib/libtk8.4.so.0
04570000-04571000 rw-p 00000000 00:00 0 
04c42000-04d66000 r-xp 00000000 08:01 273771     /usr/lib/libxml2.so.2.7.6
04d66000-04d67000 ---p 00124000 08:01 273771     /usr/lib/libxml2.so.2.7.6
04d67000-04d6b000 r--p 00124000 08:01 273771     /usr/lib/libxml2.so.2.7.6
04d6b000-04d6c000 rw-p 00128000 08:01 273771     /usr/lib/libxml2.so.2.7.6
04d6c000-04d6d000 rw-p 00000000 00:00 0 
04e51000-04f01000 r-xp 00000000 08:01 265671     /usr/lib/libtcl8.4.so.0
04f01000-04f02000 ---p 000b0000 08:01 265671     /usr/lib/libtcl8.4.so.0
04f02000-04f03000 r--p 000b0000 08:01 265671     /usr/lib/libtcl8.4.so.0
04f03000-04f08000 rw-p 000b1000 08:01 265671     /usr/lib/libtcl8.4.so.0
050a9000-050bc000 r-xp 00000000 08:01 137709     /lib/tls/i686/cmov/libnsl-2.11.1.so
050bc000-050bd000 r--p 00012000 08:01 137709     /lib/tls/i686/cmov/libnsl-2.11.1.so
050bd000-050be000 rw-p 00013000 08:01 137709     /lib/tls/i686/cmov/libnsl-2.11.1.so
050be000-050c0000 rw-p 00000000 00:00 0 
051b9000-05297000 r-xp 00000000 08:01 273817     /usr/lib/libBLT.2.4.so.8.4
05297000-05298000 r--p 000dd000 08:01 273817     /usr/lib/libBLT.2.4.so.8.4
05298000-052a9000 rw-p 000de000 08:01 273817     /usr/lib/libBLT.2.4.so.8.4
052a9000-052aa000 rw-p 00000000 00:00 0 
058d4000-058e7000 r-xp 00000000 08:01 133475     /lib/libz.so.1.2.3.3
058e7000-058e8000 r--p 00012000 08:01 133475     /lib/libz.so.1.2.3.3
058e8000-058e9000 rw-p 00013000 08:01 133475     /lib/libz.so.1.2.3.3
05d8b000-05d95000 r-xp 00000000 08:01 137715     /lib/tls/i686/cmov/libnss_files-2.11.1.so
05d95000-05d96000 r--p 00009000 08:01 137715     /lib/tls/i686/cmov/libnss_files-2.11.1.so
05d96000-05d97000 rw-p 0000a000 08:01 137715     /lib/tls/i686/cmov/libnss_files-2.11.1.so
05e32000-05f32000 r-xp 00000000 08:01 459226     /home/ubuntu/Downloads/omnet/omnetpp-4.4.1/lib/gcc/liboppnedxmld.so
05f32000-05f33000 r--p 000ff000 08:01 459226     /home/ubuntu/Downloads/omnet/omnetpp-4.4.1/lib/gcc/liboppnedxmld.so
05f33000-05f34000 rw-p 00100000 08:01 459226     /home/ubuntu/Downloads/omnet/omnetpp-4.4.1/lib/gcc/liboppnedxmld.so
05f34000-05f35000 rw-p 00000000 00:00 0 
074d6000-07629000 r-xp 00000000 08:01 137698     /lib/tls/i686/cmov/libc-2.11.1.so
07629000-0762a000 ---p 00153000 08:01 137698     /lib/tls/i686/cmov/libc-2.11.1.so
0762a000-0762c000 r--p 00153000 08:01 137698     /lib/tls/i686/cmov/libc-2.11.1.so
0762c000-0762d000 rw-p 00155000 08:01 137698     /lib/tls/i686/cmov/libc-2.11.1.so
0762d000-07630000 rw-p 00000000 00:00 0 
07fed000-08005000 r-xp 00000000 08:01 270050     /usr/lib/libxcb.so.1.1.0
08005000-08006000 r--p 00017000 08:01 270050     /usr/lib/libxcb.so.1.1.0
08006000-08007000 rw-p 00018000 08:01 270050     /usr/lib/libxcb.so.1.1.0
08048000-08111000 r-xp 00000000 08:01 474738     /home/ubuntu/Downloads/omnet/omnetpp-4.4.1/contrib/jsimplemodule/jsimple/out/gcc-debug/jsimple
08111000-08112000 r--p 000c9000 08:01 474738     /home/ubuntu/Downloads/omnet/omnetpp-4.4.1/contrib/jsimplemodule/jsimple/out/gcc-debug/jsimple
08112000-08117000 rw-p 000ca000 08:01 474738     /home/ubuntu/Downloads/omnet/omnetpp-4.4.1/contrib/jsimplemodule/jsimple/out/gcc-debug/jsimple
08117000-08118000 rw-p 00000000 00:00 0 
08e10000-08e5e000 r-xp 00000000 08:01 459121     /home/ubuntu/Downloads/omnet/omnetpp-4.4.1/lib/gcc/liboppcommond.so
08e5e000-08e5f000 r--p 0004d000 08:01 459121     /home/ubuntu/Downloads/omnet/omnetpp-4.4.1/lib/gcc/liboppcommond.so
08e5f000-08e60000 rw-p 0004e000 08:01 459121     /home/ubuntu/Downloads/omnet/omnetpp-4.4.1/lib/gcc/liboppcommond.so
09608000-0a6c6000 rw-p 00000000 00:00 0          [heap]
70410000-70940000 rw-p 00000000 00:00 0 
70940000-7ab60000 rw-p 00000000 00:00 0 
7ab60000-7b5e0000 rw-p 00000000 00:00 0 
7b5e0000-8fa10000 rw-p 00000000 00:00 0 
8fa10000-90610000 rw-p 00000000 00:00 0 
90610000-93a10000 rw-p 00000000 00:00 0 
93a10000-93fae000 r--p 00001000 08:01 422236     /usr/lib/jvm/java-6-openjdk/jre/lib/i386/client/classes.jsa
93fae000-94410000 rw-p 00000000 00:00 0 
94410000-94b5d000 rw-p 0059f000 08:01 422236     /usr/lib/jvm/java-6-openjdk/jre/lib/i386/client/classes.jsa
94b5d000-95010000 rw-p 00000000 00:00 0 
95010000-9531f000 rw-p 00cec000 08:01 422236     /usr/lib/jvm/java-6-openjdk/jre/lib/i386/client/classes.jsa
9531f000-95410000 rw-p 00000000 00:00 0 
95410000-95419000 r-xp 00ffb000 08:01 422236     /usr/lib/jvm/java-6-openjdk/jre/lib/i386/client/classes.jsa
95419000-95810000 rw-p 00000000 00:00 0 
b3b61000-b3c2e000 rw-p 00000000 00:00 0 
b3c2e000-b3c2f000 ---p 00000000 00:00 0 
b3c2f000-b3caf000 rw-p 00000000 00:00 0 
b3caf000-b3cb2000 ---p 00000000 00:00 0 
b3cb2000-b3d00000 rw-p 00000000 00:00 0 
b3d00000-b3d21000 rw-p 00000000 00:00 0 
b3d21000-b3e00000 ---p 00000000 00:00 0 
b3e4e000-b3e51000 ---p 00000000 00:00 0 
b3e51000-b3ecf000 rw-p 00000000 00:00 0 
b3ecf000-b3ed2000 ---p 00000000 00:00 0 
b3ed2000-b3f20000 rw-p 00000000 00:00 0 
b3f20000-b3f23000 ---p 00000000 00:00 0 
b3f23000-b3f71000 rw-p 00000000 00:00 0 
b3f71000-b3f74000 ---p 00000000 00:00 0 
b3f74000-b3fc2000 rw-p 00000000 00:00 0 
b3fc2000-b3fc3000 ---p 00000000 00:00 0 
b3fc3000-b4043000 rw-p 00000000 00:00 0 
b4043000-b41da000 r--s 01a14000 08:01 421572     /usr/lib/jvm/java-6-openjdk/jre/lib/rt.jar
b41da000-b41e1000 rw-p 00000000 00:00 0 
b41e1000-b41fb000 rw-p 00000000 00:00 0 
b41fb000-b4201000 rw-p 00000000 00:00 0 
b4201000-b42a3000 rw-p 00000000 00:00 0 
b42a3000-b42a6000 rw-p 00000000 00:00 0 
b42a6000-b42f6000 rw-p 00000000 00:00 0 
b42f6000-b42fc000 rw-p 00000000 00:00 0 
b42fc000-b439e000 rw-p 00000000 00:00 0 
b439e000-b43a4000 rw-p 00000000 00:00 0 
b43a4000-b43be000 rw-p 00000000 00:00 0 
b43be000-b43ca000 rw-p 00000000 00:00 0 
b43ca000-b446a000 rwxp 00000000 00:00 0 
b446a000-b63ca000 rw-p 00000000 00:00 0 
b63ca000-b6ead000 rw-p 00000000 00:00 0 
b6ead000-b6ee7000 rw-p 00000000 00:00 0 
b6ef4000-b6f06000 rw-p 00000000 00:00 0 
b6f06000-b6f83000 rw-p 00000000 00:00 0 
b6f83000-b6f8b000 rw-s 00000000 08:01 269585     /tmp/hsperfdata_ubuntu/1830
b6f8b000-b6fca000 r--p 00000000 08:01 269850     /usr/lib/locale/en_US.utf8/LC_CTYPE
b6fca000-b6fcb000 ---p 00000000 00:00 0 
b6fcb000-b77d1000 rw-p 00000000 00:00 0 
b77d1000-b77d4000 r--s 00020000 08:01 458350     /home/ubuntu/Downloads/omnet/omnetpp-4.4.1/contrib/jsimplemodule/jsimple/simkernel.jar
b77d4000-b77d6000 r--s 0000f000 08:01 421031     /usr/lib/jvm/java-6-openjdk/jre/lib/ext/pulse-java.jar
b77d6000-b77d7000 rw-p 00000000 00:00 0 
b77d7000-b77d8000 r--p 00000000 00:00 0 
b77d8000-b77d9000 rw-p 00000000 00:00 0 
b77d9000-b77e0000 r--s 00000000 08:01 268524     /usr/lib/gconv/gconv-modules.cache
b77e0000-b77e4000 rw-p 00000000 00:00 0 
bfe97000-bfe9a000 ---p 00000000 00:00 0 
bfe9a000-bfee7000 rw-p 00000000 00:00 0          [stack]

VM Arguments:
jvm_args: -Djava.library.path=. 
java_command: <unknown>
Launcher Type: generic

Environment Variables:
CLASSPATH=/home/ubuntu/Downloads/omnet/omnetpp-4.4.1/samples/Hiwis/bin;/home/ubuntu/Downloads/omnet/omnetpp-4.4.1/contrib/jsimplemodule/jsimple/out/classes
PATH=/home/ubuntu/Downloads/omnet/omnetpp-4.4.1/bin::/home/ubuntu/Downloads/omnet/omnetpp-4.4.1/bin:/usr/local/sbin:/usr/local/bin:/usr/sbin:/usr/bin:/sbin:/bin:/usr/games
USERNAME=ubuntu
LD_LIBRARY_PATH=/home/ubuntu/Downloads/omnet/omnetpp-4.4.1/lib::/usr/lib/jvm/java-6-openjdk/jre/lib/i386/client:/usr/lib/jvm/java-6-openjdk/jre/lib/i386:
SHELL=/bin/bash
DISPLAY=:0.0
DYLD_LIBRARY_PATH=/usr/lib/jvm/java-6-openjdk/jre/lib/i386/server

Signal Handlers:
SIGSEGV: [libjvm.so+0x48e7a0], sa_mask[0]=0x7ffbfeff, sa_flags=0x10000004
SIGBUS: [libjvm.so+0x48e7a0], sa_mask[0]=0x7ffbfeff, sa_flags=0x10000004
SIGFPE: [libjvm.so+0x399200], sa_mask[0]=0x7ffbfeff, sa_flags=0x10000004
SIGPIPE: [libjvm.so+0x399200], sa_mask[0]=0x7ffbfeff, sa_flags=0x10000004
SIGXFSZ: [libjvm.so+0x399200], sa_mask[0]=0x7ffbfeff, sa_flags=0x10000004
SIGILL: [libjvm.so+0x399200], sa_mask[0]=0x7ffbfeff, sa_flags=0x10000004
SIGUSR1: SIG_DFL, sa_mask[0]=0x00000000, sa_flags=0x00000000
SIGUSR2: [libjvm.so+0x398c80], sa_mask[0]=0x00000004, sa_flags=0x10000004
SIGHUP: [libjvm.so+0x39c280], sa_mask[0]=0x7ffbfeff, sa_flags=0x10000004
SIGINT: [libjvm.so+0x39c280], sa_mask[0]=0x7ffbfeff, sa_flags=0x10000004
SIGTERM: [libjvm.so+0x39c280], sa_mask[0]=0x7ffbfeff, sa_flags=0x10000004
SIGQUIT: [libjvm.so+0x39c280], sa_mask[0]=0x7ffbfeff, sa_flags=0x10000004


---------------  S Y S T E M  ---------------

OS:Ubuntu 10.04 (lucid)
uname:Linux 2.6.32-21-generic #32-Ubuntu SMP Fri Apr 16 08:10:02 UTC 2010 i686
libc:glibc 2.11.1 NPTL 2.11.1 
rlimit: STACK 8192k, CORE 0k, NPROC infinity, NOFILE 1024, AS infinity
load average:1.30 0.91 0.88

/proc/meminfo:
MemTotal:        1026508 kB
MemFree:          143544 kB
Buffers:           57172 kB
Cached:           328284 kB
SwapCached:            0 kB
Active:           562152 kB
Inactive:         270632 kB
Active(anon):     452608 kB
Inactive(anon):       16 kB
Active(file):     109544 kB
Inactive(file):   270616 kB
Unevictable:           0 kB
Mlocked:               0 kB
HighTotal:        139208 kB
HighFree:            252 kB
LowTotal:         887300 kB
LowFree:          143292 kB
SwapTotal:        407544 kB
SwapFree:         407544 kB
Dirty:               116 kB
Writeback:             0 kB
AnonPages:        447340 kB
Mapped:            81940 kB
Shmem:              5300 kB
Slab:              37104 kB
SReclaimable:      29616 kB
SUnreclaim:         7488 kB
KernelStack:        2088 kB
PageTables:         4736 kB
NFS_Unstable:          0 kB
Bounce:                0 kB
WritebackTmp:          0 kB
CommitLimit:      920796 kB
Committed_AS:     966312 kB
VmallocTotal:     122880 kB
VmallocUsed:       26800 kB
VmallocChunk:      91212 kB
HardwareCorrupted:     0 kB
HugePages_Total:       0
HugePages_Free:        0
HugePages_Rsvd:        0
HugePages_Surp:        0
Hugepagesize:       4096 kB
DirectMap4k:       12280 kB
DirectMap4M:      897024 kB


CPU:total 1 (2 cores per cpu, 2 threads per core) family 6 model 58 stepping 9, cmov, cx8, fxsr, mmx, sse, sse2, sse3, ssse3, sse4.1, sse4.2, popcnt, ht, tsc, tscinvbit, tscinv

/proc/cpuinfo:
processor	: 0
vendor_id	: GenuineIntel
cpu family	: 6
model		: 58
model name	: Intel(R) Core(TM) i3-3110M CPU @ 2.40GHz
stepping	: 9
cpu MHz		: 2317.501
cache size	: 6144 KB
fdiv_bug	: no
hlt_bug		: no
f00f_bug	: no
coma_bug	: no
fpu		: yes
fpu_exception	: yes
cpuid level	: 5
wp		: yes
flags		: fpu vme de pse tsc msr pae mce cx8 apic mtrr pge mca cmov pat pse36 clflush mmx fxsr sse sse2 rdtscp constant_tsc up pni monitor ssse3
bogomips	: 4635.00
clflush size	: 64
cache_alignment	: 64
address sizes	: 36 bits physical, 48 bits virtual
power management:



Memory: 4k page, physical 1026508k(143420k free), swap 407544k(407544k free)

vm_info: OpenJDK Client VM (23.25-b01) for linux-x86 JRE (1.6.0_31-b31), built on Apr 17 2014 22:13:12 by "buildd" with gcc 4.4.3

time: Fri Aug  8 10:11:16 2014
elapsed time: 1 seconds

